INFO     Running translator.
INFO     translator stdin: None
INFO     translator time limit: None
INFO     translator memory limit: None
INFO     translator command line string: /usr/bin/python /home/jsegovia/Desktop/automated-programming-framework-private/PLANNERS/fast-downward/builds/release32/bin/translate/translate.py domain.pddl ins.pddl --sas-file output.sas
Parsing...
Parsing: [0.110s CPU, 0.115s wall-clock]
Normalizing task... [0.010s CPU, 0.008s wall-clock]
Instantiating...
Generating Datalog program... [0.010s CPU, 0.005s wall-clock]
Normalizing Datalog program...
Unbound effect variables: Adding @object predicate.
Trivial rules: Converted to facts.
Normalizing Datalog program: [0.040s CPU, 0.045s wall-clock]
Preparing model... [0.030s CPU, 0.030s wall-clock]
Generated 2022 rules.
Computing model... [0.020s CPU, 0.023s wall-clock]
1095 relevant atoms
1650 auxiliary atoms
2745 final queue length
4708 total queue pushes
Completing instantiation... [0.050s CPU, 0.044s wall-clock]
Instantiating: [0.160s CPU, 0.151s wall-clock]
Computing fact groups...
Finding invariants...
192 initial candidates
Finding invariants: [38.550s CPU, 38.556s wall-clock]
Checking invariant weight... [0.000s CPU, 0.001s wall-clock]
Instantiating groups... [0.000s CPU, 0.000s wall-clock]
Collecting mutex groups... [0.000s CPU, 0.000s wall-clock]
Choosing groups...
275 uncovered facts
Choosing groups: [0.000s CPU, 0.000s wall-clock]
Building translation key... [0.000s CPU, 0.001s wall-clock]
Computing fact groups: [38.560s CPU, 38.562s wall-clock]
Building STRIPS to SAS dictionary... [0.000s CPU, 0.000s wall-clock]
Building dictionary for full mutex groups... [0.000s CPU, 0.000s wall-clock]
Building mutex information...
Building mutex information: [0.000s CPU, 0.001s wall-clock]
Translating task...
Processing axioms...
Simplifying axioms... [0.000s CPU, 0.000s wall-clock]
Processing axioms: [0.000s CPU, 0.004s wall-clock]
Translating task: [0.080s CPU, 0.078s wall-clock]
1796 effect conditions simplified
0 implied preconditions added
Detecting unreachable propositions...
0 operators removed
0 axioms removed
73 propositions removed
Detecting unreachable propositions: [0.020s CPU, 0.024s wall-clock]
Reordering and filtering variables...
257 of 257 variables necessary.
55 of 63 mutex groups necessary.
680 of 680 operators necessary.
15 of 15 axiom rules necessary.
Reordering and filtering variables: [0.020s CPU, 0.018s wall-clock]
Translator variables: 257
Translator derived variables: 15
Translator facts: 569
Translator goal facts: 1
Translator mutex groups: 55
Translator total mutex groups size: 146
Translator operators: 680
Translator axioms: 15
Translator task size: 8797
Translator peak memory: 207780 KB
Writing output... [0.010s CPU, 0.011s wall-clock]
Done! [38.970s CPU, 38.971s wall-clock]

translate exit code: 0
INFO     Running search (release32).
INFO     search stdin: output.sas
INFO     search time limit: None
INFO     search memory limit: None
INFO     search command line string: /home/jsegovia/Desktop/automated-programming-framework-private/PLANNERS/fast-downward/builds/release32/bin/downward --evaluator 'hlm=lmcount(lm_factory=lm_rhw(reasonable_orders=true),transform=adapt_costs(one),pref=false)' --evaluator 'hff=ff(transform=adapt_costs(one))' --search 'lazy_greedy([hff,hlm],preferred=[hff,hlm],cost_type=one,reopen_closed=false)' --internal-plan-file sas_plan < output.sas
reading input... [t=2.1083e-05s]
done reading input! [t=0.00819828s]
Initializing landmarks count heuristic...
Initializing Exploration...
Generating landmarks using the RPG/SAS+ approach
approx. reasonable orders
approx. obedient reasonable orders
Removed 0 reasonable or obedient reasonable orders
Landmarks generation time: 0.00706755s
Discovered 16 landmarks, of which 0 are disjunctive and 0 are conjunctive 
41 edges
Simplifying 4018 unary operators... done! [2915 unary operators]
Initializing additive heuristic...
Initializing FF heuristic...
Building successor generator...done! [t=0.0199649s]
peak memory difference for successor generator creation: 0 KB
time for successor generation creation: 0.000204997s
Variables: 257
FactPairs: 569
Bytes per state: 40
Conducting lazy best first search, (real) bound = 2147483647
8 initial landmarks, 1 goal landmarks
New best heuristic value for lmcount(lm_factory = lm_rhw(reasonable_orders = true), transform = adapt_costs(one), pref = false): 8
New best heuristic value for ff(transform = adapt_costs(one)): 12
[g=0, 1 evaluated, 0 expanded, t=0.0201581s, 5360 KB]
Initial heuristic value for lmcount(lm_factory = lm_rhw(reasonable_orders = true), transform = adapt_costs(one), pref = false): 8
Initial heuristic value for ff(transform = adapt_costs(one)): 12
New best heuristic value for ff(transform = adapt_costs(one)): 8
[g=1, 2 evaluated, 1 expanded, t=0.020311s, 5360 KB]
New best heuristic value for lmcount(lm_factory = lm_rhw(reasonable_orders = true), transform = adapt_costs(one), pref = false): 7
New best heuristic value for ff(transform = adapt_costs(one)): 7
[g=2, 3 evaluated, 2 expanded, t=0.0204155s, 5360 KB]
