INFO     Running translator.
INFO     translator stdin: None
INFO     translator time limit: None
INFO     translator memory limit: None
INFO     translator command line string: /usr/bin/python /home/jsegovia/Desktop/automated-programming-framework-private/PLANNERS/fast-downward/builds/release32/bin/translate/translate.py domain.pddl ins.pddl --sas-file output.sas
Parsing...
Parsing: [0.090s CPU, 0.090s wall-clock]
Normalizing task... [0.000s CPU, 0.006s wall-clock]
Instantiating...
Generating Datalog program... [0.010s CPU, 0.004s wall-clock]
Normalizing Datalog program...
Unbound effect variables: Adding @object predicate.
Trivial rules: Converted to facts.
Normalizing Datalog program: [0.040s CPU, 0.041s wall-clock]
Preparing model... [0.020s CPU, 0.020s wall-clock]
Generated 1876 rules.
Computing model... [0.040s CPU, 0.039s wall-clock]
1735 relevant atoms
2112 auxiliary atoms
3847 final queue length
7408 total queue pushes
Completing instantiation... [0.060s CPU, 0.059s wall-clock]
Instantiating: [0.170s CPU, 0.166s wall-clock]
Computing fact groups...
Finding invariants...
190 initial candidates
Finding invariants: [35.140s CPU, 35.137s wall-clock]
Checking invariant weight... [0.000s CPU, 0.001s wall-clock]
Instantiating groups... [0.000s CPU, 0.000s wall-clock]
Collecting mutex groups... [0.000s CPU, 0.000s wall-clock]
Choosing groups...
412 uncovered facts
Choosing groups: [0.000s CPU, 0.001s wall-clock]
Building translation key... [0.000s CPU, 0.002s wall-clock]
Computing fact groups: [35.150s CPU, 35.145s wall-clock]
Building STRIPS to SAS dictionary... [0.000s CPU, 0.000s wall-clock]
Building dictionary for full mutex groups... [0.000s CPU, 0.001s wall-clock]
Building mutex information...
Building mutex information: [0.000s CPU, 0.001s wall-clock]
Translating task...
Processing axioms...
Simplifying axioms... [0.000s CPU, 0.000s wall-clock]
Processing axioms: [0.010s CPU, 0.005s wall-clock]
Translating task: [0.090s CPU, 0.089s wall-clock]
1328 effect conditions simplified
0 implied preconditions added
Detecting unreachable propositions...
0 operators removed
0 axioms removed
102 propositions removed
Detecting unreachable propositions: [0.030s CPU, 0.029s wall-clock]
Reordering and filtering variables...
380 of 380 variables necessary.
56 of 63 mutex groups necessary.
1112 of 1112 operators necessary.
15 of 15 axiom rules necessary.
Reordering and filtering variables: [0.030s CPU, 0.024s wall-clock]
Translator variables: 380
Translator derived variables: 15
Translator facts: 845
Translator goal facts: 1
Translator mutex groups: 56
Translator total mutex groups size: 173
Translator operators: 1112
Translator axioms: 15
Translator task size: 10959
Translator peak memory: 208604 KB
Writing output... [0.010s CPU, 0.014s wall-clock]
Done! [35.570s CPU, 35.569s wall-clock]

translate exit code: 0
INFO     Running search (release32).
INFO     search stdin: output.sas
INFO     search time limit: None
INFO     search memory limit: None
INFO     search command line string: /home/jsegovia/Desktop/automated-programming-framework-private/PLANNERS/fast-downward/builds/release32/bin/downward --evaluator 'hlm=lmcount(lm_factory=lm_rhw(reasonable_orders=true),transform=adapt_costs(one),pref=false)' --evaluator 'hff=ff(transform=adapt_costs(one))' --search 'lazy_greedy([hff,hlm],preferred=[hff,hlm],cost_type=one,reopen_closed=false)' --internal-plan-file sas_plan < output.sas
reading input... [t=1.8496e-05s]
done reading input! [t=0.0104293s]
Initializing landmarks count heuristic...
Initializing Exploration...
Generating landmarks using the RPG/SAS+ approach
approx. reasonable orders
approx. obedient reasonable orders
Removed 0 reasonable or obedient reasonable orders
Landmarks generation time: 0.00764832s
Discovered 13 landmarks, of which 0 are disjunctive and 0 are conjunctive 
25 edges
Simplifying 4657 unary operators... done! [2682 unary operators]
Initializing additive heuristic...
Initializing FF heuristic...
Building successor generator...done! [t=0.0222145s]
peak memory difference for successor generator creation: 0 KB
time for successor generation creation: 0.00027561s
Variables: 380
FactPairs: 845
Bytes per state: 52
Conducting lazy best first search, (real) bound = 2147483647
7 initial landmarks, 1 goal landmarks
New best heuristic value for lmcount(lm_factory = lm_rhw(reasonable_orders = true), transform = adapt_costs(one), pref = false): 6
New best heuristic value for ff(transform = adapt_costs(one)): 10
[g=0, 1 evaluated, 0 expanded, t=0.0223697s, 5752 KB]
Initial heuristic value for lmcount(lm_factory = lm_rhw(reasonable_orders = true), transform = adapt_costs(one), pref = false): 6
Initial heuristic value for ff(transform = adapt_costs(one)): 10
New best heuristic value for ff(transform = adapt_costs(one)): 6
[g=1, 2 evaluated, 1 expanded, t=0.0225805s, 5752 KB]
New best heuristic value for lmcount(lm_factory = lm_rhw(reasonable_orders = true), transform = adapt_costs(one), pref = false): 5
New best heuristic value for ff(transform = adapt_costs(one)): 5
[g=2, 3 evaluated, 2 expanded, t=0.0227083s, 5752 KB]
New best heuristic value for ff(transform = adapt_costs(one)): 4
[g=10, 19 evaluated, 18 expanded, t=0.0241561s, 5752 KB]
New best heuristic value for ff(transform = adapt_costs(one)): 3
[g=11, 21 evaluated, 20 expanded, t=0.0243732s, 5752 KB]
New best heuristic value for lmcount(lm_factory = lm_rhw(reasonable_orders = true), transform = adapt_costs(one), pref = false): 4
[g=13, 23 evaluated, 22 expanded, t=0.0245318s, 5752 KB]
New best heuristic value for ff(transform = adapt_costs(one)): 2
[g=30, 24572 evaluated, 24571 expanded, t=1.56835s, 10068 KB]
New best heuristic value for lmcount(lm_factory = lm_rhw(reasonable_orders = true), transform = adapt_costs(one), pref = false): 2
[g=31, 24573 evaluated, 24572 expanded, t=1.56848s, 10068 KB]
New best heuristic value for lmcount(lm_factory = lm_rhw(reasonable_orders = true), transform = adapt_costs(one), pref = false): 1
New best heuristic value for ff(transform = adapt_costs(one)): 1
[g=58, 24600 evaluated, 24599 expanded, t=1.57013s, 10068 KB]
Solution found!
Actual search time: 1.54791s [t=1.57019s]
program-drop-0 row-0 (1001)
check-drop-0-0 row-0 (0)
execute-drop-0-0 row-0 (1)
program-unstack-1 row-0 (1001)
check-unstack-0-1 row-0 (0)
execute-unstack-0-1 row-0 (1)
program-goto-holding-greenish-2-0 row-0 (1001)
eval-cond-holding-greenish-0-2 row-0 (1)
dont-goto-0-2-0 row-0 (1)
program-collect-3 row-0 (1001)
check-collect-0-3 row-0 (0)
execute-collect-0-3 row-0 (1)
program-end-4 row-0 (1)
check-main-end-0-4 row-0 (0)
repeat-end-main-0-4 row-0 (0)
check-drop-0-0 row-0 (0)
execute-drop-0-0 row-0 (1)
check-unstack-0-1 row-0 (0)
execute-unstack-0-1 row-0 (1)
eval-cond-holding-greenish-0-2 row-0 (1)
do-goto-0-2-0 row-0 (1)
check-drop-0-0 row-0 (0)
execute-drop-0-0 row-0 (1)
check-unstack-0-1 row-0 (0)
execute-unstack-0-1 row-0 (1)
eval-cond-holding-greenish-0-2 row-0 (1)
dont-goto-0-2-0 row-0 (1)
check-collect-0-3 row-0 (0)
execute-collect-0-3 row-0 (1)
check-main-end-1-4 row-0 (0)
repeat-end-main-1-4 row-0 (0)
check-drop-0-0 row-0 (0)
execute-drop-0-0 row-0 (1)
check-unstack-0-1 row-0 (0)
execute-unstack-0-1 row-0 (1)
eval-cond-holding-greenish-0-2 row-0 (1)
do-goto-0-2-0 row-0 (1)
check-drop-0-0 row-0 (0)
execute-drop-0-0 row-0 (1)
check-unstack-0-1 row-0 (0)
execute-unstack-0-1 row-0 (1)
eval-cond-holding-greenish-0-2 row-0 (1)
do-goto-0-2-0 row-0 (1)
check-drop-0-0 row-0 (0)
execute-drop-0-0 row-0 (1)
check-unstack-0-1 row-0 (0)
execute-unstack-0-1 row-0 (1)
eval-cond-holding-greenish-0-2 row-0 (1)
do-goto-0-2-0 row-0 (1)
check-drop-0-0 row-0 (0)
execute-drop-0-0 row-0 (1)
check-unstack-0-1 row-0 (0)
execute-unstack-0-1 row-0 (1)
eval-cond-holding-greenish-0-2 row-0 (1)
dont-goto-0-2-0 row-0 (1)
check-collect-0-3 row-0 (0)
execute-collect-0-3 row-0 (1)
check-main-end-2-4 row-0 (0)
skip-2  (0)
Plan length: 59 step(s).
Plan cost: 4036
Expanded 24600 state(s).
Reopened 0 state(s).
Evaluated 24601 state(s).
Evaluations: 49202
Generated 172498 state(s).
Dead ends: 0 state(s).
Number of registered states: 24601
Int hash set load factor: 24601/32768 = 0.750763
Int hash set resizes: 15
Search time: 1.54792s
Total time: 1.5702s
Solution found.
Peak memory: 10068 KB

search exit code: 0
