INFO     Running translator.
INFO     translator stdin: None
INFO     translator time limit: None
INFO     translator memory limit: None
INFO     translator command line string: /usr/bin/python /home/jsegovia/Desktop/automated-programming-framework-private/PLANNERS/fast-downward/builds/release32/bin/translate/translate.py domain.pddl ins.pddl --sas-file output.sas
Parsing...
Parsing: [0.070s CPU, 0.070s wall-clock]
Normalizing task... [0.000s CPU, 0.005s wall-clock]
Instantiating...
Generating Datalog program... [0.010s CPU, 0.004s wall-clock]
Normalizing Datalog program...
Unbound effect variables: Adding @object predicate.
Trivial rules: Converted to facts.
Normalizing Datalog program: [0.040s CPU, 0.037s wall-clock]
Preparing model... [0.020s CPU, 0.018s wall-clock]
Generated 1759 rules.
Computing model... [0.030s CPU, 0.037s wall-clock]
1719 relevant atoms
2066 auxiliary atoms
3785 final queue length
7139 total queue pushes
Completing instantiation... [0.050s CPU, 0.047s wall-clock]
Instantiating: [0.150s CPU, 0.147s wall-clock]
Computing fact groups...
Finding invariants...
189 initial candidates
Finding invariants: [23.490s CPU, 23.484s wall-clock]
Checking invariant weight... [0.000s CPU, 0.001s wall-clock]
Instantiating groups... [0.000s CPU, 0.000s wall-clock]
Collecting mutex groups... [0.000s CPU, 0.000s wall-clock]
Choosing groups...
406 uncovered facts
Choosing groups: [0.010s CPU, 0.001s wall-clock]
Building translation key... [0.000s CPU, 0.001s wall-clock]
Computing fact groups: [23.500s CPU, 23.492s wall-clock]
Building STRIPS to SAS dictionary... [0.000s CPU, 0.000s wall-clock]
Building dictionary for full mutex groups... [0.000s CPU, 0.000s wall-clock]
Building mutex information...
Building mutex information: [0.000s CPU, 0.001s wall-clock]
Translating task...
Processing axioms...
Simplifying axioms... [0.000s CPU, 0.000s wall-clock]
Processing axioms: [0.010s CPU, 0.005s wall-clock]
Translating task: [0.070s CPU, 0.069s wall-clock]
724 effect conditions simplified
0 implied preconditions added
Detecting unreachable propositions...
0 operators removed
0 axioms removed
102 propositions removed
Detecting unreachable propositions: [0.030s CPU, 0.025s wall-clock]
Reordering and filtering variables...
374 of 374 variables necessary.
56 of 62 mutex groups necessary.
1104 of 1104 operators necessary.
15 of 15 axiom rules necessary.
Reordering and filtering variables: [0.020s CPU, 0.019s wall-clock]
Translator variables: 374
Translator derived variables: 15
Translator facts: 832
Translator goal facts: 1
Translator mutex groups: 56
Translator total mutex groups size: 172
Translator operators: 1104
Translator axioms: 15
Translator task size: 9802
Translator peak memory: 206712 KB
Writing output... [0.010s CPU, 0.011s wall-clock]
Done! [23.850s CPU, 23.842s wall-clock]

translate exit code: 0
INFO     Running search (release32).
INFO     search stdin: output.sas
INFO     search time limit: None
INFO     search memory limit: None
INFO     search command line string: /home/jsegovia/Desktop/automated-programming-framework-private/PLANNERS/fast-downward/builds/release32/bin/downward --evaluator 'hlm=lmcount(lm_factory=lm_rhw(reasonable_orders=true),transform=adapt_costs(one),pref=false)' --evaluator 'hff=ff(transform=adapt_costs(one))' --search 'lazy_greedy([hff,hlm],preferred=[hff,hlm],cost_type=one,reopen_closed=false)' --internal-plan-file sas_plan < output.sas
reading input... [t=2.069e-05s]
done reading input! [t=0.0104553s]
Initializing landmarks count heuristic...
Initializing Exploration...
Generating landmarks using the RPG/SAS+ approach
approx. reasonable orders
approx. obedient reasonable orders
Removed 0 reasonable or obedient reasonable orders
Landmarks generation time: 0.0062868s
Discovered 12 landmarks, of which 0 are disjunctive and 0 are conjunctive 
19 edges
Simplifying 3911 unary operators... done! [1936 unary operators]
Initializing additive heuristic...
Initializing FF heuristic...
Building successor generator...done! [t=0.0205651s]
peak memory difference for successor generator creation: 0 KB
time for successor generation creation: 0.000259516s
Variables: 374
FactPairs: 832
Bytes per state: 52
Conducting lazy best first search, (real) bound = 2147483647
7 initial landmarks, 1 goal landmarks
New best heuristic value for lmcount(lm_factory = lm_rhw(reasonable_orders = true), transform = adapt_costs(one), pref = false): 5
New best heuristic value for ff(transform = adapt_costs(one)): 9
[g=0, 1 evaluated, 0 expanded, t=0.0207056s, 5308 KB]
Initial heuristic value for lmcount(lm_factory = lm_rhw(reasonable_orders = true), transform = adapt_costs(one), pref = false): 5
Initial heuristic value for ff(transform = adapt_costs(one)): 9
New best heuristic value for ff(transform = adapt_costs(one)): 7
[g=1, 2 evaluated, 1 expanded, t=0.020858s, 5308 KB]
New best heuristic value for ff(transform = adapt_costs(one)): 6
[g=2, 3 evaluated, 2 expanded, t=0.0209354s, 5308 KB]
New best heuristic value for ff(transform = adapt_costs(one)): 5
[g=1, 7 evaluated, 6 expanded, t=0.0212137s, 5308 KB]
New best heuristic value for lmcount(lm_factory = lm_rhw(reasonable_orders = true), transform = adapt_costs(one), pref = false): 4
New best heuristic value for ff(transform = adapt_costs(one)): 4
[g=2, 8 evaluated, 7 expanded, t=0.0212914s, 5308 KB]
New best heuristic value for ff(transform = adapt_costs(one)): 3
[g=25, 3062181 evaluated, 3062180 expanded, t=169.209s, 908200 KB]
New best heuristic value for ff(transform = adapt_costs(one)): 2
[g=26, 3062182 evaluated, 3062181 expanded, t=169.209s, 908200 KB]
New best heuristic value for lmcount(lm_factory = lm_rhw(reasonable_orders = true), transform = adapt_costs(one), pref = false): 2
[g=27, 3062183 evaluated, 3062182 expanded, t=169.209s, 908200 KB]
New best heuristic value for lmcount(lm_factory = lm_rhw(reasonable_orders = true), transform = adapt_costs(one), pref = false): 1
New best heuristic value for ff(transform = adapt_costs(one)): 1
[g=48, 3062204 evaluated, 3062203 expanded, t=169.21s, 908200 KB]
Solution found!
Actual search time: 169.189s [t=169.21s]
program-drop-0 row-0 (1001)
check-drop-0-0 row-0 (0)
execute-drop-0-0 row-0 (1)
program-unstack-1 row-0 (1001)
check-unstack-0-1 row-0 (0)
execute-unstack-0-1 row-0 (1)
program-goto-clear-2-0 b4 row-0 (1001)
eval-cond-clear-0-2 b4 row-0 (1)
do-goto-0-2-0 row-0 (1)
check-drop-0-0 row-0 (0)
execute-drop-0-0 row-0 (1)
check-unstack-0-1 row-0 (0)
execute-unstack-0-1 row-0 (1)
eval-cond-clear-0-2 b4 row-0 (1)
do-goto-0-2-0 row-0 (1)
check-drop-0-0 row-0 (0)
execute-drop-0-0 row-0 (1)
check-unstack-0-1 row-0 (0)
execute-unstack-0-1 row-0 (1)
eval-cond-clear-0-2 b4 row-0 (1)
dont-goto-0-2-0 row-0 (1)
program-collect-3 row-0 (1001)
check-collect-0-3 row-0 (0)
execute-collect-0-3 row-0 (1)
program-end-4 row-0 (1)
check-main-end-0-4 row-0 (0)
repeat-end-main-0-4 row-0 (0)
check-drop-0-0 row-0 (0)
execute-drop-0-0 row-0 (1)
check-unstack-0-1 row-0 (0)
execute-unstack-0-1 row-0 (1)
eval-cond-clear-0-2 b4 row-0 (1)
do-goto-0-2-0 row-0 (1)
check-drop-0-0 row-0 (0)
execute-drop-0-0 row-0 (1)
check-unstack-0-1 row-0 (0)
execute-unstack-0-1 row-0 (1)
eval-cond-clear-0-2 b4 row-0 (1)
do-goto-0-2-0 row-0 (1)
check-drop-0-0 row-0 (0)
execute-drop-0-0 row-0 (1)
check-unstack-0-1 row-0 (0)
execute-unstack-0-1 row-0 (1)
eval-cond-clear-0-2 b4 row-0 (1)
dont-goto-0-2-0 row-0 (1)
check-collect-0-3 row-0 (0)
execute-collect-0-3 row-0 (1)
check-main-end-1-4 row-0 (0)
skip-1  (0)
Plan length: 49 step(s).
Plan cost: 4031
Expanded 3062204 state(s).
Reopened 0 state(s).
Evaluated 3062205 state(s).
Evaluations: 6124410
Generated 38772764 state(s).
Dead ends: 0 state(s).
Number of registered states: 3062205
Int hash set load factor: 3062205/4194304 = 0.730087
Int hash set resizes: 22
Search time: 169.189s
Total time: 169.21s
Solution found.
Peak memory: 908200 KB

search exit code: 0
