INFO     Running translator.
INFO     translator stdin: None
INFO     translator time limit: None
INFO     translator memory limit: None
INFO     translator command line string: /usr/bin/python /home/jsegovia/Desktop/automated-programming-framework-private/PLANNERS/fast-downward/builds/release32/bin/translate/translate.py domain.pddl ins.pddl --sas-file output.sas
Parsing...
Parsing: [0.070s CPU, 0.072s wall-clock]
Normalizing task... [0.000s CPU, 0.005s wall-clock]
Instantiating...
Generating Datalog program... [0.010s CPU, 0.005s wall-clock]
Normalizing Datalog program...
Normalizing Datalog program: [0.040s CPU, 0.041s wall-clock]
Preparing model... [0.020s CPU, 0.020s wall-clock]
Generated 1872 rules.
Computing model... [0.040s CPU, 0.037s wall-clock]
1482 relevant atoms
1988 auxiliary atoms
3470 final queue length
6969 total queue pushes
Completing instantiation... [0.050s CPU, 0.050s wall-clock]
Instantiating: [0.160s CPU, 0.156s wall-clock]
Computing fact groups...
Finding invariants...
134 initial candidates
Finding invariants: [2.480s CPU, 2.491s wall-clock]
Checking invariant weight... [0.000s CPU, 0.001s wall-clock]
Instantiating groups... [0.000s CPU, 0.000s wall-clock]
Collecting mutex groups... [0.000s CPU, 0.000s wall-clock]
Choosing groups...
234 uncovered facts
Choosing groups: [0.000s CPU, 0.000s wall-clock]
Building translation key... [0.000s CPU, 0.001s wall-clock]
Computing fact groups: [2.480s CPU, 2.496s wall-clock]
Building STRIPS to SAS dictionary... [0.000s CPU, 0.000s wall-clock]
Building dictionary for full mutex groups... [0.000s CPU, 0.000s wall-clock]
Building mutex information...
Building mutex information: [0.010s CPU, 0.000s wall-clock]
Translating task...
Processing axioms...
Simplifying axioms... [0.000s CPU, 0.000s wall-clock]
Processing axioms: [0.000s CPU, 0.004s wall-clock]
Translating task: [0.070s CPU, 0.072s wall-clock]
556 effect conditions simplified
0 implied preconditions added
Detecting unreachable propositions...
0 operators removed
0 axioms removed
6 propositions removed
Detecting unreachable propositions: [0.020s CPU, 0.024s wall-clock]
Reordering and filtering variables...
247 of 250 variables necessary.
55 of 63 mutex groups necessary.
1120 of 1120 operators necessary.
0 of 0 axiom rules necessary.
Reordering and filtering variables: [0.010s CPU, 0.013s wall-clock]
Translator variables: 247
Translator derived variables: 0
Translator facts: 580
Translator goal facts: 1
Translator mutex groups: 55
Translator total mutex groups size: 170
Translator operators: 1120
Translator axioms: 0
Translator task size: 9037
Translator peak memory: 108992 KB
Writing output... [0.010s CPU, 0.011s wall-clock]
Done! [2.840s CPU, 2.854s wall-clock]

translate exit code: 0
INFO     Running search (release32).
INFO     search stdin: output.sas
INFO     search time limit: None
INFO     search memory limit: None
INFO     search command line string: /home/jsegovia/Desktop/automated-programming-framework-private/PLANNERS/fast-downward/builds/release32/bin/downward --evaluator 'hlm=lmcount(lm_factory=lm_rhw(reasonable_orders=true),transform=adapt_costs(one),pref=false)' --evaluator 'hff=ff(transform=adapt_costs(one))' --search 'lazy_greedy([hff,hlm],preferred=[hff,hlm],cost_type=one,reopen_closed=false)' --internal-plan-file sas_plan < output.sas
reading input... [t=1.8877e-05s]
done reading input! [t=0.00890745s]
Initializing landmarks count heuristic...
Initializing Exploration...
Generating landmarks using the RPG/SAS+ approach
approx. reasonable orders
approx. obedient reasonable orders
Removed 0 reasonable or obedient reasonable orders
Landmarks generation time: 0.00803117s
Discovered 10 landmarks, of which 0 are disjunctive and 0 are conjunctive 
22 edges
Simplifying 3635 unary operators... done! [1660 unary operators]
Initializing additive heuristic...
Initializing FF heuristic...
Building successor generator...done! [t=0.0219502s]
peak memory difference for successor generator creation: 0 KB
time for successor generation creation: 0.000266977s
Variables: 247
FactPairs: 580
Bytes per state: 36
Conducting lazy best first search, (real) bound = 2147483647
4 initial landmarks, 1 goal landmarks
New best heuristic value for lmcount(lm_factory = lm_rhw(reasonable_orders = true), transform = adapt_costs(one), pref = false): 6
New best heuristic value for ff(transform = adapt_costs(one)): 11
[g=0, 1 evaluated, 0 expanded, t=0.0220809s, 5176 KB]
Initial heuristic value for lmcount(lm_factory = lm_rhw(reasonable_orders = true), transform = adapt_costs(one), pref = false): 6
Initial heuristic value for ff(transform = adapt_costs(one)): 11
New best heuristic value for ff(transform = adapt_costs(one)): 7
[g=1, 2 evaluated, 1 expanded, t=0.0222215s, 5176 KB]
New best heuristic value for lmcount(lm_factory = lm_rhw(reasonable_orders = true), transform = adapt_costs(one), pref = false): 4
New best heuristic value for ff(transform = adapt_costs(one)): 6
[g=2, 3 evaluated, 2 expanded, t=0.0222882s, 5176 KB]
New best heuristic value for ff(transform = adapt_costs(one)): 5
[g=25, 1102296 evaluated, 575848 expanded, t=37.6877s, 374472 KB]
New best heuristic value for ff(transform = adapt_costs(one)): 4
[g=26, 1102297 evaluated, 575849 expanded, t=37.6878s, 374472 KB]
New best heuristic value for lmcount(lm_factory = lm_rhw(reasonable_orders = true), transform = adapt_costs(one), pref = false): 3
[g=28, 1102299 evaluated, 575851 expanded, t=37.6879s, 374472 KB]
New best heuristic value for ff(transform = adapt_costs(one)): 3
[g=42, 1102376 evaluated, 575921 expanded, t=37.6909s, 374604 KB]
New best heuristic value for lmcount(lm_factory = lm_rhw(reasonable_orders = true), transform = adapt_costs(one), pref = false): 2
[g=44, 1102378 evaluated, 575923 expanded, t=37.691s, 374604 KB]
New best heuristic value for ff(transform = adapt_costs(one)): 2
[g=64, 1102398 evaluated, 575943 expanded, t=37.6917s, 374604 KB]
New best heuristic value for lmcount(lm_factory = lm_rhw(reasonable_orders = true), transform = adapt_costs(one), pref = false): 1
[g=66, 1102400 evaluated, 575945 expanded, t=37.6918s, 374604 KB]
New best heuristic value for ff(transform = adapt_costs(one)): 1
[g=74, 1102408 evaluated, 575953 expanded, t=37.692s, 374604 KB]
Solution found!
Actual search time: 37.6701s [t=37.6921s]
program-drop-0 row-0 (1001)
check-drop-0-0 row-0 (0)
execute-drop-0-0 row-0 (1)
program-unstack-1 row-0 (1001)
check-unstack-0-1 row-0 (0)
execute-unstack-0-1 row-0 (1)
program-goto-holding-greenish-2-0 row-0 (1001)
eval-cond-holding-greenish-0-2 row-0 (1)
do-goto-0-2-0 row-0 (1)
check-drop-0-0 row-0 (0)
execute-drop-0-0 row-0 (1)
check-unstack-0-1 row-0 (0)
execute-unstack-0-1 row-0 (1)
eval-cond-holding-greenish-0-2 row-0 (1)
do-goto-0-2-0 row-0 (1)
check-drop-0-0 row-0 (0)
execute-drop-0-0 row-0 (1)
check-unstack-0-1 row-0 (0)
execute-unstack-0-1 row-0 (1)
eval-cond-holding-greenish-0-2 row-0 (1)
dont-goto-0-2-0 row-0 (1)
program-collect-3 row-0 (1001)
check-collect-0-3 row-0 (0)
execute-collect-0-3 row-0 (1)
program-end-4 row-0 (1)
check-main-end-0-4 row-0 (0)
repeat-end-main-0-4 row-0 (0)
check-drop-0-0 row-0 (0)
execute-drop-0-0 row-0 (1)
check-unstack-0-1 row-0 (0)
execute-unstack-0-1 row-0 (1)
eval-cond-holding-greenish-0-2 row-0 (1)
do-goto-0-2-0 row-0 (1)
check-drop-0-0 row-0 (0)
execute-drop-0-0 row-0 (1)
check-unstack-0-1 row-0 (0)
execute-unstack-0-1 row-0 (1)
eval-cond-holding-greenish-0-2 row-0 (1)
dont-goto-0-2-0 row-0 (1)
check-collect-0-3 row-0 (0)
execute-collect-0-3 row-0 (1)
check-main-end-1-4 row-0 (0)
repeat-end-main-1-4 row-0 (0)
check-drop-0-0 row-0 (0)
execute-drop-0-0 row-0 (1)
check-unstack-0-1 row-0 (0)
execute-unstack-0-1 row-0 (1)
eval-cond-holding-greenish-0-2 row-0 (1)
do-goto-0-2-0 row-0 (1)
check-drop-0-0 row-0 (0)
execute-drop-0-0 row-0 (1)
check-unstack-0-1 row-0 (0)
execute-unstack-0-1 row-0 (1)
eval-cond-holding-greenish-0-2 row-0 (1)
do-goto-0-2-0 row-0 (1)
check-drop-0-0 row-0 (0)
execute-drop-0-0 row-0 (1)
check-unstack-0-1 row-0 (0)
execute-unstack-0-1 row-0 (1)
eval-cond-holding-greenish-0-2 row-0 (1)
dont-goto-0-2-0 row-0 (1)
check-collect-0-3 row-0 (0)
execute-collect-0-3 row-0 (1)
check-main-end-2-4 row-0 (0)
repeat-end-main-2-4 row-0 (0)
check-drop-0-0 row-0 (0)
execute-drop-0-0 row-0 (1)
check-unstack-0-1 row-0 (0)
execute-unstack-0-1 row-0 (1)
eval-cond-holding-greenish-0-2 row-0 (1)
dont-goto-0-2-0 row-0 (1)
check-collect-0-3 row-0 (0)
execute-collect-0-3 row-0 (1)
check-main-end-3-4 row-0 (0)
repeat-end-main-3-4 row-0 (0)
Plan length: 75 step(s).
Plan cost: 4045
Expanded 575954 state(s).
Reopened 0 state(s).
Evaluated 1102409 state(s).
Evaluations: 1678364
Generated 17145338 state(s).
Dead ends: 526454 state(s).
Number of registered states: 1102409
Int hash set load factor: 1102409/2097152 = 0.52567
Int hash set resizes: 21
Search time: 37.6701s
Total time: 37.6921s
Solution found.
Peak memory: 374604 KB

search exit code: 0
