INFO     Running translator.
INFO     translator stdin: None
INFO     translator time limit: None
INFO     translator memory limit: None
INFO     translator command line string: /usr/bin/python /home/jsegovia/Desktop/automated-programming-framework-private/PLANNERS/fast-downward/builds/release32/bin/translate/translate.py domain.pddl ins.pddl --sas-file output.sas
Parsing...
Parsing: [0.060s CPU, 0.068s wall-clock]
Normalizing task... [0.010s CPU, 0.006s wall-clock]
Instantiating...
Generating Datalog program... [0.000s CPU, 0.004s wall-clock]
Normalizing Datalog program...
Normalizing Datalog program: [0.040s CPU, 0.040s wall-clock]
Preparing model... [0.020s CPU, 0.018s wall-clock]
Generated 1816 rules.
Computing model... [0.040s CPU, 0.035s wall-clock]
1478 relevant atoms
1976 auxiliary atoms
3454 final queue length
6923 total queue pushes
Completing instantiation... [0.050s CPU, 0.046s wall-clock]
Instantiating: [0.150s CPU, 0.146s wall-clock]
Computing fact groups...
Finding invariants...
135 initial candidates
Finding invariants: [6.080s CPU, 6.091s wall-clock]
Checking invariant weight... [0.000s CPU, 0.000s wall-clock]
Instantiating groups... [0.000s CPU, 0.000s wall-clock]
Collecting mutex groups... [0.000s CPU, 0.000s wall-clock]
Choosing groups...
234 uncovered facts
Choosing groups: [0.000s CPU, 0.000s wall-clock]
Building translation key... [0.000s CPU, 0.001s wall-clock]
Computing fact groups: [6.090s CPU, 6.096s wall-clock]
Building STRIPS to SAS dictionary... [0.000s CPU, 0.000s wall-clock]
Building dictionary for full mutex groups... [0.000s CPU, 0.000s wall-clock]
Building mutex information...
Building mutex information: [0.000s CPU, 0.000s wall-clock]
Translating task...
Processing axioms...
Simplifying axioms... [0.000s CPU, 0.000s wall-clock]
Processing axioms: [0.000s CPU, 0.004s wall-clock]
Translating task: [0.080s CPU, 0.081s wall-clock]
521 effect conditions simplified
0 implied preconditions added
Detecting unreachable propositions...
0 operators removed
0 axioms removed
6 propositions removed
Detecting unreachable propositions: [0.020s CPU, 0.026s wall-clock]
Reordering and filtering variables...
247 of 250 variables necessary.
55 of 63 mutex groups necessary.
1116 of 1116 operators necessary.
0 of 0 axiom rules necessary.
Reordering and filtering variables: [0.010s CPU, 0.013s wall-clock]
Translator variables: 247
Translator derived variables: 0
Translator facts: 580
Translator goal facts: 1
Translator mutex groups: 55
Translator total mutex groups size: 170
Translator operators: 1116
Translator axioms: 0
Translator task size: 8880
Translator peak memory: 195324 KB
Writing output... [0.010s CPU, 0.010s wall-clock]
Done! [6.440s CPU, 6.450s wall-clock]

translate exit code: 0
INFO     Running search (release32).
INFO     search stdin: output.sas
INFO     search time limit: None
INFO     search memory limit: None
INFO     search command line string: /home/jsegovia/Desktop/automated-programming-framework-private/PLANNERS/fast-downward/builds/release32/bin/downward --evaluator 'hlm=lmcount(lm_factory=lm_rhw(reasonable_orders=true),transform=adapt_costs(one),pref=false)' --evaluator 'hff=ff(transform=adapt_costs(one))' --search 'lazy_greedy([hff,hlm],preferred=[hff,hlm],cost_type=one,reopen_closed=false)' --internal-plan-file sas_plan < output.sas
reading input... [t=1.99e-05s]
done reading input! [t=0.00881244s]
Initializing landmarks count heuristic...
Initializing Exploration...
Generating landmarks using the RPG/SAS+ approach
approx. reasonable orders
approx. obedient reasonable orders
Removed 0 reasonable or obedient reasonable orders
Landmarks generation time: 0.00553009s
Discovered 12 landmarks, of which 0 are disjunctive and 0 are conjunctive 
27 edges
Simplifying 3570 unary operators... done! [1595 unary operators]
Initializing additive heuristic...
Initializing FF heuristic...
Building successor generator...done! [t=0.0187095s]
peak memory difference for successor generator creation: 0 KB
time for successor generation creation: 0.000258477s
Variables: 247
FactPairs: 580
Bytes per state: 36
Conducting lazy best first search, (real) bound = 2147483647
5 initial landmarks, 1 goal landmarks
New best heuristic value for lmcount(lm_factory = lm_rhw(reasonable_orders = true), transform = adapt_costs(one), pref = false): 7
New best heuristic value for ff(transform = adapt_costs(one)): 11
[g=0, 1 evaluated, 0 expanded, t=0.0188353s, 5172 KB]
Initial heuristic value for lmcount(lm_factory = lm_rhw(reasonable_orders = true), transform = adapt_costs(one), pref = false): 7
Initial heuristic value for ff(transform = adapt_costs(one)): 11
New best heuristic value for ff(transform = adapt_costs(one)): 7
[g=1, 2 evaluated, 1 expanded, t=0.0189722s, 5172 KB]
New best heuristic value for lmcount(lm_factory = lm_rhw(reasonable_orders = true), transform = adapt_costs(one), pref = false): 6
New best heuristic value for ff(transform = adapt_costs(one)): 6
[g=2, 3 evaluated, 2 expanded, t=0.0190377s, 5172 KB]
