INFO     Running translator.
INFO     translator stdin: None
INFO     translator time limit: None
INFO     translator memory limit: None
INFO     translator command line string: /usr/bin/python /home/jsegovia/Desktop/automated-programming-framework-private/PLANNERS/fast-downward/builds/release32/bin/translate/translate.py domain.pddl ins.pddl --sas-file output.sas
Parsing...
Parsing: [0.070s CPU, 0.064s wall-clock]
Normalizing task... [0.000s CPU, 0.005s wall-clock]
Instantiating...
Generating Datalog program... [0.000s CPU, 0.004s wall-clock]
Normalizing Datalog program...
Normalizing Datalog program: [0.040s CPU, 0.039s wall-clock]
Preparing model... [0.020s CPU, 0.018s wall-clock]
Generated 1824 rules.
Computing model... [0.040s CPU, 0.037s wall-clock]
1478 relevant atoms
1976 auxiliary atoms
3454 final queue length
6930 total queue pushes
Completing instantiation... [0.050s CPU, 0.046s wall-clock]
Instantiating: [0.150s CPU, 0.148s wall-clock]
Computing fact groups...
Finding invariants...
135 initial candidates
Finding invariants: [14.690s CPU, 14.690s wall-clock]
Checking invariant weight... [0.000s CPU, 0.000s wall-clock]
Instantiating groups... [0.000s CPU, 0.000s wall-clock]
Collecting mutex groups... [0.000s CPU, 0.000s wall-clock]
Choosing groups...
234 uncovered facts
Choosing groups: [0.000s CPU, 0.000s wall-clock]
Building translation key... [0.010s CPU, 0.001s wall-clock]
Computing fact groups: [14.700s CPU, 14.695s wall-clock]
Building STRIPS to SAS dictionary... [0.000s CPU, 0.000s wall-clock]
Building dictionary for full mutex groups... [0.000s CPU, 0.000s wall-clock]
Building mutex information...
Building mutex information: [0.000s CPU, 0.001s wall-clock]
Translating task...
Processing axioms...
Simplifying axioms... [0.000s CPU, 0.000s wall-clock]
Processing axioms: [0.000s CPU, 0.004s wall-clock]
Translating task: [0.070s CPU, 0.070s wall-clock]
513 effect conditions simplified
0 implied preconditions added
Detecting unreachable propositions...
0 operators removed
0 axioms removed
6 propositions removed
Detecting unreachable propositions: [0.020s CPU, 0.024s wall-clock]
Reordering and filtering variables...
247 of 250 variables necessary.
55 of 63 mutex groups necessary.
1116 of 1116 operators necessary.
0 of 0 axiom rules necessary.
Reordering and filtering variables: [0.010s CPU, 0.013s wall-clock]
Translator variables: 247
Translator derived variables: 0
Translator facts: 580
Translator goal facts: 1
Translator mutex groups: 55
Translator total mutex groups size: 170
Translator operators: 1116
Translator axioms: 0
Translator task size: 8880
Translator peak memory: 345812 KB
Writing output... [0.010s CPU, 0.010s wall-clock]
Done! [15.040s CPU, 15.032s wall-clock]

translate exit code: 0
INFO     Running search (release32).
INFO     search stdin: output.sas
INFO     search time limit: None
INFO     search memory limit: None
INFO     search command line string: /home/jsegovia/Desktop/automated-programming-framework-private/PLANNERS/fast-downward/builds/release32/bin/downward --evaluator 'hlm=lmcount(lm_factory=lm_rhw(reasonable_orders=true),transform=adapt_costs(one),pref=false)' --evaluator 'hff=ff(transform=adapt_costs(one))' --search 'lazy_greedy([hff,hlm],preferred=[hff,hlm],cost_type=one,reopen_closed=false)' --internal-plan-file sas_plan < output.sas
reading input... [t=2.1797e-05s]
done reading input! [t=0.00932797s]
Initializing landmarks count heuristic...
Initializing Exploration...
Generating landmarks using the RPG/SAS+ approach
approx. reasonable orders
approx. obedient reasonable orders
Removed 0 reasonable or obedient reasonable orders
Landmarks generation time: 0.00635277s
Discovered 12 landmarks, of which 0 are disjunctive and 0 are conjunctive 
27 edges
Simplifying 3570 unary operators... done! [1595 unary operators]
Initializing additive heuristic...
Initializing FF heuristic...
Building successor generator...done! [t=0.02005s]
peak memory difference for successor generator creation: 0 KB
time for successor generation creation: 0.000278896s
Variables: 247
FactPairs: 580
Bytes per state: 36
Conducting lazy best first search, (real) bound = 2147483647
5 initial landmarks, 1 goal landmarks
New best heuristic value for lmcount(lm_factory = lm_rhw(reasonable_orders = true), transform = adapt_costs(one), pref = false): 7
New best heuristic value for ff(transform = adapt_costs(one)): 11
[g=0, 1 evaluated, 0 expanded, t=0.0201749s, 5172 KB]
Initial heuristic value for lmcount(lm_factory = lm_rhw(reasonable_orders = true), transform = adapt_costs(one), pref = false): 7
Initial heuristic value for ff(transform = adapt_costs(one)): 11
New best heuristic value for ff(transform = adapt_costs(one)): 7
[g=1, 2 evaluated, 1 expanded, t=0.0203106s, 5172 KB]
New best heuristic value for lmcount(lm_factory = lm_rhw(reasonable_orders = true), transform = adapt_costs(one), pref = false): 6
New best heuristic value for ff(transform = adapt_costs(one)): 6
[g=2, 3 evaluated, 2 expanded, t=0.0203759s, 5172 KB]
New best heuristic value for ff(transform = adapt_costs(one)): 5
[g=13, 328363 evaluated, 197370 expanded, t=11.5544s, 108656 KB]
New best heuristic value for ff(transform = adapt_costs(one)): 4
[g=14, 328364 evaluated, 197371 expanded, t=11.5545s, 108656 KB]
New best heuristic value for lmcount(lm_factory = lm_rhw(reasonable_orders = true), transform = adapt_costs(one), pref = false): 5
[g=16, 328366 evaluated, 197373 expanded, t=11.5546s, 108656 KB]
New best heuristic value for ff(transform = adapt_costs(one)): 3
[g=42, 14876542 evaluated, 7835996 expanded, t=470.82s, 3338796 KB]
New best heuristic value for lmcount(lm_factory = lm_rhw(reasonable_orders = true), transform = adapt_costs(one), pref = false): 3
[g=43, 14876543 evaluated, 7835997 expanded, t=470.82s, 3338796 KB]
New best heuristic value for lmcount(lm_factory = lm_rhw(reasonable_orders = true), transform = adapt_costs(one), pref = false): 2
New best heuristic value for ff(transform = adapt_costs(one)): 2
[g=76, 14876576 evaluated, 7836030 expanded, t=470.821s, 3338796 KB]
New best heuristic value for lmcount(lm_factory = lm_rhw(reasonable_orders = true), transform = adapt_costs(one), pref = false): 1
New best heuristic value for ff(transform = adapt_costs(one)): 1
[g=98, 14876598 evaluated, 7836052 expanded, t=470.822s, 3338796 KB]
Solution found!
Actual search time: 470.802s [t=470.822s]
program-drop-0 row-0 (1001)
check-drop-0-0 row-0 (0)
execute-drop-0-0 row-0 (1)
program-unstack-1 row-0 (1001)
check-unstack-0-1 row-0 (0)
execute-unstack-0-1 row-0 (1)
program-goto-holding-greenish-2-0 row-0 (1001)
eval-cond-holding-greenish-0-2 row-0 (1)
do-goto-0-2-0 row-0 (1)
check-drop-0-0 row-0 (0)
execute-drop-0-0 row-0 (1)
check-unstack-0-1 row-0 (0)
execute-unstack-0-1 row-0 (1)
eval-cond-holding-greenish-0-2 row-0 (1)
dont-goto-0-2-0 row-0 (1)
program-collect-3 row-0 (1001)
check-collect-0-3 row-0 (0)
execute-collect-0-3 row-0 (1)
program-end-4 row-0 (1)
check-main-end-0-4 row-0 (0)
repeat-end-main-0-4 row-0 (0)
check-drop-0-0 row-0 (0)
execute-drop-0-0 row-0 (1)
check-unstack-0-1 row-0 (0)
execute-unstack-0-1 row-0 (1)
eval-cond-holding-greenish-0-2 row-0 (1)
do-goto-0-2-0 row-0 (1)
check-drop-0-0 row-0 (0)
execute-drop-0-0 row-0 (1)
check-unstack-0-1 row-0 (0)
execute-unstack-0-1 row-0 (1)
eval-cond-holding-greenish-0-2 row-0 (1)
do-goto-0-2-0 row-0 (1)
check-drop-0-0 row-0 (0)
execute-drop-0-0 row-0 (1)
check-unstack-0-1 row-0 (0)
execute-unstack-0-1 row-0 (1)
eval-cond-holding-greenish-0-2 row-0 (1)
dont-goto-0-2-0 row-0 (1)
check-collect-0-3 row-0 (0)
execute-collect-0-3 row-0 (1)
check-main-end-1-4 row-0 (0)
repeat-end-main-1-4 row-0 (0)
check-drop-0-0 row-0 (0)
execute-drop-0-0 row-0 (1)
check-unstack-0-1 row-0 (0)
execute-unstack-0-1 row-0 (1)
eval-cond-holding-greenish-0-2 row-0 (1)
do-goto-0-2-0 row-0 (1)
check-drop-0-0 row-0 (0)
execute-drop-0-0 row-0 (1)
check-unstack-0-1 row-0 (0)
execute-unstack-0-1 row-0 (1)
eval-cond-holding-greenish-0-2 row-0 (1)
do-goto-0-2-0 row-0 (1)
check-drop-0-0 row-0 (0)
execute-drop-0-0 row-0 (1)
check-unstack-0-1 row-0 (0)
execute-unstack-0-1 row-0 (1)
eval-cond-holding-greenish-0-2 row-0 (1)
do-goto-0-2-0 row-0 (1)
check-drop-0-0 row-0 (0)
execute-drop-0-0 row-0 (1)
check-unstack-0-1 row-0 (0)
execute-unstack-0-1 row-0 (1)
eval-cond-holding-greenish-0-2 row-0 (1)
do-goto-0-2-0 row-0 (1)
check-drop-0-0 row-0 (0)
execute-drop-0-0 row-0 (1)
check-unstack-0-1 row-0 (0)
execute-unstack-0-1 row-0 (1)
eval-cond-holding-greenish-0-2 row-0 (1)
dont-goto-0-2-0 row-0 (1)
check-collect-0-3 row-0 (0)
execute-collect-0-3 row-0 (1)
check-main-end-2-4 row-0 (0)
skip-2  (0)
check-drop-0-0 row-0 (0)
execute-drop-0-0 row-0 (1)
check-unstack-0-1 row-0 (0)
execute-unstack-0-1 row-0 (1)
eval-cond-holding-greenish-0-2 row-0 (1)
do-goto-0-2-0 row-0 (1)
check-drop-0-0 row-0 (0)
execute-drop-0-0 row-0 (1)
check-unstack-0-1 row-0 (0)
execute-unstack-0-1 row-0 (1)
eval-cond-holding-greenish-0-2 row-0 (1)
do-goto-0-2-0 row-0 (1)
check-drop-0-0 row-0 (0)
execute-drop-0-0 row-0 (1)
check-unstack-0-1 row-0 (0)
execute-unstack-0-1 row-0 (1)
eval-cond-holding-greenish-0-2 row-0 (1)
dont-goto-0-2-0 row-0 (1)
check-collect-0-3 row-0 (0)
execute-collect-0-3 row-0 (1)
check-main-end-3-4 row-0 (0)
skip-3  (0)
Plan length: 99 step(s).
Plan cost: 4061
Expanded 7836053 state(s).
Reopened 0 state(s).
Evaluated 14876599 state(s).
Evaluations: 22712653
Generated 133742394 state(s).
Dead ends: 7040545 state(s).
Number of registered states: 14876599
Int hash set load factor: 14876599/33554432 = 0.443357
Int hash set resizes: 25
Search time: 470.802s
Total time: 470.822s
Solution found.
Peak memory: 3338796 KB

search exit code: 0
