INFO     Running translator.
INFO     translator stdin: None
INFO     translator time limit: None
INFO     translator memory limit: None
INFO     translator command line string: /usr/bin/python /home/jsegovia/Desktop/automated-programming-framework-private/PLANNERS/fast-downward/builds/release32/bin/translate/translate.py domain.pddl ins.pddl --sas-file output.sas
Parsing...
Parsing: [0.130s CPU, 0.126s wall-clock]
Normalizing task... [0.000s CPU, 0.009s wall-clock]
Instantiating...
Generating Datalog program... [0.010s CPU, 0.006s wall-clock]
Normalizing Datalog program...
Unbound effect variables: Adding @object predicate.
Trivial rules: Converted to facts.
Normalizing Datalog program: [0.050s CPU, 0.046s wall-clock]
Preparing model... [0.020s CPU, 0.029s wall-clock]
Generated 2110 rules.
Computing model... [0.030s CPU, 0.032s wall-clock]
1761 relevant atoms
2186 auxiliary atoms
3947 final queue length
7846 total queue pushes
Completing instantiation... [0.080s CPU, 0.077s wall-clock]
Instantiating: [0.200s CPU, 0.193s wall-clock]
Computing fact groups...
Finding invariants...
192 initial candidates
Finding invariants: [39.350s CPU, 39.355s wall-clock]
Checking invariant weight... [0.000s CPU, 0.000s wall-clock]
Instantiating groups... [0.000s CPU, 0.000s wall-clock]
Collecting mutex groups... [0.000s CPU, 0.000s wall-clock]
Choosing groups...
420 uncovered facts
Choosing groups: [0.000s CPU, 0.001s wall-clock]
Building translation key... [0.000s CPU, 0.002s wall-clock]
Computing fact groups: [39.350s CPU, 39.363s wall-clock]
Building STRIPS to SAS dictionary... [0.000s CPU, 0.000s wall-clock]
Building dictionary for full mutex groups... [0.010s CPU, 0.000s wall-clock]
Building mutex information...
Building mutex information: [0.000s CPU, 0.001s wall-clock]
Translating task...
Processing axioms...
Simplifying axioms... [0.000s CPU, 0.000s wall-clock]
Processing axioms: [0.000s CPU, 0.006s wall-clock]
Translating task: [0.120s CPU, 0.123s wall-clock]
3184 effect conditions simplified
0 implied preconditions added
Detecting unreachable propositions...
0 operators removed
0 axioms removed
101 propositions removed
Detecting unreachable propositions: [0.040s CPU, 0.041s wall-clock]
Reordering and filtering variables...
388 of 388 variables necessary.
55 of 62 mutex groups necessary.
1132 of 1132 operators necessary.
15 of 15 axiom rules necessary.
Reordering and filtering variables: [0.030s CPU, 0.029s wall-clock]
Translator variables: 388
Translator derived variables: 15
Translator facts: 862
Translator goal facts: 1
Translator mutex groups: 55
Translator total mutex groups size: 170
Translator operators: 1132
Translator axioms: 15
Translator task size: 14784
Translator peak memory: 210696 KB
Writing output... [0.020s CPU, 0.017s wall-clock]
Done! [39.900s CPU, 39.907s wall-clock]

translate exit code: 0
INFO     Running search (release32).
INFO     search stdin: output.sas
INFO     search time limit: None
INFO     search memory limit: None
INFO     search command line string: /home/jsegovia/Desktop/automated-programming-framework-private/PLANNERS/fast-downward/builds/release32/bin/downward --evaluator 'hlm=lmcount(lm_factory=lm_rhw(reasonable_orders=true),transform=adapt_costs(one),pref=false)' --evaluator 'hff=ff(transform=adapt_costs(one))' --search 'lazy_greedy([hff,hlm],preferred=[hff,hlm],cost_type=one,reopen_closed=false)' --internal-plan-file sas_plan < output.sas
reading input... [t=1.9152e-05s]
done reading input! [t=0.0129382s]
Initializing landmarks count heuristic...
Initializing Exploration...
Generating landmarks using the RPG/SAS+ approach
approx. reasonable orders
approx. obedient reasonable orders
Removed 0 reasonable or obedient reasonable orders
Landmarks generation time: 0.0126766s
Discovered 17 landmarks, of which 0 are disjunctive and 0 are conjunctive 
42 edges
Simplifying 6905 unary operators... done! [4930 unary operators]
Initializing additive heuristic...
Initializing FF heuristic...
Building successor generator...done! [t=0.0321572s]
peak memory difference for successor generator creation: 0 KB
time for successor generation creation: 0.000288169s
Variables: 388
FactPairs: 862
Bytes per state: 56
Conducting lazy best first search, (real) bound = 2147483647
9 initial landmarks, 1 goal landmarks
New best heuristic value for lmcount(lm_factory = lm_rhw(reasonable_orders = true), transform = adapt_costs(one), pref = false): 8
New best heuristic value for ff(transform = adapt_costs(one)): 12
[g=0, 1 evaluated, 0 expanded, t=0.0323431s, 6296 KB]
Initial heuristic value for lmcount(lm_factory = lm_rhw(reasonable_orders = true), transform = adapt_costs(one), pref = false): 8
Initial heuristic value for ff(transform = adapt_costs(one)): 12
New best heuristic value for ff(transform = adapt_costs(one)): 8
[g=1, 2 evaluated, 1 expanded, t=0.0325386s, 6296 KB]
New best heuristic value for lmcount(lm_factory = lm_rhw(reasonable_orders = true), transform = adapt_costs(one), pref = false): 7
New best heuristic value for ff(transform = adapt_costs(one)): 7
[g=2, 3 evaluated, 2 expanded, t=0.0326602s, 6296 KB]
New best heuristic value for ff(transform = adapt_costs(one)): 6
[g=13, 28 evaluated, 27 expanded, t=0.0354683s, 6296 KB]
New best heuristic value for ff(transform = adapt_costs(one)): 5
[g=14, 29 evaluated, 28 expanded, t=0.035583s, 6296 KB]
New best heuristic value for lmcount(lm_factory = lm_rhw(reasonable_orders = true), transform = adapt_costs(one), pref = false): 6
[g=16, 31 evaluated, 30 expanded, t=0.0357816s, 6296 KB]
New best heuristic value for ff(transform = adapt_costs(one)): 4
[g=30, 13149 evaluated, 13148 expanded, t=1.16514s, 8696 KB]
New best heuristic value for lmcount(lm_factory = lm_rhw(reasonable_orders = true), transform = adapt_costs(one), pref = false): 5
[g=32, 13151 evaluated, 13150 expanded, t=1.16537s, 8696 KB]
New best heuristic value for ff(transform = adapt_costs(one)): 3
[g=58, 13177 evaluated, 13176 expanded, t=1.16773s, 8696 KB]
New best heuristic value for lmcount(lm_factory = lm_rhw(reasonable_orders = true), transform = adapt_costs(one), pref = false): 4
[g=60, 13179 evaluated, 13178 expanded, t=1.16793s, 8696 KB]
New best heuristic value for ff(transform = adapt_costs(one)): 2
[g=80, 13199 evaluated, 13198 expanded, t=1.16973s, 8696 KB]
New best heuristic value for lmcount(lm_factory = lm_rhw(reasonable_orders = true), transform = adapt_costs(one), pref = false): 2
[g=81, 13200 evaluated, 13199 expanded, t=1.16983s, 8696 KB]
New best heuristic value for lmcount(lm_factory = lm_rhw(reasonable_orders = true), transform = adapt_costs(one), pref = false): 1
New best heuristic value for ff(transform = adapt_costs(one)): 1
[g=114, 13233 evaluated, 13232 expanded, t=1.17231s, 8696 KB]
Solution found!
Actual search time: 1.14014s [t=1.17237s]
program-drop-0 row-0 (1001)
check-drop-0-0 row-0 (0)
execute-drop-0-0 row-0 (1)
program-unstack-1 row-0 (1001)
check-unstack-0-1 row-0 (0)
execute-unstack-0-1 row-0 (1)
program-goto-holding-greenish-2-0 row-0 (1001)
eval-cond-holding-greenish-0-2 row-0 (1)
dont-goto-0-2-0 row-0 (1)
program-collect-3 row-0 (1001)
check-collect-0-3 row-0 (0)
execute-collect-0-3 row-0 (1)
program-end-4 row-0 (1)
check-main-end-0-4 row-0 (0)
repeat-end-main-0-4 row-0 (0)
check-drop-0-0 row-0 (0)
execute-drop-0-0 row-0 (1)
check-unstack-0-1 row-0 (0)
execute-unstack-0-1 row-0 (1)
eval-cond-holding-greenish-0-2 row-0 (1)
do-goto-0-2-0 row-0 (1)
check-drop-0-0 row-0 (0)
execute-drop-0-0 row-0 (1)
check-unstack-0-1 row-0 (0)
execute-unstack-0-1 row-0 (1)
eval-cond-holding-greenish-0-2 row-0 (1)
dont-goto-0-2-0 row-0 (1)
check-collect-0-3 row-0 (0)
execute-collect-0-3 row-0 (1)
check-main-end-1-4 row-0 (0)
repeat-end-main-1-4 row-0 (0)
check-drop-0-0 row-0 (0)
execute-drop-0-0 row-0 (1)
check-unstack-0-1 row-0 (0)
execute-unstack-0-1 row-0 (1)
eval-cond-holding-greenish-0-2 row-0 (1)
do-goto-0-2-0 row-0 (1)
check-drop-0-0 row-0 (0)
execute-drop-0-0 row-0 (1)
check-unstack-0-1 row-0 (0)
execute-unstack-0-1 row-0 (1)
eval-cond-holding-greenish-0-2 row-0 (1)
do-goto-0-2-0 row-0 (1)
check-drop-0-0 row-0 (0)
execute-drop-0-0 row-0 (1)
check-unstack-0-1 row-0 (0)
execute-unstack-0-1 row-0 (1)
eval-cond-holding-greenish-0-2 row-0 (1)
do-goto-0-2-0 row-0 (1)
check-drop-0-0 row-0 (0)
execute-drop-0-0 row-0 (1)
check-unstack-0-1 row-0 (0)
execute-unstack-0-1 row-0 (1)
eval-cond-holding-greenish-0-2 row-0 (1)
dont-goto-0-2-0 row-0 (1)
check-collect-0-3 row-0 (0)
execute-collect-0-3 row-0 (1)
check-main-end-2-4 row-0 (0)
repeat-end-main-2-4 row-0 (0)
check-drop-0-0 row-0 (0)
execute-drop-0-0 row-0 (1)
check-unstack-0-1 row-0 (0)
execute-unstack-0-1 row-0 (1)
eval-cond-holding-greenish-0-2 row-0 (1)
do-goto-0-2-0 row-0 (1)
check-drop-0-0 row-0 (0)
execute-drop-0-0 row-0 (1)
check-unstack-0-1 row-0 (0)
execute-unstack-0-1 row-0 (1)
eval-cond-holding-greenish-0-2 row-0 (1)
do-goto-0-2-0 row-0 (1)
check-drop-0-0 row-0 (0)
execute-drop-0-0 row-0 (1)
check-unstack-0-1 row-0 (0)
execute-unstack-0-1 row-0 (1)
eval-cond-holding-greenish-0-2 row-0 (1)
dont-goto-0-2-0 row-0 (1)
check-collect-0-3 row-0 (0)
execute-collect-0-3 row-0 (1)
check-main-end-3-4 row-0 (0)
repeat-end-main-3-4 row-0 (0)
check-drop-0-0 row-0 (0)
execute-drop-0-0 row-0 (1)
check-unstack-0-1 row-0 (0)
execute-unstack-0-1 row-0 (1)
eval-cond-holding-greenish-0-2 row-0 (1)
do-goto-0-2-0 row-0 (1)
check-drop-0-0 row-0 (0)
execute-drop-0-0 row-0 (1)
check-unstack-0-1 row-0 (0)
execute-unstack-0-1 row-0 (1)
eval-cond-holding-greenish-0-2 row-0 (1)
do-goto-0-2-0 row-0 (1)
check-drop-0-0 row-0 (0)
execute-drop-0-0 row-0 (1)
check-unstack-0-1 row-0 (0)
execute-unstack-0-1 row-0 (1)
eval-cond-holding-greenish-0-2 row-0 (1)
do-goto-0-2-0 row-0 (1)
check-drop-0-0 row-0 (0)
execute-drop-0-0 row-0 (1)
check-unstack-0-1 row-0 (0)
execute-unstack-0-1 row-0 (1)
eval-cond-holding-greenish-0-2 row-0 (1)
do-goto-0-2-0 row-0 (1)
check-drop-0-0 row-0 (0)
execute-drop-0-0 row-0 (1)
check-unstack-0-1 row-0 (0)
execute-unstack-0-1 row-0 (1)
eval-cond-holding-greenish-0-2 row-0 (1)
dont-goto-0-2-0 row-0 (1)
check-collect-0-3 row-0 (0)
execute-collect-0-3 row-0 (1)
check-main-end-4-4 row-0 (0)
skip-4  (0)
Plan length: 115 step(s).
Plan cost: 4070
Expanded 13233 state(s).
Reopened 0 state(s).
Evaluated 13234 state(s).
Evaluations: 26468
Generated 116956 state(s).
Dead ends: 0 state(s).
Number of registered states: 13234
Int hash set load factor: 13234/16384 = 0.807739
Int hash set resizes: 14
Search time: 1.14015s
Total time: 1.17237s
Solution found.
Peak memory: 8696 KB

search exit code: 0
