INFO     Running translator.
INFO     translator stdin: None
INFO     translator time limit: None
INFO     translator memory limit: None
INFO     translator command line string: /usr/bin/python /home/jsegovia/Desktop/automated-programming-framework-private/PLANNERS/fast-downward/builds/release32/bin/translate/translate.py domain.pddl ins.pddl --sas-file output.sas
Parsing...
Parsing: [0.070s CPU, 0.067s wall-clock]
Normalizing task... [0.010s CPU, 0.006s wall-clock]
Instantiating...
Generating Datalog program... [0.000s CPU, 0.006s wall-clock]
Normalizing Datalog program...
Normalizing Datalog program: [0.050s CPU, 0.048s wall-clock]
Preparing model... [0.020s CPU, 0.025s wall-clock]
Generated 1626 rules.
Computing model... [0.020s CPU, 0.021s wall-clock]
471 relevant atoms
1044 auxiliary atoms
1515 final queue length
2189 total queue pushes
Completing instantiation... [0.020s CPU, 0.017s wall-clock]
Instantiating: [0.120s CPU, 0.124s wall-clock]
Computing fact groups...
Finding invariants...
133 initial candidates
Finding invariants: [2.480s CPU, 2.508s wall-clock]
Checking invariant weight... [0.000s CPU, 0.001s wall-clock]
Instantiating groups... [0.000s CPU, 0.000s wall-clock]
Collecting mutex groups... [0.000s CPU, 0.000s wall-clock]
Choosing groups...
87 uncovered facts
Choosing groups: [0.000s CPU, 0.000s wall-clock]
Building translation key... [0.000s CPU, 0.000s wall-clock]
Computing fact groups: [2.490s CPU, 2.512s wall-clock]
Building STRIPS to SAS dictionary... [0.000s CPU, 0.000s wall-clock]
Building dictionary for full mutex groups... [0.000s CPU, 0.000s wall-clock]
Building mutex information...
Building mutex information: [0.000s CPU, 0.000s wall-clock]
Translating task...
Processing axioms...
Simplifying axioms... [0.000s CPU, 0.000s wall-clock]
Processing axioms: [0.000s CPU, 0.002s wall-clock]
Translating task: [0.020s CPU, 0.027s wall-clock]
180 effect conditions simplified
0 implied preconditions added
Detecting unreachable propositions...
0 operators removed
0 axioms removed
6 propositions removed
Detecting unreachable propositions: [0.010s CPU, 0.012s wall-clock]
Reordering and filtering variables...
100 of 103 variables necessary.
56 of 62 mutex groups necessary.
333 of 333 operators necessary.
0 of 0 axiom rules necessary.
Reordering and filtering variables: [0.000s CPU, 0.005s wall-clock]
Translator variables: 100
Translator derived variables: 0
Translator facts: 220
Translator goal facts: 1
Translator mutex groups: 56
Translator total mutex groups size: 124
Translator operators: 333
Translator axioms: 0
Translator task size: 2842
Translator peak memory: 97392 KB
Writing output... [0.010s CPU, 0.004s wall-clock]
Done! [2.740s CPU, 2.761s wall-clock]

translate exit code: 0
INFO     Running search (release32).
INFO     search stdin: output.sas
INFO     search time limit: None
INFO     search memory limit: None
INFO     search command line string: /home/jsegovia/Desktop/automated-programming-framework-private/PLANNERS/fast-downward/builds/release32/bin/downward --evaluator 'hlm=lmcount(lm_factory=lm_rhw(reasonable_orders=true),transform=adapt_costs(one),pref=false)' --evaluator 'hff=ff(transform=adapt_costs(one))' --search 'lazy_greedy([hff,hlm],preferred=[hff,hlm],cost_type=one,reopen_closed=false)' --internal-plan-file sas_plan < output.sas
reading input... [t=2.2674e-05s]
done reading input! [t=0.00317204s]
Initializing landmarks count heuristic...
Initializing Exploration...
Generating landmarks using the RPG/SAS+ approach
approx. reasonable orders
approx. obedient reasonable orders
Removed 0 reasonable or obedient reasonable orders
Landmarks generation time: 0.00186676s
Discovered 10 landmarks, of which 0 are disjunctive and 0 are conjunctive 
15 edges
Simplifying 1036 unary operators... done! [549 unary operators]
Initializing additive heuristic...
Initializing FF heuristic...
Building successor generator...done! [t=0.0072325s]
peak memory difference for successor generator creation: 0 KB
time for successor generation creation: 0.000123803s
Variables: 100
FactPairs: 220
Bytes per state: 16
Conducting lazy best first search, (real) bound = 2147483647
5 initial landmarks, 1 goal landmarks
New best heuristic value for lmcount(lm_factory = lm_rhw(reasonable_orders = true), transform = adapt_costs(one), pref = false): 5
New best heuristic value for ff(transform = adapt_costs(one)): 9
[g=0, 1 evaluated, 0 expanded, t=0.00734702s, 4664 KB]
Initial heuristic value for lmcount(lm_factory = lm_rhw(reasonable_orders = true), transform = adapt_costs(one), pref = false): 5
Initial heuristic value for ff(transform = adapt_costs(one)): 9
New best heuristic value for ff(transform = adapt_costs(one)): 7
[g=1, 2 evaluated, 1 expanded, t=0.00742707s, 4664 KB]
New best heuristic value for ff(transform = adapt_costs(one)): 6
[g=2, 3 evaluated, 2 expanded, t=0.00747323s, 4664 KB]
New best heuristic value for ff(transform = adapt_costs(one)): 5
[g=1, 7 evaluated, 5 expanded, t=0.00758288s, 4664 KB]
New best heuristic value for lmcount(lm_factory = lm_rhw(reasonable_orders = true), transform = adapt_costs(one), pref = false): 4
New best heuristic value for ff(transform = adapt_costs(one)): 4
[g=2, 8 evaluated, 6 expanded, t=0.00762727s, 4664 KB]
New best heuristic value for ff(transform = adapt_costs(one)): 3
[g=7, 1043 evaluated, 736 expanded, t=0.0252868s, 4912 KB]
New best heuristic value for ff(transform = adapt_costs(one)): 2
[g=8, 1044 evaluated, 737 expanded, t=0.0253582s, 4912 KB]
New best heuristic value for lmcount(lm_factory = lm_rhw(reasonable_orders = true), transform = adapt_costs(one), pref = false): 2
[g=9, 1045 evaluated, 738 expanded, t=0.0253961s, 4912 KB]
New best heuristic value for lmcount(lm_factory = lm_rhw(reasonable_orders = true), transform = adapt_costs(one), pref = false): 1
New best heuristic value for ff(transform = adapt_costs(one)): 1
[g=22, 1364 evaluated, 1003 expanded, t=0.0296012s, 4912 KB]
Solution found!
Actual search time: 0.0223439s [t=0.0296546s]
program-unstack-0 row-0 (1001)
check-unstack-0-0 row-0 (0)
execute-unstack-0-0 row-0 (1)
program-collect-1 row-0 (1001)
check-collect-0-1 row-0 (0)
execute-collect-0-1 row-0 (1)
program-goto-obs-greenish-2-4 row-0 (1001)
eval-cond-obs-greenish-0-2 row-0 (1)
do-goto-0-2-4 row-0 (1)
program-end-4 row-0 (1)
check-main-end-0-4 row-0 (0)
repeat-end-main-0-4 row-0 (0)
check-unstack-0-0 row-0 (0)
execute-unstack-0-0 row-0 (1)
check-collect-0-1 row-0 (0)
execute-collect-0-1 row-0 (1)
eval-cond-obs-greenish-0-2 row-0 (1)
dont-goto-0-2-4 row-0 (1)
program-goto-clear-3-1 b1 row-0 (1001)
eval-cond-clear-0-3 b1 row-0 (1)
do-goto-0-3-1 row-0 (1)
check-collect-0-1 row-0 (0)
skip-1  (0)
Plan length: 23 step(s).
Plan cost: 4015
Expanded 1004 state(s).
Reopened 0 state(s).
Evaluated 1365 state(s).
Evaluations: 2370
Generated 10797 state(s).
Dead ends: 360 state(s).
Number of registered states: 1365
Int hash set load factor: 1365/2048 = 0.666504
Int hash set resizes: 11
Search time: 0.0223668s
Total time: 0.0296574s
Solution found.
Peak memory: 4912 KB

search exit code: 0
