INFO     Running translator.
INFO     translator stdin: None
INFO     translator time limit: None
INFO     translator memory limit: None
INFO     translator command line string: /usr/bin/python /home/jsegovia/Desktop/automated-programming-framework-private/PLANNERS/fast-downward/builds/release32/bin/translate/translate.py domain.pddl ins.pddl --sas-file output.sas
Parsing...
Parsing: [0.050s CPU, 0.064s wall-clock]
Normalizing task... [0.010s CPU, 0.005s wall-clock]
Instantiating...
Generating Datalog program... [0.000s CPU, 0.004s wall-clock]
Normalizing Datalog program...
Normalizing Datalog program: [0.050s CPU, 0.040s wall-clock]
Preparing model... [0.010s CPU, 0.018s wall-clock]
Generated 1710 rules.
Computing model... [0.030s CPU, 0.023s wall-clock]
1159 relevant atoms
1688 auxiliary atoms
2847 final queue length
5236 total queue pushes
Completing instantiation... [0.040s CPU, 0.040s wall-clock]
Instantiating: [0.140s CPU, 0.128s wall-clock]
Computing fact groups...
Finding invariants...
134 initial candidates
Finding invariants: [7.040s CPU, 7.056s wall-clock]
Checking invariant weight... [0.000s CPU, 0.000s wall-clock]
Instantiating groups... [0.000s CPU, 0.000s wall-clock]
Collecting mutex groups... [0.000s CPU, 0.000s wall-clock]
Choosing groups...
184 uncovered facts
Choosing groups: [0.010s CPU, 0.000s wall-clock]
Building translation key... [0.000s CPU, 0.001s wall-clock]
Computing fact groups: [7.050s CPU, 7.061s wall-clock]
Building STRIPS to SAS dictionary... [0.000s CPU, 0.000s wall-clock]
Building dictionary for full mutex groups... [0.000s CPU, 0.000s wall-clock]
Building mutex information...
Building mutex information: [0.000s CPU, 0.000s wall-clock]
Translating task...
Processing axioms...
Simplifying axioms... [0.000s CPU, 0.000s wall-clock]
Processing axioms: [0.000s CPU, 0.003s wall-clock]
Translating task: [0.050s CPU, 0.055s wall-clock]
311 effect conditions simplified
0 implied preconditions added
Detecting unreachable propositions...
0 operators removed
0 axioms removed
6 propositions removed
Detecting unreachable propositions: [0.020s CPU, 0.020s wall-clock]
Reordering and filtering variables...
197 of 200 variables necessary.
55 of 62 mutex groups necessary.
867 of 867 operators necessary.
0 of 0 axiom rules necessary.
Reordering and filtering variables: [0.010s CPU, 0.011s wall-clock]
Translator variables: 197
Translator derived variables: 0
Translator facts: 463
Translator goal facts: 1
Translator mutex groups: 55
Translator total mutex groups size: 158
Translator operators: 867
Translator axioms: 0
Translator task size: 6834
Translator peak memory: 217404 KB
Writing output... [0.000s CPU, 0.008s wall-clock]
Done! [7.340s CPU, 7.354s wall-clock]

translate exit code: 0
INFO     Running search (release32).
INFO     search stdin: output.sas
INFO     search time limit: None
INFO     search memory limit: None
INFO     search command line string: /home/jsegovia/Desktop/automated-programming-framework-private/PLANNERS/fast-downward/builds/release32/bin/downward --evaluator 'hlm=lmcount(lm_factory=lm_rhw(reasonable_orders=true),transform=adapt_costs(one),pref=false)' --evaluator 'hff=ff(transform=adapt_costs(one))' --search 'lazy_greedy([hff,hlm],preferred=[hff,hlm],cost_type=one,reopen_closed=false)' --internal-plan-file sas_plan < output.sas
reading input... [t=1.9191e-05s]
done reading input! [t=0.00685101s]
Initializing landmarks count heuristic...
Initializing Exploration...
Generating landmarks using the RPG/SAS+ approach
approx. reasonable orders
approx. obedient reasonable orders
Removed 0 reasonable or obedient reasonable orders
Landmarks generation time: 0.00430924s
Discovered 11 landmarks, of which 0 are disjunctive and 0 are conjunctive 
21 edges
Simplifying 2660 unary operators... done! [1153 unary operators]
Initializing additive heuristic...
Initializing FF heuristic...
Building successor generator...done! [t=0.0146642s]
peak memory difference for successor generator creation: 0 KB
time for successor generation creation: 0.00021351s
Variables: 197
FactPairs: 463
Bytes per state: 32
Conducting lazy best first search, (real) bound = 2147483647
5 initial landmarks, 1 goal landmarks
New best heuristic value for lmcount(lm_factory = lm_rhw(reasonable_orders = true), transform = adapt_costs(one), pref = false): 6
New best heuristic value for ff(transform = adapt_costs(one)): 10
[g=0, 1 evaluated, 0 expanded, t=0.0147795s, 5028 KB]
Initial heuristic value for lmcount(lm_factory = lm_rhw(reasonable_orders = true), transform = adapt_costs(one), pref = false): 6
Initial heuristic value for ff(transform = adapt_costs(one)): 10
New best heuristic value for ff(transform = adapt_costs(one)): 8
[g=1, 2 evaluated, 1 expanded, t=0.0148964s, 5028 KB]
New best heuristic value for ff(transform = adapt_costs(one)): 7
[g=2, 3 evaluated, 2 expanded, t=0.0149516s, 5028 KB]
New best heuristic value for ff(transform = adapt_costs(one)): 6
[g=1, 7 evaluated, 5 expanded, t=0.0151313s, 5028 KB]
New best heuristic value for lmcount(lm_factory = lm_rhw(reasonable_orders = true), transform = adapt_costs(one), pref = false): 5
New best heuristic value for ff(transform = adapt_costs(one)): 5
[g=2, 8 evaluated, 6 expanded, t=0.0151862s, 5028 KB]
New best heuristic value for ff(transform = adapt_costs(one)): 4
[g=31, 5282401 evaluated, 2902479 expanded, t=137.71s, 1151224 KB]
New best heuristic value for ff(transform = adapt_costs(one)): 3
[g=32, 5282402 evaluated, 2902480 expanded, t=137.71s, 1151224 KB]
New best heuristic value for lmcount(lm_factory = lm_rhw(reasonable_orders = true), transform = adapt_costs(one), pref = false): 3
[g=33, 5282403 evaluated, 2902481 expanded, t=137.71s, 1151224 KB]
New best heuristic value for lmcount(lm_factory = lm_rhw(reasonable_orders = true), transform = adapt_costs(one), pref = false): 2
New best heuristic value for ff(transform = adapt_costs(one)): 2
[g=60, 5282430 evaluated, 2902508 expanded, t=137.711s, 1151224 KB]
New best heuristic value for lmcount(lm_factory = lm_rhw(reasonable_orders = true), transform = adapt_costs(one), pref = false): 1
New best heuristic value for ff(transform = adapt_costs(one)): 1
[g=88, 5282458 evaluated, 2902536 expanded, t=137.712s, 1151224 KB]
Solution found!
Actual search time: 137.697s [t=137.712s]
program-drop-0 row-0 (1001)
check-drop-0-0 row-0 (0)
execute-drop-0-0 row-0 (1)
program-unstack-1 row-0 (1001)
check-unstack-0-1 row-0 (0)
execute-unstack-0-1 row-0 (1)
program-goto-hold-2-0 b4 row-0 (1001)
eval-cond-hold-0-2 b4 row-0 (1)
do-goto-0-2-0 row-0 (1)
check-drop-0-0 row-0 (0)
execute-drop-0-0 row-0 (1)
check-unstack-0-1 row-0 (0)
execute-unstack-0-1 row-0 (1)
eval-cond-hold-0-2 b4 row-0 (1)
do-goto-0-2-0 row-0 (1)
check-drop-0-0 row-0 (0)
execute-drop-0-0 row-0 (1)
check-unstack-0-1 row-0 (0)
execute-unstack-0-1 row-0 (1)
eval-cond-hold-0-2 b4 row-0 (1)
do-goto-0-2-0 row-0 (1)
check-drop-0-0 row-0 (0)
execute-drop-0-0 row-0 (1)
check-unstack-0-1 row-0 (0)
execute-unstack-0-1 row-0 (1)
eval-cond-hold-0-2 b4 row-0 (1)
dont-goto-0-2-0 row-0 (1)
program-collect-3 row-0 (1001)
check-collect-0-3 row-0 (0)
execute-collect-0-3 row-0 (1)
program-end-4 row-0 (1)
check-main-end-0-4 row-0 (0)
repeat-end-main-0-4 row-0 (0)
check-drop-0-0 row-0 (0)
execute-drop-0-0 row-0 (1)
check-unstack-0-1 row-0 (0)
execute-unstack-0-1 row-0 (1)
eval-cond-hold-0-2 b4 row-0 (1)
do-goto-0-2-0 row-0 (1)
check-drop-0-0 row-0 (0)
execute-drop-0-0 row-0 (1)
check-unstack-0-1 row-0 (0)
execute-unstack-0-1 row-0 (1)
eval-cond-hold-0-2 b4 row-0 (1)
do-goto-0-2-0 row-0 (1)
check-drop-0-0 row-0 (0)
execute-drop-0-0 row-0 (1)
check-unstack-0-1 row-0 (0)
execute-unstack-0-1 row-0 (1)
eval-cond-hold-0-2 b4 row-0 (1)
do-goto-0-2-0 row-0 (1)
check-drop-0-0 row-0 (0)
execute-drop-0-0 row-0 (1)
check-unstack-0-1 row-0 (0)
execute-unstack-0-1 row-0 (1)
eval-cond-hold-0-2 b4 row-0 (1)
dont-goto-0-2-0 row-0 (1)
check-collect-0-3 row-0 (0)
execute-collect-0-3 row-0 (1)
check-main-end-1-4 row-0 (0)
skip-1  (0)
check-drop-0-0 row-0 (0)
execute-drop-0-0 row-0 (1)
check-unstack-0-1 row-0 (0)
execute-unstack-0-1 row-0 (1)
eval-cond-hold-0-2 b4 row-0 (1)
do-goto-0-2-0 row-0 (1)
check-drop-0-0 row-0 (0)
execute-drop-0-0 row-0 (1)
check-unstack-0-1 row-0 (0)
execute-unstack-0-1 row-0 (1)
eval-cond-hold-0-2 b4 row-0 (1)
do-goto-0-2-0 row-0 (1)
check-drop-0-0 row-0 (0)
execute-drop-0-0 row-0 (1)
check-unstack-0-1 row-0 (0)
execute-unstack-0-1 row-0 (1)
eval-cond-hold-0-2 b4 row-0 (1)
do-goto-0-2-0 row-0 (1)
check-drop-0-0 row-0 (0)
execute-drop-0-0 row-0 (1)
check-unstack-0-1 row-0 (0)
execute-unstack-0-1 row-0 (1)
eval-cond-hold-0-2 b4 row-0 (1)
dont-goto-0-2-0 row-0 (1)
check-collect-0-3 row-0 (0)
execute-collect-0-3 row-0 (1)
check-main-end-2-4 row-0 (0)
skip-2  (0)
Plan length: 89 step(s).
Plan cost: 4056
Expanded 2902537 state(s).
Reopened 0 state(s).
Evaluated 5282459 state(s).
Evaluations: 8184997
Generated 47196881 state(s).
Dead ends: 2379921 state(s).
Number of registered states: 5282459
Int hash set load factor: 5282459/8388608 = 0.629718
Int hash set resizes: 23
Search time: 137.697s
Total time: 137.712s
Solution found.
Peak memory: 1151224 KB

search exit code: 0
