INFO     Running translator.
INFO     translator inputs: ['domain.pddl', 'ins.pddl']
INFO     translator arguments: []
Parsing...
Parsing: [0.040s CPU, 0.033s wall-clock]
Normalizing task... [0.000s CPU, 0.003s wall-clock]
Instantiating...
Generating Datalog program... [0.000s CPU, 0.002s wall-clock]
Normalizing Datalog program...
Unbound effect variables: Adding @object predicate.
Normalizing Datalog program: [0.020s CPU, 0.018s wall-clock]
Preparing model... [0.010s CPU, 0.010s wall-clock]
Generated 605 rules.
Computing model... [0.010s CPU, 0.014s wall-clock]
613 relevant atoms
639 auxiliary atoms
1252 final queue length
2214 total queue pushes
Completing instantiation... [0.040s CPU, 0.036s wall-clock]
Instantiating: [0.080s CPU, 0.080s wall-clock]
Computing fact groups...
Finding invariants...
100 initial candidates
Finding invariants: [18.980s CPU, 18.992s wall-clock]
Checking invariant weight... [0.000s CPU, 0.000s wall-clock]
Instantiating groups... [0.000s CPU, 0.000s wall-clock]
Collecting mutex groups... [0.000s CPU, 0.000s wall-clock]
Choosing groups...
343 uncovered facts
Choosing groups: [0.000s CPU, 0.000s wall-clock]
Building translation key... [0.000s CPU, 0.002s wall-clock]
Computing fact groups: [18.990s CPU, 18.999s wall-clock]
Building STRIPS to SAS dictionary... [0.000s CPU, 0.000s wall-clock]
Building dictionary for full mutex groups... [0.000s CPU, 0.000s wall-clock]
Building mutex information...
Building mutex information: [0.000s CPU, 0.000s wall-clock]
Translating task...
Processing axioms...
Simplifying axioms... [0.000s CPU, 0.000s wall-clock]
Processing axioms: [0.000s CPU, 0.002s wall-clock]
Translating task: [0.030s CPU, 0.030s wall-clock]
403 effect conditions simplified
0 implied preconditions added
Detecting unreachable propositions...
0 operators removed
408 propositions removed
Detecting unreachable propositions: [0.010s CPU, 0.008s wall-clock]
Translator variables: 148
Translator derived variables: 8
Translator facts: 320
Translator goal facts: 1
Translator mutex groups: 23
Translator total mutex groups size: 67
Translator operators: 127
Translator axioms: 8
Translator task size: 2506
Translator peak memory: 166356 KB
Writing output... [0.000s CPU, 0.004s wall-clock]
Done! [19.150s CPU, 19.158s wall-clock]
INFO     Running preprocessor.
INFO     preprocessor input: output.sas
INFO     preprocessor arguments: []
Building causal graph...
The causal graph is not acyclic.
148 variables of 148 necessary
18 of 23 mutex groups necessary.
127 of 127 operators necessary.
8 of 8 axiom rules necessary.
Building domain transition graphs...
solveable in poly time 0
Building successor generator...
Preprocessor facts: 320
Preprocessor derived variables: 8
Preprocessor task size: 2481
Writing output...
done
INFO     Running search.
INFO     search input: output
INFO     search executable: /home/javi/Desktop/automated-programming-framework-private/PLANNERS/fast-downward/src/search/downward-release
INFO     search arguments: ['--if-unit-cost', '--heuristic', 'hlm,hff=lm_ff_syn(lm_rhw(reasonable_orders=true))', '--search', 'iterated([lazy_greedy([hff,hlm],preferred=[hff,hlm]),lazy_wastar([hff,hlm],preferred=[hff,hlm],w=5),lazy_wastar([hff,hlm],preferred=[hff,hlm],w=3),lazy_wastar([hff,hlm],preferred=[hff,hlm],w=2),lazy_wastar([hff,hlm],preferred=[hff,hlm],w=1)],repeat_last=true,continue_on_fail=true)', '--if-non-unit-cost', '--heuristic', 'hlm1,hff1=lm_ff_syn(lm_rhw(reasonable_orders=true,lm_cost_type=one,cost_type=one))', '--heuristic', 'hlm2,hff2=lm_ff_syn(lm_rhw(reasonable_orders=true,lm_cost_type=plusone,cost_type=plusone))', '--search', 'iterated([lazy_greedy([hff1,hlm1],preferred=[hff1,hlm1],cost_type=one,reopen_closed=false),lazy_greedy([hff2,hlm2],preferred=[hff2,hlm2],reopen_closed=false),lazy_wastar([hff2,hlm2],preferred=[hff2,hlm2],w=5),lazy_wastar([hff2,hlm2],preferred=[hff2,hlm2],w=3),lazy_wastar([hff2,hlm2],preferred=[hff2,hlm2],w=2),lazy_wastar([hff2,hlm2],preferred=[hff2,hlm2],w=1)],repeat_last=true,continue_on_fail=true)', '--always', '--internal-plan-file', 'sas_plan']
reading input... [t=0.00s]
Simplifying transitions... done!
done reading input! [t=0.00s]
building causal graph...done! [t=0.01s]
packing state variables...done! [t=0.01s]
Variables: 148
Facts: 320
Bytes per state: 20
done initalizing global data [t=0.01s]
Initializing Exploration...
Generating landmarks using the RPG/SAS+ approach
approx. reasonable orders
approx. obedient reasonable orders
Removed 0 reasonable or obedient reasonable orders
Landmarks generation time: 0.00s
Discovered 12 landmarks, of which 0 are disjunctive and 0 are conjunctive 
20 edges
Landmark graph: 
LM 2 NegatedAtom done-programming() (var115(147)->1) Achievers (0, 0)
		->_gn  LM 0 Atom done-programming() (var115(147)->0)(goal) Achievers (1, 1)

LM 0 Atom done-programming() (var115(147)->0)(goal) Achievers (1, 1)
		<-_gn  LM 5 Atom test-1() (var147(16)->1) Achievers (3, 3)
		<-_gn  LM 1 Atom checked() (var9(132)->0) Achievers (13, 6)
		<-_gn  LM 3 NegatedAtom holds() (var123(136)->1) Achievers (9, 6)
		<-_gn  LM 2 NegatedAtom done-programming() (var115(147)->1) Achievers (0, 0)
		<-_gn  LM 4 Atom negex() (var133(21)->0) Achievers (3, 3)

LM 3 NegatedAtom holds() (var123(136)->1) Achievers (9, 6)
		->_gn  LM 11 Atom holds() (var123(136)->0) Achievers (12, 12)
		->_r   LM 1 Atom checked() (var9(132)->0) Achievers (13, 6)
		->_gn  LM 0 Atom done-programming() (var115(147)->0)(goal) Achievers (1, 1)

LM 11 Atom holds() (var123(136)->0) Achievers (12, 12)
		<-_gn  LM 7 NegatedAtom checked() (var9(132)->1) Achievers (9, 6)
		<-_gn  LM 3 NegatedAtom holds() (var123(136)->1) Achievers (9, 6)
		<-_gn  LM 6 NegatedAtom loop() (var132(90)->1) Achievers (4, 3)
		->_gn  LM 5 Atom test-1() (var147(16)->1) Achievers (3, 3)
		->_gn  LM 4 Atom negex() (var133(21)->0) Achievers (3, 3)

LM 7 NegatedAtom checked() (var9(132)->1) Achievers (9, 6)
		->_gn  LM 11 Atom holds() (var123(136)->0) Achievers (12, 12)
		->_gn  LM 1 Atom checked() (var9(132)->0) Achievers (13, 6)

LM 1 Atom checked() (var9(132)->0) Achievers (13, 6)
		<-_gn  LM 7 NegatedAtom checked() (var9(132)->1) Achievers (9, 6)
		<-_r   LM 3 NegatedAtom holds() (var123(136)->1) Achievers (9, 6)
		<-_gn  LM 6 NegatedAtom loop() (var132(90)->1) Achievers (4, 3)
		->_gn  LM 5 Atom test-1() (var147(16)->1) Achievers (3, 3)
		->_gn  LM 4 Atom negex() (var133(21)->0) Achievers (3, 3)
		->_gn  LM 0 Atom done-programming() (var115(147)->0)(goal) Achievers (1, 1)

LM 6 NegatedAtom loop() (var132(90)->1) Achievers (4, 3)
		->_gn  LM 11 Atom holds() (var123(136)->0) Achievers (12, 12)
		->_gn  LM 1 Atom checked() (var9(132)->0) Achievers (13, 6)

LM 8 NegatedAtom negex() (var133(21)->1) Achievers (0, 0)
		->_gn  LM 4 Atom negex() (var133(21)->0) Achievers (3, 3)

LM 4 Atom negex() (var133(21)->0) Achievers (3, 3)
		<-_gn  LM 8 NegatedAtom negex() (var133(21)->1) Achievers (0, 0)
		<-_gn  LM 9 Atom test-0() (var147(16)->0) Achievers (0, 0)
		<-_gn  LM 10 NegatedAtom stored() (var146(15)->1) Achievers (1, 1)
		<-_gn  LM 1 Atom checked() (var9(132)->0) Achievers (13, 6)
		<-_gn  LM 11 Atom holds() (var123(136)->0) Achievers (12, 12)
		->_gn  LM 0 Atom done-programming() (var115(147)->0)(goal) Achievers (1, 1)

LM 5 Atom test-1() (var147(16)->1) Achievers (3, 3)
		<-_gn  LM 1 Atom checked() (var9(132)->0) Achievers (13, 6)
		<-_gn  LM 11 Atom holds() (var123(136)->0) Achievers (12, 12)
		<-_gn  LM 10 NegatedAtom stored() (var146(15)->1) Achievers (1, 1)
		<-_gn  LM 9 Atom test-0() (var147(16)->0) Achievers (0, 0)
		->_gn  LM 0 Atom done-programming() (var115(147)->0)(goal) Achievers (1, 1)

LM 9 Atom test-0() (var147(16)->0) Achievers (0, 0)
		->_gn  LM 5 Atom test-1() (var147(16)->1) Achievers (3, 3)
		->_gn  LM 4 Atom negex() (var133(21)->0) Achievers (3, 3)

LM 10 NegatedAtom stored() (var146(15)->1) Achievers (1, 1)
		->_gn  LM 5 Atom test-1() (var147(16)->1) Achievers (3, 3)
		->_gn  LM 4 Atom negex() (var133(21)->0) Achievers (3, 3)

Landmark graph end.
Initializing LAMA-FF Synergy Object
Initializing landmarks count heuristic...
7 initial landmarks, 1 goal landmarks
Initializing Exploration...
Generating landmarks using the RPG/SAS+ approach
Switch from bucket-based to heap-based queue at key = 1002, num_pushes = 148
approx. reasonable orders
approx. obedient reasonable orders
Removed 0 reasonable or obedient reasonable orders
Landmarks generation time: 0.00s
Discovered 12 landmarks, of which 0 are disjunctive and 0 are conjunctive 
20 edges
Landmark graph: 
LM 2 NegatedAtom done-programming() (var115(147)->1) Achievers (0, 0)
		->_gn  LM 1 Atom done-programming() (var115(147)->0)(goal) Achievers (1, 1)

LM 1 Atom done-programming() (var115(147)->0)(goal) Achievers (1, 1)
		<-_gn  LM 5 Atom test-1() (var147(16)->1) Achievers (3, 3)
		<-_gn  LM 0 Atom checked() (var9(132)->0) Achievers (13, 6)
		<-_gn  LM 2 NegatedAtom done-programming() (var115(147)->1) Achievers (0, 0)
		<-_gn  LM 4 Atom negex() (var133(21)->0) Achievers (3, 3)
		<-_gn  LM 3 NegatedAtom holds() (var123(136)->1) Achievers (9, 6)

LM 3 NegatedAtom holds() (var123(136)->1) Achievers (9, 6)
		->_r   LM 0 Atom checked() (var9(132)->0) Achievers (13, 6)
		->_gn  LM 11 Atom holds() (var123(136)->0) Achievers (12, 12)
		->_gn  LM 1 Atom done-programming() (var115(147)->0)(goal) Achievers (1, 1)

LM 11 Atom holds() (var123(136)->0) Achievers (12, 12)
		<-_gn  LM 3 NegatedAtom holds() (var123(136)->1) Achievers (9, 6)
		<-_gn  LM 7 NegatedAtom checked() (var9(132)->1) Achievers (9, 6)
		<-_gn  LM 6 NegatedAtom loop() (var132(90)->1) Achievers (4, 3)
		->_gn  LM 5 Atom test-1() (var147(16)->1) Achievers (3, 3)
		->_gn  LM 4 Atom negex() (var133(21)->0) Achievers (3, 3)

LM 7 NegatedAtom checked() (var9(132)->1) Achievers (9, 6)
		->_gn  LM 11 Atom holds() (var123(136)->0) Achievers (12, 12)
		->_gn  LM 0 Atom checked() (var9(132)->0) Achievers (13, 6)

LM 0 Atom checked() (var9(132)->0) Achievers (13, 6)
		<-_r   LM 3 NegatedAtom holds() (var123(136)->1) Achievers (9, 6)
		<-_gn  LM 7 NegatedAtom checked() (var9(132)->1) Achievers (9, 6)
		<-_gn  LM 6 NegatedAtom loop() (var132(90)->1) Achievers (4, 3)
		->_gn  LM 4 Atom negex() (var133(21)->0) Achievers (3, 3)
		->_gn  LM 5 Atom test-1() (var147(16)->1) Achievers (3, 3)
		->_gn  LM 1 Atom done-programming() (var115(147)->0)(goal) Achievers (1, 1)

LM 6 NegatedAtom loop() (var132(90)->1) Achievers (4, 3)
		->_gn  LM 11 Atom holds() (var123(136)->0) Achievers (12, 12)
		->_gn  LM 0 Atom checked() (var9(132)->0) Achievers (13, 6)

LM 8 NegatedAtom negex() (var133(21)->1) Achievers (0, 0)
		->_gn  LM 4 Atom negex() (var133(21)->0) Achievers (3, 3)

LM 4 Atom negex() (var133(21)->0) Achievers (3, 3)
		<-_gn  LM 8 NegatedAtom negex() (var133(21)->1) Achievers (0, 0)
		<-_gn  LM 9 Atom test-0() (var147(16)->0) Achievers (0, 0)
		<-_gn  LM 0 Atom checked() (var9(132)->0) Achievers (13, 6)
		<-_gn  LM 10 NegatedAtom stored() (var146(15)->1) Achievers (1, 1)
		<-_gn  LM 11 Atom holds() (var123(136)->0) Achievers (12, 12)
		->_gn  LM 1 Atom done-programming() (var115(147)->0)(goal) Achievers (1, 1)

LM 5 Atom test-1() (var147(16)->1) Achievers (3, 3)
		<-_gn  LM 11 Atom holds() (var123(136)->0) Achievers (12, 12)
		<-_gn  LM 10 NegatedAtom stored() (var146(15)->1) Achievers (1, 1)
		<-_gn  LM 0 Atom checked() (var9(132)->0) Achievers (13, 6)
		<-_gn  LM 9 Atom test-0() (var147(16)->0) Achievers (0, 0)
		->_gn  LM 1 Atom done-programming() (var115(147)->0)(goal) Achievers (1, 1)

LM 9 Atom test-0() (var147(16)->0) Achievers (0, 0)
		->_gn  LM 5 Atom test-1() (var147(16)->1) Achievers (3, 3)
		->_gn  LM 4 Atom negex() (var133(21)->0) Achievers (3, 3)

LM 10 NegatedAtom stored() (var146(15)->1) Achievers (1, 1)
		->_gn  LM 5 Atom test-1() (var147(16)->1) Achievers (3, 3)
		->_gn  LM 4 Atom negex() (var133(21)->0) Achievers (3, 3)

Landmark graph end.
Initializing LAMA-FF Synergy Object
Initializing landmarks count heuristic...
7 initial landmarks, 1 goal landmarks
Starting search: lazy_greedy(list(hff1, hlm1), preferred = list(hff1, hlm1), cost_type = one, reopen_closed = false)
Conducting lazy best first search, (real) bound = 2147483647
Best heuristic value: 5/9 [g=0, 1 evaluated, 0 expanded, t=0.02s, 4832 KB]
Best heuristic value: 5/5 [g=1, 2 evaluated, 1 expanded, t=0.02s, 4832 KB]
Best heuristic value: 4/4 [g=2, 3 evaluated, 2 expanded, t=0.02s, 4832 KB]
Best heuristic value: 4/3 [g=16, 176 evaluated, 113 expanded, t=0.02s, 4832 KB]
Best heuristic value: 4/2 [g=17, 177 evaluated, 114 expanded, t=0.02s, 4832 KB]
Best heuristic value: 2/2 [g=18, 178 evaluated, 115 expanded, t=0.02s, 4832 KB]
Best heuristic value: 1/1 [g=33, 295 evaluated, 198 expanded, t=0.03s, 4832 KB]
Solution found!
Actual search time: 0.01s [t=0.03s]
program-process-a-0 row-0 (1001)
check-process-a-0-0 row-0 (0)
execute-process-a-0-0 row-0 (1)
program-process-b-1 row-0 (1001)
check-process-b-0-1 row-0 (0)
execute-process-b-0-1 row-0 (1)
program-goto-current-content-2-0 empty row-0 (1001)
eval-cond-current-content-0-2 empty row-0 (1)
do-goto-0-2-0 row-0 (1)
check-process-a-0-0 row-0 (0)
execute-process-a-0-0 row-0 (1)
check-process-b-0-1 row-0 (0)
execute-process-b-0-1 row-0 (1)
eval-cond-current-content-0-2 empty row-0 (1)
dont-goto-0-2-0 row-0 (1)
program-end-3 row-0 (1)
check-main-end-0-3 row-0 (0)
repeat-end-main-0-3 row-0 (0)
check-process-a-0-0 row-0 (0)
execute-process-a-0-0 row-0 (1)
check-process-b-0-1 row-0 (0)
execute-process-b-0-1 row-0 (1)
eval-cond-current-content-0-2 empty row-0 (1)
do-goto-0-2-0 row-0 (1)
check-process-a-0-0 row-0 (0)
execute-process-a-0-0 row-0 (1)
check-process-b-0-1 row-0 (0)
execute-process-b-0-1 row-0 (1)
eval-cond-current-content-0-2 empty row-0 (1)
do-goto-0-2-0 row-0 (1)
check-process-a-0-0 row-0 (0)
execute-process-a-0-0 row-0 (1)
check-process-b-0-1 row-0 (0)
skip-1  (0)
Plan length: 34 step(s).
Plan cost: 3021
Initial state h value: 5/9.
Expanded 199 state(s).
Reopened 0 state(s).
Evaluated 296 state(s).
Evaluations: 592
Generated 685 state(s).
Dead ends: 96 state(s).
Best solution cost so far: 3021
Solution found - keep searching
Starting search: lazy_greedy(list(hff2, hlm2), preferred = list(hff2, hlm2), reopen_closed = false)
Conducting lazy best first search, (real) bound = 3021
Best heuristic value: 5/3015 [g=0, 1 evaluated, 0 expanded, t=0.03s, 4832 KB]
Best heuristic value: 5/7 [g=1001, 2 evaluated, 1 expanded, t=0.03s, 4832 KB]
Best heuristic value: 4/6 [g=1001, 3 evaluated, 2 expanded, t=0.03s, 4832 KB]
Best heuristic value: 4/5 [g=3011, 175 evaluated, 112 expanded, t=0.04s, 4832 KB]
Best heuristic value: 4/3 [g=3012, 176 evaluated, 113 expanded, t=0.04s, 4832 KB]
Best heuristic value: 4/2 [g=3012, 177 evaluated, 114 expanded, t=0.04s, 4832 KB]
Best heuristic value: 2/2 [g=3012, 178 evaluated, 115 expanded, t=0.04s, 4832 KB]
Completely explored state space -- no solution!
Actual search time: 0.08s [t=0.11s]
Initial state h value: 5/3015.
Expanded 718 state(s).
Reopened 0 state(s).
Evaluated 2384 state(s).
Evaluations: 4768
Generated 2612 state(s).
Dead ends: 1666 state(s).
Best solution cost so far: 3021
No solution found - keep searching
Starting search: lazy_wastar(list(hff2, hlm2), preferred = list(hff2, hlm2), w = 5)
Conducting lazy best first search, (real) bound = 3021
Best heuristic value: 5/3015 [g=0, 1 evaluated, 0 expanded, t=0.11s, 4832 KB]
Best heuristic value: 5/7 [g=1001, 2 evaluated, 1 expanded, t=0.11s, 4832 KB]
Best heuristic value: 4/6 [g=1001, 3 evaluated, 2 expanded, t=0.11s, 4832 KB]
Best heuristic value: 4/5 [g=3011, 889 evaluated, 591 expanded, t=0.15s, 4832 KB]
Best heuristic value: 4/3 [g=3012, 890 evaluated, 592 expanded, t=0.15s, 4832 KB]
Best heuristic value: 4/2 [g=3012, 891 evaluated, 593 expanded, t=0.15s, 4832 KB]
Best heuristic value: 2/2 [g=3012, 892 evaluated, 594 expanded, t=0.15s, 4832 KB]
Completely explored state space -- no solution!
Actual search time: 0.08s [t=0.19s]
Initial state h value: 5/3015.
Expanded 718 state(s).
Reopened 0 state(s).
Evaluated 2384 state(s).
Evaluations: 4768
Generated 2612 state(s).
Dead ends: 1666 state(s).
Best solution cost so far: 3021
No solution found - keep searching
Starting search: lazy_wastar(list(hff2, hlm2), preferred = list(hff2, hlm2), w = 3)
Conducting lazy best first search, (real) bound = 3021
Best heuristic value: 5/3015 [g=0, 1 evaluated, 0 expanded, t=0.19s, 4832 KB]
Best heuristic value: 5/7 [g=1001, 2 evaluated, 1 expanded, t=0.19s, 4832 KB]
Best heuristic value: 4/6 [g=1001, 3 evaluated, 2 expanded, t=0.19s, 4832 KB]
Best heuristic value: 4/5 [g=3011, 889 evaluated, 591 expanded, t=0.23s, 4832 KB]
Best heuristic value: 4/3 [g=3012, 890 evaluated, 592 expanded, t=0.23s, 4832 KB]
Best heuristic value: 4/2 [g=3012, 891 evaluated, 593 expanded, t=0.23s, 4832 KB]
Best heuristic value: 2/2 [g=3012, 892 evaluated, 594 expanded, t=0.23s, 4832 KB]
Completely explored state space -- no solution!
Actual search time: 0.08s [t=0.27s]
Initial state h value: 5/3015.
Expanded 718 state(s).
Reopened 0 state(s).
Evaluated 2384 state(s).
Evaluations: 4768
Generated 2612 state(s).
Dead ends: 1666 state(s).
Best solution cost so far: 3021
No solution found - keep searching
Starting search: lazy_wastar(list(hff2, hlm2), preferred = list(hff2, hlm2), w = 2)
Conducting lazy best first search, (real) bound = 3021
Best heuristic value: 5/3015 [g=0, 1 evaluated, 0 expanded, t=0.27s, 4832 KB]
Best heuristic value: 5/7 [g=1001, 2 evaluated, 1 expanded, t=0.27s, 4832 KB]
Best heuristic value: 4/6 [g=1001, 3 evaluated, 2 expanded, t=0.27s, 4832 KB]
Best heuristic value: 4/5 [g=3011, 889 evaluated, 591 expanded, t=0.31s, 4832 KB]
Best heuristic value: 4/3 [g=3012, 890 evaluated, 592 expanded, t=0.31s, 4832 KB]
Best heuristic value: 4/2 [g=3012, 891 evaluated, 593 expanded, t=0.31s, 4832 KB]
Best heuristic value: 2/2 [g=3012, 892 evaluated, 594 expanded, t=0.31s, 4832 KB]
Completely explored state space -- no solution!
Actual search time: 0.09s [t=0.36s]
Initial state h value: 5/3015.
Expanded 718 state(s).
Reopened 0 state(s).
Evaluated 2384 state(s).
Evaluations: 4768
Generated 2612 state(s).
Dead ends: 1666 state(s).
Best solution cost so far: 3021
No solution found - keep searching
Starting search: lazy_wastar(list(hff2, hlm2), preferred = list(hff2, hlm2), w = 1)
Conducting lazy best first search, (real) bound = 3021
Best heuristic value: 5/3015 [g=0, 1 evaluated, 0 expanded, t=0.36s, 4832 KB]
Best heuristic value: 5/7 [g=1001, 2 evaluated, 1 expanded, t=0.36s, 4832 KB]
Best heuristic value: 4/6 [g=1001, 3 evaluated, 2 expanded, t=0.36s, 4832 KB]
Best heuristic value: 4/5 [g=3011, 889 evaluated, 591 expanded, t=0.39s, 4832 KB]
Best heuristic value: 4/3 [g=3012, 890 evaluated, 592 expanded, t=0.39s, 4832 KB]
Best heuristic value: 4/2 [g=3012, 891 evaluated, 593 expanded, t=0.39s, 4832 KB]
Best heuristic value: 2/2 [g=3012, 892 evaluated, 594 expanded, t=0.39s, 4832 KB]
Completely explored state space -- no solution!
Actual search time: 0.08s [t=0.44s]
Initial state h value: 5/3015.
Expanded 718 state(s).
Reopened 0 state(s).
Evaluated 2384 state(s).
Evaluations: 4768
Generated 2612 state(s).
Dead ends: 1666 state(s).
Best solution cost so far: 3021
No solution found - keep searching
Actual search time: 0.42s [t=0.44s]
Cumulative statistics:
Expanded 3789 state(s).
Reopened 0 state(s).
Evaluated 12216 state(s).
Evaluations: 24432
Generated 13745 state(s).
Dead ends: 0 state(s).
Search time: 0.42s
Total time: 0.44s
Solution found.
Peak memory: 4832 KB
