INFO     Running translator.
INFO     translator inputs: ['domain.pddl', 'ins.pddl']
INFO     translator arguments: []
Parsing...
Parsing: [0.040s CPU, 0.039s wall-clock]
Normalizing task... [0.000s CPU, 0.003s wall-clock]
Instantiating...
Generating Datalog program... [0.000s CPU, 0.003s wall-clock]
Normalizing Datalog program...
Normalizing Datalog program: [0.020s CPU, 0.026s wall-clock]
Preparing model... [0.020s CPU, 0.013s wall-clock]
Generated 834 rules.
Computing model... [0.020s CPU, 0.015s wall-clock]
388 relevant atoms
789 auxiliary atoms
1177 final queue length
2357 total queue pushes
Completing instantiation... [0.020s CPU, 0.027s wall-clock]
Instantiating: [0.080s CPU, 0.085s wall-clock]
Computing fact groups...
Finding invariants...
74 initial candidates
Finding invariants: [0.080s CPU, 0.074s wall-clock]
Checking invariant weight... [0.000s CPU, 0.000s wall-clock]
Instantiating groups... [0.000s CPU, 0.000s wall-clock]
Collecting mutex groups... [0.000s CPU, 0.000s wall-clock]
Choosing groups...
108 uncovered facts
Choosing groups: [0.000s CPU, 0.000s wall-clock]
Building translation key... [0.000s CPU, 0.001s wall-clock]
Computing fact groups: [0.080s CPU, 0.077s wall-clock]
Building STRIPS to SAS dictionary... [0.000s CPU, 0.000s wall-clock]
Building dictionary for full mutex groups... [0.000s CPU, 0.000s wall-clock]
Building mutex information...
Building mutex information: [0.000s CPU, 0.000s wall-clock]
Translating task...
Processing axioms...
Simplifying axioms... [0.000s CPU, 0.000s wall-clock]
Processing axioms: [0.000s CPU, 0.001s wall-clock]
Translating task: [0.020s CPU, 0.026s wall-clock]
177 effect conditions simplified
0 implied preconditions added
Detecting unreachable propositions...
0 operators removed
26 propositions removed
Detecting unreachable propositions: [0.010s CPU, 0.005s wall-clock]
Translator variables: 101
Translator derived variables: 0
Translator facts: 205
Translator goal facts: 1
Translator mutex groups: 35
Translator total mutex groups size: 70
Translator operators: 241
Translator axioms: 0
Translator task size: 2251
Translator peak memory: 18224 KB
Writing output... [0.010s CPU, 0.004s wall-clock]
Done! [0.240s CPU, 0.239s wall-clock]
INFO     Running preprocessor.
INFO     preprocessor input: output.sas
INFO     preprocessor arguments: []
Building causal graph...
The causal graph is not acyclic.
100 variables of 101 necessary
30 of 35 mutex groups necessary.
241 of 241 operators necessary.
0 of 0 axiom rules necessary.
Building domain transition graphs...
solveable in poly time 0
Building successor generator...
Preprocessor facts: 203
Preprocessor derived variables: 0
Preprocessor task size: 2211
Writing output...
done
INFO     Running search.
INFO     search input: output
INFO     search executable: /home/javi/Desktop/automated-programming-framework-private/PLANNERS/fast-downward/src/search/downward-release
INFO     search arguments: ['--if-unit-cost', '--heuristic', 'hlm,hff=lm_ff_syn(lm_rhw(reasonable_orders=true))', '--search', 'iterated([lazy_greedy([hff,hlm],preferred=[hff,hlm]),lazy_wastar([hff,hlm],preferred=[hff,hlm],w=5),lazy_wastar([hff,hlm],preferred=[hff,hlm],w=3),lazy_wastar([hff,hlm],preferred=[hff,hlm],w=2),lazy_wastar([hff,hlm],preferred=[hff,hlm],w=1)],repeat_last=true,continue_on_fail=true)', '--if-non-unit-cost', '--heuristic', 'hlm1,hff1=lm_ff_syn(lm_rhw(reasonable_orders=true,lm_cost_type=one,cost_type=one))', '--heuristic', 'hlm2,hff2=lm_ff_syn(lm_rhw(reasonable_orders=true,lm_cost_type=plusone,cost_type=plusone))', '--search', 'iterated([lazy_greedy([hff1,hlm1],preferred=[hff1,hlm1],cost_type=one,reopen_closed=false),lazy_greedy([hff2,hlm2],preferred=[hff2,hlm2],reopen_closed=false),lazy_wastar([hff2,hlm2],preferred=[hff2,hlm2],w=5),lazy_wastar([hff2,hlm2],preferred=[hff2,hlm2],w=3),lazy_wastar([hff2,hlm2],preferred=[hff2,hlm2],w=2),lazy_wastar([hff2,hlm2],preferred=[hff2,hlm2],w=1)],repeat_last=true,continue_on_fail=true)', '--always', '--internal-plan-file', 'sas_plan']
reading input... [t=0.00s]
Simplifying transitions... done!
done reading input! [t=0.01s]
building causal graph...done! [t=0.01s]
packing state variables...done! [t=0.01s]
Variables: 100
Facts: 203
Bytes per state: 16
done initalizing global data [t=0.01s]
Initializing Exploration...
Generating landmarks using the RPG/SAS+ approach
approx. reasonable orders
approx. obedient reasonable orders
Removed 0 reasonable or obedient reasonable orders
Landmarks generation time: 0.00s
Discovered 10 landmarks, of which 0 are disjunctive and 0 are conjunctive 
16 edges
Landmark graph: 
LM 0 NegatedAtom done-programming() (var60(99)->1) Achievers (0, 0)
		->_gn  LM 9 Atom done-programming() (var60(99)->0)(goal) Achievers (1, 1)

LM 9 Atom done-programming() (var60(99)->0)(goal) Achievers (1, 1)
		<-_nat LM 8 Atom holds() (var71(91)->0) Achievers (30, 24)
		<-_gn  LM 4 Atom test-1() (var100(72)->1) Achievers (3, 3)
		<-_gn  LM 0 NegatedAtom done-programming() (var60(99)->1) Achievers (0, 0)
		<-_gn  LM 1 Atom checked() (var10(90)->0) Achievers (30, 27)
		<-_gn  LM 3 Atom negex() (var95(98)->0) Achievers (3, 3)
		<-_gn  LM 2 NegatedAtom holds() (var71(91)->1) Achievers (27, 27)

LM 6 NegatedAtom negex() (var95(98)->1) Achievers (0, 0)
		->_gn  LM 3 Atom negex() (var95(98)->0) Achievers (3, 3)

LM 3 Atom negex() (var95(98)->0) Achievers (3, 3)
		<-_gn  LM 8 Atom holds() (var71(91)->0) Achievers (30, 24)
		<-_gn  LM 1 Atom checked() (var10(90)->0) Achievers (30, 27)
		<-_gn  LM 7 Atom test-0() (var100(72)->0) Achievers (0, 0)
		<-_gn  LM 6 NegatedAtom negex() (var95(98)->1) Achievers (0, 0)
		->_gn  LM 9 Atom done-programming() (var60(99)->0)(goal) Achievers (1, 1)

LM 2 NegatedAtom holds() (var71(91)->1) Achievers (27, 27)
		->_gn  LM 8 Atom holds() (var71(91)->0) Achievers (30, 24)
		->_gn  LM 9 Atom done-programming() (var60(99)->0)(goal) Achievers (1, 1)

LM 8 Atom holds() (var71(91)->0) Achievers (30, 24)
		<-_gn  LM 2 NegatedAtom holds() (var71(91)->1) Achievers (27, 27)
		<-_gn  LM 5 NegatedAtom checked() (var10(90)->1) Achievers (27, 27)
		->_gn  LM 4 Atom test-1() (var100(72)->1) Achievers (3, 3)
		->_nat LM 9 Atom done-programming() (var60(99)->0)(goal) Achievers (1, 1)
		->_gn  LM 3 Atom negex() (var95(98)->0) Achievers (3, 3)

LM 5 NegatedAtom checked() (var10(90)->1) Achievers (27, 27)
		->_gn  LM 8 Atom holds() (var71(91)->0) Achievers (30, 24)
		->_gn  LM 1 Atom checked() (var10(90)->0) Achievers (30, 27)

LM 1 Atom checked() (var10(90)->0) Achievers (30, 27)
		<-_gn  LM 5 NegatedAtom checked() (var10(90)->1) Achievers (27, 27)
		->_gn  LM 4 Atom test-1() (var100(72)->1) Achievers (3, 3)
		->_gn  LM 3 Atom negex() (var95(98)->0) Achievers (3, 3)
		->_gn  LM 9 Atom done-programming() (var60(99)->0)(goal) Achievers (1, 1)

LM 4 Atom test-1() (var100(72)->1) Achievers (3, 3)
		<-_gn  LM 8 Atom holds() (var71(91)->0) Achievers (30, 24)
		<-_gn  LM 1 Atom checked() (var10(90)->0) Achievers (30, 27)
		<-_gn  LM 7 Atom test-0() (var100(72)->0) Achievers (0, 0)
		->_gn  LM 9 Atom done-programming() (var60(99)->0)(goal) Achievers (1, 1)

LM 7 Atom test-0() (var100(72)->0) Achievers (0, 0)
		->_gn  LM 4 Atom test-1() (var100(72)->1) Achievers (3, 3)
		->_gn  LM 3 Atom negex() (var95(98)->0) Achievers (3, 3)

Landmark graph end.
Initializing LAMA-FF Synergy Object
Initializing landmarks count heuristic...
5 initial landmarks, 1 goal landmarks
Initializing Exploration...
Generating landmarks using the RPG/SAS+ approach
Switch from bucket-based to heap-based queue at key = 1002, num_pushes = 100
approx. reasonable orders
approx. obedient reasonable orders
Removed 0 reasonable or obedient reasonable orders
Landmarks generation time: 0.00s
Discovered 10 landmarks, of which 0 are disjunctive and 0 are conjunctive 
16 edges
Landmark graph: 
LM 1 NegatedAtom done-programming() (var60(99)->1) Achievers (0, 0)
		->_gn  LM 0 Atom done-programming() (var60(99)->0)(goal) Achievers (1, 1)

LM 0 Atom done-programming() (var60(99)->0)(goal) Achievers (1, 1)
		<-_gn  LM 5 Atom test-1() (var100(72)->1) Achievers (3, 3)
		<-_gn  LM 1 NegatedAtom done-programming() (var60(99)->1) Achievers (0, 0)
		<-_gn  LM 3 NegatedAtom holds() (var71(91)->1) Achievers (27, 27)
		<-_gn  LM 2 Atom checked() (var10(90)->0) Achievers (30, 27)
		<-_nat LM 9 Atom holds() (var71(91)->0) Achievers (30, 24)
		<-_gn  LM 4 Atom negex() (var95(98)->0) Achievers (3, 3)

LM 7 NegatedAtom negex() (var95(98)->1) Achievers (0, 0)
		->_gn  LM 4 Atom negex() (var95(98)->0) Achievers (3, 3)

LM 4 Atom negex() (var95(98)->0) Achievers (3, 3)
		<-_gn  LM 8 Atom test-0() (var100(72)->0) Achievers (0, 0)
		<-_gn  LM 9 Atom holds() (var71(91)->0) Achievers (30, 24)
		<-_gn  LM 2 Atom checked() (var10(90)->0) Achievers (30, 27)
		<-_gn  LM 7 NegatedAtom negex() (var95(98)->1) Achievers (0, 0)
		->_gn  LM 0 Atom done-programming() (var60(99)->0)(goal) Achievers (1, 1)

LM 3 NegatedAtom holds() (var71(91)->1) Achievers (27, 27)
		->_gn  LM 9 Atom holds() (var71(91)->0) Achievers (30, 24)
		->_gn  LM 0 Atom done-programming() (var60(99)->0)(goal) Achievers (1, 1)

LM 9 Atom holds() (var71(91)->0) Achievers (30, 24)
		<-_gn  LM 3 NegatedAtom holds() (var71(91)->1) Achievers (27, 27)
		<-_gn  LM 6 NegatedAtom checked() (var10(90)->1) Achievers (27, 27)
		->_nat LM 0 Atom done-programming() (var60(99)->0)(goal) Achievers (1, 1)
		->_gn  LM 5 Atom test-1() (var100(72)->1) Achievers (3, 3)
		->_gn  LM 4 Atom negex() (var95(98)->0) Achievers (3, 3)

LM 6 NegatedAtom checked() (var10(90)->1) Achievers (27, 27)
		->_gn  LM 9 Atom holds() (var71(91)->0) Achievers (30, 24)
		->_gn  LM 2 Atom checked() (var10(90)->0) Achievers (30, 27)

LM 2 Atom checked() (var10(90)->0) Achievers (30, 27)
		<-_gn  LM 6 NegatedAtom checked() (var10(90)->1) Achievers (27, 27)
		->_gn  LM 4 Atom negex() (var95(98)->0) Achievers (3, 3)
		->_gn  LM 5 Atom test-1() (var100(72)->1) Achievers (3, 3)
		->_gn  LM 0 Atom done-programming() (var60(99)->0)(goal) Achievers (1, 1)

LM 5 Atom test-1() (var100(72)->1) Achievers (3, 3)
		<-_gn  LM 9 Atom holds() (var71(91)->0) Achievers (30, 24)
		<-_gn  LM 2 Atom checked() (var10(90)->0) Achievers (30, 27)
		<-_gn  LM 8 Atom test-0() (var100(72)->0) Achievers (0, 0)
		->_gn  LM 0 Atom done-programming() (var60(99)->0)(goal) Achievers (1, 1)

LM 8 Atom test-0() (var100(72)->0) Achievers (0, 0)
		->_gn  LM 5 Atom test-1() (var100(72)->1) Achievers (3, 3)
		->_gn  LM 4 Atom negex() (var95(98)->0) Achievers (3, 3)

Landmark graph end.
Initializing LAMA-FF Synergy Object
Initializing landmarks count heuristic...
5 initial landmarks, 1 goal landmarks
Starting search: lazy_greedy(list(hff1, hlm1), preferred = list(hff1, hlm1), cost_type = one, reopen_closed = false)
Conducting lazy best first search, (real) bound = 2147483647
Best heuristic value: 5/9 [g=0, 1 evaluated, 0 expanded, t=0.02s, 3920 KB]
Best heuristic value: 5/7 [g=1, 2 evaluated, 1 expanded, t=0.02s, 3920 KB]
Best heuristic value: 5/6 [g=2, 3 evaluated, 2 expanded, t=0.02s, 3920 KB]
Best heuristic value: 5/5 [g=1, 6 evaluated, 5 expanded, t=0.02s, 3920 KB]
Best heuristic value: 4/4 [g=2, 7 evaluated, 6 expanded, t=0.02s, 3920 KB]
Switch from bucket-based to heap-based queue at key = 118, num_pushes = 117
Best heuristic value: 4/3 [g=16, 11294 evaluated, 5021 expanded, t=0.29s, 5248 KB]
Best heuristic value: 4/2 [g=17, 11295 evaluated, 5022 expanded, t=0.29s, 5248 KB]
Best heuristic value: 2/2 [g=18, 11296 evaluated, 5023 expanded, t=0.29s, 5248 KB]
Best heuristic value: 1/1 [g=31, 11329 evaluated, 5054 expanded, t=0.29s, 5248 KB]
Solution found!
Actual search time: 0.27s [t=0.29s]
program-add-a-b-0 row-0 (1001)
check-add-a-b-0-0 row-0 (0)
execute-add-a-b-0-0 row-0 (1)
program-dec-b-1 row-0 (1001)
check-dec-b-0-1 row-0 (0)
execute-dec-b-0-1 row-0 (1)
program-goto-assignment-2-0 b v0 row-0 (1001)
eval-cond-assignment-0-2 b v0 row-0 (1)
do-goto-0-2-0 row-0 (1)
check-add-a-b-0-0 row-0 (0)
execute-add-a-b-0-0 row-0 (1)
check-dec-b-0-1 row-0 (0)
execute-dec-b-0-1 row-0 (1)
eval-cond-assignment-0-2 b v0 row-0 (1)
dont-goto-0-2-0 row-0 (1)
program-end-3 row-0 (1)
check-main-end-0-3 row-0 (0)
repeat-end-main-0-3 row-0 (0)
check-add-a-b-0-0 row-0 (0)
execute-add-a-b-0-0 row-0 (1)
check-dec-b-0-1 row-0 (0)
execute-dec-b-0-1 row-0 (1)
eval-cond-assignment-0-2 b v0 row-0 (1)
do-goto-0-2-0 row-0 (1)
check-add-a-b-0-0 row-0 (0)
execute-add-a-b-0-0 row-0 (1)
check-dec-b-0-1 row-0 (0)
execute-dec-b-0-1 row-0 (1)
eval-cond-assignment-0-2 b v0 row-0 (1)
dont-goto-0-2-0 row-0 (1)
check-main-end-1-3 row-0 (0)
skip-1  (0)
Plan length: 32 step(s).
Plan cost: 3020
Initial state h value: 5/9.
Expanded 5055 state(s).
Reopened 0 state(s).
Evaluated 11330 state(s).
Evaluations: 22660
Generated 21109 state(s).
Dead ends: 6274 state(s).
Best solution cost so far: 3020
Solution found - keep searching
Starting search: lazy_greedy(list(hff2, hlm2), preferred = list(hff2, hlm2), reopen_closed = false)
Conducting lazy best first search, (real) bound = 3020
Best heuristic value: 5/3015 [g=0, 1 evaluated, 0 expanded, t=0.29s, 5780 KB]
Best heuristic value: 5/1012 [g=1001, 2 evaluated, 1 expanded, t=0.29s, 5780 KB]
Best heuristic value: 5/1010 [g=1002, 3 evaluated, 2 expanded, t=0.29s, 5780 KB]
Best heuristic value: 5/1008 [g=1003, 5 evaluated, 4 expanded, t=0.29s, 5780 KB]
Best heuristic value: 5/7 [g=1001, 6 evaluated, 5 expanded, t=0.29s, 5780 KB]
Best heuristic value: 4/6 [g=1001, 7 evaluated, 6 expanded, t=0.29s, 5780 KB]
Best heuristic value: 4/5 [g=3011, 7463 evaluated, 4208 expanded, t=0.47s, 6172 KB]
Best heuristic value: 4/3 [g=3012, 7464 evaluated, 4209 expanded, t=0.47s, 6172 KB]
Best heuristic value: 4/2 [g=3012, 7465 evaluated, 4210 expanded, t=0.47s, 6172 KB]
Best heuristic value: 2/2 [g=3012, 7466 evaluated, 4211 expanded, t=0.47s, 6172 KB]
Completely explored state space -- no solution!
Actual search time: 0.61s [t=0.90s]
Initial state h value: 5/3015.
Expanded 13093 state(s).
Reopened 0 state(s).
Evaluated 26808 state(s).
Evaluations: 53616
Generated 31550 state(s).
Dead ends: 13715 state(s).
Best solution cost so far: 3020
No solution found - keep searching
Starting search: lazy_wastar(list(hff2, hlm2), preferred = list(hff2, hlm2), w = 5)
Conducting lazy best first search, (real) bound = 3020
Best heuristic value: 5/3015 [g=0, 1 evaluated, 0 expanded, t=0.90s, 7928 KB]
Best heuristic value: 5/1012 [g=1001, 2 evaluated, 1 expanded, t=0.90s, 7928 KB]
Best heuristic value: 5/1010 [g=1002, 3 evaluated, 2 expanded, t=0.90s, 7928 KB]
Best heuristic value: 5/1008 [g=1003, 5 evaluated, 4 expanded, t=0.90s, 7928 KB]
Best heuristic value: 5/7 [g=1001, 6 evaluated, 5 expanded, t=0.90s, 7928 KB]
Best heuristic value: 4/6 [g=1001, 7 evaluated, 6 expanded, t=0.90s, 7928 KB]
Best heuristic value: 4/5 [g=3011, 4801 evaluated, 2652 expanded, t=1.02s, 8060 KB]
Best heuristic value: 4/3 [g=3012, 4802 evaluated, 2653 expanded, t=1.02s, 8060 KB]
Best heuristic value: 4/2 [g=3012, 4803 evaluated, 2654 expanded, t=1.02s, 8060 KB]
Best heuristic value: 2/2 [g=3012, 4804 evaluated, 2655 expanded, t=1.02s, 8060 KB]
Completely explored state space -- no solution!
Actual search time: 0.62s [t=1.52s]
Initial state h value: 5/3015.
Expanded 13093 state(s).
Reopened 0 state(s).
Evaluated 26808 state(s).
Evaluations: 53616
Generated 31550 state(s).
Dead ends: 13715 state(s).
Best solution cost so far: 3020
No solution found - keep searching
Starting search: lazy_wastar(list(hff2, hlm2), preferred = list(hff2, hlm2), w = 3)
Conducting lazy best first search, (real) bound = 3020
Best heuristic value: 5/3015 [g=0, 1 evaluated, 0 expanded, t=1.52s, 8408 KB]
Best heuristic value: 5/1012 [g=1001, 2 evaluated, 1 expanded, t=1.52s, 8408 KB]
Best heuristic value: 5/1010 [g=1002, 3 evaluated, 2 expanded, t=1.52s, 8408 KB]
Best heuristic value: 5/1008 [g=1003, 5 evaluated, 4 expanded, t=1.52s, 8408 KB]
Best heuristic value: 5/7 [g=1001, 6 evaluated, 5 expanded, t=1.52s, 8408 KB]
Best heuristic value: 4/6 [g=1001, 7 evaluated, 6 expanded, t=1.52s, 8408 KB]
Best heuristic value: 4/5 [g=3011, 4801 evaluated, 2652 expanded, t=1.64s, 8540 KB]
Best heuristic value: 4/3 [g=3012, 4802 evaluated, 2653 expanded, t=1.64s, 8540 KB]
Best heuristic value: 4/2 [g=3012, 4803 evaluated, 2654 expanded, t=1.64s, 8540 KB]
Best heuristic value: 2/2 [g=3012, 4804 evaluated, 2655 expanded, t=1.64s, 8540 KB]
Completely explored state space -- no solution!
Actual search time: 0.61s [t=2.13s]
Initial state h value: 5/3015.
Expanded 13093 state(s).
Reopened 0 state(s).
Evaluated 26808 state(s).
Evaluations: 53616
Generated 31550 state(s).
Dead ends: 13715 state(s).
Best solution cost so far: 3020
No solution found - keep searching
Starting search: lazy_wastar(list(hff2, hlm2), preferred = list(hff2, hlm2), w = 2)
Conducting lazy best first search, (real) bound = 3020
Best heuristic value: 5/3015 [g=0, 1 evaluated, 0 expanded, t=2.13s, 8936 KB]
Best heuristic value: 5/1012 [g=1001, 2 evaluated, 1 expanded, t=2.13s, 8936 KB]
Best heuristic value: 5/1010 [g=1002, 3 evaluated, 2 expanded, t=2.13s, 8936 KB]
Best heuristic value: 5/1008 [g=1003, 5 evaluated, 4 expanded, t=2.13s, 8936 KB]
Best heuristic value: 5/7 [g=1001, 6 evaluated, 5 expanded, t=2.13s, 8936 KB]
Best heuristic value: 4/6 [g=1001, 7 evaluated, 6 expanded, t=2.13s, 8936 KB]
Best heuristic value: 4/5 [g=3011, 4801 evaluated, 2652 expanded, t=2.25s, 9068 KB]
Best heuristic value: 4/3 [g=3012, 4802 evaluated, 2653 expanded, t=2.25s, 9068 KB]
Best heuristic value: 4/2 [g=3012, 4803 evaluated, 2654 expanded, t=2.25s, 9068 KB]
Best heuristic value: 2/2 [g=3012, 4804 evaluated, 2655 expanded, t=2.25s, 9068 KB]
Completely explored state space -- no solution!
Actual search time: 0.61s [t=2.74s]
Initial state h value: 5/3015.
Expanded 13093 state(s).
Reopened 0 state(s).
Evaluated 26808 state(s).
Evaluations: 53616
Generated 31550 state(s).
Dead ends: 13715 state(s).
Best solution cost so far: 3020
No solution found - keep searching
Starting search: lazy_wastar(list(hff2, hlm2), preferred = list(hff2, hlm2), w = 1)
Conducting lazy best first search, (real) bound = 3020
Best heuristic value: 5/3015 [g=0, 1 evaluated, 0 expanded, t=2.74s, 9464 KB]
Best heuristic value: 5/1012 [g=1001, 2 evaluated, 1 expanded, t=2.74s, 9464 KB]
Best heuristic value: 5/1010 [g=1002, 3 evaluated, 2 expanded, t=2.74s, 9464 KB]
Best heuristic value: 5/1008 [g=1003, 5 evaluated, 4 expanded, t=2.74s, 9464 KB]
Best heuristic value: 5/7 [g=1001, 6 evaluated, 5 expanded, t=2.74s, 9464 KB]
Best heuristic value: 4/6 [g=1001, 7 evaluated, 6 expanded, t=2.74s, 9464 KB]
Best heuristic value: 4/5 [g=3011, 4801 evaluated, 2652 expanded, t=2.86s, 9596 KB]
Best heuristic value: 4/3 [g=3012, 4802 evaluated, 2653 expanded, t=2.86s, 9596 KB]
Best heuristic value: 4/2 [g=3012, 4803 evaluated, 2654 expanded, t=2.86s, 9596 KB]
Best heuristic value: 2/2 [g=3012, 4804 evaluated, 2655 expanded, t=2.86s, 9596 KB]
Completely explored state space -- no solution!
Actual search time: 0.61s [t=3.35s]
Initial state h value: 5/3015.
Expanded 13093 state(s).
Reopened 0 state(s).
Evaluated 26808 state(s).
Evaluations: 53616
Generated 31550 state(s).
Dead ends: 13715 state(s).
Best solution cost so far: 3020
No solution found - keep searching
Actual search time: 3.33s [t=3.35s]
Cumulative statistics:
Expanded 70520 state(s).
Reopened 0 state(s).
Evaluated 145370 state(s).
Evaluations: 290740
Generated 178859 state(s).
Dead ends: 0 state(s).
Search time: 3.33s
Total time: 3.35s
Solution found.
Peak memory: 9724 KB
