Domain: domain.pddl Problem: ins.pddl
Generating Datalog program... [0.000s CPU, 0.002s wall-clock]
Normalizing Datalog program...
Normalizing Datalog program: [0.030s CPU, 0.025s wall-clock]
Preparing model... [0.010s CPU, 0.011s wall-clock]
Generated 624 rules.
Computing model... [0.010s CPU, 0.015s wall-clock]
547 relevant atoms
776 auxiliary atoms
1323 final queue length
1762 total queue pushes
Completing instantiation... [0.030s CPU, 0.027s wall-clock]
goal relaxed reachable: True
211 atoms
Computing fact groups...
Finding invariants...
97 initial candidates
Finding invariants: [0.140s CPU, 0.133s wall-clock]
Checking invariant weight... [0.000s CPU, 0.001s wall-clock]
Instantiating groups... [0.000s CPU, 0.001s wall-clock]
Collecting mutex groups... [0.000s CPU, 0.000s wall-clock]
Choosing groups...
112 uncovered facts
Choosing groups: [0.000s CPU, 0.001s wall-clock]
Building translation key... [0.000s CPU, 0.001s wall-clock]
Computing fact groups: [0.140s CPU, 0.137s wall-clock]
Deterministic 308 actions
4 negated fluents created
Invariants 161

 Match tree built with 308 nodes.

PDDL problem description loaded: 
	Domain: blocks
	Problem: p3-09092015162748
	#Actions: 308
	#Fluents: 215
Goals found: 1
Goals_Edges found: 1
Starting search with BFWS-f5-landmarks...
--[38 / 0]--
--[38 / 1]--
--[37 / 0]--
--[37 / 1]--
--[35 / 0]--
--[35 / 2]--
--[35 / 5]--
--[35 / 6]--
--[33 / 0]--
--[33 / 2]--
--[33 / 4]--
--[32 / 0]--
--[32 / 1]--
--[32 / 2]--
--[32 / 5]--
--[32 / 6]--
--[31 / 0]--
--[31 / 1]--
--[31 / 2]--
--[28 / 0]--
--[28 / 1]--
--[26 / 0]--
--[26 / 1]--
--[26 / 2]--
--[26 / 3]--
--[26 / 5]--
--[26 / 6]--
--[26 / 9]--
--[26 / 11]--
--[26 / 17]--
--[25 / 0]--
--[22 / 0]--
--[20 / 0]--
--[20 / 1]--
--[20 / 8]--
--[20 / 9]--
--[20 / 10]--
--[20 / 16]--
--[19 / 0]--
--[19 / 1]--
--[19 / 2]--
--[19 / 9]--
--[19 / 10]--
--[19 / 16]--
--[17 / 0]--
--[17 / 1]--
--[17 / 2]--
--[16 / 0]--
--[15 / 0]--
--[15 / 1]--
--[15 / 8]--
--[14 / 0]--
--[11 / 0]--
--[9 / 0]--
--[9 / 1]--
--[9 / 8]--
--[9 / 9]--
--[9 / 10]--
--[9 / 16]--
--[8 / 0]--
--[5 / 0]--
--[0 / 0]--
Total time: 520.228
Nodes generated during search: 15538701
Nodes expanded during search: 10602766
Plan found with cost: 82
Fast-BFS search completed in 520.228 secs
