Domain: domain.pddl Problem: ins.pddl
Generating Datalog program... [0.000s CPU, 0.002s wall-clock]
Normalizing Datalog program...
Normalizing Datalog program: [0.010s CPU, 0.021s wall-clock]
Preparing model... [0.010s CPU, 0.010s wall-clock]
Generated 624 rules.
Computing model... [0.020s CPU, 0.015s wall-clock]
547 relevant atoms
776 auxiliary atoms
1323 final queue length
1762 total queue pushes
Completing instantiation... [0.020s CPU, 0.027s wall-clock]
goal relaxed reachable: True
211 atoms
Computing fact groups...
Finding invariants...
97 initial candidates
Finding invariants: [0.090s CPU, 0.088s wall-clock]
Checking invariant weight... [0.010s CPU, 0.001s wall-clock]
Instantiating groups... [0.000s CPU, 0.001s wall-clock]
Collecting mutex groups... [0.000s CPU, 0.000s wall-clock]
Choosing groups...
112 uncovered facts
Choosing groups: [0.000s CPU, 0.001s wall-clock]
Building translation key... [0.000s CPU, 0.000s wall-clock]
Computing fact groups: [0.100s CPU, 0.092s wall-clock]
Deterministic 308 actions
4 negated fluents created
Invariants 161

 Match tree built with 308 nodes.

PDDL problem description loaded: 
	Domain: blocks
	Problem: p3-09092015162748
	#Actions: 308
	#Fluents: 215
Goals found: 1
Goals_Edges found: 1
Starting search with BFWS-f5-landmarks...
--[38 / 0]--
--[38 / 1]--
--[37 / 0]--
--[37 / 1]--
--[35 / 0]--
--[35 / 2]--
--[35 / 5]--
--[35 / 6]--
--[33 / 0]--
--[33 / 2]--
--[33 / 4]--
--[32 / 0]--
--[32 / 1]--
--[32 / 2]--
--[32 / 5]--
--[32 / 6]--
--[31 / 0]--
--[31 / 1]--
--[31 / 2]--
--[28 / 0]--
--[28 / 1]--
--[26 / 0]--
--[26 / 1]--
--[26 / 8]--
--[26 / 10]--
--[26 / 16]--
--[25 / 0]--
--[22 / 0]--
--[20 / 0]--
--[20 / 2]--
--[20 / 9]--
--[19 / 0]--
--[16 / 0]--
--[14 / 0]--
--[14 / 2]--
--[14 / 9]--
--[13 / 0]--
--[10 / 0]--
--[9 / 0]--
--[9 / 2]--
--[9 / 9]--
--[6 / 0]--
--[6 / 1]--
--[6 / 2]--
--[5 / 0]--
--[0 / 0]--
Total time: 125.02
Nodes generated during search: 4826652
Nodes expanded during search: 3150148
Plan found with cost: 67
Fast-BFS search completed in 125.02 secs
