Domain: domain.pddl Problem: ins.pddl
Generating Datalog program... [0.000s CPU, 0.001s wall-clock]
Normalizing Datalog program...
Normalizing Datalog program: [0.020s CPU, 0.022s wall-clock]
Preparing model... [0.010s CPU, 0.010s wall-clock]
Generated 624 rules.
Computing model... [0.020s CPU, 0.015s wall-clock]
547 relevant atoms
776 auxiliary atoms
1323 final queue length
1762 total queue pushes
Completing instantiation... [0.030s CPU, 0.026s wall-clock]
goal relaxed reachable: True
211 atoms
Computing fact groups...
Finding invariants...
97 initial candidates
Finding invariants: [0.130s CPU, 0.131s wall-clock]
Checking invariant weight... [0.000s CPU, 0.001s wall-clock]
Instantiating groups... [0.000s CPU, 0.001s wall-clock]
Collecting mutex groups... [0.000s CPU, 0.000s wall-clock]
Choosing groups...
112 uncovered facts
Choosing groups: [0.000s CPU, 0.001s wall-clock]
Building translation key... [0.000s CPU, 0.000s wall-clock]
Computing fact groups: [0.130s CPU, 0.135s wall-clock]
Deterministic 308 actions
4 negated fluents created
Invariants 161

 Match tree built with 308 nodes.

PDDL problem description loaded: 
	Domain: blocks
	Problem: p3-09092015162748
	#Actions: 308
	#Fluents: 215
Goals found: 1
Goals_Edges found: 1
Starting search with BFWS-f5-landmarks...
--[38 / 0]--
--[38 / 1]--
--[37 / 0]--
--[37 / 1]--
--[35 / 0]--
--[35 / 2]--
--[35 / 5]--
--[35 / 6]--
--[33 / 0]--
--[33 / 2]--
--[33 / 4]--
--[32 / 0]--
--[32 / 1]--
--[32 / 2]--
--[32 / 5]--
--[32 / 6]--
--[31 / 0]--
--[31 / 1]--
--[31 / 2]--
--[28 / 0]--
--[28 / 1]--
--[26 / 0]--
--[26 / 1]--
--[26 / 8]--
--[26 / 10]--
--[26 / 16]--
--[26 / 17]--
--[23 / 0]--
--[23 / 3]--
--[23 / 11]--
--[23 / 16]--
--[22 / 0]--
--[20 / 0]--
--[20 / 2]--
--[20 / 9]--
--[19 / 0]--
--[16 / 0]--
--[15 / 0]--
--[15 / 2]--
--[15 / 9]--
--[15 / 10]--
--[15 / 16]--
--[12 / 0]--
--[12 / 1]--
--[12 / 2]--
--[11 / 0]--
--[9 / 0]--
--[9 / 2]--
--[9 / 9]--
--[8 / 0]--
--[5 / 0]--
--[0 / 0]--
Total time: 150.168
Nodes generated during search: 5624473
Nodes expanded during search: 3734643
Plan found with cost: 67
Fast-BFS search completed in 150.168 secs
