Domain: domain.pddl Problem: ins.pddl
Generating Datalog program... [0.000s CPU, 0.002s wall-clock]
Normalizing Datalog program...
Normalizing Datalog program: [0.020s CPU, 0.018s wall-clock]
Preparing model... [0.010s CPU, 0.008s wall-clock]
Generated 624 rules.
Computing model... [0.010s CPU, 0.010s wall-clock]
547 relevant atoms
776 auxiliary atoms
1323 final queue length
1762 total queue pushes
Completing instantiation... [0.020s CPU, 0.019s wall-clock]
goal relaxed reachable: True
211 atoms
Computing fact groups...
Finding invariants...
97 initial candidates
Finding invariants: [0.090s CPU, 0.085s wall-clock]
Checking invariant weight... [0.000s CPU, 0.001s wall-clock]
Instantiating groups... [0.000s CPU, 0.000s wall-clock]
Collecting mutex groups... [0.000s CPU, 0.000s wall-clock]
Choosing groups...
112 uncovered facts
Choosing groups: [0.000s CPU, 0.000s wall-clock]
Building translation key... [0.000s CPU, 0.000s wall-clock]
Computing fact groups: [0.090s CPU, 0.088s wall-clock]
Deterministic 308 actions
4 negated fluents created
Invariants 161

 Match tree built with 308 nodes.

PDDL problem description loaded: 
	Domain: blocks
	Problem: p3-09092015162748
	#Actions: 308
	#Fluents: 215
Goals found: 1
Goals_Edges found: 1
Starting search with BFWS-f5-landmarks...
--[38 / 0]--
--[38 / 1]--
--[37 / 0]--
--[37 / 1]--
--[35 / 0]--
--[35 / 2]--
--[35 / 6]--
--[33 / 0]--
--[33 / 2]--
--[33 / 4]--
--[31 / 0]--
--[29 / 0]--
--[29 / 1]--
--[29 / 8]--
--[28 / 0]--
--[28 / 7]--
--[26 / 0]--
--[24 / 0]--
--[22 / 0]--
--[21 / 0]--
--[21 / 7]--
--[21 / 8]--
--[21 / 9]--
--[19 / 0]--
--[19 / 1]--
--[19 / 2]--
--[19 / 8]--
--[16 / 0]--
--[15 / 0]--
--[15 / 2]--
--[15 / 9]--
--[15 / 10]--
--[15 / 16]--
--[15 / 17]--
--[14 / 0]--
--[11 / 0]--
--[9 / 0]--
--[9 / 2]--
--[9 / 4]--
--[8 / 0]--
--[5 / 0]--
--[0 / 0]--
Total time: 1.588
Nodes generated during search: 150259
Nodes expanded during search: 56362
Plan found with cost: 82
Fast-BFS search completed in 1.588 secs
