Domain: domain.pddl Problem: ins.pddl
Generating Datalog program... [0.000s CPU, 0.002s wall-clock]
Normalizing Datalog program...
Normalizing Datalog program: [0.020s CPU, 0.019s wall-clock]
Preparing model... [0.010s CPU, 0.009s wall-clock]
Generated 627 rules.
Computing model... [0.010s CPU, 0.014s wall-clock]
547 relevant atoms
776 auxiliary atoms
1323 final queue length
1762 total queue pushes
Completing instantiation... [0.030s CPU, 0.025s wall-clock]
goal relaxed reachable: True
211 atoms
Computing fact groups...
Finding invariants...
97 initial candidates
Finding invariants: [0.070s CPU, 0.068s wall-clock]
Checking invariant weight... [0.000s CPU, 0.001s wall-clock]
Instantiating groups... [0.000s CPU, 0.001s wall-clock]
Collecting mutex groups... [0.000s CPU, 0.000s wall-clock]
Choosing groups...
112 uncovered facts
Choosing groups: [0.000s CPU, 0.001s wall-clock]
Building translation key... [0.000s CPU, 0.000s wall-clock]
Computing fact groups: [0.070s CPU, 0.072s wall-clock]
Deterministic 308 actions
4 negated fluents created
Invariants 161

 Match tree built with 308 nodes.

PDDL problem description loaded: 
	Domain: blocks
	Problem: p2-09092015162521
	#Actions: 308
	#Fluents: 215
Goals found: 1
Goals_Edges found: 1
Starting search with BFWS-f5-landmarks...
--[38 / 0]--
--[38 / 1]--
--[37 / 0]--
--[37 / 1]--
--[35 / 0]--
--[35 / 2]--
--[35 / 6]--
--[33 / 0]--
--[33 / 2]--
--[33 / 4]--
--[31 / 0]--
--[29 / 0]--
--[29 / 1]--
--[29 / 8]--
--[28 / 0]--
--[28 / 7]--
--[26 / 0]--
--[24 / 0]--
--[22 / 0]--
--[21 / 0]--
--[21 / 7]--
--[19 / 0]--
--[19 / 1]--
--[19 / 2]--
--[19 / 8]--
--[19 / 9]--
--[16 / 0]--
--[15 / 0]--
--[15 / 2]--
--[15 / 9]--
--[15 / 10]--
--[15 / 11]--
--[14 / 0]--
--[11 / 0]--
--[9 / 0]--
--[9 / 2]--
--[9 / 9]--
--[8 / 0]--
--[5 / 0]--
--[0 / 0]--
Total time: 4.476
Nodes generated during search: 215677
Nodes expanded during search: 111711
Plan found with cost: 72
Fast-BFS search completed in 4.476 secs
