Domain: domain.pddl Problem: ins.pddl
Generating Datalog program... [0.000s CPU, 0.002s wall-clock]
Normalizing Datalog program...
Normalizing Datalog program: [0.020s CPU, 0.018s wall-clock]
Preparing model... [0.000s CPU, 0.009s wall-clock]
Generated 624 rules.
Computing model... [0.010s CPU, 0.012s wall-clock]
547 relevant atoms
776 auxiliary atoms
1323 final queue length
1762 total queue pushes
Completing instantiation... [0.020s CPU, 0.020s wall-clock]
goal relaxed reachable: True
211 atoms
Computing fact groups...
Finding invariants...
97 initial candidates
Finding invariants: [0.110s CPU, 0.106s wall-clock]
Checking invariant weight... [0.000s CPU, 0.001s wall-clock]
Instantiating groups... [0.000s CPU, 0.001s wall-clock]
Collecting mutex groups... [0.000s CPU, 0.000s wall-clock]
Choosing groups...
112 uncovered facts
Choosing groups: [0.000s CPU, 0.000s wall-clock]
Building translation key... [0.000s CPU, 0.000s wall-clock]
Computing fact groups: [0.110s CPU, 0.110s wall-clock]
Deterministic 308 actions
4 negated fluents created
Invariants 161

 Match tree built with 308 nodes.

PDDL problem description loaded: 
	Domain: blocks
	Problem: p3-09092015162748
	#Actions: 308
	#Fluents: 215
Goals found: 1
Goals_Edges found: 1
Starting search with BFWS-f5-landmarks...
--[38 / 0]--
--[38 / 1]--
--[37 / 0]--
--[37 / 1]--
--[35 / 0]--
--[35 / 2]--
--[35 / 5]--
--[35 / 6]--
--[33 / 0]--
--[33 / 2]--
--[33 / 4]--
--[32 / 0]--
--[32 / 1]--
--[32 / 2]--
--[32 / 5]--
--[32 / 6]--
--[31 / 0]--
--[31 / 1]--
--[31 / 2]--
--[31 / 5]--
--[28 / 0]--
--[28 / 1]--
--[26 / 0]--
--[26 / 1]--
--[26 / 9]--
--[26 / 11]--
--[26 / 12]--
--[25 / 0]--
--[22 / 0]--
--[20 / 0]--
--[20 / 2]--
--[20 / 9]--
--[20 / 11]--
--[20 / 12]--
--[20 / 17]--
--[19 / 0]--
--[16 / 0]--
--[14 / 0]--
--[14 / 2]--
--[14 / 9]--
--[13 / 0]--
--[10 / 0]--
--[9 / 0]--
--[9 / 2]--
--[9 / 9]--
--[9 / 11]--
--[9 / 17]--
--[8 / 0]--
--[5 / 0]--
--[0 / 0]--
Total time: 120.5
Nodes generated during search: 5657762
Nodes expanded during search: 3757268
Plan found with cost: 65
Fast-BFS search completed in 120.5 secs
