INFO     Running translator.
INFO     translator inputs: ['domain.pddl', 'ins.pddl']
INFO     translator arguments: []
Parsing...
Parsing: [0.040s CPU, 0.042s wall-clock]
Normalizing task... [0.010s CPU, 0.003s wall-clock]
Instantiating...
Generating Datalog program... [0.000s CPU, 0.003s wall-clock]
Normalizing Datalog program...
Unbound effect variables: Adding @object predicate.
Normalizing Datalog program: [0.020s CPU, 0.020s wall-clock]
Preparing model... [0.010s CPU, 0.011s wall-clock]
Generated 668 rules.
Computing model... [0.010s CPU, 0.012s wall-clock]
542 relevant atoms
610 auxiliary atoms
1152 final queue length
1919 total queue pushes
Completing instantiation... [0.030s CPU, 0.034s wall-clock]
Instantiating: [0.070s CPU, 0.081s wall-clock]
Computing fact groups...
Finding invariants...
101 initial candidates
Finding invariants: [25.670s CPU, 25.669s wall-clock]
Checking invariant weight... [0.000s CPU, 0.000s wall-clock]
Instantiating groups... [0.000s CPU, 0.000s wall-clock]
Collecting mutex groups... [0.000s CPU, 0.000s wall-clock]
Choosing groups...
295 uncovered facts
Choosing groups: [0.000s CPU, 0.000s wall-clock]
Building translation key... [0.000s CPU, 0.002s wall-clock]
Computing fact groups: [25.670s CPU, 25.675s wall-clock]
Building STRIPS to SAS dictionary... [0.000s CPU, 0.000s wall-clock]
Building dictionary for full mutex groups... [0.000s CPU, 0.000s wall-clock]
Building mutex information...
Building mutex information: [0.010s CPU, 0.000s wall-clock]
Translating task...
Processing axioms...
Simplifying axioms... [0.000s CPU, 0.000s wall-clock]
Processing axioms: [0.000s CPU, 0.002s wall-clock]
Translating task: [0.030s CPU, 0.030s wall-clock]
634 effect conditions simplified
0 implied preconditions added
Detecting unreachable propositions...
0 operators removed
334 propositions removed
Detecting unreachable propositions: [0.000s CPU, 0.007s wall-clock]
Translator variables: 137
Translator derived variables: 8
Translator facts: 296
Translator goal facts: 1
Translator mutex groups: 24
Translator total mutex groups size: 68
Translator operators: 124
Translator axioms: 8
Translator task size: 3575
Translator peak memory: 142204 KB
Writing output... [0.020s CPU, 0.011s wall-clock]
Done! [25.850s CPU, 25.852s wall-clock]
INFO     Running preprocessor.
INFO     preprocessor input: output.sas
INFO     preprocessor arguments: []
Building causal graph...
The causal graph is not acyclic.
137 variables of 137 necessary
18 of 24 mutex groups necessary.
124 of 124 operators necessary.
8 of 8 axiom rules necessary.
Building domain transition graphs...
solveable in poly time 0
Building successor generator...
Preprocessor facts: 296
Preprocessor derived variables: 8
Preprocessor task size: 3550
Writing output...
done
INFO     Running search.
INFO     search input: output
INFO     search executable: /home/javi/Desktop/automated-programming-framework-private/PLANNERS/fast-downward/src/search/downward-release
INFO     search arguments: ['--if-unit-cost', '--heuristic', 'hlm,hff=lm_ff_syn(lm_rhw(reasonable_orders=true))', '--search', 'iterated([lazy_greedy([hff,hlm],preferred=[hff,hlm]),lazy_wastar([hff,hlm],preferred=[hff,hlm],w=5),lazy_wastar([hff,hlm],preferred=[hff,hlm],w=3),lazy_wastar([hff,hlm],preferred=[hff,hlm],w=2),lazy_wastar([hff,hlm],preferred=[hff,hlm],w=1)],repeat_last=true,continue_on_fail=true)', '--if-non-unit-cost', '--heuristic', 'hlm1,hff1=lm_ff_syn(lm_rhw(reasonable_orders=true,lm_cost_type=one,cost_type=one))', '--heuristic', 'hlm2,hff2=lm_ff_syn(lm_rhw(reasonable_orders=true,lm_cost_type=plusone,cost_type=plusone))', '--search', 'iterated([lazy_greedy([hff1,hlm1],preferred=[hff1,hlm1],cost_type=one,reopen_closed=false),lazy_greedy([hff2,hlm2],preferred=[hff2,hlm2],reopen_closed=false),lazy_wastar([hff2,hlm2],preferred=[hff2,hlm2],w=5),lazy_wastar([hff2,hlm2],preferred=[hff2,hlm2],w=3),lazy_wastar([hff2,hlm2],preferred=[hff2,hlm2],w=2),lazy_wastar([hff2,hlm2],preferred=[hff2,hlm2],w=1)],repeat_last=true,continue_on_fail=true)', '--always', '--internal-plan-file', 'sas_plan']
reading input... [t=0.00s]
Simplifying transitions... done!
done reading input! [t=0.02s]
building causal graph...done! [t=0.04s]
packing state variables...done! [t=0.04s]
Variables: 137
Facts: 296
Bytes per state: 20
done initalizing global data [t=0.04s]
Initializing Exploration...
Generating landmarks using the RPG/SAS+ approach
approx. reasonable orders
approx. obedient reasonable orders
Removed 0 reasonable or obedient reasonable orders
Landmarks generation time: 0.00s
Discovered 13 landmarks, of which 0 are disjunctive and 0 are conjunctive 
26 edges
Landmark graph: 
LM 2 NegatedAtom done-programming() (var104(136)->1) Achievers (0, 0)
		->_gn  LM 0 Atom done-programming() (var104(136)->0)(goal) Achievers (1, 1)

LM 0 Atom done-programming() (var104(136)->0)(goal) Achievers (1, 1)
		<-_gn  LM 5 Atom test-2() (var136(27)->2) Achievers (3, 3)
		<-_gn  LM 1 Atom checked() (var11(121)->0) Achievers (16, 6)
		<-_gn  LM 4 Atom negex() (var122(19)->0) Achievers (3, 3)
		<-_nat LM 9 Atom test-1() (var136(27)->1) Achievers (3, 3)
		<-_gn  LM 2 NegatedAtom done-programming() (var104(136)->1) Achievers (0, 0)
		<-_gn  LM 3 NegatedAtom holds() (var112(125)->1) Achievers (12, 6)

LM 3 NegatedAtom holds() (var112(125)->1) Achievers (12, 6)
		->_r   LM 1 Atom checked() (var11(121)->0) Achievers (16, 6)
		->_gn  LM 11 Atom holds() (var112(125)->0) Achievers (15, 15)
		->_gn  LM 0 Atom done-programming() (var104(136)->0)(goal) Achievers (1, 1)

LM 11 Atom holds() (var112(125)->0) Achievers (15, 15)
		<-_gn  LM 6 NegatedAtom loop() (var121(71)->1) Achievers (7, 3)
		<-_gn  LM 7 NegatedAtom checked() (var11(121)->1) Achievers (12, 6)
		<-_gn  LM 3 NegatedAtom holds() (var112(125)->1) Achievers (12, 6)
		->_gn  LM 9 Atom test-1() (var136(27)->1) Achievers (3, 3)
		->_gn  LM 5 Atom test-2() (var136(27)->2) Achievers (3, 3)
		->_gn  LM 4 Atom negex() (var122(19)->0) Achievers (3, 3)

LM 7 NegatedAtom checked() (var11(121)->1) Achievers (12, 6)
		->_gn  LM 11 Atom holds() (var112(125)->0) Achievers (15, 15)
		->_gn  LM 1 Atom checked() (var11(121)->0) Achievers (16, 6)

LM 1 Atom checked() (var11(121)->0) Achievers (16, 6)
		<-_r   LM 3 NegatedAtom holds() (var112(125)->1) Achievers (12, 6)
		<-_gn  LM 7 NegatedAtom checked() (var11(121)->1) Achievers (12, 6)
		<-_gn  LM 6 NegatedAtom loop() (var121(71)->1) Achievers (7, 3)
		->_gn  LM 9 Atom test-1() (var136(27)->1) Achievers (3, 3)
		->_gn  LM 4 Atom negex() (var122(19)->0) Achievers (3, 3)
		->_gn  LM 5 Atom test-2() (var136(27)->2) Achievers (3, 3)
		->_gn  LM 0 Atom done-programming() (var104(136)->0)(goal) Achievers (1, 1)

LM 6 NegatedAtom loop() (var121(71)->1) Achievers (7, 3)
		->_gn  LM 11 Atom holds() (var112(125)->0) Achievers (15, 15)
		->_gn  LM 1 Atom checked() (var11(121)->0) Achievers (16, 6)

LM 5 Atom test-2() (var136(27)->2) Achievers (3, 3)
		<-_nat LM 12 Atom test-0() (var136(27)->0) Achievers (0, 0)
		<-_gn  LM 9 Atom test-1() (var136(27)->1) Achievers (3, 3)
		<-_gn  LM 1 Atom checked() (var11(121)->0) Achievers (16, 6)
		<-_gn  LM 10 NegatedAtom stored() (var135(15)->1) Achievers (1, 1)
		<-_gn  LM 11 Atom holds() (var112(125)->0) Achievers (15, 15)
		->_gn  LM 0 Atom done-programming() (var104(136)->0)(goal) Achievers (1, 1)

LM 9 Atom test-1() (var136(27)->1) Achievers (3, 3)
		<-_gn  LM 11 Atom holds() (var112(125)->0) Achievers (15, 15)
		<-_gn  LM 10 NegatedAtom stored() (var135(15)->1) Achievers (1, 1)
		<-_gn  LM 1 Atom checked() (var11(121)->0) Achievers (16, 6)
		<-_gn  LM 12 Atom test-0() (var136(27)->0) Achievers (0, 0)
		->_nat LM 0 Atom done-programming() (var104(136)->0)(goal) Achievers (1, 1)
		->_gn  LM 5 Atom test-2() (var136(27)->2) Achievers (3, 3)
		->_gn  LM 4 Atom negex() (var122(19)->0) Achievers (3, 3)

LM 12 Atom test-0() (var136(27)->0) Achievers (0, 0)
		->_gn  LM 9 Atom test-1() (var136(27)->1) Achievers (3, 3)
		->_nat LM 5 Atom test-2() (var136(27)->2) Achievers (3, 3)

LM 8 NegatedAtom negex() (var122(19)->1) Achievers (0, 0)
		->_gn  LM 4 Atom negex() (var122(19)->0) Achievers (3, 3)

LM 4 Atom negex() (var122(19)->0) Achievers (3, 3)
		<-_gn  LM 11 Atom holds() (var112(125)->0) Achievers (15, 15)
		<-_gn  LM 8 NegatedAtom negex() (var122(19)->1) Achievers (0, 0)
		<-_gn  LM 9 Atom test-1() (var136(27)->1) Achievers (3, 3)
		<-_gn  LM 1 Atom checked() (var11(121)->0) Achievers (16, 6)
		<-_gn  LM 10 NegatedAtom stored() (var135(15)->1) Achievers (1, 1)
		->_gn  LM 0 Atom done-programming() (var104(136)->0)(goal) Achievers (1, 1)

LM 10 NegatedAtom stored() (var135(15)->1) Achievers (1, 1)
		->_gn  LM 9 Atom test-1() (var136(27)->1) Achievers (3, 3)
		->_gn  LM 5 Atom test-2() (var136(27)->2) Achievers (3, 3)
		->_gn  LM 4 Atom negex() (var122(19)->0) Achievers (3, 3)

Landmark graph end.
Initializing LAMA-FF Synergy Object
Initializing landmarks count heuristic...
7 initial landmarks, 1 goal landmarks
Initializing Exploration...
Generating landmarks using the RPG/SAS+ approach
Switch from bucket-based to heap-based queue at key = 1002, num_pushes = 137
approx. reasonable orders
approx. obedient reasonable orders
Removed 0 reasonable or obedient reasonable orders
Landmarks generation time: 0.00s
Discovered 13 landmarks, of which 0 are disjunctive and 0 are conjunctive 
25 edges
Landmark graph: 
LM 1 NegatedAtom done-programming() (var104(136)->1) Achievers (0, 0)
		->_gn  LM 2 Atom done-programming() (var104(136)->0)(goal) Achievers (1, 1)

LM 2 Atom done-programming() (var104(136)->0)(goal) Achievers (1, 1)
		<-_gn  LM 5 Atom test-2() (var136(27)->2) Achievers (3, 3)
		<-_gn  LM 4 Atom checked() (var11(121)->0) Achievers (16, 6)
		<-_nat LM 9 Atom test-1() (var136(27)->1) Achievers (3, 3)
		<-_gn  LM 0 NegatedAtom holds() (var112(125)->1) Achievers (12, 6)
		<-_gn  LM 3 Atom negex() (var122(19)->0) Achievers (3, 3)
		<-_gn  LM 1 NegatedAtom done-programming() (var104(136)->1) Achievers (0, 0)

LM 0 NegatedAtom holds() (var112(125)->1) Achievers (12, 6)
		->_gn  LM 11 Atom holds() (var112(125)->0) Achievers (15, 15)
		->_gn  LM 2 Atom done-programming() (var104(136)->0)(goal) Achievers (1, 1)

LM 11 Atom holds() (var112(125)->0) Achievers (15, 15)
		<-_gn  LM 6 NegatedAtom loop() (var121(71)->1) Achievers (7, 3)
		<-_gn  LM 7 NegatedAtom checked() (var11(121)->1) Achievers (12, 6)
		<-_gn  LM 0 NegatedAtom holds() (var112(125)->1) Achievers (12, 6)
		->_gn  LM 9 Atom test-1() (var136(27)->1) Achievers (3, 3)
		->_gn  LM 5 Atom test-2() (var136(27)->2) Achievers (3, 3)
		->_gn  LM 3 Atom negex() (var122(19)->0) Achievers (3, 3)

LM 7 NegatedAtom checked() (var11(121)->1) Achievers (12, 6)
		->_gn  LM 11 Atom holds() (var112(125)->0) Achievers (15, 15)
		->_gn  LM 4 Atom checked() (var11(121)->0) Achievers (16, 6)

LM 4 Atom checked() (var11(121)->0) Achievers (16, 6)
		<-_gn  LM 7 NegatedAtom checked() (var11(121)->1) Achievers (12, 6)
		<-_gn  LM 6 NegatedAtom loop() (var121(71)->1) Achievers (7, 3)
		->_gn  LM 3 Atom negex() (var122(19)->0) Achievers (3, 3)
		->_gn  LM 9 Atom test-1() (var136(27)->1) Achievers (3, 3)
		->_gn  LM 5 Atom test-2() (var136(27)->2) Achievers (3, 3)
		->_gn  LM 2 Atom done-programming() (var104(136)->0)(goal) Achievers (1, 1)

LM 6 NegatedAtom loop() (var121(71)->1) Achievers (7, 3)
		->_gn  LM 11 Atom holds() (var112(125)->0) Achievers (15, 15)
		->_gn  LM 4 Atom checked() (var11(121)->0) Achievers (16, 6)

LM 5 Atom test-2() (var136(27)->2) Achievers (3, 3)
		<-_gn  LM 9 Atom test-1() (var136(27)->1) Achievers (3, 3)
		<-_gn  LM 4 Atom checked() (var11(121)->0) Achievers (16, 6)
		<-_gn  LM 11 Atom holds() (var112(125)->0) Achievers (15, 15)
		<-_nat LM 12 Atom test-0() (var136(27)->0) Achievers (0, 0)
		<-_gn  LM 10 NegatedAtom stored() (var135(15)->1) Achievers (1, 1)
		->_gn  LM 2 Atom done-programming() (var104(136)->0)(goal) Achievers (1, 1)

LM 9 Atom test-1() (var136(27)->1) Achievers (3, 3)
		<-_gn  LM 10 NegatedAtom stored() (var135(15)->1) Achievers (1, 1)
		<-_gn  LM 11 Atom holds() (var112(125)->0) Achievers (15, 15)
		<-_gn  LM 4 Atom checked() (var11(121)->0) Achievers (16, 6)
		<-_gn  LM 12 Atom test-0() (var136(27)->0) Achievers (0, 0)
		->_nat LM 2 Atom done-programming() (var104(136)->0)(goal) Achievers (1, 1)
		->_gn  LM 5 Atom test-2() (var136(27)->2) Achievers (3, 3)
		->_gn  LM 3 Atom negex() (var122(19)->0) Achievers (3, 3)

LM 12 Atom test-0() (var136(27)->0) Achievers (0, 0)
		->_gn  LM 9 Atom test-1() (var136(27)->1) Achievers (3, 3)
		->_nat LM 5 Atom test-2() (var136(27)->2) Achievers (3, 3)

LM 8 NegatedAtom negex() (var122(19)->1) Achievers (0, 0)
		->_gn  LM 3 Atom negex() (var122(19)->0) Achievers (3, 3)

LM 3 Atom negex() (var122(19)->0) Achievers (3, 3)
		<-_gn  LM 11 Atom holds() (var112(125)->0) Achievers (15, 15)
		<-_gn  LM 8 NegatedAtom negex() (var122(19)->1) Achievers (0, 0)
		<-_gn  LM 4 Atom checked() (var11(121)->0) Achievers (16, 6)
		<-_gn  LM 9 Atom test-1() (var136(27)->1) Achievers (3, 3)
		<-_gn  LM 10 NegatedAtom stored() (var135(15)->1) Achievers (1, 1)
		->_gn  LM 2 Atom done-programming() (var104(136)->0)(goal) Achievers (1, 1)

LM 10 NegatedAtom stored() (var135(15)->1) Achievers (1, 1)
		->_gn  LM 9 Atom test-1() (var136(27)->1) Achievers (3, 3)
		->_gn  LM 5 Atom test-2() (var136(27)->2) Achievers (3, 3)
		->_gn  LM 3 Atom negex() (var122(19)->0) Achievers (3, 3)

Landmark graph end.
Initializing LAMA-FF Synergy Object
Initializing landmarks count heuristic...
7 initial landmarks, 1 goal landmarks
Starting search: lazy_greedy(list(hff1, hlm1), preferred = list(hff1, hlm1), cost_type = one, reopen_closed = false)
Conducting lazy best first search, (real) bound = 2147483647
Best heuristic value: 6/10 [g=0, 1 evaluated, 0 expanded, t=0.04s, 4836 KB]
Best heuristic value: 6/6 [g=1, 2 evaluated, 1 expanded, t=0.04s, 4836 KB]
Best heuristic value: 5/5 [g=2, 3 evaluated, 2 expanded, t=0.04s, 4836 KB]
Best heuristic value: 5/4 [g=7, 10 evaluated, 9 expanded, t=0.04s, 4836 KB]
Best heuristic value: 5/3 [g=8, 11 evaluated, 10 expanded, t=0.04s, 4836 KB]
Best heuristic value: 4/2 [g=15, 154 evaluated, 108 expanded, t=0.06s, 4836 KB]
Best heuristic value: 2/2 [g=16, 155 evaluated, 109 expanded, t=0.06s, 4836 KB]
Best heuristic value: 1/1 [g=23, 162 evaluated, 116 expanded, t=0.06s, 4836 KB]
Solution found!
Actual search time: 0.02s [t=0.06s]
program-goto-current-content-0-3 a row-0 (1001)
eval-cond-current-content-0-0 a row-0 (1)
dont-goto-0-0-3 row-0 (1)
program-process-a-1 row-0 (1001)
check-process-a-0-1 row-0 (0)
execute-process-a-0-1 row-0 (1)
program-process-b-2 row-0 (1001)
check-process-b-0-2 row-0 (0)
execute-process-b-0-2 row-0 (1)
program-end-3 row-0 (1)
check-main-end-0-3 row-0 (0)
repeat-end-main-0-3 row-0 (0)
eval-cond-current-content-0-0 a row-0 (1)
do-goto-0-0-3 row-0 (1)
check-main-end-1-3 row-0 (0)
repeat-end-main-1-3 row-0 (0)
eval-cond-current-content-0-0 a row-0 (1)
dont-goto-0-0-3 row-0 (1)
check-process-a-0-1 row-0 (0)
execute-process-a-0-1 row-0 (1)
check-process-b-0-2 row-0 (0)
execute-process-b-0-2 row-0 (1)
check-main-end-2-3 row-0 (0)
skip-2  (0)
Plan length: 24 step(s).
Plan cost: 3014
Initial state h value: 6/10.
Expanded 117 state(s).
Reopened 0 state(s).
Evaluated 163 state(s).
Evaluations: 326
Generated 423 state(s).
Dead ends: 45 state(s).
Best solution cost so far: 3014
Solution found - keep searching
Starting search: lazy_greedy(list(hff2, hlm2), preferred = list(hff2, hlm2), reopen_closed = false)
Conducting lazy best first search, (real) bound = 3014
Best heuristic value: 6/3016 [g=0, 1 evaluated, 0 expanded, t=0.06s, 4836 KB]
Best heuristic value: 6/8 [g=1001, 2 evaluated, 1 expanded, t=0.06s, 4836 KB]
Best heuristic value: 5/7 [g=1001, 3 evaluated, 2 expanded, t=0.06s, 4836 KB]
Best heuristic value: 5/6 [g=2004, 9 evaluated, 8 expanded, t=0.06s, 4836 KB]
Best heuristic value: 5/4 [g=2005, 10 evaluated, 9 expanded, t=0.06s, 4836 KB]
Best heuristic value: 5/3 [g=2005, 11 evaluated, 10 expanded, t=0.06s, 4836 KB]
Best heuristic value: 4/2 [g=3010, 154 evaluated, 108 expanded, t=0.07s, 4836 KB]
Best heuristic value: 2/2 [g=3010, 155 evaluated, 109 expanded, t=0.07s, 4836 KB]
Completely explored state space -- no solution!
Actual search time: 0.10s [t=0.16s]
Initial state h value: 6/3016.
Expanded 529 state(s).
Reopened 0 state(s).
Evaluated 1744 state(s).
Evaluations: 3488
Generated 1914 state(s).
Dead ends: 1215 state(s).
Best solution cost so far: 3014
No solution found - keep searching
Starting search: lazy_wastar(list(hff2, hlm2), preferred = list(hff2, hlm2), w = 5)
Conducting lazy best first search, (real) bound = 3014
Best heuristic value: 6/3016 [g=0, 1 evaluated, 0 expanded, t=0.16s, 4836 KB]
Best heuristic value: 6/8 [g=1001, 2 evaluated, 1 expanded, t=0.16s, 4836 KB]
Best heuristic value: 5/7 [g=1001, 3 evaluated, 2 expanded, t=0.16s, 4836 KB]
Best heuristic value: 5/6 [g=2004, 16 evaluated, 12 expanded, t=0.16s, 4836 KB]
Best heuristic value: 5/4 [g=2005, 17 evaluated, 13 expanded, t=0.16s, 4836 KB]
Best heuristic value: 5/3 [g=2005, 18 evaluated, 14 expanded, t=0.16s, 4836 KB]
Best heuristic value: 4/2 [g=3010, 118 evaluated, 88 expanded, t=0.16s, 4836 KB]
Best heuristic value: 2/2 [g=3010, 119 evaluated, 89 expanded, t=0.16s, 4836 KB]
Completely explored state space -- no solution!
Actual search time: 0.07s [t=0.23s]
Initial state h value: 6/3016.
Expanded 529 state(s).
Reopened 0 state(s).
Evaluated 1744 state(s).
Evaluations: 3488
Generated 1914 state(s).
Dead ends: 1215 state(s).
Best solution cost so far: 3014
No solution found - keep searching
Starting search: lazy_wastar(list(hff2, hlm2), preferred = list(hff2, hlm2), w = 3)
Conducting lazy best first search, (real) bound = 3014
Best heuristic value: 6/3016 [g=0, 1 evaluated, 0 expanded, t=0.23s, 4836 KB]
Best heuristic value: 6/8 [g=1001, 2 evaluated, 1 expanded, t=0.23s, 4836 KB]
Best heuristic value: 5/7 [g=1001, 3 evaluated, 2 expanded, t=0.23s, 4836 KB]
Best heuristic value: 5/6 [g=2004, 16 evaluated, 12 expanded, t=0.23s, 4836 KB]
Best heuristic value: 5/4 [g=2005, 17 evaluated, 13 expanded, t=0.23s, 4836 KB]
Best heuristic value: 5/3 [g=2005, 18 evaluated, 14 expanded, t=0.23s, 4836 KB]
Best heuristic value: 4/2 [g=3010, 118 evaluated, 88 expanded, t=0.24s, 4836 KB]
Best heuristic value: 2/2 [g=3010, 119 evaluated, 89 expanded, t=0.24s, 4836 KB]
Completely explored state space -- no solution!
Actual search time: 0.07s [t=0.30s]
Initial state h value: 6/3016.
Expanded 529 state(s).
Reopened 0 state(s).
Evaluated 1744 state(s).
Evaluations: 3488
Generated 1914 state(s).
Dead ends: 1215 state(s).
Best solution cost so far: 3014
No solution found - keep searching
Starting search: lazy_wastar(list(hff2, hlm2), preferred = list(hff2, hlm2), w = 2)
Conducting lazy best first search, (real) bound = 3014
Best heuristic value: 6/3016 [g=0, 1 evaluated, 0 expanded, t=0.30s, 4836 KB]
Best heuristic value: 6/8 [g=1001, 2 evaluated, 1 expanded, t=0.30s, 4836 KB]
Best heuristic value: 5/7 [g=1001, 3 evaluated, 2 expanded, t=0.30s, 4836 KB]
Best heuristic value: 5/6 [g=2004, 16 evaluated, 12 expanded, t=0.31s, 4836 KB]
Best heuristic value: 5/4 [g=2005, 17 evaluated, 13 expanded, t=0.31s, 4836 KB]
Best heuristic value: 5/3 [g=2005, 18 evaluated, 14 expanded, t=0.31s, 4836 KB]
Best heuristic value: 4/2 [g=3010, 118 evaluated, 88 expanded, t=0.31s, 4836 KB]
Best heuristic value: 2/2 [g=3010, 119 evaluated, 89 expanded, t=0.31s, 4836 KB]
Completely explored state space -- no solution!
Actual search time: 0.08s [t=0.38s]
Initial state h value: 6/3016.
Expanded 529 state(s).
Reopened 0 state(s).
Evaluated 1744 state(s).
Evaluations: 3488
Generated 1914 state(s).
Dead ends: 1215 state(s).
Best solution cost so far: 3014
No solution found - keep searching
Starting search: lazy_wastar(list(hff2, hlm2), preferred = list(hff2, hlm2), w = 1)
Conducting lazy best first search, (real) bound = 3014
Best heuristic value: 6/3016 [g=0, 1 evaluated, 0 expanded, t=0.38s, 4836 KB]
Best heuristic value: 6/8 [g=1001, 2 evaluated, 1 expanded, t=0.38s, 4836 KB]
Best heuristic value: 5/7 [g=1001, 3 evaluated, 2 expanded, t=0.38s, 4836 KB]
Best heuristic value: 5/6 [g=2004, 16 evaluated, 12 expanded, t=0.38s, 4836 KB]
Best heuristic value: 5/4 [g=2005, 17 evaluated, 13 expanded, t=0.38s, 4836 KB]
Best heuristic value: 5/3 [g=2005, 18 evaluated, 14 expanded, t=0.38s, 4836 KB]
Best heuristic value: 4/2 [g=3010, 118 evaluated, 88 expanded, t=0.38s, 4836 KB]
Best heuristic value: 2/2 [g=3010, 119 evaluated, 89 expanded, t=0.38s, 4836 KB]
Completely explored state space -- no solution!
Actual search time: 0.07s [t=0.45s]
Initial state h value: 6/3016.
Expanded 529 state(s).
Reopened 0 state(s).
Evaluated 1744 state(s).
Evaluations: 3488
Generated 1914 state(s).
Dead ends: 1215 state(s).
Best solution cost so far: 3014
No solution found - keep searching
Actual search time: 0.41s [t=0.45s]
Cumulative statistics:
Expanded 2762 state(s).
Reopened 0 state(s).
Evaluated 8883 state(s).
Evaluations: 17766
Generated 9993 state(s).
Dead ends: 0 state(s).
Search time: 0.41s
Total time: 0.45s
Solution found.
Peak memory: 4836 KB
