INFO     Running translator.
INFO     translator inputs: ['domain.pddl', 'ins.pddl']
INFO     translator arguments: []
Parsing...
Parsing: [0.050s CPU, 0.057s wall-clock]
Normalizing task... [0.010s CPU, 0.004s wall-clock]
Instantiating...
Generating Datalog program... [0.010s CPU, 0.005s wall-clock]
Normalizing Datalog program...
Normalizing Datalog program: [0.040s CPU, 0.041s wall-clock]
Preparing model... [0.020s CPU, 0.022s wall-clock]
Generated 1375 rules.
Computing model... [0.030s CPU, 0.033s wall-clock]
861 relevant atoms
1540 auxiliary atoms
2401 final queue length
6017 total queue pushes
Completing instantiation... [0.070s CPU, 0.070s wall-clock]
Instantiating: [0.170s CPU, 0.173s wall-clock]
Computing fact groups...
Finding invariants...
113 initial candidates
Finding invariants: [0.200s CPU, 0.200s wall-clock]
Checking invariant weight... [0.000s CPU, 0.000s wall-clock]
Instantiating groups... [0.000s CPU, 0.000s wall-clock]
Collecting mutex groups... [0.000s CPU, 0.000s wall-clock]
Choosing groups...
211 uncovered facts
Choosing groups: [0.000s CPU, 0.000s wall-clock]
Building translation key... [0.010s CPU, 0.001s wall-clock]
Computing fact groups: [0.210s CPU, 0.205s wall-clock]
Building STRIPS to SAS dictionary... [0.000s CPU, 0.000s wall-clock]
Building dictionary for full mutex groups... [0.000s CPU, 0.000s wall-clock]
Building mutex information...
Building mutex information: [0.000s CPU, 0.000s wall-clock]
Translating task...
Processing axioms...
Simplifying axioms... [0.000s CPU, 0.000s wall-clock]
Processing axioms: [0.000s CPU, 0.003s wall-clock]
Translating task: [0.500s CPU, 0.501s wall-clock]
520 effect conditions simplified
0 implied preconditions added
Detecting unreachable propositions...
0 operators removed
10 propositions removed
Detecting unreachable propositions: [0.080s CPU, 0.074s wall-clock]
Translator variables: 213
Translator derived variables: 0
Translator facts: 431
Translator goal facts: 1
Translator mutex groups: 35
Translator total mutex groups size: 72
Translator operators: 613
Translator axioms: 0
Translator task size: 50746
Translator peak memory: 23208 KB
Writing output... [0.060s CPU, 0.058s wall-clock]
Done! [1.080s CPU, 1.076s wall-clock]
INFO     Running preprocessor.
INFO     preprocessor input: output.sas
INFO     preprocessor arguments: []
Building causal graph...
The causal graph is not acyclic.
211 variables of 213 necessary
28 of 35 mutex groups necessary.
613 of 613 operators necessary.
0 of 0 axiom rules necessary.
Building domain transition graphs...
solveable in poly time 0
Building successor generator...
Preprocessor facts: 427
Preprocessor derived variables: 0
Preprocessor task size: 38761
Writing output...
done
INFO     Running search.
INFO     search input: output
INFO     search executable: /home/javi/Desktop/automated-programming-framework-private/PLANNERS/fast-downward/src/search/downward-release
INFO     search arguments: ['--if-unit-cost', '--heuristic', 'hlm,hff=lm_ff_syn(lm_rhw(reasonable_orders=true))', '--search', 'iterated([lazy_greedy([hff,hlm],preferred=[hff,hlm]),lazy_wastar([hff,hlm],preferred=[hff,hlm],w=5),lazy_wastar([hff,hlm],preferred=[hff,hlm],w=3),lazy_wastar([hff,hlm],preferred=[hff,hlm],w=2),lazy_wastar([hff,hlm],preferred=[hff,hlm],w=1)],repeat_last=true,continue_on_fail=true)', '--if-non-unit-cost', '--heuristic', 'hlm1,hff1=lm_ff_syn(lm_rhw(reasonable_orders=true,lm_cost_type=one,cost_type=one))', '--heuristic', 'hlm2,hff2=lm_ff_syn(lm_rhw(reasonable_orders=true,lm_cost_type=plusone,cost_type=plusone))', '--search', 'iterated([lazy_greedy([hff1,hlm1],preferred=[hff1,hlm1],cost_type=one,reopen_closed=false),lazy_greedy([hff2,hlm2],preferred=[hff2,hlm2],reopen_closed=false),lazy_wastar([hff2,hlm2],preferred=[hff2,hlm2],w=5),lazy_wastar([hff2,hlm2],preferred=[hff2,hlm2],w=3),lazy_wastar([hff2,hlm2],preferred=[hff2,hlm2],w=2),lazy_wastar([hff2,hlm2],preferred=[hff2,hlm2],w=1)],repeat_last=true,continue_on_fail=true)', '--always', '--internal-plan-file', 'sas_plan']
reading input... [t=0.00s]
Simplifying transitions... done!
done reading input! [t=0.14s]
building causal graph...done! [t=0.21s]
packing state variables...done! [t=0.21s]
Variables: 211
Facts: 427
Bytes per state: 28
done initalizing global data [t=0.21s]
Initializing Exploration...
Generating landmarks using the RPG/SAS+ approach
approx. reasonable orders
approx. obedient reasonable orders
Removed 0 reasonable or obedient reasonable orders
Landmarks generation time: 0.01s
Discovered 11 landmarks, of which 0 are disjunctive and 0 are conjunctive 
22 edges
Landmark graph: 
LM 4 NegatedAtom done-programming() (var152(210)->1) Achievers (0, 0)
		->_gn  LM 0 Atom done-programming() (var152(210)->0)(goal) Achievers (1, 1)

LM 0 Atom done-programming() (var152(210)->0)(goal) Achievers (1, 1)
		<-_nat LM 8 Atom test-1() (var196(144)->1) Achievers (4, 4)
		<-_nat LM 7 Atom holds() (var170(175)->0) Achievers (24, 12)
		<-_gn  LM 5 Atom test-2() (var196(144)->2) Achievers (4, 4)
		<-_gn  LM 2 NegatedAtom holds() (var170(175)->1) Achievers (20, 16)
		<-_gn  LM 3 Atom negex() (var188(209)->0) Achievers (4, 4)
		<-_gn  LM 1 Atom checked() (var10(163)->0) Achievers (24, 16)
		<-_gn  LM 4 NegatedAtom done-programming() (var152(210)->1) Achievers (0, 0)

LM 9 NegatedAtom negex() (var188(209)->1) Achievers (0, 0)
		->_gn  LM 3 Atom negex() (var188(209)->0) Achievers (4, 4)

LM 3 Atom negex() (var188(209)->0) Achievers (4, 4)
		<-_gn  LM 9 NegatedAtom negex() (var188(209)->1) Achievers (0, 0)
		<-_gn  LM 8 Atom test-1() (var196(144)->1) Achievers (4, 4)
		<-_gn  LM 1 Atom checked() (var10(163)->0) Achievers (24, 16)
		<-_gn  LM 7 Atom holds() (var170(175)->0) Achievers (24, 12)
		->_gn  LM 0 Atom done-programming() (var152(210)->0)(goal) Achievers (1, 1)

LM 2 NegatedAtom holds() (var170(175)->1) Achievers (20, 16)
		->_r   LM 1 Atom checked() (var10(163)->0) Achievers (24, 16)
		->_gn  LM 7 Atom holds() (var170(175)->0) Achievers (24, 12)
		->_gn  LM 0 Atom done-programming() (var152(210)->0)(goal) Achievers (1, 1)

LM 7 Atom holds() (var170(175)->0) Achievers (24, 12)
		<-_gn  LM 2 NegatedAtom holds() (var170(175)->1) Achievers (20, 16)
		<-_gn  LM 6 NegatedAtom checked() (var10(163)->1) Achievers (20, 16)
		->_nat LM 0 Atom done-programming() (var152(210)->0)(goal) Achievers (1, 1)
		->_gn  LM 8 Atom test-1() (var196(144)->1) Achievers (4, 4)
		->_gn  LM 5 Atom test-2() (var196(144)->2) Achievers (4, 4)
		->_gn  LM 3 Atom negex() (var188(209)->0) Achievers (4, 4)

LM 6 NegatedAtom checked() (var10(163)->1) Achievers (20, 16)
		->_gn  LM 7 Atom holds() (var170(175)->0) Achievers (24, 12)
		->_gn  LM 1 Atom checked() (var10(163)->0) Achievers (24, 16)

LM 1 Atom checked() (var10(163)->0) Achievers (24, 16)
		<-_r   LM 2 NegatedAtom holds() (var170(175)->1) Achievers (20, 16)
		<-_gn  LM 6 NegatedAtom checked() (var10(163)->1) Achievers (20, 16)
		->_gn  LM 8 Atom test-1() (var196(144)->1) Achievers (4, 4)
		->_gn  LM 5 Atom test-2() (var196(144)->2) Achievers (4, 4)
		->_gn  LM 3 Atom negex() (var188(209)->0) Achievers (4, 4)
		->_gn  LM 0 Atom done-programming() (var152(210)->0)(goal) Achievers (1, 1)

LM 5 Atom test-2() (var196(144)->2) Achievers (4, 4)
		<-_nat LM 10 Atom test-0() (var196(144)->0) Achievers (0, 0)
		<-_gn  LM 8 Atom test-1() (var196(144)->1) Achievers (4, 4)
		<-_gn  LM 1 Atom checked() (var10(163)->0) Achievers (24, 16)
		<-_gn  LM 7 Atom holds() (var170(175)->0) Achievers (24, 12)
		->_gn  LM 0 Atom done-programming() (var152(210)->0)(goal) Achievers (1, 1)

LM 8 Atom test-1() (var196(144)->1) Achievers (4, 4)
		<-_gn  LM 10 Atom test-0() (var196(144)->0) Achievers (0, 0)
		<-_gn  LM 1 Atom checked() (var10(163)->0) Achievers (24, 16)
		<-_gn  LM 7 Atom holds() (var170(175)->0) Achievers (24, 12)
		->_nat LM 0 Atom done-programming() (var152(210)->0)(goal) Achievers (1, 1)
		->_gn  LM 5 Atom test-2() (var196(144)->2) Achievers (4, 4)
		->_gn  LM 3 Atom negex() (var188(209)->0) Achievers (4, 4)

LM 10 Atom test-0() (var196(144)->0) Achievers (0, 0)
		->_gn  LM 8 Atom test-1() (var196(144)->1) Achievers (4, 4)
		->_nat LM 5 Atom test-2() (var196(144)->2) Achievers (4, 4)

Landmark graph end.
Initializing LAMA-FF Synergy Object
Initializing landmarks count heuristic...
5 initial landmarks, 1 goal landmarks
Initializing Exploration...
Generating landmarks using the RPG/SAS+ approach
Switch from bucket-based to heap-based queue at key = 1002, num_pushes = 211
approx. reasonable orders
approx. obedient reasonable orders
Removed 0 reasonable or obedient reasonable orders
Landmarks generation time: 0.01s
Discovered 11 landmarks, of which 0 are disjunctive and 0 are conjunctive 
22 edges
Landmark graph: 
LM 4 NegatedAtom done-programming() (var152(210)->1) Achievers (0, 0)
		->_gn  LM 1 Atom done-programming() (var152(210)->0)(goal) Achievers (1, 1)

LM 1 Atom done-programming() (var152(210)->0)(goal) Achievers (1, 1)
		<-_nat LM 8 Atom test-1() (var196(144)->1) Achievers (4, 4)
		<-_nat LM 7 Atom holds() (var170(175)->0) Achievers (24, 12)
		<-_gn  LM 5 Atom test-2() (var196(144)->2) Achievers (4, 4)
		<-_gn  LM 0 Atom checked() (var10(163)->0) Achievers (24, 16)
		<-_gn  LM 4 NegatedAtom done-programming() (var152(210)->1) Achievers (0, 0)
		<-_gn  LM 2 NegatedAtom holds() (var170(175)->1) Achievers (20, 16)
		<-_gn  LM 3 Atom negex() (var188(209)->0) Achievers (4, 4)

LM 9 NegatedAtom negex() (var188(209)->1) Achievers (0, 0)
		->_gn  LM 3 Atom negex() (var188(209)->0) Achievers (4, 4)

LM 3 Atom negex() (var188(209)->0) Achievers (4, 4)
		<-_gn  LM 8 Atom test-1() (var196(144)->1) Achievers (4, 4)
		<-_gn  LM 9 NegatedAtom negex() (var188(209)->1) Achievers (0, 0)
		<-_gn  LM 0 Atom checked() (var10(163)->0) Achievers (24, 16)
		<-_gn  LM 7 Atom holds() (var170(175)->0) Achievers (24, 12)
		->_gn  LM 1 Atom done-programming() (var152(210)->0)(goal) Achievers (1, 1)

LM 2 NegatedAtom holds() (var170(175)->1) Achievers (20, 16)
		->_r   LM 0 Atom checked() (var10(163)->0) Achievers (24, 16)
		->_gn  LM 7 Atom holds() (var170(175)->0) Achievers (24, 12)
		->_gn  LM 1 Atom done-programming() (var152(210)->0)(goal) Achievers (1, 1)

LM 7 Atom holds() (var170(175)->0) Achievers (24, 12)
		<-_gn  LM 2 NegatedAtom holds() (var170(175)->1) Achievers (20, 16)
		<-_gn  LM 6 NegatedAtom checked() (var10(163)->1) Achievers (20, 16)
		->_nat LM 1 Atom done-programming() (var152(210)->0)(goal) Achievers (1, 1)
		->_gn  LM 8 Atom test-1() (var196(144)->1) Achievers (4, 4)
		->_gn  LM 5 Atom test-2() (var196(144)->2) Achievers (4, 4)
		->_gn  LM 3 Atom negex() (var188(209)->0) Achievers (4, 4)

LM 6 NegatedAtom checked() (var10(163)->1) Achievers (20, 16)
		->_gn  LM 7 Atom holds() (var170(175)->0) Achievers (24, 12)
		->_gn  LM 0 Atom checked() (var10(163)->0) Achievers (24, 16)

LM 0 Atom checked() (var10(163)->0) Achievers (24, 16)
		<-_r   LM 2 NegatedAtom holds() (var170(175)->1) Achievers (20, 16)
		<-_gn  LM 6 NegatedAtom checked() (var10(163)->1) Achievers (20, 16)
		->_gn  LM 5 Atom test-2() (var196(144)->2) Achievers (4, 4)
		->_gn  LM 3 Atom negex() (var188(209)->0) Achievers (4, 4)
		->_gn  LM 8 Atom test-1() (var196(144)->1) Achievers (4, 4)
		->_gn  LM 1 Atom done-programming() (var152(210)->0)(goal) Achievers (1, 1)

LM 5 Atom test-2() (var196(144)->2) Achievers (4, 4)
		<-_gn  LM 8 Atom test-1() (var196(144)->1) Achievers (4, 4)
		<-_nat LM 10 Atom test-0() (var196(144)->0) Achievers (0, 0)
		<-_gn  LM 0 Atom checked() (var10(163)->0) Achievers (24, 16)
		<-_gn  LM 7 Atom holds() (var170(175)->0) Achievers (24, 12)
		->_gn  LM 1 Atom done-programming() (var152(210)->0)(goal) Achievers (1, 1)

LM 8 Atom test-1() (var196(144)->1) Achievers (4, 4)
		<-_gn  LM 10 Atom test-0() (var196(144)->0) Achievers (0, 0)
		<-_gn  LM 0 Atom checked() (var10(163)->0) Achievers (24, 16)
		<-_gn  LM 7 Atom holds() (var170(175)->0) Achievers (24, 12)
		->_nat LM 1 Atom done-programming() (var152(210)->0)(goal) Achievers (1, 1)
		->_gn  LM 5 Atom test-2() (var196(144)->2) Achievers (4, 4)
		->_gn  LM 3 Atom negex() (var188(209)->0) Achievers (4, 4)

LM 10 Atom test-0() (var196(144)->0) Achievers (0, 0)
		->_gn  LM 8 Atom test-1() (var196(144)->1) Achievers (4, 4)
		->_nat LM 5 Atom test-2() (var196(144)->2) Achievers (4, 4)

Landmark graph end.
Initializing LAMA-FF Synergy Object
Initializing landmarks count heuristic...
5 initial landmarks, 1 goal landmarks
Starting search: lazy_greedy(list(hff1, hlm1), preferred = list(hff1, hlm1), cost_type = one, reopen_closed = false)
Conducting lazy best first search, (real) bound = 2147483647
Best heuristic value: 6/10 [g=0, 1 evaluated, 0 expanded, t=0.24s, 7372 KB]
Best heuristic value: 6/8 [g=1, 2 evaluated, 1 expanded, t=0.24s, 7372 KB]
Best heuristic value: 6/7 [g=2, 3 evaluated, 2 expanded, t=0.24s, 7372 KB]
Best heuristic value: 6/6 [g=1, 6 evaluated, 5 expanded, t=0.24s, 7372 KB]
Best heuristic value: 5/5 [g=2, 7 evaluated, 6 expanded, t=0.24s, 7372 KB]
Best heuristic value: 5/4 [g=4, 9 evaluated, 8 expanded, t=0.24s, 7372 KB]
Best heuristic value: 5/3 [g=5, 10 evaluated, 9 expanded, t=0.24s, 7372 KB]
Best heuristic value: 4/3 [g=7, 12 evaluated, 11 expanded, t=0.24s, 7372 KB]
Switch from bucket-based to heap-based queue at key = 359, num_pushes = 312
Best heuristic value: 4/2 [g=32, 276673 evaluated, 223242 expanded, t=72.56s, 42828 KB]
Best heuristic value: 2/2 [g=33, 276675 evaluated, 223243 expanded, t=72.56s, 42828 KB]
Best heuristic value: 1/1 [g=42, 276684 evaluated, 223252 expanded, t=72.56s, 42828 KB]
Solution found!
Actual search time: 72.32s [t=72.56s]
program-swap-a-b-0 row-0 (1001)
check-swap-a-b-0-0 row-0 (0)
execute-swap-a-b-0-0 row-0 (1)
program-dec-pointer-b-1 row-0 (1001)
check-dec-pointer-b-0-1 row-0 (0)
execute-dec-pointer-b-0-1 row-0 (1)
program-inc-pointer-a-2 row-0 (1001)
check-inc-pointer-a-0-2 row-0 (0)
execute-inc-pointer-a-0-2 row-0 (1)
program-goto-lessthan-b-a-3-0 row-0 (1001)
eval-cond-lessthan-b-a-0-3 row-0 (1)
dont-goto-0-3-0 row-0 (1)
program-end-4 row-0 (1)
check-main-end-0-4 row-0 (0)
repeat-end-main-0-4 row-0 (0)
check-swap-a-b-0-0 row-0 (0)
execute-swap-a-b-0-0 row-0 (1)
check-dec-pointer-b-0-1 row-0 (0)
execute-dec-pointer-b-0-1 row-0 (1)
check-inc-pointer-a-0-2 row-0 (0)
execute-inc-pointer-a-0-2 row-0 (1)
eval-cond-lessthan-b-a-0-3 row-0 (1)
do-goto-0-3-0 row-0 (1)
check-swap-a-b-0-0 row-0 (0)
execute-swap-a-b-0-0 row-0 (1)
check-dec-pointer-b-0-1 row-0 (0)
execute-dec-pointer-b-0-1 row-0 (1)
check-inc-pointer-a-0-2 row-0 (0)
execute-inc-pointer-a-0-2 row-0 (1)
eval-cond-lessthan-b-a-0-3 row-0 (1)
dont-goto-0-3-0 row-0 (1)
check-main-end-1-4 row-0 (0)
repeat-end-main-1-4 row-0 (0)
check-swap-a-b-0-0 row-0 (0)
execute-swap-a-b-0-0 row-0 (1)
check-dec-pointer-b-0-1 row-0 (0)
execute-dec-pointer-b-0-1 row-0 (1)
check-inc-pointer-a-0-2 row-0 (0)
execute-inc-pointer-a-0-2 row-0 (1)
eval-cond-lessthan-b-a-0-3 row-0 (1)
dont-goto-0-3-0 row-0 (1)
check-main-end-2-4 row-0 (0)
skip-2  (0)
Plan length: 43 step(s).
Plan cost: 4025
Initial state h value: 6/10.
Expanded 223253 state(s).
Reopened 0 state(s).
Evaluated 276685 state(s).
Evaluations: 553370
Generated 467128 state(s).
Dead ends: 53431 state(s).
Best solution cost so far: 4025
Solution found - keep searching
Starting search: lazy_greedy(list(hff2, hlm2), preferred = list(hff2, hlm2), reopen_closed = false)
Conducting lazy best first search, (real) bound = 4025
Best heuristic value: 6/4022 [g=0, 1 evaluated, 0 expanded, t=72.58s, 57968 KB]
Best heuristic value: 6/1013 [g=1001, 2 evaluated, 1 expanded, t=72.58s, 57968 KB]
Best heuristic value: 6/1011 [g=1002, 3 evaluated, 2 expanded, t=72.58s, 57968 KB]
Best heuristic value: 6/1009 [g=1003, 5 evaluated, 4 expanded, t=72.58s, 57968 KB]
Best heuristic value: 6/8 [g=2004, 7 evaluated, 6 expanded, t=72.58s, 57968 KB]
Best heuristic value: 5/7 [g=2004, 9 evaluated, 8 expanded, t=72.58s, 57968 KB]
Best heuristic value: 5/6 [g=2005, 10 evaluated, 9 expanded, t=72.58s, 57968 KB]
Best heuristic value: 5/4 [g=2006, 11 evaluated, 10 expanded, t=72.58s, 57968 KB]
Best heuristic value: 5/3 [g=2006, 12 evaluated, 11 expanded, t=72.58s, 57968 KB]
Best heuristic value: 4/3 [g=2008, 16 evaluated, 15 expanded, t=72.58s, 57968 KB]
