INFO     Running translator.
INFO     translator inputs: ['domain.pddl', 'ins.pddl']
INFO     translator arguments: []
Parsing...
Parsing: [0.090s CPU, 0.095s wall-clock]
Normalizing task... [0.010s CPU, 0.008s wall-clock]
Instantiating...
Generating Datalog program... [0.000s CPU, 0.006s wall-clock]
Normalizing Datalog program...
Unbound effect variables: Adding @object predicate.
Trivial rules: Converted to facts.
Normalizing Datalog program: [0.060s CPU, 0.056s wall-clock]
Preparing model... [0.030s CPU, 0.036s wall-clock]
Generated 1789 rules.
Computing model... [0.040s CPU, 0.030s wall-clock]
963 relevant atoms
1478 auxiliary atoms
2441 final queue length
3777 total queue pushes
Completing instantiation... [0.050s CPU, 0.049s wall-clock]
Instantiating: [0.180s CPU, 0.180s wall-clock]
Computing fact groups...
Finding invariants...
187 initial candidates
Finding invariants: [35.230s CPU, 35.235s wall-clock]
Checking invariant weight... [0.000s CPU, 0.001s wall-clock]
Instantiating groups... [0.010s CPU, 0.000s wall-clock]
Collecting mutex groups... [0.000s CPU, 0.000s wall-clock]
Choosing groups...
421 uncovered facts
Choosing groups: [0.000s CPU, 0.001s wall-clock]
Building translation key... [0.000s CPU, 0.002s wall-clock]
Computing fact groups: [35.240s CPU, 35.244s wall-clock]
Building STRIPS to SAS dictionary... [0.000s CPU, 0.001s wall-clock]
Building dictionary for full mutex groups... [0.000s CPU, 0.001s wall-clock]
Building mutex information...
Building mutex information: [0.000s CPU, 0.001s wall-clock]
Translating task...
Processing axioms...
Simplifying axioms... [0.000s CPU, 0.000s wall-clock]
Processing axioms: [0.010s CPU, 0.004s wall-clock]
Translating task: [0.080s CPU, 0.071s wall-clock]
824 effect conditions simplified
0 implied preconditions added
Detecting unreachable propositions...
0 operators removed
452 propositions removed
Detecting unreachable propositions: [0.010s CPU, 0.017s wall-clock]
Translator variables: 210
Translator derived variables: 14
Translator facts: 441
Translator goal facts: 1
Translator mutex groups: 55
Translator total mutex groups size: 128
Translator operators: 432
Translator axioms: 14
Translator task size: 10510
Translator peak memory: 96980 KB
Writing output... [0.010s CPU, 0.015s wall-clock]
Done! [35.630s CPU, 35.634s wall-clock]
INFO     Running preprocessor.
INFO     preprocessor input: output.sas
INFO     preprocessor arguments: []
Building causal graph...
The causal graph is not acyclic.
210 variables of 210 necessary
48 of 55 mutex groups necessary.
432 of 432 operators necessary.
14 of 14 axiom rules necessary.
Building domain transition graphs...
solveable in poly time 0
Building successor generator...
Preprocessor facts: 441
Preprocessor derived variables: 14
Preprocessor task size: 10487
Writing output...
done
INFO     Running search.
INFO     search input: output
INFO     search executable: /home/javi/Desktop/automated-programming-framework-private/PLANNERS/fast-downward/src/search/downward-release
INFO     search arguments: ['--if-unit-cost', '--heuristic', 'hlm,hff=lm_ff_syn(lm_rhw(reasonable_orders=true))', '--search', 'iterated([lazy_greedy([hff,hlm],preferred=[hff,hlm]),lazy_wastar([hff,hlm],preferred=[hff,hlm],w=5),lazy_wastar([hff,hlm],preferred=[hff,hlm],w=3),lazy_wastar([hff,hlm],preferred=[hff,hlm],w=2),lazy_wastar([hff,hlm],preferred=[hff,hlm],w=1)],repeat_last=true,continue_on_fail=true)', '--if-non-unit-cost', '--heuristic', 'hlm1,hff1=lm_ff_syn(lm_rhw(reasonable_orders=true,lm_cost_type=one,cost_type=one))', '--heuristic', 'hlm2,hff2=lm_ff_syn(lm_rhw(reasonable_orders=true,lm_cost_type=plusone,cost_type=plusone))', '--search', 'iterated([lazy_greedy([hff1,hlm1],preferred=[hff1,hlm1],cost_type=one,reopen_closed=false),lazy_greedy([hff2,hlm2],preferred=[hff2,hlm2],reopen_closed=false),lazy_wastar([hff2,hlm2],preferred=[hff2,hlm2],w=5),lazy_wastar([hff2,hlm2],preferred=[hff2,hlm2],w=3),lazy_wastar([hff2,hlm2],preferred=[hff2,hlm2],w=2),lazy_wastar([hff2,hlm2],preferred=[hff2,hlm2],w=1)],repeat_last=true,continue_on_fail=true)', '--always', '--internal-plan-file', 'sas_plan']
reading input... [t=0.00s]
Simplifying transitions... done!
done reading input! [t=0.04s]
building causal graph...done! [t=0.05s]
packing state variables...done! [t=0.05s]
Variables: 210
Facts: 441
Bytes per state: 32
done initalizing global data [t=0.05s]
Initializing Exploration...
Generating landmarks using the RPG/SAS+ approach
approx. reasonable orders
approx. obedient reasonable orders
Removed 0 reasonable or obedient reasonable orders
Landmarks generation time: 0.00s
Discovered 13 landmarks, of which 0 are disjunctive and 0 are conjunctive 
26 edges
Landmark graph: 
LM 2 NegatedAtom done-programming() (var139(209)->1) Achievers (0, 0)
		->_gn  LM 1 Atom done-programming() (var139(209)->0)(goal) Achievers (1, 1)

LM 1 Atom done-programming() (var139(209)->0)(goal) Achievers (1, 1)
		<-_nat LM 8 Atom test-1() (var209(100)->1) Achievers (4, 4)
		<-_nat LM 10 Atom holds() (var155(194)->0) Achievers (32, 20)
		<-_gn  LM 5 Atom test-2() (var209(100)->2) Achievers (4, 4)
		<-_gn  LM 0 NegatedAtom holds() (var155(194)->1) Achievers (28, 24)
		<-_gn  LM 2 NegatedAtom done-programming() (var139(209)->1) Achievers (0, 0)
		<-_gn  LM 3 Atom checked() (var13(187)->0) Achievers (33, 24)
		<-_gn  LM 4 Atom negex() (var180(99)->0) Achievers (4, 4)

LM 0 NegatedAtom holds() (var155(194)->1) Achievers (28, 24)
		->_gn  LM 10 Atom holds() (var155(194)->0) Achievers (32, 20)
		->_gn  LM 1 Atom done-programming() (var139(209)->0)(goal) Achievers (1, 1)

LM 10 Atom holds() (var155(194)->0) Achievers (32, 20)
		<-_gn  LM 0 NegatedAtom holds() (var155(194)->1) Achievers (28, 24)
		<-_gn  LM 6 NegatedAtom loop() (var179(106)->1) Achievers (9, 4)
		<-_gn  LM 7 NegatedAtom checked() (var13(187)->1) Achievers (28, 24)
		->_gn  LM 8 Atom test-1() (var209(100)->1) Achievers (4, 4)
		->_gn  LM 5 Atom test-2() (var209(100)->2) Achievers (4, 4)
		->_nat LM 1 Atom done-programming() (var139(209)->0)(goal) Achievers (1, 1)
		->_gn  LM 4 Atom negex() (var180(99)->0) Achievers (4, 4)

LM 7 NegatedAtom checked() (var13(187)->1) Achievers (28, 24)
		->_gn  LM 10 Atom holds() (var155(194)->0) Achievers (32, 20)
		->_gn  LM 3 Atom checked() (var13(187)->0) Achievers (33, 24)

LM 3 Atom checked() (var13(187)->0) Achievers (33, 24)
		<-_gn  LM 7 NegatedAtom checked() (var13(187)->1) Achievers (28, 24)
		<-_gn  LM 6 NegatedAtom loop() (var179(106)->1) Achievers (9, 4)
		->_gn  LM 8 Atom test-1() (var209(100)->1) Achievers (4, 4)
		->_gn  LM 5 Atom test-2() (var209(100)->2) Achievers (4, 4)
		->_gn  LM 4 Atom negex() (var180(99)->0) Achievers (4, 4)
		->_gn  LM 1 Atom done-programming() (var139(209)->0)(goal) Achievers (1, 1)

LM 6 NegatedAtom loop() (var179(106)->1) Achievers (9, 4)
		->_gn  LM 10 Atom holds() (var155(194)->0) Achievers (32, 20)
		->_gn  LM 3 Atom checked() (var13(187)->0) Achievers (33, 24)

LM 5 Atom test-2() (var209(100)->2) Achievers (4, 4)
		<-_nat LM 12 Atom test-0() (var209(100)->0) Achievers (0, 0)
		<-_gn  LM 3 Atom checked() (var13(187)->0) Achievers (33, 24)
		<-_gn  LM 10 Atom holds() (var155(194)->0) Achievers (32, 20)
		<-_gn  LM 9 NegatedAtom stored() (var204(89)->1) Achievers (1, 1)
		<-_gn  LM 8 Atom test-1() (var209(100)->1) Achievers (4, 4)
		->_gn  LM 1 Atom done-programming() (var139(209)->0)(goal) Achievers (1, 1)

LM 8 Atom test-1() (var209(100)->1) Achievers (4, 4)
		<-_gn  LM 9 NegatedAtom stored() (var204(89)->1) Achievers (1, 1)
		<-_gn  LM 10 Atom holds() (var155(194)->0) Achievers (32, 20)
		<-_gn  LM 12 Atom test-0() (var209(100)->0) Achievers (0, 0)
		<-_gn  LM 3 Atom checked() (var13(187)->0) Achievers (33, 24)
		->_gn  LM 5 Atom test-2() (var209(100)->2) Achievers (4, 4)
		->_nat LM 1 Atom done-programming() (var139(209)->0)(goal) Achievers (1, 1)
		->_gn  LM 4 Atom negex() (var180(99)->0) Achievers (4, 4)

LM 12 Atom test-0() (var209(100)->0) Achievers (0, 0)
		->_gn  LM 8 Atom test-1() (var209(100)->1) Achievers (4, 4)
		->_nat LM 5 Atom test-2() (var209(100)->2) Achievers (4, 4)

LM 11 NegatedAtom negex() (var180(99)->1) Achievers (0, 0)
		->_gn  LM 4 Atom negex() (var180(99)->0) Achievers (4, 4)

LM 4 Atom negex() (var180(99)->0) Achievers (4, 4)
		<-_gn  LM 8 Atom test-1() (var209(100)->1) Achievers (4, 4)
		<-_gn  LM 9 NegatedAtom stored() (var204(89)->1) Achievers (1, 1)
		<-_gn  LM 10 Atom holds() (var155(194)->0) Achievers (32, 20)
		<-_gn  LM 11 NegatedAtom negex() (var180(99)->1) Achievers (0, 0)
		<-_gn  LM 3 Atom checked() (var13(187)->0) Achievers (33, 24)
		->_gn  LM 1 Atom done-programming() (var139(209)->0)(goal) Achievers (1, 1)

LM 9 NegatedAtom stored() (var204(89)->1) Achievers (1, 1)
		->_gn  LM 8 Atom test-1() (var209(100)->1) Achievers (4, 4)
		->_gn  LM 5 Atom test-2() (var209(100)->2) Achievers (4, 4)
		->_gn  LM 4 Atom negex() (var180(99)->0) Achievers (4, 4)

Landmark graph end.
Initializing LAMA-FF Synergy Object
Initializing landmarks count heuristic...
7 initial landmarks, 1 goal landmarks
Initializing Exploration...
Generating landmarks using the RPG/SAS+ approach
Switch from bucket-based to heap-based queue at key = 1002, num_pushes = 210
approx. reasonable orders
approx. obedient reasonable orders
Removed 0 reasonable or obedient reasonable orders
Landmarks generation time: 0.00s
Discovered 13 landmarks, of which 0 are disjunctive and 0 are conjunctive 
26 edges
Landmark graph: 
LM 1 NegatedAtom done-programming() (var139(209)->1) Achievers (0, 0)
		->_gn  LM 2 Atom done-programming() (var139(209)->0)(goal) Achievers (1, 1)

LM 2 Atom done-programming() (var139(209)->0)(goal) Achievers (1, 1)
		<-_nat LM 10 Atom holds() (var155(194)->0) Achievers (32, 20)
		<-_gn  LM 5 Atom test-2() (var209(100)->2) Achievers (4, 4)
		<-_nat LM 8 Atom test-1() (var209(100)->1) Achievers (4, 4)
		<-_gn  LM 3 Atom checked() (var13(187)->0) Achievers (33, 24)
		<-_gn  LM 0 NegatedAtom holds() (var155(194)->1) Achievers (28, 24)
		<-_gn  LM 1 NegatedAtom done-programming() (var139(209)->1) Achievers (0, 0)
		<-_gn  LM 4 Atom negex() (var180(99)->0) Achievers (4, 4)

LM 0 NegatedAtom holds() (var155(194)->1) Achievers (28, 24)
		->_gn  LM 10 Atom holds() (var155(194)->0) Achievers (32, 20)
		->_gn  LM 2 Atom done-programming() (var139(209)->0)(goal) Achievers (1, 1)

LM 10 Atom holds() (var155(194)->0) Achievers (32, 20)
		<-_gn  LM 0 NegatedAtom holds() (var155(194)->1) Achievers (28, 24)
		<-_gn  LM 6 NegatedAtom loop() (var179(106)->1) Achievers (9, 4)
		<-_gn  LM 7 NegatedAtom checked() (var13(187)->1) Achievers (28, 24)
		->_gn  LM 8 Atom test-1() (var209(100)->1) Achievers (4, 4)
		->_nat LM 2 Atom done-programming() (var139(209)->0)(goal) Achievers (1, 1)
		->_gn  LM 5 Atom test-2() (var209(100)->2) Achievers (4, 4)
		->_gn  LM 4 Atom negex() (var180(99)->0) Achievers (4, 4)

LM 7 NegatedAtom checked() (var13(187)->1) Achievers (28, 24)
		->_gn  LM 10 Atom holds() (var155(194)->0) Achievers (32, 20)
		->_gn  LM 3 Atom checked() (var13(187)->0) Achievers (33, 24)

LM 3 Atom checked() (var13(187)->0) Achievers (33, 24)
		<-_gn  LM 7 NegatedAtom checked() (var13(187)->1) Achievers (28, 24)
		<-_gn  LM 6 NegatedAtom loop() (var179(106)->1) Achievers (9, 4)
		->_gn  LM 8 Atom test-1() (var209(100)->1) Achievers (4, 4)
		->_gn  LM 4 Atom negex() (var180(99)->0) Achievers (4, 4)
		->_gn  LM 5 Atom test-2() (var209(100)->2) Achievers (4, 4)
		->_gn  LM 2 Atom done-programming() (var139(209)->0)(goal) Achievers (1, 1)

LM 6 NegatedAtom loop() (var179(106)->1) Achievers (9, 4)
		->_gn  LM 10 Atom holds() (var155(194)->0) Achievers (32, 20)
		->_gn  LM 3 Atom checked() (var13(187)->0) Achievers (33, 24)

LM 5 Atom test-2() (var209(100)->2) Achievers (4, 4)
		<-_nat LM 12 Atom test-0() (var209(100)->0) Achievers (0, 0)
		<-_gn  LM 9 NegatedAtom stored() (var204(89)->1) Achievers (1, 1)
		<-_gn  LM 10 Atom holds() (var155(194)->0) Achievers (32, 20)
		<-_gn  LM 3 Atom checked() (var13(187)->0) Achievers (33, 24)
		<-_gn  LM 8 Atom test-1() (var209(100)->1) Achievers (4, 4)
		->_gn  LM 2 Atom done-programming() (var139(209)->0)(goal) Achievers (1, 1)

LM 8 Atom test-1() (var209(100)->1) Achievers (4, 4)
		<-_gn  LM 12 Atom test-0() (var209(100)->0) Achievers (0, 0)
		<-_gn  LM 10 Atom holds() (var155(194)->0) Achievers (32, 20)
		<-_gn  LM 9 NegatedAtom stored() (var204(89)->1) Achievers (1, 1)
		<-_gn  LM 3 Atom checked() (var13(187)->0) Achievers (33, 24)
		->_nat LM 2 Atom done-programming() (var139(209)->0)(goal) Achievers (1, 1)
		->_gn  LM 5 Atom test-2() (var209(100)->2) Achievers (4, 4)
		->_gn  LM 4 Atom negex() (var180(99)->0) Achievers (4, 4)

LM 12 Atom test-0() (var209(100)->0) Achievers (0, 0)
		->_gn  LM 8 Atom test-1() (var209(100)->1) Achievers (4, 4)
		->_nat LM 5 Atom test-2() (var209(100)->2) Achievers (4, 4)

LM 11 NegatedAtom negex() (var180(99)->1) Achievers (0, 0)
		->_gn  LM 4 Atom negex() (var180(99)->0) Achievers (4, 4)

LM 4 Atom negex() (var180(99)->0) Achievers (4, 4)
		<-_gn  LM 11 NegatedAtom negex() (var180(99)->1) Achievers (0, 0)
		<-_gn  LM 8 Atom test-1() (var209(100)->1) Achievers (4, 4)
		<-_gn  LM 3 Atom checked() (var13(187)->0) Achievers (33, 24)
		<-_gn  LM 9 NegatedAtom stored() (var204(89)->1) Achievers (1, 1)
		<-_gn  LM 10 Atom holds() (var155(194)->0) Achievers (32, 20)
		->_gn  LM 2 Atom done-programming() (var139(209)->0)(goal) Achievers (1, 1)

LM 9 NegatedAtom stored() (var204(89)->1) Achievers (1, 1)
		->_gn  LM 8 Atom test-1() (var209(100)->1) Achievers (4, 4)
		->_gn  LM 5 Atom test-2() (var209(100)->2) Achievers (4, 4)
		->_gn  LM 4 Atom negex() (var180(99)->0) Achievers (4, 4)

Landmark graph end.
Initializing LAMA-FF Synergy Object
Initializing landmarks count heuristic...
7 initial landmarks, 1 goal landmarks
Starting search: lazy_greedy(list(hff1, hlm1), preferred = list(hff1, hlm1), cost_type = one, reopen_closed = false)
Conducting lazy best first search, (real) bound = 2147483647
Best heuristic value: 6/10 [g=0, 1 evaluated, 0 expanded, t=0.06s, 5136 KB]
Best heuristic value: 6/6 [g=1, 2 evaluated, 1 expanded, t=0.06s, 5136 KB]
Best heuristic value: 5/5 [g=2, 3 evaluated, 2 expanded, t=0.06s, 5136 KB]
Switch from bucket-based to heap-based queue at key = 250, num_pushes = 242
Best heuristic value: 5/4 [g=10, 22406 evaluated, 12570 expanded, t=2.22s, 9520 KB]
Best heuristic value: 5/3 [g=11, 22408 evaluated, 12572 expanded, t=2.22s, 9520 KB]
Best heuristic value: 4/3 [g=13, 22410 evaluated, 12574 expanded, t=2.22s, 9520 KB]
Best heuristic value: 4/2 [g=40, 259298 evaluated, 150280 expanded, t=24.52s, 53168 KB]
Best heuristic value: 2/2 [g=41, 259299 evaluated, 150281 expanded, t=24.52s, 53168 KB]
Best heuristic value: 1/1 [g=66, 260692 evaluated, 151361 expanded, t=24.66s, 53168 KB]
Solution found!
Actual search time: 24.60s [t=24.66s]
program-pick-left-0 row-0 (1001)
check-pick-left-0-0 row-0 (0)
execute-pick-left-0-0 row-0 (1)
program-move-1 row-0 (1001)
check-move-0-1 row-0 (0)
execute-move-0-1 row-0 (1)
program-drop-left-2 row-0 (1001)
check-drop-left-0-2 row-0 (0)
execute-drop-left-0-2 row-0 (1)
program-goto-no-balls-in-rooma-3-0 row-0 (1001)
eval-cond-no-balls-in-rooma-0-3 row-0 (1)
dont-goto-0-3-0 row-0 (1)
program-end-4 row-0 (1)
check-main-end-0-4 row-0 (0)
repeat-end-main-0-4 row-0 (0)
check-pick-left-0-0 row-0 (0)
execute-pick-left-0-0 row-0 (1)
check-move-0-1 row-0 (0)
execute-move-0-1 row-0 (1)
check-drop-left-0-2 row-0 (0)
execute-drop-left-0-2 row-0 (1)
eval-cond-no-balls-in-rooma-0-3 row-0 (1)
do-goto-0-3-0 row-0 (1)
check-pick-left-0-0 row-0 (0)
execute-pick-left-0-0 row-0 (1)
check-move-0-1 row-0 (0)
execute-move-0-1 row-0 (1)
check-drop-left-0-2 row-0 (0)
execute-drop-left-0-2 row-0 (1)
eval-cond-no-balls-in-rooma-0-3 row-0 (1)
do-goto-0-3-0 row-0 (1)
check-pick-left-0-0 row-0 (0)
execute-pick-left-0-0 row-0 (1)
check-move-0-1 row-0 (0)
execute-move-0-1 row-0 (1)
check-drop-left-0-2 row-0 (0)
execute-drop-left-0-2 row-0 (1)
eval-cond-no-balls-in-rooma-0-3 row-0 (1)
dont-goto-0-3-0 row-0 (1)
check-main-end-1-4 row-0 (0)
repeat-end-main-1-4 row-0 (0)
check-pick-left-0-0 row-0 (0)
execute-pick-left-0-0 row-0 (1)
check-move-0-1 row-0 (0)
execute-move-0-1 row-0 (1)
check-drop-left-0-2 row-0 (0)
execute-drop-left-0-2 row-0 (1)
eval-cond-no-balls-in-rooma-0-3 row-0 (1)
do-goto-0-3-0 row-0 (1)
check-pick-left-0-0 row-0 (0)
execute-pick-left-0-0 row-0 (1)
check-move-0-1 row-0 (0)
execute-move-0-1 row-0 (1)
check-drop-left-0-2 row-0 (0)
execute-drop-left-0-2 row-0 (1)
eval-cond-no-balls-in-rooma-0-3 row-0 (1)
do-goto-0-3-0 row-0 (1)
check-pick-left-0-0 row-0 (0)
execute-pick-left-0-0 row-0 (1)
check-move-0-1 row-0 (0)
execute-move-0-1 row-0 (1)
check-drop-left-0-2 row-0 (0)
execute-drop-left-0-2 row-0 (1)
eval-cond-no-balls-in-rooma-0-3 row-0 (1)
dont-goto-0-3-0 row-0 (1)
check-main-end-2-4 row-0 (0)
skip-2  (0)
Plan length: 67 step(s).
Plan cost: 4040
Initial state h value: 6/10.
Expanded 151362 state(s).
Reopened 0 state(s).
Evaluated 260693 state(s).
Evaluations: 521386
Generated 1241538 state(s).
Dead ends: 109330 state(s).
Best solution cost so far: 4040
Solution found - keep searching
Starting search: lazy_greedy(list(hff2, hlm2), preferred = list(hff2, hlm2), reopen_closed = false)
Conducting lazy best first search, (real) bound = 4040
Best heuristic value: 6/4022 [g=0, 1 evaluated, 0 expanded, t=24.67s, 67020 KB]
Best heuristic value: 6/8 [g=1001, 2 evaluated, 1 expanded, t=24.67s, 67020 KB]
Best heuristic value: 5/7 [g=1001, 3 evaluated, 2 expanded, t=24.67s, 67020 KB]
Best heuristic value: 5/6 [g=3006, 30673 evaluated, 19294 expanded, t=27.73s, 70324 KB]
Best heuristic value: 5/4 [g=3007, 30674 evaluated, 19295 expanded, t=27.73s, 70324 KB]
Best heuristic value: 5/3 [g=3007, 30676 evaluated, 19297 expanded, t=27.73s, 70324 KB]
Best heuristic value: 4/3 [g=3007, 30678 evaluated, 19299 expanded, t=27.73s, 70324 KB]
Best heuristic value: 4/2 [g=4025, 35149 evaluated, 22124 expanded, t=28.18s, 71248 KB]
Best heuristic value: 2/2 [g=4025, 35150 evaluated, 22125 expanded, t=28.18s, 71248 KB]
