Domain: domain.pddl Problem: ins.pddl
Generating Datalog program... [0.000s CPU, 0.001s wall-clock]
Normalizing Datalog program...
Normalizing Datalog program: [0.020s CPU, 0.018s wall-clock]
Preparing model... [0.010s CPU, 0.007s wall-clock]
Generated 517 rules.
Computing model... [0.000s CPU, 0.010s wall-clock]
362 relevant atoms
619 auxiliary atoms
981 final queue length
2304 total queue pushes
Completing instantiation... [0.060s CPU, 0.050s wall-clock]
goal relaxed reachable: True
155 atoms
Computing fact groups...
Finding invariants...
81 initial candidates
Finding invariants: [0.020s CPU, 0.025s wall-clock]
Checking invariant weight... [0.000s CPU, 0.000s wall-clock]
Instantiating groups... [0.000s CPU, 0.000s wall-clock]
Collecting mutex groups... [0.000s CPU, 0.000s wall-clock]
Choosing groups...
82 uncovered facts
Choosing groups: [0.000s CPU, 0.000s wall-clock]
Building translation key... [0.000s CPU, 0.000s wall-clock]
Computing fact groups: [0.020s CPU, 0.028s wall-clock]
Deterministic 171 actions
3 negated fluents created
Invariants 111

 Match tree built with 171 nodes.

PDDL problem description loaded: 
	Domain: summatory
	Problem: p3-09092015121129
	#Actions: 171
	#Fluents: 158
Goals found: 1
Goals_Edges found: 1
Starting search with BFWS-f5-landmarks...
--[38 / 0]--
--[38 / 1]--
--[37 / 0]--
--[37 / 1]--
--[35 / 0]--
--[35 / 2]--
--[33 / 0]--
--[33 / 2]--
--[33 / 5]--
--[32 / 0]--
--[32 / 1]--
--[32 / 2]--
--[30 / 0]--
--[30 / 1]--
--[30 / 2]--
--[29 / 0]--
--[29 / 2]--
--[29 / 5]--
--[29 / 6]--
--[28 / 0]--
--[28 / 1]--
--[28 / 2]--
--[27 / 0]--
--[27 / 1]--
--[27 / 2]--
--[26 / 0]--
--[26 / 1]--
--[26 / 2]--
--[24 / 0]--
--[24 / 1]--
--[24 / 2]--
--[24 / 3]--
--[24 / 5]--
--[24 / 6]--
--[23 / 0]--
--[23 / 2]--
--[23 / 10]--
--[22 / 0]--
--[21 / 0]--
--[18 / 0]--
--[16 / 0]--
--[16 / 2]--
--[15 / 0]--
--[15 / 2]--
--[15 / 10]--
--[14 / 0]--
--[11 / 0]--
--[8 / 0]--
--[8 / 2]--
--[8 / 10]--
--[5 / 0]--
--[0 / 0]--
Total time: 14.46
Nodes generated during search: 495967
Nodes expanded during search: 373107
Plan found with cost: 66
Fast-BFS search completed in 14.46 secs
