Domain: domain.pddl Problem: ins.pddl
Generating Datalog program... [0.010s CPU, 0.002s wall-clock]
Normalizing Datalog program...
Normalizing Datalog program: [0.010s CPU, 0.019s wall-clock]
Preparing model... [0.010s CPU, 0.008s wall-clock]
Generated 553 rules.
Computing model... [0.010s CPU, 0.012s wall-clock]
362 relevant atoms
619 auxiliary atoms
981 final queue length
2304 total queue pushes
Completing instantiation... [0.060s CPU, 0.057s wall-clock]
goal relaxed reachable: True
155 atoms
Computing fact groups...
Finding invariants...
81 initial candidates
Finding invariants: [0.020s CPU, 0.025s wall-clock]
Checking invariant weight... [0.010s CPU, 0.000s wall-clock]
Instantiating groups... [0.000s CPU, 0.000s wall-clock]
Collecting mutex groups... [0.000s CPU, 0.000s wall-clock]
Choosing groups...
82 uncovered facts
Choosing groups: [0.000s CPU, 0.000s wall-clock]
Building translation key... [0.000s CPU, 0.000s wall-clock]
Computing fact groups: [0.030s CPU, 0.029s wall-clock]
Deterministic 171 actions
3 negated fluents created
Invariants 111

 Match tree built with 171 nodes.

PDDL problem description loaded: 
	Domain: summatory
	Problem: p0-09092015121315
	#Actions: 171
	#Fluents: 158
Goals found: 1
Goals_Edges found: 1
Starting search with BFWS-f5-landmarks...
--[32 / 0]--
--[32 / 1]--
--[31 / 0]--
--[31 / 1]--
--[29 / 0]--
--[29 / 2]--
--[27 / 0]--
--[27 / 2]--
--[27 / 5]--
--[26 / 0]--
--[24 / 0]--
--[24 / 1]--
--[24 / 14]--
--[23 / 0]--
--[22 / 0]--
--[21 / 0]--
--[21 / 1]--
--[21 / 2]--
--[21 / 14]--
--[20 / 0]--
--[20 / 6]--
--[20 / 14]--
--[19 / 0]--
--[17 / 0]--
--[16 / 0]--
--[16 / 8]--
--[15 / 0]--
--[14 / 0]--
--[14 / 1]--
--[14 / 2]--
--[14 / 14]--
--[13 / 0]--
--[11 / 0]--
--[10 / 0]--
--[10 / 8]--
--[8 / 0]--
--[5 / 0]--
--[0 / 0]--
Total time: 0.78
Nodes generated during search: 32967
Nodes expanded during search: 18155
Plan found with cost: 57
Fast-BFS search completed in 0.78 secs
