Domain: domain.pddl Problem: ins.pddl
Generating Datalog program... [0.010s CPU, 0.002s wall-clock]
Normalizing Datalog program...
Normalizing Datalog program: [0.020s CPU, 0.019s wall-clock]
Preparing model... [0.000s CPU, 0.009s wall-clock]
Generated 553 rules.
Computing model... [0.020s CPU, 0.013s wall-clock]
362 relevant atoms
619 auxiliary atoms
981 final queue length
2304 total queue pushes
Completing instantiation... [0.050s CPU, 0.054s wall-clock]
goal relaxed reachable: True
155 atoms
Computing fact groups...
Finding invariants...
81 initial candidates
Finding invariants: [0.030s CPU, 0.024s wall-clock]
Checking invariant weight... [0.000s CPU, 0.000s wall-clock]
Instantiating groups... [0.000s CPU, 0.000s wall-clock]
Collecting mutex groups... [0.000s CPU, 0.000s wall-clock]
Choosing groups...
82 uncovered facts
Choosing groups: [0.000s CPU, 0.000s wall-clock]
Building translation key... [0.000s CPU, 0.000s wall-clock]
Computing fact groups: [0.030s CPU, 0.028s wall-clock]
Deterministic 171 actions
3 negated fluents created
Invariants 111

 Match tree built with 171 nodes.

PDDL problem description loaded: 
	Domain: summatory
	Problem: p0-09092015121315
	#Actions: 171
	#Fluents: 158
Goals found: 1
Goals_Edges found: 1
Starting search with BFWS-f5-landmarks...
--[32 / 0]--
--[32 / 1]--
--[31 / 0]--
--[31 / 1]--
--[29 / 0]--
--[29 / 2]--
--[27 / 0]--
--[27 / 2]--
--[27 / 5]--
--[26 / 0]--
--[24 / 0]--
--[24 / 1]--
--[24 / 14]--
--[23 / 0]--
--[22 / 0]--
--[21 / 0]--
--[21 / 1]--
--[21 / 2]--
--[21 / 14]--
--[20 / 0]--
--[20 / 6]--
--[20 / 14]--
--[19 / 0]--
--[17 / 0]--
--[16 / 0]--
--[15 / 0]--
--[15 / 1]--
--[15 / 2]--
--[15 / 7]--
--[13 / 0]--
--[13 / 1]--
--[13 / 2]--
--[13 / 14]--
--[12 / 0]--
--[12 / 1]--
--[12 / 2]--
--[12 / 3]--
--[12 / 10]--
--[11 / 0]--
--[11 / 1]--
--[11 / 2]--
--[11 / 14]--
--[11 / 16]--
--[11 / 17]--
--[11 / 19]--
--[11 / 22]--
--[9 / 0]--
--[9 / 2]--
--[9 / 10]--
--[8 / 0]--
--[5 / 0]--
--[0 / 0]--
Total time: 0.604
Nodes generated during search: 25497
Nodes expanded during search: 14284
Plan found with cost: 57
Fast-BFS search completed in 0.604 secs
