Domain: domain.pddl Problem: ins.pddl
Generating Datalog program... [0.010s CPU, 0.002s wall-clock]
Normalizing Datalog program...
Normalizing Datalog program: [0.020s CPU, 0.025s wall-clock]
Preparing model... [0.010s CPU, 0.010s wall-clock]
Generated 553 rules.
Computing model... [0.020s CPU, 0.016s wall-clock]
362 relevant atoms
619 auxiliary atoms
981 final queue length
2304 total queue pushes
Completing instantiation... [0.050s CPU, 0.052s wall-clock]
goal relaxed reachable: True
155 atoms
Computing fact groups...
Finding invariants...
81 initial candidates
Finding invariants: [0.020s CPU, 0.023s wall-clock]
Checking invariant weight... [0.000s CPU, 0.001s wall-clock]
Instantiating groups... [0.000s CPU, 0.000s wall-clock]
Collecting mutex groups... [0.000s CPU, 0.000s wall-clock]
Choosing groups...
82 uncovered facts
Choosing groups: [0.000s CPU, 0.001s wall-clock]
Building translation key... [0.000s CPU, 0.000s wall-clock]
Computing fact groups: [0.020s CPU, 0.027s wall-clock]
Deterministic 171 actions
3 negated fluents created
Invariants 111

 Match tree built with 171 nodes.

PDDL problem description loaded: 
	Domain: summatory
	Problem: p0-09092015121315
	#Actions: 171
	#Fluents: 158
Goals found: 1
Goals_Edges found: 1
Starting search with BFWS-f5-landmarks...
--[32 / 0]--
--[32 / 1]--
--[31 / 0]--
--[31 / 1]--
--[29 / 0]--
--[29 / 2]--
--[27 / 0]--
--[27 / 2]--
--[27 / 5]--
--[26 / 0]--
--[24 / 0]--
--[24 / 1]--
--[24 / 14]--
--[23 / 0]--
--[22 / 0]--
--[21 / 0]--
--[21 / 1]--
--[21 / 2]--
--[21 / 14]--
--[20 / 0]--
--[20 / 1]--
--[20 / 2]--
--[19 / 0]--
--[19 / 1]--
--[19 / 2]--
--[19 / 14]--
--[17 / 0]--
--[16 / 0]--
--[16 / 7]--
--[16 / 14]--
--[15 / 0]--
--[13 / 0]--
--[11 / 0]--
--[10 / 0]--
--[10 / 8]--
--[8 / 0]--
--[5 / 0]--
--[0 / 0]--
Total time: 0.892
Nodes generated during search: 40879
Nodes expanded during search: 24157
Plan found with cost: 73
Fast-BFS search completed in 0.892 secs
