INFO     Running translator.
INFO     translator inputs: ['domain.pddl', 'ins.pddl']
INFO     translator arguments: []
Parsing...
Parsing: [0.020s CPU, 0.016s wall-clock]
Normalizing task... [0.000s CPU, 0.001s wall-clock]
Instantiating...
Generating Datalog program... [0.000s CPU, 0.002s wall-clock]
Normalizing Datalog program...
Normalizing Datalog program: [0.020s CPU, 0.017s wall-clock]
Preparing model... [0.010s CPU, 0.008s wall-clock]
Generated 553 rules.
Computing model... [0.010s CPU, 0.011s wall-clock]
362 relevant atoms
619 auxiliary atoms
981 final queue length
2304 total queue pushes
Completing instantiation... [0.040s CPU, 0.045s wall-clock]
Instantiating: [0.080s CPU, 0.085s wall-clock]
Computing fact groups...
Finding invariants...
81 initial candidates
Finding invariants: [0.030s CPU, 0.023s wall-clock]
Checking invariant weight... [0.000s CPU, 0.000s wall-clock]
Instantiating groups... [0.000s CPU, 0.000s wall-clock]
Collecting mutex groups... [0.000s CPU, 0.000s wall-clock]
Choosing groups...
82 uncovered facts
Choosing groups: [0.000s CPU, 0.001s wall-clock]
Building translation key... [0.000s CPU, 0.000s wall-clock]
Computing fact groups: [0.030s CPU, 0.025s wall-clock]
Building STRIPS to SAS dictionary... [0.000s CPU, 0.000s wall-clock]
Building dictionary for full mutex groups... [0.000s CPU, 0.000s wall-clock]
Building mutex information...
Building mutex information: [0.000s CPU, 0.000s wall-clock]
Translating task...
Processing axioms...
Simplifying axioms... [0.000s CPU, 0.000s wall-clock]
Processing axioms: [0.000s CPU, 0.001s wall-clock]
Translating task: [0.290s CPU, 0.287s wall-clock]
233 effect conditions simplified
0 implied preconditions added
Detecting unreachable propositions...
0 operators removed
33 propositions removed
Detecting unreachable propositions: [0.020s CPU, 0.021s wall-clock]
Translator variables: 83
Translator derived variables: 0
Translator facts: 219
Translator goal facts: 1
Translator mutex groups: 44
Translator total mutex groups size: 135
Translator operators: 171
Translator axioms: 0
Translator task size: 22086
Translator peak memory: 34276 KB
Writing output... [0.020s CPU, 0.021s wall-clock]
Done! [0.460s CPU, 0.459s wall-clock]
INFO     Running preprocessor.
INFO     preprocessor input: output.sas
INFO     preprocessor arguments: []
Building causal graph...
The causal graph is not acyclic.
79 variables of 83 necessary
26 of 44 mutex groups necessary.
171 of 171 operators necessary.
0 of 0 axiom rules necessary.
Building domain transition graphs...
solveable in poly time 0
Building successor generator...
Preprocessor facts: 211
Preprocessor derived variables: 0
Preprocessor task size: 22005
Writing output...
done
INFO     Running search.
INFO     search input: output
INFO     search executable: /home/js/Desktop/planning-programs/PLANNERS/fast-downward/src/search/downward-release
INFO     search arguments: ['--if-unit-cost', '--heuristic', 'hlm,hff=lm_ff_syn(lm_rhw(reasonable_orders=true))', '--search', 'iterated([lazy_greedy([hff,hlm],preferred=[hff,hlm]),lazy_wastar([hff,hlm],preferred=[hff,hlm],w=5),lazy_wastar([hff,hlm],preferred=[hff,hlm],w=3),lazy_wastar([hff,hlm],preferred=[hff,hlm],w=2),lazy_wastar([hff,hlm],preferred=[hff,hlm],w=1)],repeat_last=true,continue_on_fail=true)', '--if-non-unit-cost', '--heuristic', 'hlm1,hff1=lm_ff_syn(lm_rhw(reasonable_orders=true,lm_cost_type=one,cost_type=one))', '--heuristic', 'hlm2,hff2=lm_ff_syn(lm_rhw(reasonable_orders=true,lm_cost_type=plusone,cost_type=plusone))', '--search', 'iterated([lazy_greedy([hff1,hlm1],preferred=[hff1,hlm1],cost_type=one,reopen_closed=false),lazy_greedy([hff2,hlm2],preferred=[hff2,hlm2],reopen_closed=false),lazy_wastar([hff2,hlm2],preferred=[hff2,hlm2],w=5),lazy_wastar([hff2,hlm2],preferred=[hff2,hlm2],w=3),lazy_wastar([hff2,hlm2],preferred=[hff2,hlm2],w=2),lazy_wastar([hff2,hlm2],preferred=[hff2,hlm2],w=1)],repeat_last=true,continue_on_fail=true)', '--always', '--internal-plan-file', 'sas_plan']
reading input... [t=0.00s]
Simplifying transitions... done!
done reading input! [t=0.22s]
building causal graph...done! [t=0.24s]
packing state variables...done! [t=0.24s]
Variables: 79
Facts: 211
Bytes per state: 16
done initalizing global data [t=0.24s]
Initializing Exploration...
Generating landmarks using the RPG/SAS+ approach
approx. reasonable orders
approx. obedient reasonable orders
Removed 0 reasonable or obedient reasonable orders
Landmarks generation time: 0.01s
Discovered 24 landmarks, of which 0 are disjunctive and 0 are conjunctive 
61 edges
Landmark graph: 
LM 4 NegatedAtom done-programming() (var10(78)->1) Achievers (0, 0)
		->_gn  LM 12 Atom done-programming() (var10(78)->0)(goal) Achievers (1, 1)

LM 12 Atom done-programming() (var10(78)->0)(goal) Achievers (1, 1)
		<-_nat LM 17 Atom test-2() (var56(24)->2) Achievers (1, 1)
		<-_nat LM 15 Atom done-applying-0(row-0) (var8(64)->0) Achievers (24, 12)
		<-_gn  LM 8 Atom test-3() (var56(24)->3) Achievers (1, 1)
		<-_gn  LM 7 Atom state-stack(state-2, row-0) (var37(57)->0) Achievers (4, 4)
		<-_nat LM 1 Atom test-1() (var56(24)->1) Achievers (1, 1)
		<-_gn  LM 0 Atom var1(v0) (var76(62)->0) Achievers (4, 4)
		<-_gn  LM 4 NegatedAtom done-programming() (var10(78)->1) Achievers (0, 0)
		<-_gn  LM 5 Atom end-cond-0-2() (var19(1)->0) Achievers (1, 1)
		<-_nat LM 11 Atom done-evaluating-0(row-0) (var9(61)->0) Achievers (45, 15)
		<-_gn  LM 6 Atom var0(v6) (var75(77)->0) Achievers (8, 8)

LM 14 NegatedAtom var0(v6) (var75(77)->1) Achievers (7, 1)
		->_gn  LM 6 Atom var0(v6) (var75(77)->0) Achievers (8, 8)

LM 6 Atom var0(v6) (var75(77)->0) Achievers (8, 8)
		<-_nat LM 17 Atom test-2() (var56(24)->2) Achievers (1, 1)
		<-_nat LM 7 Atom state-stack(state-2, row-0) (var37(57)->0) Achievers (4, 4)
		<-_nat LM 5 Atom end-cond-0-2() (var19(1)->0) Achievers (1, 1)
		<-_nat LM 8 Atom test-3() (var56(24)->3) Achievers (1, 1)
		<-_gn  LM 13 NegatedAtom done-applying-0(row-0) (var8(64)->1) Achievers (12, 6)
		<-_gn  LM 11 Atom done-evaluating-0(row-0) (var9(61)->0) Achievers (45, 15)
		<-_gn  LM 14 NegatedAtom var0(v6) (var75(77)->1) Achievers (7, 1)
		<-_nat LM 1 Atom test-1() (var56(24)->1) Achievers (1, 1)
		->_gn  LM 12 Atom done-programming() (var10(78)->0)(goal) Achievers (1, 1)

LM 21 NegatedAtom var0(v3) (var72(74)->1) Achievers (15, 5)
		->_gn  LM 18 Atom var0(v3) (var72(74)->0) Achievers (12, 12)

LM 18 Atom var0(v3) (var72(74)->0) Achievers (12, 12)
		<-_gn  LM 11 Atom done-evaluating-0(row-0) (var9(61)->0) Achievers (45, 15)
		<-_gn  LM 21 NegatedAtom var0(v3) (var72(74)->1) Achievers (15, 5)
		<-_gn  LM 13 NegatedAtom done-applying-0(row-0) (var8(64)->1) Achievers (12, 6)
		->_gn  LM 8 Atom test-3() (var56(24)->3) Achievers (1, 1)

LM 23 NegatedAtom var0(v1) (var70(72)->1) Achievers (15, 13)
		->_gn  LM 20 Atom var0(v1) (var70(72)->0) Achievers (12, 12)

LM 20 Atom var0(v1) (var70(72)->0) Achievers (12, 12)
		<-_gn  LM 11 Atom done-evaluating-0(row-0) (var9(61)->0) Achievers (45, 15)
		<-_gn  LM 23 NegatedAtom var0(v1) (var70(72)->1) Achievers (15, 13)
		<-_gn  LM 13 NegatedAtom done-applying-0(row-0) (var8(64)->1) Achievers (12, 6)
		->_gn  LM 17 Atom test-2() (var56(24)->2) Achievers (1, 1)

LM 22 Atom var0(v0) (var69(71)->0) Achievers (10, 9)
		->_gn  LM 1 Atom test-1() (var56(24)->1) Achievers (1, 1)

LM 13 NegatedAtom done-applying-0(row-0) (var8(64)->1) Achievers (12, 6)
		->_gn  LM 20 Atom var0(v1) (var70(72)->0) Achievers (12, 12)
		->_gn  LM 18 Atom var0(v3) (var72(74)->0) Achievers (12, 12)
		->_gn  LM 15 Atom done-applying-0(row-0) (var8(64)->0) Achievers (24, 12)
		->_gn  LM 6 Atom var0(v6) (var75(77)->0) Achievers (8, 8)

LM 15 Atom done-applying-0(row-0) (var8(64)->0) Achievers (24, 12)
		<-_gn  LM 13 NegatedAtom done-applying-0(row-0) (var8(64)->1) Achievers (12, 6)
		<-_gn  LM 11 Atom done-evaluating-0(row-0) (var9(61)->0) Achievers (45, 15)
		<-_gn  LM 3 Atom state-stack(state-0, row-0) (var35(60)->0) Achievers (5, 3)
		->_nat LM 5 Atom end-cond-0-2() (var19(1)->0) Achievers (1, 1)
		->_nat LM 1 Atom test-1() (var56(24)->1) Achievers (1, 1)
		->_gn  LM 7 Atom state-stack(state-2, row-0) (var37(57)->0) Achievers (4, 4)
		->_nat LM 8 Atom test-3() (var56(24)->3) Achievers (1, 1)
		->_nat LM 12 Atom done-programming() (var10(78)->0)(goal) Achievers (1, 1)
		->_nat LM 17 Atom test-2() (var56(24)->2) Achievers (1, 1)

LM 0 Atom var1(v0) (var76(62)->0) Achievers (4, 4)
		->_gn  LM 1 Atom test-1() (var56(24)->1) Achievers (1, 1)
		->_gn  LM 8 Atom test-3() (var56(24)->3) Achievers (1, 1)
		->_gn  LM 17 Atom test-2() (var56(24)->2) Achievers (1, 1)
		->_gn  LM 12 Atom done-programming() (var10(78)->0)(goal) Achievers (1, 1)

LM 2 NegatedAtom done-evaluating-0(row-0) (var9(61)->1) Achievers (12, 6)
		->_gn  LM 11 Atom done-evaluating-0(row-0) (var9(61)->0) Achievers (45, 15)

LM 11 Atom done-evaluating-0(row-0) (var9(61)->0) Achievers (45, 15)
		<-_gn  LM 3 Atom state-stack(state-0, row-0) (var35(60)->0) Achievers (5, 3)
		<-_gn  LM 2 NegatedAtom done-evaluating-0(row-0) (var9(61)->1) Achievers (12, 6)
		->_nat LM 8 Atom test-3() (var56(24)->3) Achievers (1, 1)
		->_nat LM 1 Atom test-1() (var56(24)->1) Achievers (1, 1)
		->_nat LM 5 Atom end-cond-0-2() (var19(1)->0) Achievers (1, 1)
		->_gn  LM 20 Atom var0(v1) (var70(72)->0) Achievers (12, 12)
		->_nat LM 12 Atom done-programming() (var10(78)->0)(goal) Achievers (1, 1)
		->_gn  LM 6 Atom var0(v6) (var75(77)->0) Achievers (8, 8)
		->_gn  LM 7 Atom state-stack(state-2, row-0) (var37(57)->0) Achievers (4, 4)
		->_gn  LM 18 Atom var0(v3) (var72(74)->0) Achievers (12, 12)
		->_nat LM 17 Atom test-2() (var56(24)->2) Achievers (1, 1)
		->_gn  LM 15 Atom done-applying-0(row-0) (var8(64)->0) Achievers (24, 12)

LM 3 Atom state-stack(state-0, row-0) (var35(60)->0) Achievers (5, 3)
		->_gn  LM 15 Atom done-applying-0(row-0) (var8(64)->0) Achievers (24, 12)
		->_gn  LM 11 Atom done-evaluating-0(row-0) (var9(61)->0) Achievers (45, 15)

LM 16 NegatedAtom state-stack(state-2, row-0) (var37(57)->1) Achievers (3, 1)
		->_gn  LM 7 Atom state-stack(state-2, row-0) (var37(57)->0) Achievers (4, 4)

LM 7 Atom state-stack(state-2, row-0) (var37(57)->0) Achievers (4, 4)
		<-_gn  LM 16 NegatedAtom state-stack(state-2, row-0) (var37(57)->1) Achievers (3, 1)
		<-_gn  LM 15 Atom done-applying-0(row-0) (var8(64)->0) Achievers (24, 12)
		<-_gn  LM 11 Atom done-evaluating-0(row-0) (var9(61)->0) Achievers (45, 15)
		->_gn  LM 1 Atom test-1() (var56(24)->1) Achievers (1, 1)
		->_nat LM 6 Atom var0(v6) (var75(77)->0) Achievers (8, 8)
		->_gn  LM 12 Atom done-programming() (var10(78)->0)(goal) Achievers (1, 1)
		->_gn  LM 17 Atom test-2() (var56(24)->2) Achievers (1, 1)
		->_gn  LM 5 Atom end-cond-0-2() (var19(1)->0) Achievers (1, 1)
		->_gn  LM 8 Atom test-3() (var56(24)->3) Achievers (1, 1)

LM 10 Atom empty-cond-stack(state-2) (var7(52)->7) Achievers (0, 0)
		->_gn  LM 5 Atom end-cond-0-2() (var19(1)->0) Achievers (1, 1)

LM 8 Atom test-3() (var56(24)->3) Achievers (1, 1)
		<-_nat LM 11 Atom done-evaluating-0(row-0) (var9(61)->0) Achievers (45, 15)
		<-_gn  LM 18 Atom var0(v3) (var72(74)->0) Achievers (12, 12)
		<-_nat LM 1 Atom test-1() (var56(24)->1) Achievers (1, 1)
		<-_gn  LM 0 Atom var1(v0) (var76(62)->0) Achievers (4, 4)
		<-_gn  LM 5 Atom end-cond-0-2() (var19(1)->0) Achievers (1, 1)
		<-_nat LM 19 Atom test-0() (var56(24)->0) Achievers (0, 0)
		<-_gn  LM 7 Atom state-stack(state-2, row-0) (var37(57)->0) Achievers (4, 4)
		<-_nat LM 15 Atom done-applying-0(row-0) (var8(64)->0) Achievers (24, 12)
		<-_gn  LM 17 Atom test-2() (var56(24)->2) Achievers (1, 1)
		->_nat LM 6 Atom var0(v6) (var75(77)->0) Achievers (8, 8)
		->_gn  LM 12 Atom done-programming() (var10(78)->0)(goal) Achievers (1, 1)

LM 17 Atom test-2() (var56(24)->2) Achievers (1, 1)
		<-_nat LM 15 Atom done-applying-0(row-0) (var8(64)->0) Achievers (24, 12)
		<-_nat LM 11 Atom done-evaluating-0(row-0) (var9(61)->0) Achievers (45, 15)
		<-_gn  LM 1 Atom test-1() (var56(24)->1) Achievers (1, 1)
		<-_gn  LM 0 Atom var1(v0) (var76(62)->0) Achievers (4, 4)
		<-_gn  LM 20 Atom var0(v1) (var70(72)->0) Achievers (12, 12)
		<-_gn  LM 5 Atom end-cond-0-2() (var19(1)->0) Achievers (1, 1)
		<-_nat LM 19 Atom test-0() (var56(24)->0) Achievers (0, 0)
		<-_gn  LM 7 Atom state-stack(state-2, row-0) (var37(57)->0) Achievers (4, 4)
		->_nat LM 6 Atom var0(v6) (var75(77)->0) Achievers (8, 8)
		->_nat LM 12 Atom done-programming() (var10(78)->0)(goal) Achievers (1, 1)
		->_gn  LM 8 Atom test-3() (var56(24)->3) Achievers (1, 1)

LM 1 Atom test-1() (var56(24)->1) Achievers (1, 1)
		<-_nat LM 15 Atom done-applying-0(row-0) (var8(64)->0) Achievers (24, 12)
		<-_nat LM 11 Atom done-evaluating-0(row-0) (var9(61)->0) Achievers (45, 15)
		<-_gn  LM 0 Atom var1(v0) (var76(62)->0) Achievers (4, 4)
		<-_gn  LM 5 Atom end-cond-0-2() (var19(1)->0) Achievers (1, 1)
		<-_gn  LM 22 Atom var0(v0) (var69(71)->0) Achievers (10, 9)
		<-_gn  LM 19 Atom test-0() (var56(24)->0) Achievers (0, 0)
		<-_gn  LM 7 Atom state-stack(state-2, row-0) (var37(57)->0) Achievers (4, 4)
		->_nat LM 6 Atom var0(v6) (var75(77)->0) Achievers (8, 8)
		->_nat LM 12 Atom done-programming() (var10(78)->0)(goal) Achievers (1, 1)
		->_gn  LM 17 Atom test-2() (var56(24)->2) Achievers (1, 1)
		->_nat LM 8 Atom test-3() (var56(24)->3) Achievers (1, 1)

LM 19 Atom test-0() (var56(24)->0) Achievers (0, 0)
		->_gn  LM 1 Atom test-1() (var56(24)->1) Achievers (1, 1)
		->_nat LM 17 Atom test-2() (var56(24)->2) Achievers (1, 1)
		->_nat LM 8 Atom test-3() (var56(24)->3) Achievers (1, 1)

LM 9 NegatedAtom end-cond-0-2() (var19(1)->1) Achievers (0, 0)
		->_gn  LM 5 Atom end-cond-0-2() (var19(1)->0) Achievers (1, 1)

LM 5 Atom end-cond-0-2() (var19(1)->0) Achievers (1, 1)
		<-_nat LM 15 Atom done-applying-0(row-0) (var8(64)->0) Achievers (24, 12)
		<-_gn  LM 9 NegatedAtom end-cond-0-2() (var19(1)->1) Achievers (0, 0)
		<-_gn  LM 7 Atom state-stack(state-2, row-0) (var37(57)->0) Achievers (4, 4)
		<-_gn  LM 10 Atom empty-cond-stack(state-2) (var7(52)->7) Achievers (0, 0)
		<-_nat LM 11 Atom done-evaluating-0(row-0) (var9(61)->0) Achievers (45, 15)
		->_nat LM 6 Atom var0(v6) (var75(77)->0) Achievers (8, 8)
		->_gn  LM 12 Atom done-programming() (var10(78)->0)(goal) Achievers (1, 1)
		->_gn  LM 17 Atom test-2() (var56(24)->2) Achievers (1, 1)
		->_gn  LM 8 Atom test-3() (var56(24)->3) Achievers (1, 1)
		->_gn  LM 1 Atom test-1() (var56(24)->1) Achievers (1, 1)

Landmark graph end.
Initializing LAMA-FF Synergy Object
Initializing landmarks count heuristic...
13 initial landmarks, 1 goal landmarks
Initializing Exploration...
Generating landmarks using the RPG/SAS+ approach
approx. reasonable orders
approx. obedient reasonable orders
Removed 0 reasonable or obedient reasonable orders
Landmarks generation time: 0.01s
Discovered 24 landmarks, of which 0 are disjunctive and 0 are conjunctive 
61 edges
Landmark graph: 
LM 2 NegatedAtom done-programming() (var10(78)->1) Achievers (0, 0)
		->_gn  LM 0 Atom done-programming() (var10(78)->0)(goal) Achievers (1, 1)

LM 0 Atom done-programming() (var10(78)->0)(goal) Achievers (1, 1)
		<-_nat LM 9 Atom done-evaluating-0(row-0) (var9(61)->0) Achievers (45, 15)
		<-_gn  LM 6 Atom test-3() (var56(24)->3) Achievers (1, 1)
		<-_nat LM 14 Atom test-2() (var56(24)->2) Achievers (1, 1)
		<-_gn  LM 5 Atom state-stack(state-2, row-0) (var37(57)->0) Achievers (4, 4)
		<-_gn  LM 1 Atom var1(v0) (var76(62)->0) Achievers (4, 4)
		<-_nat LM 12 Atom done-applying-0(row-0) (var8(64)->0) Achievers (24, 12)
		<-_gn  LM 2 NegatedAtom done-programming() (var10(78)->1) Achievers (0, 0)
		<-_gn  LM 4 Atom var0(v6) (var75(77)->0) Achievers (8, 8)
		<-_nat LM 17 Atom test-1() (var56(24)->1) Achievers (1, 1)
		<-_gn  LM 3 Atom end-cond-0-2() (var19(1)->0) Achievers (1, 1)

LM 11 NegatedAtom var0(v6) (var75(77)->1) Achievers (7, 1)
		->_gn  LM 4 Atom var0(v6) (var75(77)->0) Achievers (8, 8)

LM 4 Atom var0(v6) (var75(77)->0) Achievers (8, 8)
		<-_nat LM 6 Atom test-3() (var56(24)->3) Achievers (1, 1)
		<-_nat LM 14 Atom test-2() (var56(24)->2) Achievers (1, 1)
		<-_nat LM 5 Atom state-stack(state-2, row-0) (var37(57)->0) Achievers (4, 4)
		<-_gn  LM 9 Atom done-evaluating-0(row-0) (var9(61)->0) Achievers (45, 15)
		<-_gn  LM 10 NegatedAtom done-applying-0(row-0) (var8(64)->1) Achievers (12, 6)
		<-_nat LM 17 Atom test-1() (var56(24)->1) Achievers (1, 1)
		<-_nat LM 3 Atom end-cond-0-2() (var19(1)->0) Achievers (1, 1)
		<-_gn  LM 11 NegatedAtom var0(v6) (var75(77)->1) Achievers (7, 1)
		->_gn  LM 0 Atom done-programming() (var10(78)->0)(goal) Achievers (1, 1)

LM 21 NegatedAtom var0(v3) (var72(74)->1) Achievers (15, 5)
		->_gn  LM 15 Atom var0(v3) (var72(74)->0) Achievers (12, 12)

LM 15 Atom var0(v3) (var72(74)->0) Achievers (12, 12)
		<-_gn  LM 9 Atom done-evaluating-0(row-0) (var9(61)->0) Achievers (45, 15)
		<-_gn  LM 21 NegatedAtom var0(v3) (var72(74)->1) Achievers (15, 5)
		<-_gn  LM 10 NegatedAtom done-applying-0(row-0) (var8(64)->1) Achievers (12, 6)
		->_gn  LM 6 Atom test-3() (var56(24)->3) Achievers (1, 1)

LM 23 NegatedAtom var0(v1) (var70(72)->1) Achievers (15, 13)
		->_gn  LM 20 Atom var0(v1) (var70(72)->0) Achievers (12, 12)

LM 20 Atom var0(v1) (var70(72)->0) Achievers (12, 12)
		<-_gn  LM 9 Atom done-evaluating-0(row-0) (var9(61)->0) Achievers (45, 15)
		<-_gn  LM 23 NegatedAtom var0(v1) (var70(72)->1) Achievers (15, 13)
		<-_gn  LM 10 NegatedAtom done-applying-0(row-0) (var8(64)->1) Achievers (12, 6)
		->_gn  LM 14 Atom test-2() (var56(24)->2) Achievers (1, 1)

LM 22 Atom var0(v0) (var69(71)->0) Achievers (10, 9)
		->_gn  LM 17 Atom test-1() (var56(24)->1) Achievers (1, 1)

LM 10 NegatedAtom done-applying-0(row-0) (var8(64)->1) Achievers (12, 6)
		->_gn  LM 20 Atom var0(v1) (var70(72)->0) Achievers (12, 12)
		->_gn  LM 12 Atom done-applying-0(row-0) (var8(64)->0) Achievers (24, 12)
		->_gn  LM 15 Atom var0(v3) (var72(74)->0) Achievers (12, 12)
		->_gn  LM 4 Atom var0(v6) (var75(77)->0) Achievers (8, 8)

LM 12 Atom done-applying-0(row-0) (var8(64)->0) Achievers (24, 12)
		<-_gn  LM 10 NegatedAtom done-applying-0(row-0) (var8(64)->1) Achievers (12, 6)
		<-_gn  LM 9 Atom done-evaluating-0(row-0) (var9(61)->0) Achievers (45, 15)
		<-_gn  LM 19 Atom state-stack(state-0, row-0) (var35(60)->0) Achievers (5, 3)
		->_nat LM 3 Atom end-cond-0-2() (var19(1)->0) Achievers (1, 1)
		->_nat LM 17 Atom test-1() (var56(24)->1) Achievers (1, 1)
		->_nat LM 6 Atom test-3() (var56(24)->3) Achievers (1, 1)
		->_nat LM 0 Atom done-programming() (var10(78)->0)(goal) Achievers (1, 1)
		->_gn  LM 5 Atom state-stack(state-2, row-0) (var37(57)->0) Achievers (4, 4)
		->_nat LM 14 Atom test-2() (var56(24)->2) Achievers (1, 1)

LM 1 Atom var1(v0) (var76(62)->0) Achievers (4, 4)
		->_gn  LM 14 Atom test-2() (var56(24)->2) Achievers (1, 1)
		->_gn  LM 17 Atom test-1() (var56(24)->1) Achievers (1, 1)
		->_gn  LM 6 Atom test-3() (var56(24)->3) Achievers (1, 1)
		->_gn  LM 0 Atom done-programming() (var10(78)->0)(goal) Achievers (1, 1)

LM 18 NegatedAtom done-evaluating-0(row-0) (var9(61)->1) Achievers (12, 6)
		->_gn  LM 9 Atom done-evaluating-0(row-0) (var9(61)->0) Achievers (45, 15)

LM 9 Atom done-evaluating-0(row-0) (var9(61)->0) Achievers (45, 15)
		<-_gn  LM 19 Atom state-stack(state-0, row-0) (var35(60)->0) Achievers (5, 3)
		<-_gn  LM 18 NegatedAtom done-evaluating-0(row-0) (var9(61)->1) Achievers (12, 6)
		->_nat LM 6 Atom test-3() (var56(24)->3) Achievers (1, 1)
		->_nat LM 17 Atom test-1() (var56(24)->1) Achievers (1, 1)
		->_nat LM 3 Atom end-cond-0-2() (var19(1)->0) Achievers (1, 1)
		->_nat LM 0 Atom done-programming() (var10(78)->0)(goal) Achievers (1, 1)
		->_gn  LM 4 Atom var0(v6) (var75(77)->0) Achievers (8, 8)
		->_gn  LM 20 Atom var0(v1) (var70(72)->0) Achievers (12, 12)
		->_gn  LM 15 Atom var0(v3) (var72(74)->0) Achievers (12, 12)
		->_nat LM 14 Atom test-2() (var56(24)->2) Achievers (1, 1)
		->_gn  LM 5 Atom state-stack(state-2, row-0) (var37(57)->0) Achievers (4, 4)
		->_gn  LM 12 Atom done-applying-0(row-0) (var8(64)->0) Achievers (24, 12)

LM 19 Atom state-stack(state-0, row-0) (var35(60)->0) Achievers (5, 3)
		->_gn  LM 12 Atom done-applying-0(row-0) (var8(64)->0) Achievers (24, 12)
		->_gn  LM 9 Atom done-evaluating-0(row-0) (var9(61)->0) Achievers (45, 15)

LM 13 NegatedAtom state-stack(state-2, row-0) (var37(57)->1) Achievers (3, 1)
		->_gn  LM 5 Atom state-stack(state-2, row-0) (var37(57)->0) Achievers (4, 4)

LM 5 Atom state-stack(state-2, row-0) (var37(57)->0) Achievers (4, 4)
		<-_gn  LM 13 NegatedAtom state-stack(state-2, row-0) (var37(57)->1) Achievers (3, 1)
		<-_gn  LM 12 Atom done-applying-0(row-0) (var8(64)->0) Achievers (24, 12)
		<-_gn  LM 9 Atom done-evaluating-0(row-0) (var9(61)->0) Achievers (45, 15)
		->_nat LM 4 Atom var0(v6) (var75(77)->0) Achievers (8, 8)
		->_gn  LM 0 Atom done-programming() (var10(78)->0)(goal) Achievers (1, 1)
		->_gn  LM 17 Atom test-1() (var56(24)->1) Achievers (1, 1)
		->_gn  LM 3 Atom end-cond-0-2() (var19(1)->0) Achievers (1, 1)
		->_gn  LM 14 Atom test-2() (var56(24)->2) Achievers (1, 1)
		->_gn  LM 6 Atom test-3() (var56(24)->3) Achievers (1, 1)

LM 8 Atom empty-cond-stack(state-2) (var7(52)->7) Achievers (0, 0)
		->_gn  LM 3 Atom end-cond-0-2() (var19(1)->0) Achievers (1, 1)

LM 6 Atom test-3() (var56(24)->3) Achievers (1, 1)
		<-_nat LM 12 Atom done-applying-0(row-0) (var8(64)->0) Achievers (24, 12)
		<-_nat LM 16 Atom test-0() (var56(24)->0) Achievers (0, 0)
		<-_nat LM 9 Atom done-evaluating-0(row-0) (var9(61)->0) Achievers (45, 15)
		<-_gn  LM 15 Atom var0(v3) (var72(74)->0) Achievers (12, 12)
		<-_gn  LM 1 Atom var1(v0) (var76(62)->0) Achievers (4, 4)
		<-_nat LM 17 Atom test-1() (var56(24)->1) Achievers (1, 1)
		<-_gn  LM 3 Atom end-cond-0-2() (var19(1)->0) Achievers (1, 1)
		<-_gn  LM 5 Atom state-stack(state-2, row-0) (var37(57)->0) Achievers (4, 4)
		<-_gn  LM 14 Atom test-2() (var56(24)->2) Achievers (1, 1)
		->_nat LM 4 Atom var0(v6) (var75(77)->0) Achievers (8, 8)
		->_gn  LM 0 Atom done-programming() (var10(78)->0)(goal) Achievers (1, 1)

LM 14 Atom test-2() (var56(24)->2) Achievers (1, 1)
		<-_nat LM 12 Atom done-applying-0(row-0) (var8(64)->0) Achievers (24, 12)
		<-_nat LM 16 Atom test-0() (var56(24)->0) Achievers (0, 0)
		<-_gn  LM 1 Atom var1(v0) (var76(62)->0) Achievers (4, 4)
		<-_gn  LM 5 Atom state-stack(state-2, row-0) (var37(57)->0) Achievers (4, 4)
		<-_gn  LM 17 Atom test-1() (var56(24)->1) Achievers (1, 1)
		<-_gn  LM 3 Atom end-cond-0-2() (var19(1)->0) Achievers (1, 1)
		<-_nat LM 9 Atom done-evaluating-0(row-0) (var9(61)->0) Achievers (45, 15)
		<-_gn  LM 20 Atom var0(v1) (var70(72)->0) Achievers (12, 12)
		->_nat LM 4 Atom var0(v6) (var75(77)->0) Achievers (8, 8)
		->_nat LM 0 Atom done-programming() (var10(78)->0)(goal) Achievers (1, 1)
		->_gn  LM 6 Atom test-3() (var56(24)->3) Achievers (1, 1)

LM 17 Atom test-1() (var56(24)->1) Achievers (1, 1)
		<-_nat LM 12 Atom done-applying-0(row-0) (var8(64)->0) Achievers (24, 12)
		<-_nat LM 9 Atom done-evaluating-0(row-0) (var9(61)->0) Achievers (45, 15)
		<-_gn  LM 16 Atom test-0() (var56(24)->0) Achievers (0, 0)
		<-_gn  LM 1 Atom var1(v0) (var76(62)->0) Achievers (4, 4)
		<-_gn  LM 3 Atom end-cond-0-2() (var19(1)->0) Achievers (1, 1)
		<-_gn  LM 5 Atom state-stack(state-2, row-0) (var37(57)->0) Achievers (4, 4)
		<-_gn  LM 22 Atom var0(v0) (var69(71)->0) Achievers (10, 9)
		->_nat LM 4 Atom var0(v6) (var75(77)->0) Achievers (8, 8)
		->_nat LM 0 Atom done-programming() (var10(78)->0)(goal) Achievers (1, 1)
		->_gn  LM 14 Atom test-2() (var56(24)->2) Achievers (1, 1)
		->_nat LM 6 Atom test-3() (var56(24)->3) Achievers (1, 1)

LM 16 Atom test-0() (var56(24)->0) Achievers (0, 0)
		->_nat LM 14 Atom test-2() (var56(24)->2) Achievers (1, 1)
		->_gn  LM 17 Atom test-1() (var56(24)->1) Achievers (1, 1)
		->_nat LM 6 Atom test-3() (var56(24)->3) Achievers (1, 1)

LM 7 NegatedAtom end-cond-0-2() (var19(1)->1) Achievers (0, 0)
		->_gn  LM 3 Atom end-cond-0-2() (var19(1)->0) Achievers (1, 1)

LM 3 Atom end-cond-0-2() (var19(1)->0) Achievers (1, 1)
		<-_nat LM 12 Atom done-applying-0(row-0) (var8(64)->0) Achievers (24, 12)
		<-_gn  LM 7 NegatedAtom end-cond-0-2() (var19(1)->1) Achievers (0, 0)
		<-_gn  LM 5 Atom state-stack(state-2, row-0) (var37(57)->0) Achievers (4, 4)
		<-_gn  LM 8 Atom empty-cond-stack(state-2) (var7(52)->7) Achievers (0, 0)
		<-_nat LM 9 Atom done-evaluating-0(row-0) (var9(61)->0) Achievers (45, 15)
		->_nat LM 4 Atom var0(v6) (var75(77)->0) Achievers (8, 8)
		->_gn  LM 0 Atom done-programming() (var10(78)->0)(goal) Achievers (1, 1)
		->_gn  LM 6 Atom test-3() (var56(24)->3) Achievers (1, 1)
		->_gn  LM 17 Atom test-1() (var56(24)->1) Achievers (1, 1)
		->_gn  LM 14 Atom test-2() (var56(24)->2) Achievers (1, 1)

Landmark graph end.
Initializing LAMA-FF Synergy Object
Initializing landmarks count heuristic...
13 initial landmarks, 1 goal landmarks
Starting search: lazy_greedy(list(hff1, hlm1), preferred = list(hff1, hlm1), cost_type = one, reopen_closed = false)
Conducting lazy best first search, (real) bound = 2147483647
Switch from bucket-based to heap-based queue at key = 192, num_pushes = 186
Best heuristic value: 11/18 [g=0, 1 evaluated, 0 expanded, t=0.26s, 5532 KB]
Best heuristic value: 11/15 [g=1, 2 evaluated, 1 expanded, t=0.26s, 5532 KB]
Best heuristic value: 10/15 [g=2, 3 evaluated, 2 expanded, t=0.26s, 5532 KB]
Best heuristic value: 10/14 [g=3, 5 evaluated, 4 expanded, t=0.26s, 5532 KB]
Best heuristic value: 10/13 [g=5, 12 evaluated, 11 expanded, t=0.26s, 5532 KB]
Best heuristic value: 10/12 [g=10, 25 evaluated, 24 expanded, t=0.26s, 5532 KB]
Best heuristic value: 10/11 [g=11, 27 evaluated, 26 expanded, t=0.26s, 5532 KB]
Best heuristic value: 9/11 [g=12, 29 evaluated, 28 expanded, t=0.26s, 5532 KB]
Best heuristic value: 8/8 [g=13, 32 evaluated, 30 expanded, t=0.26s, 5532 KB]
Best heuristic value: 7/8 [g=18, 37 evaluated, 35 expanded, t=0.26s, 5532 KB]
Best heuristic value: 7/7 [g=19, 705 evaluated, 509 expanded, t=0.34s, 5532 KB]
Best heuristic value: 6/7 [g=20, 706 evaluated, 510 expanded, t=0.34s, 5532 KB]
Best heuristic value: 6/6 [g=26, 712 evaluated, 516 expanded, t=0.34s, 5532 KB]
Best heuristic value: 6/5 [g=20, 6390 evaluated, 4980 expanded, t=1.12s, 6196 KB]
Best heuristic value: 5/5 [g=30, 25437 evaluated, 19885 expanded, t=3.70s, 8008 KB]
Best heuristic value: 4/4 [g=35, 37709 evaluated, 29446 expanded, t=5.38s, 9300 KB]
Best heuristic value: 3/4 [g=62, 38915 evaluated, 30298 expanded, t=5.56s, 9432 KB]
Best heuristic value: 2/4 [g=65, 38918 evaluated, 30301 expanded, t=5.56s, 9432 KB]
Best heuristic value: 2/3 [g=68, 38921 evaluated, 30304 expanded, t=5.56s, 9432 KB]
Best heuristic value: 2/2 [g=71, 38924 evaluated, 30307 expanded, t=5.56s, 9432 KB]
Best heuristic value: 1/1 [g=72, 38925 evaluated, 30308 expanded, t=5.56s, 9432 KB]
Solution found!
Actual search time: 5.30s [t=5.56s]
program-nocond-0 state-0 row-0 (0)
eval-nocond-0 state-0 row-0 (0)
program-true-add-var1-to-var0-0 state-0 row-0 (0)
repeat-true-add-var1-to-var0-0 state-0 row-0 (0)
program-true-goto-0 state-0 state-1 row-0 (0)
repeat-true-goto-0 state-0 state-1 row-0 (0)
program-cond-var1-0 v0 state-1 row-0 (0)
eval-cond-var1-0 v0 state-1 row-0 (0)
program-true-add-var1-to-var0-0 state-1 row-0 (0)
repeat-true-add-var1-to-var0-0 state-1 row-0 (0)
program-true-goto-0 state-1 state-2 row-0 (0)
repeat-true-goto-0 state-1 state-2 row-0 (0)
program-end-2 row-0 (1)
repeat-end-main-0-0-2  (0)
eval-nocond-0 state-0 row-0 (0)
repeat-true-add-var1-to-var0-0 state-0 row-0 (0)
repeat-true-goto-0 state-0 state-1 row-0 (0)
eval-cond-var1-0 v0 state-1 row-0 (0)
program-false-dec-var1-0 state-1 row-0 (0)
repeat-false-dec-var1-0 state-1 row-0 (0)
program-false-goto-0 state-1 state-0 row-0 (0)
repeat-false-goto-0 state-1 state-0 row-0 (0)
eval-nocond-0 state-0 row-0 (0)
repeat-true-add-var1-to-var0-0 state-0 row-0 (0)
repeat-true-goto-0 state-0 state-1 row-0 (0)
eval-cond-var1-0 v0 state-1 row-0 (0)
repeat-true-add-var1-to-var0-0 state-1 row-0 (0)
repeat-true-goto-0 state-1 state-2 row-0 (0)
repeat-end-main-1-0-2  (0)
eval-nocond-0 state-0 row-0 (0)
repeat-true-add-var1-to-var0-0 state-0 row-0 (0)
repeat-true-goto-0 state-0 state-1 row-0 (0)
eval-cond-var1-0 v0 state-1 row-0 (0)
repeat-false-dec-var1-0 state-1 row-0 (0)
repeat-false-goto-0 state-1 state-0 row-0 (0)
eval-nocond-0 state-0 row-0 (0)
repeat-true-add-var1-to-var0-0 state-0 row-0 (0)
repeat-true-goto-0 state-0 state-1 row-0 (0)
eval-cond-var1-0 v0 state-1 row-0 (0)
repeat-false-dec-var1-0 state-1 row-0 (0)
repeat-false-goto-0 state-1 state-0 row-0 (0)
eval-nocond-0 state-0 row-0 (0)
repeat-true-add-var1-to-var0-0 state-0 row-0 (0)
repeat-true-goto-0 state-0 state-1 row-0 (0)
eval-cond-var1-0 v0 state-1 row-0 (0)
repeat-true-add-var1-to-var0-0 state-1 row-0 (0)
repeat-true-goto-0 state-1 state-2 row-0 (0)
repeat-end-main-2-0-2  (0)
eval-nocond-0 state-0 row-0 (0)
repeat-true-add-var1-to-var0-0 state-0 row-0 (0)
repeat-true-goto-0 state-0 state-1 row-0 (0)
eval-cond-var1-0 v0 state-1 row-0 (0)
repeat-false-dec-var1-0 state-1 row-0 (0)
repeat-false-goto-0 state-1 state-0 row-0 (0)
eval-nocond-0 state-0 row-0 (0)
repeat-true-add-var1-to-var0-0 state-0 row-0 (0)
repeat-true-goto-0 state-0 state-1 row-0 (0)
eval-cond-var1-0 v0 state-1 row-0 (0)
repeat-false-dec-var1-0 state-1 row-0 (0)
repeat-false-goto-0 state-1 state-0 row-0 (0)
eval-nocond-0 state-0 row-0 (0)
repeat-true-add-var1-to-var0-0 state-0 row-0 (0)
repeat-true-goto-0 state-0 state-1 row-0 (0)
eval-cond-var1-0 v0 state-1 row-0 (0)
repeat-false-dec-var1-0 state-1 row-0 (0)
repeat-false-goto-0 state-1 state-0 row-0 (0)
eval-nocond-0 state-0 row-0 (0)
repeat-true-add-var1-to-var0-0 state-0 row-0 (0)
repeat-true-goto-0 state-0 state-1 row-0 (0)
eval-cond-var1-0 v0 state-1 row-0 (0)
repeat-true-add-var1-to-var0-0 state-1 row-0 (0)
repeat-true-goto-0 state-1 state-2 row-0 (0)
repeat-end-main-3-0-2  (0)
Plan length: 73 step(s).
Plan cost: 1
Initial state h value: 11/18.
Expanded 30309 state(s).
Reopened 0 state(s).
Evaluated 38926 state(s).
Evaluations: 77852
Generated 43609 state(s).
Dead ends: 8616 state(s).
Best solution cost so far: 1
Solution found - keep searching
Starting search: lazy_greedy(list(hff2, hlm2), preferred = list(hff2, hlm2), reopen_closed = false)
Conducting lazy best first search, (real) bound = 1
Switch from bucket-based to heap-based queue at key = 195, num_pushes = 186
Best heuristic value: 12/19 [g=0, 1 evaluated, 0 expanded, t=5.56s, 11576 KB]
Best heuristic value: 12/16 [g=0, 2 evaluated, 1 expanded, t=5.56s, 11576 KB]
Best heuristic value: 11/16 [g=0, 3 evaluated, 2 expanded, t=5.56s, 11576 KB]
Best heuristic value: 11/15 [g=0, 5 evaluated, 4 expanded, t=5.56s, 11576 KB]
Best heuristic value: 11/14 [g=0, 12 evaluated, 11 expanded, t=5.56s, 11576 KB]
Best heuristic value: 11/13 [g=0, 25 evaluated, 24 expanded, t=5.56s, 11576 KB]
Best heuristic value: 11/12 [g=0, 27 evaluated, 26 expanded, t=5.56s, 11576 KB]
Best heuristic value: 10/12 [g=0, 29 evaluated, 28 expanded, t=5.56s, 11576 KB]
Best heuristic value: 10/11 [g=0, 8921 evaluated, 6947 expanded, t=6.78s, 11708 KB]
Best heuristic value: 10/10 [g=0, 16817 evaluated, 13040 expanded, t=7.86s, 11840 KB]
Best heuristic value: 10/9 [g=0, 23283 evaluated, 17905 expanded, t=8.72s, 11840 KB]
Best heuristic value: 10/8 [g=0, 23296 evaluated, 17913 expanded, t=8.72s, 11840 KB]
