Domain: domain.pddl Problem: ins.pddl
Generating Datalog program... [0.000s CPU, 0.002s wall-clock]
Normalizing Datalog program...
Normalizing Datalog program: [0.020s CPU, 0.020s wall-clock]
Preparing model... [0.000s CPU, 0.008s wall-clock]
Generated 553 rules.
Computing model... [0.020s CPU, 0.013s wall-clock]
362 relevant atoms
619 auxiliary atoms
981 final queue length
2304 total queue pushes
Completing instantiation... [0.050s CPU, 0.055s wall-clock]
goal relaxed reachable: True
155 atoms
Computing fact groups...
Finding invariants...
81 initial candidates
Finding invariants: [0.030s CPU, 0.023s wall-clock]
Checking invariant weight... [0.000s CPU, 0.000s wall-clock]
Instantiating groups... [0.000s CPU, 0.000s wall-clock]
Collecting mutex groups... [0.000s CPU, 0.000s wall-clock]
Choosing groups...
82 uncovered facts
Choosing groups: [0.000s CPU, 0.000s wall-clock]
Building translation key... [0.000s CPU, 0.000s wall-clock]
Computing fact groups: [0.030s CPU, 0.026s wall-clock]
Deterministic 171 actions
3 negated fluents created
Invariants 111

 Match tree built with 171 nodes.

PDDL problem description loaded: 
	Domain: summatory
	Problem: p2-09092015121315
	#Actions: 171
	#Fluents: 158
Goals found: 1
Goals_Edges found: 1
Starting search with BFWS-f5-landmarks...
--[38 / 0]--
--[38 / 1]--
--[37 / 0]--
--[37 / 1]--
--[35 / 0]--
--[35 / 2]--
--[33 / 0]--
--[33 / 2]--
--[33 / 5]--
--[32 / 0]--
--[32 / 1]--
--[32 / 2]--
--[30 / 0]--
--[30 / 1]--
--[30 / 2]--
--[30 / 5]--
--[30 / 6]--
--[29 / 0]--
--[29 / 1]--
--[29 / 2]--
--[29 / 5]--
--[29 / 6]--
--[28 / 0]--
--[28 / 1]--
--[28 / 2]--
--[28 / 6]--
--[26 / 0]--
--[26 / 1]--
--[25 / 0]--
--[24 / 0]--
--[23 / 0]--
--[22 / 0]--
--[21 / 0]--
--[21 / 1]--
--[21 / 2]--
--[20 / 0]--
--[18 / 0]--
--[17 / 0]--
--[17 / 7]--
--[16 / 0]--
--[14 / 0]--
--[14 / 1]--
--[14 / 2]--
--[14 / 5]--
--[14 / 6]--
--[14 / 8]--
--[11 / 0]--
--[8 / 0]--
--[8 / 1]--
--[8 / 2]--
--[8 / 3]--
--[8 / 9]--
--[8 / 10]--
--[5 / 0]--
--[0 / 0]--
Total time: 4.816
Nodes generated during search: 156824
Nodes expanded during search: 118043
Plan found with cost: 73
Fast-BFS search completed in 4.816 secs
