Domain: domain.pddl Problem: ins.pddl
Generating Datalog program... [0.000s CPU, 0.001s wall-clock]
Normalizing Datalog program...
Normalizing Datalog program: [0.020s CPU, 0.019s wall-clock]
Preparing model... [0.010s CPU, 0.007s wall-clock]
Generated 553 rules.
Computing model... [0.010s CPU, 0.012s wall-clock]
362 relevant atoms
619 auxiliary atoms
981 final queue length
2304 total queue pushes
Completing instantiation... [0.050s CPU, 0.052s wall-clock]
goal relaxed reachable: True
155 atoms
Computing fact groups...
Finding invariants...
81 initial candidates
Finding invariants: [0.020s CPU, 0.022s wall-clock]
Checking invariant weight... [0.000s CPU, 0.001s wall-clock]
Instantiating groups... [0.000s CPU, 0.000s wall-clock]
Collecting mutex groups... [0.000s CPU, 0.000s wall-clock]
Choosing groups...
82 uncovered facts
Choosing groups: [0.000s CPU, 0.000s wall-clock]
Building translation key... [0.000s CPU, 0.000s wall-clock]
Computing fact groups: [0.030s CPU, 0.026s wall-clock]
Deterministic 171 actions
3 negated fluents created
Invariants 111

 Match tree built with 171 nodes.

PDDL problem description loaded: 
	Domain: summatory
	Problem: p1-09092015121315
	#Actions: 171
	#Fluents: 158
Goals found: 1
Goals_Edges found: 1
Starting search with BFWS-f5-landmarks...
--[38 / 0]--
--[38 / 1]--
--[37 / 0]--
--[37 / 1]--
--[33 / 0]--
--[33 / 2]--
--[33 / 5]--
--[31 / 0]--
--[31 / 1]--
--[31 / 2]--
--[29 / 0]--
--[27 / 0]--
--[27 / 1]--
--[26 / 0]--
--[25 / 0]--
--[25 / 7]--
--[23 / 0]--
--[23 / 1]--
--[23 / 2]--
--[23 / 7]--
--[22 / 0]--
--[22 / 1]--
--[22 / 2]--
--[22 / 7]--
--[21 / 0]--
--[20 / 0]--
--[20 / 1]--
--[20 / 2]--
--[20 / 7]--
--[18 / 0]--
--[18 / 3]--
--[18 / 6]--
--[18 / 9]--
--[15 / 0]--
--[15 / 1]--
--[15 / 2]--
--[15 / 3]--
--[15 / 5]--
--[15 / 10]--
--[15 / 11]--
--[12 / 0]--
--[11 / 0]--
--[11 / 2]--
--[11 / 10]--
--[10 / 0]--
--[9 / 0]--
--[6 / 0]--
--[0 / 0]--
Total time: 0.832
Nodes generated during search: 28250
Nodes expanded during search: 20291
Plan found with cost: 75
Fast-BFS search completed in 0.832 secs
