INFO     Running translator.
INFO     translator inputs: ['domain.pddl', 'ins.pddl']
INFO     translator arguments: []
Parsing...
Parsing: [0.030s CPU, 0.028s wall-clock]
Normalizing task... [0.000s CPU, 0.002s wall-clock]
Instantiating...
Generating Datalog program... [0.010s CPU, 0.002s wall-clock]
Normalizing Datalog program...
Normalizing Datalog program: [0.020s CPU, 0.020s wall-clock]
Preparing model... [0.010s CPU, 0.010s wall-clock]
Generated 592 rules.
Computing model... [0.010s CPU, 0.010s wall-clock]
229 relevant atoms
456 auxiliary atoms
685 final queue length
1384 total queue pushes
Completing instantiation... [0.020s CPU, 0.023s wall-clock]
Instantiating: [0.070s CPU, 0.066s wall-clock]
Computing fact groups...
Finding invariants...
63 initial candidates
Finding invariants: [0.170s CPU, 0.172s wall-clock]
Checking invariant weight... [0.000s CPU, 0.000s wall-clock]
Instantiating groups... [0.000s CPU, 0.000s wall-clock]
Collecting mutex groups... [0.000s CPU, 0.000s wall-clock]
Choosing groups...
46 uncovered facts
Choosing groups: [0.000s CPU, 0.000s wall-clock]
Building translation key... [0.000s CPU, 0.000s wall-clock]
Computing fact groups: [0.170s CPU, 0.174s wall-clock]
Building STRIPS to SAS dictionary... [0.000s CPU, 0.000s wall-clock]
Building dictionary for full mutex groups... [0.000s CPU, 0.000s wall-clock]
Building mutex information...
Building mutex information: [0.000s CPU, 0.000s wall-clock]
Translating task...
Processing axioms...
Simplifying axioms... [0.000s CPU, 0.000s wall-clock]
Processing axioms: [0.000s CPU, 0.001s wall-clock]
Translating task: [0.020s CPU, 0.018s wall-clock]
174 effect conditions simplified
0 implied preconditions added
Detecting unreachable propositions...
0 operators removed
6 propositions removed
Detecting unreachable propositions: [0.000s CPU, 0.004s wall-clock]
Translator variables: 52
Translator derived variables: 0
Translator facts: 126
Translator goal facts: 1
Translator mutex groups: 24
Translator total mutex groups size: 68
Translator operators: 121
Translator axioms: 0
Translator task size: 2541
Translator peak memory: 18100 KB
Writing output... [0.000s CPU, 0.004s wall-clock]
Done! [0.300s CPU, 0.297s wall-clock]
INFO     Running preprocessor.
INFO     preprocessor input: output.sas
INFO     preprocessor arguments: []
Building causal graph...
The causal graph is not acyclic.
49 variables of 52 necessary
18 of 24 mutex groups necessary.
121 of 121 operators necessary.
0 of 0 axiom rules necessary.
Building domain transition graphs...
solveable in poly time 0
Building successor generator...
Preprocessor facts: 120
Preprocessor derived variables: 0
Preprocessor task size: 2483
Writing output...
done
INFO     Running search.
INFO     search input: output
INFO     search executable: /home/javi/Desktop/automated-programming-framework-private/PLANNERS/fast-downward/src/search/downward-release
INFO     search arguments: ['--if-unit-cost', '--heuristic', 'hlm,hff=lm_ff_syn(lm_rhw(reasonable_orders=true))', '--search', 'iterated([lazy_greedy([hff,hlm],preferred=[hff,hlm]),lazy_wastar([hff,hlm],preferred=[hff,hlm],w=5),lazy_wastar([hff,hlm],preferred=[hff,hlm],w=3),lazy_wastar([hff,hlm],preferred=[hff,hlm],w=2),lazy_wastar([hff,hlm],preferred=[hff,hlm],w=1)],repeat_last=true,continue_on_fail=true)', '--if-non-unit-cost', '--heuristic', 'hlm1,hff1=lm_ff_syn(lm_rhw(reasonable_orders=true,lm_cost_type=one,cost_type=one))', '--heuristic', 'hlm2,hff2=lm_ff_syn(lm_rhw(reasonable_orders=true,lm_cost_type=plusone,cost_type=plusone))', '--search', 'iterated([lazy_greedy([hff1,hlm1],preferred=[hff1,hlm1],cost_type=one,reopen_closed=false),lazy_greedy([hff2,hlm2],preferred=[hff2,hlm2],reopen_closed=false),lazy_wastar([hff2,hlm2],preferred=[hff2,hlm2],w=5),lazy_wastar([hff2,hlm2],preferred=[hff2,hlm2],w=3),lazy_wastar([hff2,hlm2],preferred=[hff2,hlm2],w=2),lazy_wastar([hff2,hlm2],preferred=[hff2,hlm2],w=1)],repeat_last=true,continue_on_fail=true)', '--always', '--internal-plan-file', 'sas_plan']
reading input... [t=0.00s]
Simplifying transitions... done!
done reading input! [t=0.01s]
building causal graph...done! [t=0.01s]
packing state variables...done! [t=0.01s]
Variables: 49
Facts: 120
Bytes per state: 8
done initalizing global data [t=0.01s]
Initializing Exploration...
Generating landmarks using the RPG/SAS+ approach
approx. reasonable orders
approx. obedient reasonable orders
Removed 0 reasonable or obedient reasonable orders
Landmarks generation time: 0.00s
Discovered 11 landmarks, of which 0 are disjunctive and 0 are conjunctive 
21 edges
Landmark graph: 
LM 9 NegatedAtom done-programming() (var29(48)->1) Achievers (0, 0)
		->_gn  LM 10 Atom done-programming() (var29(48)->0)(goal) Achievers (1, 1)

LM 10 Atom done-programming() (var29(48)->0)(goal) Achievers (1, 1)
		<-_nat LM 5 Atom test-1() (var51(18)->1) Achievers (3, 3)
		<-_gn  LM 3 Atom negex() (var46(47)->0) Achievers (3, 3)
		<-_gn  LM 9 NegatedAtom done-programming() (var29(48)->1) Achievers (0, 0)
		<-_gn  LM 0 Atom checked() (var11(33)->0) Achievers (15, 6)
		<-_gn  LM 1 Atom test-2() (var51(18)->2) Achievers (3, 3)
		<-_gn  LM 2 NegatedAtom holds() (var37(36)->1) Achievers (12, 6)

LM 8 NegatedAtom negex() (var46(47)->1) Achievers (0, 0)
		->_gn  LM 3 Atom negex() (var46(47)->0) Achievers (3, 3)

LM 3 Atom negex() (var46(47)->0) Achievers (3, 3)
		<-_gn  LM 6 Atom holds() (var37(36)->0) Achievers (15, 15)
		<-_gn  LM 8 NegatedAtom negex() (var46(47)->1) Achievers (0, 0)
		<-_gn  LM 0 Atom checked() (var11(33)->0) Achievers (15, 6)
		<-_gn  LM 5 Atom test-1() (var51(18)->1) Achievers (3, 3)
		->_gn  LM 10 Atom done-programming() (var29(48)->0)(goal) Achievers (1, 1)

LM 2 NegatedAtom holds() (var37(36)->1) Achievers (12, 6)
		->_r   LM 0 Atom checked() (var11(33)->0) Achievers (15, 6)
		->_gn  LM 6 Atom holds() (var37(36)->0) Achievers (15, 15)
		->_gn  LM 10 Atom done-programming() (var29(48)->0)(goal) Achievers (1, 1)

LM 6 Atom holds() (var37(36)->0) Achievers (15, 15)
		<-_gn  LM 4 NegatedAtom checked() (var11(33)->1) Achievers (12, 6)
		<-_gn  LM 2 NegatedAtom holds() (var37(36)->1) Achievers (12, 6)
		->_gn  LM 3 Atom negex() (var46(47)->0) Achievers (3, 3)
		->_gn  LM 5 Atom test-1() (var51(18)->1) Achievers (3, 3)
		->_gn  LM 1 Atom test-2() (var51(18)->2) Achievers (3, 3)

LM 4 NegatedAtom checked() (var11(33)->1) Achievers (12, 6)
		->_gn  LM 6 Atom holds() (var37(36)->0) Achievers (15, 15)
		->_gn  LM 0 Atom checked() (var11(33)->0) Achievers (15, 6)

LM 0 Atom checked() (var11(33)->0) Achievers (15, 6)
		<-_r   LM 2 NegatedAtom holds() (var37(36)->1) Achievers (12, 6)
		<-_gn  LM 4 NegatedAtom checked() (var11(33)->1) Achievers (12, 6)
		->_gn  LM 3 Atom negex() (var46(47)->0) Achievers (3, 3)
		->_gn  LM 5 Atom test-1() (var51(18)->1) Achievers (3, 3)
		->_gn  LM 1 Atom test-2() (var51(18)->2) Achievers (3, 3)
		->_gn  LM 10 Atom done-programming() (var29(48)->0)(goal) Achievers (1, 1)

LM 1 Atom test-2() (var51(18)->2) Achievers (3, 3)
		<-_nat LM 7 Atom test-0() (var51(18)->0) Achievers (0, 0)
		<-_gn  LM 6 Atom holds() (var37(36)->0) Achievers (15, 15)
		<-_gn  LM 0 Atom checked() (var11(33)->0) Achievers (15, 6)
		<-_gn  LM 5 Atom test-1() (var51(18)->1) Achievers (3, 3)
		->_gn  LM 10 Atom done-programming() (var29(48)->0)(goal) Achievers (1, 1)

LM 5 Atom test-1() (var51(18)->1) Achievers (3, 3)
		<-_gn  LM 6 Atom holds() (var37(36)->0) Achievers (15, 15)
		<-_gn  LM 0 Atom checked() (var11(33)->0) Achievers (15, 6)
		<-_gn  LM 7 Atom test-0() (var51(18)->0) Achievers (0, 0)
		->_nat LM 10 Atom done-programming() (var29(48)->0)(goal) Achievers (1, 1)
		->_gn  LM 3 Atom negex() (var46(47)->0) Achievers (3, 3)
		->_gn  LM 1 Atom test-2() (var51(18)->2) Achievers (3, 3)

LM 7 Atom test-0() (var51(18)->0) Achievers (0, 0)
		->_gn  LM 5 Atom test-1() (var51(18)->1) Achievers (3, 3)
		->_nat LM 1 Atom test-2() (var51(18)->2) Achievers (3, 3)

Landmark graph end.
Initializing LAMA-FF Synergy Object
Initializing landmarks count heuristic...
5 initial landmarks, 1 goal landmarks
Initializing Exploration...
Generating landmarks using the RPG/SAS+ approach
Switch from bucket-based to heap-based queue at key = 1002, num_pushes = 49
approx. reasonable orders
approx. obedient reasonable orders
Removed 0 reasonable or obedient reasonable orders
Landmarks generation time: 0.00s
Discovered 11 landmarks, of which 0 are disjunctive and 0 are conjunctive 
20 edges
Landmark graph: 
LM 0 NegatedAtom done-programming() (var29(48)->1) Achievers (0, 0)
		->_gn  LM 1 Atom done-programming() (var29(48)->0)(goal) Achievers (1, 1)

LM 1 Atom done-programming() (var29(48)->0)(goal) Achievers (1, 1)
		<-_nat LM 7 Atom test-1() (var51(18)->1) Achievers (3, 3)
		<-_gn  LM 5 Atom negex() (var46(47)->0) Achievers (3, 3)
		<-_gn  LM 0 NegatedAtom done-programming() (var29(48)->1) Achievers (0, 0)
		<-_gn  LM 3 Atom test-2() (var51(18)->2) Achievers (3, 3)
		<-_gn  LM 2 Atom checked() (var11(33)->0) Achievers (15, 6)
		<-_gn  LM 4 NegatedAtom holds() (var37(36)->1) Achievers (12, 6)

LM 10 NegatedAtom negex() (var46(47)->1) Achievers (0, 0)
		->_gn  LM 5 Atom negex() (var46(47)->0) Achievers (3, 3)

LM 5 Atom negex() (var46(47)->0) Achievers (3, 3)
		<-_gn  LM 10 NegatedAtom negex() (var46(47)->1) Achievers (0, 0)
		<-_gn  LM 2 Atom checked() (var11(33)->0) Achievers (15, 6)
		<-_gn  LM 8 Atom holds() (var37(36)->0) Achievers (15, 15)
		<-_gn  LM 7 Atom test-1() (var51(18)->1) Achievers (3, 3)
		->_gn  LM 1 Atom done-programming() (var29(48)->0)(goal) Achievers (1, 1)

LM 4 NegatedAtom holds() (var37(36)->1) Achievers (12, 6)
		->_gn  LM 8 Atom holds() (var37(36)->0) Achievers (15, 15)
		->_gn  LM 1 Atom done-programming() (var29(48)->0)(goal) Achievers (1, 1)

LM 8 Atom holds() (var37(36)->0) Achievers (15, 15)
		<-_gn  LM 6 NegatedAtom checked() (var11(33)->1) Achievers (12, 6)
		<-_gn  LM 4 NegatedAtom holds() (var37(36)->1) Achievers (12, 6)
		->_gn  LM 7 Atom test-1() (var51(18)->1) Achievers (3, 3)
		->_gn  LM 5 Atom negex() (var46(47)->0) Achievers (3, 3)
		->_gn  LM 3 Atom test-2() (var51(18)->2) Achievers (3, 3)

LM 6 NegatedAtom checked() (var11(33)->1) Achievers (12, 6)
		->_gn  LM 8 Atom holds() (var37(36)->0) Achievers (15, 15)
		->_gn  LM 2 Atom checked() (var11(33)->0) Achievers (15, 6)

LM 2 Atom checked() (var11(33)->0) Achievers (15, 6)
		<-_gn  LM 6 NegatedAtom checked() (var11(33)->1) Achievers (12, 6)
		->_gn  LM 5 Atom negex() (var46(47)->0) Achievers (3, 3)
		->_gn  LM 3 Atom test-2() (var51(18)->2) Achievers (3, 3)
		->_gn  LM 7 Atom test-1() (var51(18)->1) Achievers (3, 3)
		->_gn  LM 1 Atom done-programming() (var29(48)->0)(goal) Achievers (1, 1)

LM 3 Atom test-2() (var51(18)->2) Achievers (3, 3)
		<-_gn  LM 2 Atom checked() (var11(33)->0) Achievers (15, 6)
		<-_nat LM 9 Atom test-0() (var51(18)->0) Achievers (0, 0)
		<-_gn  LM 8 Atom holds() (var37(36)->0) Achievers (15, 15)
		<-_gn  LM 7 Atom test-1() (var51(18)->1) Achievers (3, 3)
		->_gn  LM 1 Atom done-programming() (var29(48)->0)(goal) Achievers (1, 1)

LM 7 Atom test-1() (var51(18)->1) Achievers (3, 3)
		<-_gn  LM 2 Atom checked() (var11(33)->0) Achievers (15, 6)
		<-_gn  LM 8 Atom holds() (var37(36)->0) Achievers (15, 15)
		<-_gn  LM 9 Atom test-0() (var51(18)->0) Achievers (0, 0)
		->_nat LM 1 Atom done-programming() (var29(48)->0)(goal) Achievers (1, 1)
		->_gn  LM 5 Atom negex() (var46(47)->0) Achievers (3, 3)
		->_gn  LM 3 Atom test-2() (var51(18)->2) Achievers (3, 3)

LM 9 Atom test-0() (var51(18)->0) Achievers (0, 0)
		->_gn  LM 7 Atom test-1() (var51(18)->1) Achievers (3, 3)
		->_nat LM 3 Atom test-2() (var51(18)->2) Achievers (3, 3)

Landmark graph end.
Initializing LAMA-FF Synergy Object
Initializing landmarks count heuristic...
5 initial landmarks, 1 goal landmarks
Starting search: lazy_greedy(list(hff1, hlm1), preferred = list(hff1, hlm1), cost_type = one, reopen_closed = false)
Conducting lazy best first search, (real) bound = 2147483647
Best heuristic value: 6/10 [g=0, 1 evaluated, 0 expanded, t=0.02s, 3924 KB]
Best heuristic value: 6/6 [g=1, 2 evaluated, 1 expanded, t=0.02s, 3924 KB]
Best heuristic value: 5/5 [g=2, 3 evaluated, 2 expanded, t=0.02s, 3924 KB]
Switch from bucket-based to heap-based queue at key = 128, num_pushes = 123
Best heuristic value: 5/4 [g=7, 10 evaluated, 9 expanded, t=0.02s, 3924 KB]
Best heuristic value: 5/3 [g=8, 11 evaluated, 10 expanded, t=0.02s, 3924 KB]
Best heuristic value: 4/2 [g=15, 154 evaluated, 108 expanded, t=0.02s, 3924 KB]
Best heuristic value: 2/2 [g=16, 155 evaluated, 109 expanded, t=0.02s, 3924 KB]
Best heuristic value: 1/1 [g=23, 162 evaluated, 116 expanded, t=0.02s, 3924 KB]
Solution found!
Actual search time: 0.00s [t=0.02s]
program-goto-current-content-0-3 a row-0 (1001)
eval-cond-current-content-0-0 a row-0 (1)
dont-goto-0-0-3 row-0 (1)
program-process-a-1 row-0 (1001)
check-process-a-0-1 row-0 (0)
execute-process-a-0-1 row-0 (1)
program-process-b-2 row-0 (1001)
check-process-b-0-2 row-0 (0)
execute-process-b-0-2 row-0 (1)
program-end-3 row-0 (1)
check-main-end-0-3 row-0 (0)
repeat-end-main-0-3 row-0 (0)
eval-cond-current-content-0-0 a row-0 (1)
do-goto-0-0-3 row-0 (1)
check-main-end-1-3 row-0 (0)
repeat-end-main-1-3 row-0 (0)
eval-cond-current-content-0-0 a row-0 (1)
dont-goto-0-0-3 row-0 (1)
check-process-a-0-1 row-0 (0)
execute-process-a-0-1 row-0 (1)
check-process-b-0-2 row-0 (0)
execute-process-b-0-2 row-0 (1)
check-main-end-2-3 row-0 (0)
skip-2  (0)
Plan length: 24 step(s).
Plan cost: 3014
Initial state h value: 6/10.
Expanded 117 state(s).
Reopened 0 state(s).
Evaluated 163 state(s).
Evaluations: 326
Generated 421 state(s).
Dead ends: 45 state(s).
Best solution cost so far: 3014
Solution found - keep searching
Starting search: lazy_greedy(list(hff2, hlm2), preferred = list(hff2, hlm2), reopen_closed = false)
Conducting lazy best first search, (real) bound = 3014
Best heuristic value: 6/4022 [g=0, 1 evaluated, 0 expanded, t=0.02s, 3924 KB]
Best heuristic value: 6/8 [g=1001, 2 evaluated, 1 expanded, t=0.02s, 3924 KB]
Best heuristic value: 5/7 [g=1001, 3 evaluated, 2 expanded, t=0.02s, 3924 KB]
Best heuristic value: 5/6 [g=2004, 9 evaluated, 8 expanded, t=0.02s, 3924 KB]
Best heuristic value: 5/4 [g=2005, 10 evaluated, 9 expanded, t=0.02s, 3924 KB]
Best heuristic value: 5/3 [g=2005, 12 evaluated, 11 expanded, t=0.02s, 3924 KB]
Best heuristic value: 4/2 [g=3010, 154 evaluated, 108 expanded, t=0.03s, 3924 KB]
Best heuristic value: 2/2 [g=3010, 155 evaluated, 109 expanded, t=0.03s, 3924 KB]
Completely explored state space -- no solution!
Actual search time: 0.05s [t=0.07s]
Initial state h value: 6/4022.
Expanded 527 state(s).
Reopened 0 state(s).
Evaluated 1742 state(s).
Evaluations: 3484
Generated 1911 state(s).
Dead ends: 1215 state(s).
Best solution cost so far: 3014
No solution found - keep searching
Starting search: lazy_wastar(list(hff2, hlm2), preferred = list(hff2, hlm2), w = 5)
Conducting lazy best first search, (real) bound = 3014
Best heuristic value: 6/4022 [g=0, 1 evaluated, 0 expanded, t=0.07s, 4052 KB]
Best heuristic value: 6/8 [g=1001, 2 evaluated, 1 expanded, t=0.07s, 4052 KB]
Best heuristic value: 5/7 [g=1001, 3 evaluated, 2 expanded, t=0.07s, 4052 KB]
Best heuristic value: 5/6 [g=2004, 20 evaluated, 15 expanded, t=0.07s, 4052 KB]
Best heuristic value: 5/4 [g=2005, 21 evaluated, 16 expanded, t=0.07s, 4052 KB]
Best heuristic value: 5/3 [g=2005, 22 evaluated, 17 expanded, t=0.07s, 4052 KB]
Best heuristic value: 4/2 [g=3010, 118 evaluated, 88 expanded, t=0.08s, 4052 KB]
Best heuristic value: 2/2 [g=3010, 119 evaluated, 89 expanded, t=0.08s, 4052 KB]
Completely explored state space -- no solution!
Actual search time: 0.04s [t=0.11s]
Initial state h value: 6/4022.
Expanded 527 state(s).
Reopened 0 state(s).
Evaluated 1742 state(s).
Evaluations: 3484
Generated 1911 state(s).
Dead ends: 1215 state(s).
Best solution cost so far: 3014
No solution found - keep searching
Starting search: lazy_wastar(list(hff2, hlm2), preferred = list(hff2, hlm2), w = 3)
Conducting lazy best first search, (real) bound = 3014
Best heuristic value: 6/4022 [g=0, 1 evaluated, 0 expanded, t=0.11s, 4184 KB]
Best heuristic value: 6/8 [g=1001, 2 evaluated, 1 expanded, t=0.11s, 4184 KB]
Best heuristic value: 5/7 [g=1001, 3 evaluated, 2 expanded, t=0.11s, 4184 KB]
Best heuristic value: 5/6 [g=2004, 20 evaluated, 15 expanded, t=0.11s, 4184 KB]
Best heuristic value: 5/4 [g=2005, 21 evaluated, 16 expanded, t=0.11s, 4184 KB]
Best heuristic value: 5/3 [g=2005, 22 evaluated, 17 expanded, t=0.11s, 4184 KB]
Best heuristic value: 4/2 [g=3010, 118 evaluated, 88 expanded, t=0.12s, 4184 KB]
Best heuristic value: 2/2 [g=3010, 119 evaluated, 89 expanded, t=0.12s, 4184 KB]
Completely explored state space -- no solution!
Actual search time: 0.04s [t=0.15s]
Initial state h value: 6/4022.
Expanded 527 state(s).
Reopened 0 state(s).
Evaluated 1742 state(s).
Evaluations: 3484
Generated 1911 state(s).
Dead ends: 1215 state(s).
Best solution cost so far: 3014
No solution found - keep searching
Starting search: lazy_wastar(list(hff2, hlm2), preferred = list(hff2, hlm2), w = 2)
Conducting lazy best first search, (real) bound = 3014
Best heuristic value: 6/4022 [g=0, 1 evaluated, 0 expanded, t=0.15s, 4184 KB]
Best heuristic value: 6/8 [g=1001, 2 evaluated, 1 expanded, t=0.15s, 4184 KB]
Best heuristic value: 5/7 [g=1001, 3 evaluated, 2 expanded, t=0.15s, 4184 KB]
Best heuristic value: 5/6 [g=2004, 20 evaluated, 15 expanded, t=0.15s, 4184 KB]
Best heuristic value: 5/4 [g=2005, 21 evaluated, 16 expanded, t=0.15s, 4184 KB]
Best heuristic value: 5/3 [g=2005, 22 evaluated, 17 expanded, t=0.15s, 4184 KB]
Best heuristic value: 4/2 [g=3010, 118 evaluated, 88 expanded, t=0.16s, 4184 KB]
Best heuristic value: 2/2 [g=3010, 119 evaluated, 89 expanded, t=0.16s, 4184 KB]
Completely explored state space -- no solution!
Actual search time: 0.04s [t=0.19s]
Initial state h value: 6/4022.
Expanded 527 state(s).
Reopened 0 state(s).
Evaluated 1742 state(s).
Evaluations: 3484
Generated 1911 state(s).
Dead ends: 1215 state(s).
Best solution cost so far: 3014
No solution found - keep searching
Starting search: lazy_wastar(list(hff2, hlm2), preferred = list(hff2, hlm2), w = 1)
Conducting lazy best first search, (real) bound = 3014
Best heuristic value: 6/4022 [g=0, 1 evaluated, 0 expanded, t=0.19s, 4184 KB]
Best heuristic value: 6/8 [g=1001, 2 evaluated, 1 expanded, t=0.19s, 4184 KB]
Best heuristic value: 5/7 [g=1001, 3 evaluated, 2 expanded, t=0.19s, 4184 KB]
Best heuristic value: 5/6 [g=2004, 20 evaluated, 15 expanded, t=0.19s, 4184 KB]
Best heuristic value: 5/4 [g=2005, 21 evaluated, 16 expanded, t=0.19s, 4184 KB]
Best heuristic value: 5/3 [g=2005, 22 evaluated, 17 expanded, t=0.19s, 4184 KB]
Best heuristic value: 4/2 [g=3010, 118 evaluated, 88 expanded, t=0.19s, 4184 KB]
Best heuristic value: 2/2 [g=3010, 119 evaluated, 89 expanded, t=0.19s, 4184 KB]
Completely explored state space -- no solution!
Actual search time: 0.03s [t=0.22s]
Initial state h value: 6/4022.
Expanded 527 state(s).
Reopened 0 state(s).
Evaluated 1742 state(s).
Evaluations: 3484
Generated 1911 state(s).
Dead ends: 1215 state(s).
Best solution cost so far: 3014
No solution found - keep searching
Actual search time: 0.20s [t=0.22s]
Cumulative statistics:
Expanded 2752 state(s).
Reopened 0 state(s).
Evaluated 8873 state(s).
Evaluations: 17746
Generated 9976 state(s).
Dead ends: 0 state(s).
Search time: 0.20s
Total time: 0.22s
Solution found.
Peak memory: 4184 KB
