INFO     Running translator.
INFO     translator inputs: ['domain.pddl', 'ins.pddl']
INFO     translator arguments: []
Parsing...
Parsing: [0.030s CPU, 0.034s wall-clock]
Normalizing task... [0.010s CPU, 0.003s wall-clock]
Instantiating...
Generating Datalog program... [0.010s CPU, 0.002s wall-clock]
Normalizing Datalog program...
Unbound effect variables: Adding @object predicate.
Normalizing Datalog program: [0.010s CPU, 0.019s wall-clock]
Preparing model... [0.020s CPU, 0.010s wall-clock]
Generated 590 rules.
Computing model... [0.000s CPU, 0.009s wall-clock]
310 relevant atoms
428 auxiliary atoms
738 final queue length
1050 total queue pushes
Completing instantiation... [0.020s CPU, 0.011s wall-clock]
Instantiating: [0.060s CPU, 0.051s wall-clock]
Computing fact groups...
Finding invariants...
103 initial candidates
Finding invariants: [32.110s CPU, 32.121s wall-clock]
Checking invariant weight... [0.000s CPU, 0.000s wall-clock]
Instantiating groups... [0.000s CPU, 0.000s wall-clock]
Collecting mutex groups... [0.000s CPU, 0.000s wall-clock]
Choosing groups...
109 uncovered facts
Choosing groups: [0.000s CPU, 0.000s wall-clock]
Building translation key... [0.000s CPU, 0.001s wall-clock]
Computing fact groups: [32.110s CPU, 32.124s wall-clock]
Building STRIPS to SAS dictionary... [0.000s CPU, 0.000s wall-clock]
Building dictionary for full mutex groups... [0.010s CPU, 0.000s wall-clock]
Building mutex information...
Building mutex information: [0.000s CPU, 0.000s wall-clock]
Translating task...
Processing axioms...
Simplifying axioms... [0.000s CPU, 0.000s wall-clock]
Processing axioms: [0.000s CPU, 0.001s wall-clock]
Translating task: [0.010s CPU, 0.016s wall-clock]
229 effect conditions simplified
0 implied preconditions added
Detecting unreachable propositions...
0 operators removed
50 propositions removed
Detecting unreachable propositions: [0.000s CPU, 0.004s wall-clock]
Translator variables: 96
Translator derived variables: 8
Translator facts: 213
Translator goal facts: 1
Translator mutex groups: 26
Translator total mutex groups size: 70
Translator operators: 127
Translator axioms: 8
Translator task size: 1658
Translator peak memory: 139760 KB
Writing output... [0.000s CPU, 0.003s wall-clock]
Done! [32.240s CPU, 32.235s wall-clock]
INFO     Running preprocessor.
INFO     preprocessor input: output.sas
INFO     preprocessor arguments: []
Building causal graph...
The causal graph is not acyclic.
96 variables of 96 necessary
21 of 26 mutex groups necessary.
127 of 127 operators necessary.
8 of 8 axiom rules necessary.
Building domain transition graphs...
solveable in poly time 0
Building successor generator...
Preprocessor facts: 213
Preprocessor derived variables: 8
Preprocessor task size: 1642
Writing output...
done
INFO     Running search.
INFO     search input: output
INFO     search executable: /home/javi/Desktop/automated-programming-framework-private/PLANNERS/fast-downward/src/search/downward-release
INFO     search arguments: ['--if-unit-cost', '--heuristic', 'hlm,hff=lm_ff_syn(lm_rhw(reasonable_orders=true))', '--search', 'iterated([lazy_greedy([hff,hlm],preferred=[hff,hlm]),lazy_wastar([hff,hlm],preferred=[hff,hlm],w=5),lazy_wastar([hff,hlm],preferred=[hff,hlm],w=3),lazy_wastar([hff,hlm],preferred=[hff,hlm],w=2),lazy_wastar([hff,hlm],preferred=[hff,hlm],w=1)],repeat_last=true,continue_on_fail=true)', '--if-non-unit-cost', '--heuristic', 'hlm1,hff1=lm_ff_syn(lm_rhw(reasonable_orders=true,lm_cost_type=one,cost_type=one))', '--heuristic', 'hlm2,hff2=lm_ff_syn(lm_rhw(reasonable_orders=true,lm_cost_type=plusone,cost_type=plusone))', '--search', 'iterated([lazy_greedy([hff1,hlm1],preferred=[hff1,hlm1],cost_type=one,reopen_closed=false),lazy_greedy([hff2,hlm2],preferred=[hff2,hlm2],reopen_closed=false),lazy_wastar([hff2,hlm2],preferred=[hff2,hlm2],w=5),lazy_wastar([hff2,hlm2],preferred=[hff2,hlm2],w=3),lazy_wastar([hff2,hlm2],preferred=[hff2,hlm2],w=2),lazy_wastar([hff2,hlm2],preferred=[hff2,hlm2],w=1)],repeat_last=true,continue_on_fail=true)', '--always', '--internal-plan-file', 'sas_plan']
reading input... [t=0.00s]
Simplifying transitions... done!
done reading input! [t=0.00s]
building causal graph...done! [t=0.00s]
packing state variables...done! [t=0.00s]
Variables: 96
Facts: 213
Bytes per state: 16
done initalizing global data [t=0.00s]
Initializing Exploration...
Generating landmarks using the RPG/SAS+ approach
approx. reasonable orders
approx. obedient reasonable orders
Removed 0 reasonable or obedient reasonable orders
Landmarks generation time: 0.00s
Discovered 12 landmarks, of which 0 are disjunctive and 0 are conjunctive 
21 edges
Landmark graph: 
LM 3 NegatedAtom done-programming() (var57(95)->1) Achievers (0, 0)
		->_gn  LM 2 Atom done-programming() (var57(95)->0)(goal) Achievers (1, 1)

LM 2 Atom done-programming() (var57(95)->0)(goal) Achievers (1, 1)
		<-_nat LM 9 Atom holds() (var65(88)->0) Achievers (12, 6)
		<-_gn  LM 5 Atom negex() (var75(22)->0) Achievers (3, 3)
		<-_gn  LM 1 Atom checked() (var8(86)->0) Achievers (13, 9)
		<-_gn  LM 3 NegatedAtom done-programming() (var57(95)->1) Achievers (0, 0)
		<-_gn  LM 0 Atom test-1() (var92(18)->1) Achievers (3, 3)
		<-_gn  LM 4 NegatedAtom holds() (var65(88)->1) Achievers (9, 9)

LM 4 NegatedAtom holds() (var65(88)->1) Achievers (9, 9)
		->_r   LM 1 Atom checked() (var8(86)->0) Achievers (13, 9)
		->_gn  LM 9 Atom holds() (var65(88)->0) Achievers (12, 6)
		->_gn  LM 2 Atom done-programming() (var57(95)->0)(goal) Achievers (1, 1)

LM 9 Atom holds() (var65(88)->0) Achievers (12, 6)
		<-_gn  LM 7 NegatedAtom loop() (var74(26)->1) Achievers (4, 3)
		<-_gn  LM 4 NegatedAtom holds() (var65(88)->1) Achievers (9, 9)
		<-_gn  LM 6 NegatedAtom checked() (var8(86)->1) Achievers (9, 9)
		->_nat LM 2 Atom done-programming() (var57(95)->0)(goal) Achievers (1, 1)
		->_gn  LM 5 Atom negex() (var75(22)->0) Achievers (3, 3)
		->_gn  LM 0 Atom test-1() (var92(18)->1) Achievers (3, 3)

LM 6 NegatedAtom checked() (var8(86)->1) Achievers (9, 9)
		->_gn  LM 9 Atom holds() (var65(88)->0) Achievers (12, 6)
		->_gn  LM 1 Atom checked() (var8(86)->0) Achievers (13, 9)

LM 1 Atom checked() (var8(86)->0) Achievers (13, 9)
		<-_gn  LM 7 NegatedAtom loop() (var74(26)->1) Achievers (4, 3)
		<-_r   LM 4 NegatedAtom holds() (var65(88)->1) Achievers (9, 9)
		<-_gn  LM 6 NegatedAtom checked() (var8(86)->1) Achievers (9, 9)
		->_gn  LM 5 Atom negex() (var75(22)->0) Achievers (3, 3)
		->_gn  LM 0 Atom test-1() (var92(18)->1) Achievers (3, 3)
		->_gn  LM 2 Atom done-programming() (var57(95)->0)(goal) Achievers (1, 1)

LM 7 NegatedAtom loop() (var74(26)->1) Achievers (4, 3)
		->_gn  LM 9 Atom holds() (var65(88)->0) Achievers (12, 6)
		->_gn  LM 1 Atom checked() (var8(86)->0) Achievers (13, 9)

LM 11 NegatedAtom negex() (var75(22)->1) Achievers (0, 0)
		->_gn  LM 5 Atom negex() (var75(22)->0) Achievers (3, 3)

LM 5 Atom negex() (var75(22)->0) Achievers (3, 3)
		<-_gn  LM 1 Atom checked() (var8(86)->0) Achievers (13, 9)
		<-_gn  LM 8 Atom test-0() (var92(18)->0) Achievers (0, 0)
		<-_gn  LM 9 Atom holds() (var65(88)->0) Achievers (12, 6)
		<-_gn  LM 11 NegatedAtom negex() (var75(22)->1) Achievers (0, 0)
		<-_gn  LM 10 NegatedAtom stored() (var91(16)->1) Achievers (1, 1)
		->_gn  LM 2 Atom done-programming() (var57(95)->0)(goal) Achievers (1, 1)

LM 0 Atom test-1() (var92(18)->1) Achievers (3, 3)
		<-_gn  LM 10 NegatedAtom stored() (var91(16)->1) Achievers (1, 1)
		<-_gn  LM 1 Atom checked() (var8(86)->0) Achievers (13, 9)
		<-_gn  LM 9 Atom holds() (var65(88)->0) Achievers (12, 6)
		<-_gn  LM 8 Atom test-0() (var92(18)->0) Achievers (0, 0)
		->_gn  LM 2 Atom done-programming() (var57(95)->0)(goal) Achievers (1, 1)

LM 8 Atom test-0() (var92(18)->0) Achievers (0, 0)
		->_gn  LM 5 Atom negex() (var75(22)->0) Achievers (3, 3)
		->_gn  LM 0 Atom test-1() (var92(18)->1) Achievers (3, 3)

LM 10 NegatedAtom stored() (var91(16)->1) Achievers (1, 1)
		->_gn  LM 5 Atom negex() (var75(22)->0) Achievers (3, 3)
		->_gn  LM 0 Atom test-1() (var92(18)->1) Achievers (3, 3)

Landmark graph end.
Initializing LAMA-FF Synergy Object
Initializing landmarks count heuristic...
7 initial landmarks, 1 goal landmarks
Initializing Exploration...
Generating landmarks using the RPG/SAS+ approach
Switch from bucket-based to heap-based queue at key = 1002, num_pushes = 96
approx. reasonable orders
approx. obedient reasonable orders
Removed 0 reasonable or obedient reasonable orders
Landmarks generation time: 0.00s
Discovered 12 landmarks, of which 0 are disjunctive and 0 are conjunctive 
21 edges
Landmark graph: 
LM 2 NegatedAtom done-programming() (var57(95)->1) Achievers (0, 0)
		->_gn  LM 3 Atom done-programming() (var57(95)->0)(goal) Achievers (1, 1)

LM 3 Atom done-programming() (var57(95)->0)(goal) Achievers (1, 1)
		<-_nat LM 9 Atom holds() (var65(88)->0) Achievers (12, 6)
		<-_gn  LM 5 Atom negex() (var75(22)->0) Achievers (3, 3)
		<-_gn  LM 1 Atom checked() (var8(86)->0) Achievers (13, 9)
		<-_gn  LM 2 NegatedAtom done-programming() (var57(95)->1) Achievers (0, 0)
		<-_gn  LM 4 NegatedAtom holds() (var65(88)->1) Achievers (9, 9)
		<-_gn  LM 0 Atom test-1() (var92(18)->1) Achievers (3, 3)

LM 4 NegatedAtom holds() (var65(88)->1) Achievers (9, 9)
		->_r   LM 1 Atom checked() (var8(86)->0) Achievers (13, 9)
		->_gn  LM 9 Atom holds() (var65(88)->0) Achievers (12, 6)
		->_gn  LM 3 Atom done-programming() (var57(95)->0)(goal) Achievers (1, 1)

LM 9 Atom holds() (var65(88)->0) Achievers (12, 6)
		<-_gn  LM 7 NegatedAtom loop() (var74(26)->1) Achievers (4, 3)
		<-_gn  LM 4 NegatedAtom holds() (var65(88)->1) Achievers (9, 9)
		<-_gn  LM 6 NegatedAtom checked() (var8(86)->1) Achievers (9, 9)
		->_nat LM 3 Atom done-programming() (var57(95)->0)(goal) Achievers (1, 1)
		->_gn  LM 5 Atom negex() (var75(22)->0) Achievers (3, 3)
		->_gn  LM 0 Atom test-1() (var92(18)->1) Achievers (3, 3)

LM 6 NegatedAtom checked() (var8(86)->1) Achievers (9, 9)
		->_gn  LM 9 Atom holds() (var65(88)->0) Achievers (12, 6)
		->_gn  LM 1 Atom checked() (var8(86)->0) Achievers (13, 9)

LM 1 Atom checked() (var8(86)->0) Achievers (13, 9)
		<-_gn  LM 7 NegatedAtom loop() (var74(26)->1) Achievers (4, 3)
		<-_r   LM 4 NegatedAtom holds() (var65(88)->1) Achievers (9, 9)
		<-_gn  LM 6 NegatedAtom checked() (var8(86)->1) Achievers (9, 9)
		->_gn  LM 5 Atom negex() (var75(22)->0) Achievers (3, 3)
		->_gn  LM 0 Atom test-1() (var92(18)->1) Achievers (3, 3)
		->_gn  LM 3 Atom done-programming() (var57(95)->0)(goal) Achievers (1, 1)

LM 7 NegatedAtom loop() (var74(26)->1) Achievers (4, 3)
		->_gn  LM 9 Atom holds() (var65(88)->0) Achievers (12, 6)
		->_gn  LM 1 Atom checked() (var8(86)->0) Achievers (13, 9)

LM 11 NegatedAtom negex() (var75(22)->1) Achievers (0, 0)
		->_gn  LM 5 Atom negex() (var75(22)->0) Achievers (3, 3)

LM 5 Atom negex() (var75(22)->0) Achievers (3, 3)
		<-_gn  LM 8 Atom test-0() (var92(18)->0) Achievers (0, 0)
		<-_gn  LM 11 NegatedAtom negex() (var75(22)->1) Achievers (0, 0)
		<-_gn  LM 1 Atom checked() (var8(86)->0) Achievers (13, 9)
		<-_gn  LM 10 NegatedAtom stored() (var91(16)->1) Achievers (1, 1)
		<-_gn  LM 9 Atom holds() (var65(88)->0) Achievers (12, 6)
		->_gn  LM 3 Atom done-programming() (var57(95)->0)(goal) Achievers (1, 1)

LM 0 Atom test-1() (var92(18)->1) Achievers (3, 3)
		<-_gn  LM 1 Atom checked() (var8(86)->0) Achievers (13, 9)
		<-_gn  LM 10 NegatedAtom stored() (var91(16)->1) Achievers (1, 1)
		<-_gn  LM 9 Atom holds() (var65(88)->0) Achievers (12, 6)
		<-_gn  LM 8 Atom test-0() (var92(18)->0) Achievers (0, 0)
		->_gn  LM 3 Atom done-programming() (var57(95)->0)(goal) Achievers (1, 1)

LM 8 Atom test-0() (var92(18)->0) Achievers (0, 0)
		->_gn  LM 5 Atom negex() (var75(22)->0) Achievers (3, 3)
		->_gn  LM 0 Atom test-1() (var92(18)->1) Achievers (3, 3)

LM 10 NegatedAtom stored() (var91(16)->1) Achievers (1, 1)
		->_gn  LM 5 Atom negex() (var75(22)->0) Achievers (3, 3)
		->_gn  LM 0 Atom test-1() (var92(18)->1) Achievers (3, 3)

Landmark graph end.
Initializing LAMA-FF Synergy Object
Initializing landmarks count heuristic...
7 initial landmarks, 1 goal landmarks
Starting search: lazy_greedy(list(hff1, hlm1), preferred = list(hff1, hlm1), cost_type = one, reopen_closed = false)
Conducting lazy best first search, (real) bound = 2147483647
Best heuristic value: 5/9 [g=0, 1 evaluated, 0 expanded, t=0.01s, 3912 KB]
Best heuristic value: 5/7 [g=1, 2 evaluated, 1 expanded, t=0.01s, 3912 KB]
Best heuristic value: 5/6 [g=2, 3 evaluated, 2 expanded, t=0.01s, 3912 KB]
Best heuristic value: 5/5 [g=1, 6 evaluated, 5 expanded, t=0.01s, 3912 KB]
Best heuristic value: 4/4 [g=2, 7 evaluated, 6 expanded, t=0.01s, 3912 KB]
Switch from bucket-based to heap-based queue at key = 183, num_pushes = 174
Best heuristic value: 4/3 [g=10, 349 evaluated, 219 expanded, t=0.02s, 3912 KB]
Best heuristic value: 4/2 [g=11, 350 evaluated, 220 expanded, t=0.02s, 3912 KB]
Best heuristic value: 2/2 [g=12, 351 evaluated, 221 expanded, t=0.02s, 3912 KB]
Best heuristic value: 1/1 [g=25, 1781 evaluated, 1211 expanded, t=0.06s, 4180 KB]
Solution found!
Actual search time: 0.05s [t=0.06s]
program-visit-node-0 row-0 (1001)
check-visit-node-0-0 row-0 (0)
execute-visit-node-0-0 row-0 (1)
program-move-next-1 row-0 (1001)
check-move-next-0-1 row-0 (0)
execute-move-next-0-1 row-0 (1)
program-goto-at-2-0 nlast row-0 (1001)
eval-cond-at-0-2 nlast row-0 (1)
do-goto-0-2-0 row-0 (1)
check-visit-node-0-0 row-0 (0)
execute-visit-node-0-0 row-0 (1)
check-move-next-0-1 row-0 (0)
execute-move-next-0-1 row-0 (1)
eval-cond-at-0-2 nlast row-0 (1)
dont-goto-0-2-0 row-0 (1)
program-end-3 row-0 (1)
check-main-end-0-3 row-0 (0)
repeat-end-main-0-3 row-0 (0)
check-visit-node-0-0 row-0 (0)
execute-visit-node-0-0 row-0 (1)
check-move-next-0-1 row-0 (0)
execute-move-next-0-1 row-0 (1)
eval-cond-at-0-2 nlast row-0 (1)
dont-goto-0-2-0 row-0 (1)
check-main-end-1-3 row-0 (0)
skip-1  (0)
Plan length: 26 step(s).
Plan cost: 3016
Initial state h value: 5/9.
Expanded 1212 state(s).
Reopened 0 state(s).
Evaluated 1782 state(s).
Evaluations: 3564
Generated 3328 state(s).
Dead ends: 569 state(s).
Best solution cost so far: 3016
Solution found - keep searching
Starting search: lazy_greedy(list(hff2, hlm2), preferred = list(hff2, hlm2), reopen_closed = false)
Conducting lazy best first search, (real) bound = 3016
Best heuristic value: 5/3015 [g=0, 1 evaluated, 0 expanded, t=0.06s, 4180 KB]
Best heuristic value: 5/1012 [g=1001, 2 evaluated, 1 expanded, t=0.06s, 4180 KB]
Best heuristic value: 5/1010 [g=1002, 3 evaluated, 2 expanded, t=0.06s, 4180 KB]
Best heuristic value: 5/1008 [g=1003, 5 evaluated, 4 expanded, t=0.06s, 4180 KB]
Best heuristic value: 5/7 [g=1001, 6 evaluated, 5 expanded, t=0.06s, 4180 KB]
Best heuristic value: 4/6 [g=1001, 7 evaluated, 6 expanded, t=0.06s, 4180 KB]
Best heuristic value: 4/5 [g=3006, 311 evaluated, 216 expanded, t=0.07s, 4304 KB]
Best heuristic value: 4/3 [g=3007, 312 evaluated, 217 expanded, t=0.07s, 4304 KB]
Best heuristic value: 4/2 [g=3007, 314 evaluated, 218 expanded, t=0.07s, 4304 KB]
Best heuristic value: 2/2 [g=3007, 315 evaluated, 219 expanded, t=0.07s, 4304 KB]
Completely explored state space -- no solution!
Actual search time: 0.16s [t=0.22s]
Initial state h value: 5/3015.
Expanded 3144 state(s).
Reopened 0 state(s).
Evaluated 5783 state(s).
Evaluations: 11566
Generated 7012 state(s).
Dead ends: 2639 state(s).
Best solution cost so far: 3016
No solution found - keep searching
Starting search: lazy_wastar(list(hff2, hlm2), preferred = list(hff2, hlm2), w = 5)
Conducting lazy best first search, (real) bound = 3016
Best heuristic value: 5/3015 [g=0, 1 evaluated, 0 expanded, t=0.22s, 4692 KB]
Best heuristic value: 5/1012 [g=1001, 2 evaluated, 1 expanded, t=0.22s, 4692 KB]
Best heuristic value: 5/1010 [g=1002, 3 evaluated, 2 expanded, t=0.22s, 4692 KB]
Best heuristic value: 5/1008 [g=1003, 5 evaluated, 4 expanded, t=0.22s, 4692 KB]
Best heuristic value: 5/7 [g=1001, 6 evaluated, 5 expanded, t=0.22s, 4692 KB]
Best heuristic value: 4/6 [g=1001, 7 evaluated, 6 expanded, t=0.22s, 4692 KB]
Best heuristic value: 4/5 [g=3006, 224 evaluated, 151 expanded, t=0.23s, 4692 KB]
Best heuristic value: 4/3 [g=3007, 225 evaluated, 152 expanded, t=0.23s, 4692 KB]
Best heuristic value: 4/2 [g=3007, 226 evaluated, 153 expanded, t=0.23s, 4692 KB]
Best heuristic value: 2/2 [g=3007, 227 evaluated, 154 expanded, t=0.23s, 4692 KB]
Completely explored state space -- no solution!
Actual search time: 0.16s [t=0.38s]
Initial state h value: 5/3015.
Expanded 3144 state(s).
Reopened 0 state(s).
Evaluated 5783 state(s).
Evaluations: 11566
Generated 7012 state(s).
Dead ends: 2639 state(s).
Best solution cost so far: 3016
No solution found - keep searching
Starting search: lazy_wastar(list(hff2, hlm2), preferred = list(hff2, hlm2), w = 3)
Conducting lazy best first search, (real) bound = 3016
Best heuristic value: 5/3015 [g=0, 1 evaluated, 0 expanded, t=0.38s, 4824 KB]
Best heuristic value: 5/1012 [g=1001, 2 evaluated, 1 expanded, t=0.38s, 4824 KB]
Best heuristic value: 5/1010 [g=1002, 3 evaluated, 2 expanded, t=0.38s, 4824 KB]
Best heuristic value: 5/1008 [g=1003, 5 evaluated, 4 expanded, t=0.38s, 4824 KB]
Best heuristic value: 5/7 [g=1001, 6 evaluated, 5 expanded, t=0.38s, 4824 KB]
Best heuristic value: 4/6 [g=1001, 7 evaluated, 6 expanded, t=0.38s, 4824 KB]
Best heuristic value: 4/5 [g=3006, 224 evaluated, 151 expanded, t=0.39s, 4824 KB]
Best heuristic value: 4/3 [g=3007, 225 evaluated, 152 expanded, t=0.39s, 4824 KB]
Best heuristic value: 4/2 [g=3007, 226 evaluated, 153 expanded, t=0.39s, 4824 KB]
Best heuristic value: 2/2 [g=3007, 227 evaluated, 154 expanded, t=0.39s, 4824 KB]
Completely explored state space -- no solution!
Actual search time: 0.17s [t=0.55s]
Initial state h value: 5/3015.
Expanded 3144 state(s).
Reopened 0 state(s).
Evaluated 5783 state(s).
Evaluations: 11566
Generated 7012 state(s).
Dead ends: 2639 state(s).
Best solution cost so far: 3016
No solution found - keep searching
Starting search: lazy_wastar(list(hff2, hlm2), preferred = list(hff2, hlm2), w = 2)
Conducting lazy best first search, (real) bound = 3016
Best heuristic value: 5/3015 [g=0, 1 evaluated, 0 expanded, t=0.55s, 4952 KB]
Best heuristic value: 5/1012 [g=1001, 2 evaluated, 1 expanded, t=0.55s, 4952 KB]
Best heuristic value: 5/1010 [g=1002, 3 evaluated, 2 expanded, t=0.55s, 4952 KB]
Best heuristic value: 5/1008 [g=1003, 5 evaluated, 4 expanded, t=0.55s, 4952 KB]
Best heuristic value: 5/7 [g=1001, 6 evaluated, 5 expanded, t=0.55s, 4952 KB]
Best heuristic value: 4/6 [g=1001, 7 evaluated, 6 expanded, t=0.55s, 4952 KB]
Best heuristic value: 4/5 [g=3006, 224 evaluated, 151 expanded, t=0.56s, 4952 KB]
Best heuristic value: 4/3 [g=3007, 225 evaluated, 152 expanded, t=0.56s, 4952 KB]
Best heuristic value: 4/2 [g=3007, 226 evaluated, 153 expanded, t=0.56s, 4952 KB]
Best heuristic value: 2/2 [g=3007, 227 evaluated, 154 expanded, t=0.56s, 4952 KB]
Completely explored state space -- no solution!
Actual search time: 0.17s [t=0.72s]
Initial state h value: 5/3015.
Expanded 3144 state(s).
Reopened 0 state(s).
Evaluated 5783 state(s).
Evaluations: 11566
Generated 7012 state(s).
Dead ends: 2639 state(s).
Best solution cost so far: 3016
No solution found - keep searching
Starting search: lazy_wastar(list(hff2, hlm2), preferred = list(hff2, hlm2), w = 1)
Conducting lazy best first search, (real) bound = 3016
Best heuristic value: 5/3015 [g=0, 1 evaluated, 0 expanded, t=0.72s, 5064 KB]
Best heuristic value: 5/1012 [g=1001, 2 evaluated, 1 expanded, t=0.72s, 5064 KB]
Best heuristic value: 5/1010 [g=1002, 3 evaluated, 2 expanded, t=0.72s, 5064 KB]
Best heuristic value: 5/1008 [g=1003, 5 evaluated, 4 expanded, t=0.72s, 5064 KB]
Best heuristic value: 5/7 [g=1001, 6 evaluated, 5 expanded, t=0.72s, 5064 KB]
Best heuristic value: 4/6 [g=1001, 7 evaluated, 6 expanded, t=0.72s, 5064 KB]
Best heuristic value: 4/5 [g=3006, 224 evaluated, 151 expanded, t=0.72s, 5064 KB]
Best heuristic value: 4/3 [g=3007, 225 evaluated, 152 expanded, t=0.72s, 5064 KB]
Best heuristic value: 4/2 [g=3007, 226 evaluated, 153 expanded, t=0.72s, 5064 KB]
Best heuristic value: 2/2 [g=3007, 227 evaluated, 154 expanded, t=0.72s, 5064 KB]
Completely explored state space -- no solution!
Actual search time: 0.16s [t=0.88s]
Initial state h value: 5/3015.
Expanded 3144 state(s).
Reopened 0 state(s).
Evaluated 5783 state(s).
Evaluations: 11566
Generated 7012 state(s).
Dead ends: 2639 state(s).
Best solution cost so far: 3016
No solution found - keep searching
Actual search time: 0.87s [t=0.88s]
Cumulative statistics:
Expanded 16932 state(s).
Reopened 0 state(s).
Evaluated 30697 state(s).
Evaluations: 61394
Generated 38388 state(s).
Dead ends: 0 state(s).
Search time: 0.87s
Total time: 0.88s
Solution found.
Peak memory: 5192 KB
