INFO     Running translator.
INFO     translator inputs: ['domain.pddl', 'ins.pddl']
INFO     translator arguments: []
Parsing...
Parsing: [0.040s CPU, 0.043s wall-clock]
Normalizing task... [0.000s CPU, 0.003s wall-clock]
Instantiating...
Generating Datalog program... [0.000s CPU, 0.003s wall-clock]
Normalizing Datalog program...
Unbound effect variables: Adding @object predicate.
Normalizing Datalog program: [0.030s CPU, 0.027s wall-clock]
Preparing model... [0.010s CPU, 0.014s wall-clock]
Generated 896 rules.
Computing model... [0.020s CPU, 0.022s wall-clock]
1360 relevant atoms
934 auxiliary atoms
2294 final queue length
3575 total queue pushes
Completing instantiation... [0.040s CPU, 0.039s wall-clock]
Instantiating: [0.100s CPU, 0.107s wall-clock]
Computing fact groups...
Finding invariants...
106 initial candidates
Finding invariants: [20.260s CPU, 20.257s wall-clock]
Checking invariant weight... [0.000s CPU, 0.000s wall-clock]
Instantiating groups... [0.000s CPU, 0.000s wall-clock]
Collecting mutex groups... [0.000s CPU, 0.000s wall-clock]
Choosing groups...
984 uncovered facts
Choosing groups: [0.000s CPU, 0.000s wall-clock]
Building translation key... [0.010s CPU, 0.006s wall-clock]
Computing fact groups: [20.280s CPU, 20.275s wall-clock]
Building STRIPS to SAS dictionary... [0.000s CPU, 0.001s wall-clock]
Building dictionary for full mutex groups... [0.000s CPU, 0.001s wall-clock]
Building mutex information...
Building mutex information: [0.000s CPU, 0.001s wall-clock]
Translating task...
Processing axioms...
Simplifying axioms... [0.000s CPU, 0.000s wall-clock]
Processing axioms: [0.010s CPU, 0.003s wall-clock]
Translating task: [0.040s CPU, 0.037s wall-clock]
502 effect conditions simplified
0 implied preconditions added
Detecting unreachable propositions...
0 operators removed
1550 propositions removed
Detecting unreachable propositions: [0.010s CPU, 0.012s wall-clock]
Translator variables: 215
Translator derived variables: 6
Translator facts: 433
Translator goal facts: 1
Translator mutex groups: 35
Translator total mutex groups size: 70
Translator operators: 244
Translator axioms: 6
Translator task size: 3252
Translator peak memory: 168728 KB
Writing output... [0.010s CPU, 0.005s wall-clock]
Done! [20.480s CPU, 20.488s wall-clock]
INFO     Running preprocessor.
INFO     preprocessor input: output.sas
INFO     preprocessor arguments: []
Building causal graph...
The causal graph is not acyclic.
215 variables of 215 necessary
30 of 35 mutex groups necessary.
244 of 244 operators necessary.
6 of 6 axiom rules necessary.
Building domain transition graphs...
solveable in poly time 0
Building successor generator...
Preprocessor facts: 433
Preprocessor derived variables: 6
Preprocessor task size: 3242
Writing output...
done
INFO     Running search.
INFO     search input: output
INFO     search executable: /home/javi/Desktop/automated-programming-framework-private/PLANNERS/fast-downward/src/search/downward-release
INFO     search arguments: ['--if-unit-cost', '--heuristic', 'hlm,hff=lm_ff_syn(lm_rhw(reasonable_orders=true))', '--search', 'iterated([lazy_greedy([hff,hlm],preferred=[hff,hlm]),lazy_wastar([hff,hlm],preferred=[hff,hlm],w=5),lazy_wastar([hff,hlm],preferred=[hff,hlm],w=3),lazy_wastar([hff,hlm],preferred=[hff,hlm],w=2),lazy_wastar([hff,hlm],preferred=[hff,hlm],w=1)],repeat_last=true,continue_on_fail=true)', '--if-non-unit-cost', '--heuristic', 'hlm1,hff1=lm_ff_syn(lm_rhw(reasonable_orders=true,lm_cost_type=one,cost_type=one))', '--heuristic', 'hlm2,hff2=lm_ff_syn(lm_rhw(reasonable_orders=true,lm_cost_type=plusone,cost_type=plusone))', '--search', 'iterated([lazy_greedy([hff1,hlm1],preferred=[hff1,hlm1],cost_type=one,reopen_closed=false),lazy_greedy([hff2,hlm2],preferred=[hff2,hlm2],reopen_closed=false),lazy_wastar([hff2,hlm2],preferred=[hff2,hlm2],w=5),lazy_wastar([hff2,hlm2],preferred=[hff2,hlm2],w=3),lazy_wastar([hff2,hlm2],preferred=[hff2,hlm2],w=2),lazy_wastar([hff2,hlm2],preferred=[hff2,hlm2],w=1)],repeat_last=true,continue_on_fail=true)', '--always', '--internal-plan-file', 'sas_plan']
reading input... [t=0.00s]
Simplifying transitions... done!
done reading input! [t=0.01s]
building causal graph...done! [t=0.02s]
packing state variables...done! [t=0.02s]
Variables: 215
Facts: 433
Bytes per state: 28
done initalizing global data [t=0.02s]
Initializing Exploration...
Generating landmarks using the RPG/SAS+ approach
approx. reasonable orders
approx. obedient reasonable orders
Removed 0 reasonable or obedient reasonable orders
Landmarks generation time: 0.00s
Discovered 12 landmarks, of which 0 are disjunctive and 0 are conjunctive 
20 edges
Landmark graph: 
LM 1 NegatedAtom done-programming() (var166(214)->1) Achievers (0, 0)
		->_gn  LM 0 Atom done-programming() (var166(214)->0)(goal) Achievers (1, 1)

LM 0 Atom done-programming() (var166(214)->0)(goal) Achievers (1, 1)
		<-_nat LM 8 Atom holds() (var177(206)->0) Achievers (30, 24)
		<-_gn  LM 5 Atom test-1() (var214(77)->1) Achievers (3, 3)
		<-_gn  LM 1 NegatedAtom done-programming() (var166(214)->1) Achievers (0, 0)
		<-_gn  LM 2 Atom checked() (var10(205)->0) Achievers (31, 27)
		<-_gn  LM 4 Atom negex() (var202(78)->0) Achievers (3, 3)
		<-_gn  LM 3 NegatedAtom holds() (var177(206)->1) Achievers (27, 27)

LM 3 NegatedAtom holds() (var177(206)->1) Achievers (27, 27)
		->_gn  LM 8 Atom holds() (var177(206)->0) Achievers (30, 24)
		->_gn  LM 0 Atom done-programming() (var166(214)->0)(goal) Achievers (1, 1)

LM 8 Atom holds() (var177(206)->0) Achievers (30, 24)
		<-_gn  LM 3 NegatedAtom holds() (var177(206)->1) Achievers (27, 27)
		<-_gn  LM 7 NegatedAtom loop() (var201(164)->1) Achievers (4, 3)
		<-_gn  LM 6 NegatedAtom checked() (var10(205)->1) Achievers (27, 27)
		->_nat LM 0 Atom done-programming() (var166(214)->0)(goal) Achievers (1, 1)
		->_gn  LM 5 Atom test-1() (var214(77)->1) Achievers (3, 3)
		->_gn  LM 4 Atom negex() (var202(78)->0) Achievers (3, 3)

LM 6 NegatedAtom checked() (var10(205)->1) Achievers (27, 27)
		->_gn  LM 8 Atom holds() (var177(206)->0) Achievers (30, 24)
		->_gn  LM 2 Atom checked() (var10(205)->0) Achievers (31, 27)

LM 2 Atom checked() (var10(205)->0) Achievers (31, 27)
		<-_gn  LM 7 NegatedAtom loop() (var201(164)->1) Achievers (4, 3)
		<-_gn  LM 6 NegatedAtom checked() (var10(205)->1) Achievers (27, 27)
		->_gn  LM 4 Atom negex() (var202(78)->0) Achievers (3, 3)
		->_gn  LM 5 Atom test-1() (var214(77)->1) Achievers (3, 3)
		->_gn  LM 0 Atom done-programming() (var166(214)->0)(goal) Achievers (1, 1)

LM 7 NegatedAtom loop() (var201(164)->1) Achievers (4, 3)
		->_gn  LM 8 Atom holds() (var177(206)->0) Achievers (30, 24)
		->_gn  LM 2 Atom checked() (var10(205)->0) Achievers (31, 27)

LM 9 NegatedAtom negex() (var202(78)->1) Achievers (0, 0)
		->_gn  LM 4 Atom negex() (var202(78)->0) Achievers (3, 3)

LM 4 Atom negex() (var202(78)->0) Achievers (3, 3)
		<-_gn  LM 11 NegatedAtom stored() (var213(76)->1) Achievers (1, 1)
		<-_gn  LM 2 Atom checked() (var10(205)->0) Achievers (31, 27)
		<-_gn  LM 10 Atom test-0() (var214(77)->0) Achievers (0, 0)
		<-_gn  LM 8 Atom holds() (var177(206)->0) Achievers (30, 24)
		<-_gn  LM 9 NegatedAtom negex() (var202(78)->1) Achievers (0, 0)
		->_gn  LM 0 Atom done-programming() (var166(214)->0)(goal) Achievers (1, 1)

LM 5 Atom test-1() (var214(77)->1) Achievers (3, 3)
		<-_gn  LM 11 NegatedAtom stored() (var213(76)->1) Achievers (1, 1)
		<-_gn  LM 2 Atom checked() (var10(205)->0) Achievers (31, 27)
		<-_gn  LM 8 Atom holds() (var177(206)->0) Achievers (30, 24)
		<-_gn  LM 10 Atom test-0() (var214(77)->0) Achievers (0, 0)
		->_gn  LM 0 Atom done-programming() (var166(214)->0)(goal) Achievers (1, 1)

LM 10 Atom test-0() (var214(77)->0) Achievers (0, 0)
		->_gn  LM 5 Atom test-1() (var214(77)->1) Achievers (3, 3)
		->_gn  LM 4 Atom negex() (var202(78)->0) Achievers (3, 3)

LM 11 NegatedAtom stored() (var213(76)->1) Achievers (1, 1)
		->_gn  LM 5 Atom test-1() (var214(77)->1) Achievers (3, 3)
		->_gn  LM 4 Atom negex() (var202(78)->0) Achievers (3, 3)

Landmark graph end.
Initializing LAMA-FF Synergy Object
Initializing landmarks count heuristic...
7 initial landmarks, 1 goal landmarks
Initializing Exploration...
Generating landmarks using the RPG/SAS+ approach
Switch from bucket-based to heap-based queue at key = 1002, num_pushes = 215
approx. reasonable orders
approx. obedient reasonable orders
Removed 0 reasonable or obedient reasonable orders
Landmarks generation time: 0.00s
Discovered 12 landmarks, of which 0 are disjunctive and 0 are conjunctive 
20 edges
Landmark graph: 
LM 1 NegatedAtom done-programming() (var166(214)->1) Achievers (0, 0)
		->_gn  LM 0 Atom done-programming() (var166(214)->0)(goal) Achievers (1, 1)

LM 0 Atom done-programming() (var166(214)->0)(goal) Achievers (1, 1)
		<-_nat LM 8 Atom holds() (var177(206)->0) Achievers (30, 24)
		<-_gn  LM 5 Atom test-1() (var214(77)->1) Achievers (3, 3)
		<-_gn  LM 1 NegatedAtom done-programming() (var166(214)->1) Achievers (0, 0)
		<-_gn  LM 2 Atom checked() (var10(205)->0) Achievers (31, 27)
		<-_gn  LM 4 Atom negex() (var202(78)->0) Achievers (3, 3)
		<-_gn  LM 3 NegatedAtom holds() (var177(206)->1) Achievers (27, 27)

LM 3 NegatedAtom holds() (var177(206)->1) Achievers (27, 27)
		->_gn  LM 8 Atom holds() (var177(206)->0) Achievers (30, 24)
		->_gn  LM 0 Atom done-programming() (var166(214)->0)(goal) Achievers (1, 1)

LM 8 Atom holds() (var177(206)->0) Achievers (30, 24)
		<-_gn  LM 7 NegatedAtom loop() (var201(164)->1) Achievers (4, 3)
		<-_gn  LM 3 NegatedAtom holds() (var177(206)->1) Achievers (27, 27)
		<-_gn  LM 6 NegatedAtom checked() (var10(205)->1) Achievers (27, 27)
		->_nat LM 0 Atom done-programming() (var166(214)->0)(goal) Achievers (1, 1)
		->_gn  LM 5 Atom test-1() (var214(77)->1) Achievers (3, 3)
		->_gn  LM 4 Atom negex() (var202(78)->0) Achievers (3, 3)

LM 6 NegatedAtom checked() (var10(205)->1) Achievers (27, 27)
		->_gn  LM 8 Atom holds() (var177(206)->0) Achievers (30, 24)
		->_gn  LM 2 Atom checked() (var10(205)->0) Achievers (31, 27)

LM 2 Atom checked() (var10(205)->0) Achievers (31, 27)
		<-_gn  LM 7 NegatedAtom loop() (var201(164)->1) Achievers (4, 3)
		<-_gn  LM 6 NegatedAtom checked() (var10(205)->1) Achievers (27, 27)
		->_gn  LM 5 Atom test-1() (var214(77)->1) Achievers (3, 3)
		->_gn  LM 4 Atom negex() (var202(78)->0) Achievers (3, 3)
		->_gn  LM 0 Atom done-programming() (var166(214)->0)(goal) Achievers (1, 1)

LM 7 NegatedAtom loop() (var201(164)->1) Achievers (4, 3)
		->_gn  LM 8 Atom holds() (var177(206)->0) Achievers (30, 24)
		->_gn  LM 2 Atom checked() (var10(205)->0) Achievers (31, 27)

LM 9 NegatedAtom negex() (var202(78)->1) Achievers (0, 0)
		->_gn  LM 4 Atom negex() (var202(78)->0) Achievers (3, 3)

LM 4 Atom negex() (var202(78)->0) Achievers (3, 3)
		<-_gn  LM 11 NegatedAtom stored() (var213(76)->1) Achievers (1, 1)
		<-_gn  LM 10 Atom test-0() (var214(77)->0) Achievers (0, 0)
		<-_gn  LM 2 Atom checked() (var10(205)->0) Achievers (31, 27)
		<-_gn  LM 8 Atom holds() (var177(206)->0) Achievers (30, 24)
		<-_gn  LM 9 NegatedAtom negex() (var202(78)->1) Achievers (0, 0)
		->_gn  LM 0 Atom done-programming() (var166(214)->0)(goal) Achievers (1, 1)

LM 5 Atom test-1() (var214(77)->1) Achievers (3, 3)
		<-_gn  LM 2 Atom checked() (var10(205)->0) Achievers (31, 27)
		<-_gn  LM 11 NegatedAtom stored() (var213(76)->1) Achievers (1, 1)
		<-_gn  LM 8 Atom holds() (var177(206)->0) Achievers (30, 24)
		<-_gn  LM 10 Atom test-0() (var214(77)->0) Achievers (0, 0)
		->_gn  LM 0 Atom done-programming() (var166(214)->0)(goal) Achievers (1, 1)

LM 10 Atom test-0() (var214(77)->0) Achievers (0, 0)
		->_gn  LM 5 Atom test-1() (var214(77)->1) Achievers (3, 3)
		->_gn  LM 4 Atom negex() (var202(78)->0) Achievers (3, 3)

LM 11 NegatedAtom stored() (var213(76)->1) Achievers (1, 1)
		->_gn  LM 5 Atom test-1() (var214(77)->1) Achievers (3, 3)
		->_gn  LM 4 Atom negex() (var202(78)->0) Achievers (3, 3)

Landmark graph end.
Initializing LAMA-FF Synergy Object
Initializing landmarks count heuristic...
7 initial landmarks, 1 goal landmarks
Starting search: lazy_greedy(list(hff1, hlm1), preferred = list(hff1, hlm1), cost_type = one, reopen_closed = false)
Conducting lazy best first search, (real) bound = 2147483647
Best heuristic value: 5/9 [g=0, 1 evaluated, 0 expanded, t=0.03s, 5232 KB]
Best heuristic value: 5/7 [g=1, 2 evaluated, 1 expanded, t=0.03s, 5232 KB]
Best heuristic value: 5/6 [g=2, 3 evaluated, 2 expanded, t=0.03s, 5232 KB]
Best heuristic value: 5/5 [g=1, 6 evaluated, 5 expanded, t=0.03s, 5232 KB]
Best heuristic value: 4/4 [g=2, 7 evaluated, 6 expanded, t=0.03s, 5232 KB]
Best heuristic value: 4/3 [g=16, 7464 evaluated, 4209 expanded, t=0.36s, 5496 KB]
Best heuristic value: 4/2 [g=17, 7465 evaluated, 4210 expanded, t=0.36s, 5496 KB]
Best heuristic value: 2/2 [g=18, 7466 evaluated, 4211 expanded, t=0.36s, 5496 KB]
Best heuristic value: 1/1 [g=31, 7513 evaluated, 4251 expanded, t=0.36s, 5496 KB]
Solution found!
Actual search time: 0.33s [t=0.36s]
program-add-a-b-0 row-0 (1001)
check-add-a-b-0-0 row-0 (0)
execute-add-a-b-0-0 row-0 (1)
program-dec-b-1 row-0 (1001)
check-dec-b-0-1 row-0 (0)
execute-dec-b-0-1 row-0 (1)
program-goto-assignment-2-0 b v0 row-0 (1001)
eval-cond-assignment-0-2 b v0 row-0 (1)
do-goto-0-2-0 row-0 (1)
check-add-a-b-0-0 row-0 (0)
execute-add-a-b-0-0 row-0 (1)
check-dec-b-0-1 row-0 (0)
execute-dec-b-0-1 row-0 (1)
eval-cond-assignment-0-2 b v0 row-0 (1)
dont-goto-0-2-0 row-0 (1)
program-end-3 row-0 (1)
check-main-end-0-3 row-0 (0)
repeat-end-main-0-3 row-0 (0)
check-add-a-b-0-0 row-0 (0)
execute-add-a-b-0-0 row-0 (1)
check-dec-b-0-1 row-0 (0)
execute-dec-b-0-1 row-0 (1)
eval-cond-assignment-0-2 b v0 row-0 (1)
do-goto-0-2-0 row-0 (1)
check-add-a-b-0-0 row-0 (0)
execute-add-a-b-0-0 row-0 (1)
check-dec-b-0-1 row-0 (0)
execute-dec-b-0-1 row-0 (1)
eval-cond-assignment-0-2 b v0 row-0 (1)
dont-goto-0-2-0 row-0 (1)
check-main-end-1-3 row-0 (0)
skip-1  (0)
Plan length: 32 step(s).
Plan cost: 3020
Initial state h value: 5/9.
Expanded 4252 state(s).
Reopened 0 state(s).
Evaluated 7514 state(s).
Evaluations: 15028
Generated 20107 state(s).
Dead ends: 3261 state(s).
Best solution cost so far: 3020
Solution found - keep searching
Starting search: lazy_greedy(list(hff2, hlm2), preferred = list(hff2, hlm2), reopen_closed = false)
Conducting lazy best first search, (real) bound = 3020
Best heuristic value: 5/3015 [g=0, 1 evaluated, 0 expanded, t=0.36s, 5892 KB]
Best heuristic value: 5/1012 [g=1001, 2 evaluated, 1 expanded, t=0.36s, 5892 KB]
Best heuristic value: 5/1010 [g=1002, 3 evaluated, 2 expanded, t=0.36s, 5892 KB]
Best heuristic value: 5/1008 [g=1003, 5 evaluated, 4 expanded, t=0.36s, 5892 KB]
Best heuristic value: 5/7 [g=1001, 6 evaluated, 5 expanded, t=0.36s, 5892 KB]
Best heuristic value: 4/6 [g=1001, 7 evaluated, 6 expanded, t=0.36s, 5892 KB]
Best heuristic value: 4/5 [g=3011, 7463 evaluated, 4208 expanded, t=0.73s, 6444 KB]
Best heuristic value: 4/3 [g=3012, 7464 evaluated, 4209 expanded, t=0.73s, 6444 KB]
Best heuristic value: 4/2 [g=3012, 7465 evaluated, 4210 expanded, t=0.73s, 6444 KB]
Best heuristic value: 2/2 [g=3012, 7466 evaluated, 4211 expanded, t=0.73s, 6444 KB]
Completely explored state space -- no solution!
Actual search time: 1.33s [t=1.69s]
Initial state h value: 5/3015.
Expanded 13144 state(s).
Reopened 0 state(s).
Evaluated 26883 state(s).
Evaluations: 53766
Generated 31652 state(s).
Dead ends: 13739 state(s).
Best solution cost so far: 3020
No solution found - keep searching
Starting search: lazy_wastar(list(hff2, hlm2), preferred = list(hff2, hlm2), w = 5)
Conducting lazy best first search, (real) bound = 3020
Best heuristic value: 5/3015 [g=0, 1 evaluated, 0 expanded, t=1.69s, 8656 KB]
Best heuristic value: 5/1012 [g=1001, 2 evaluated, 1 expanded, t=1.69s, 8656 KB]
Best heuristic value: 5/1010 [g=1002, 3 evaluated, 2 expanded, t=1.69s, 8656 KB]
Best heuristic value: 5/1008 [g=1003, 5 evaluated, 4 expanded, t=1.69s, 8656 KB]
Best heuristic value: 5/7 [g=1001, 6 evaluated, 5 expanded, t=1.69s, 8656 KB]
Best heuristic value: 4/6 [g=1001, 7 evaluated, 6 expanded, t=1.69s, 8656 KB]
Best heuristic value: 4/5 [g=3011, 4801 evaluated, 2652 expanded, t=1.94s, 8788 KB]
Best heuristic value: 4/3 [g=3012, 4802 evaluated, 2653 expanded, t=1.94s, 8788 KB]
Best heuristic value: 4/2 [g=3012, 4803 evaluated, 2654 expanded, t=1.94s, 8788 KB]
Best heuristic value: 2/2 [g=3012, 4804 evaluated, 2655 expanded, t=1.94s, 8788 KB]
Completely explored state space -- no solution!
Actual search time: 1.33s [t=3.02s]
Initial state h value: 5/3015.
Expanded 13144 state(s).
Reopened 0 state(s).
Evaluated 26883 state(s).
Evaluations: 53766
Generated 31652 state(s).
Dead ends: 13739 state(s).
Best solution cost so far: 3020
No solution found - keep searching
Starting search: lazy_wastar(list(hff2, hlm2), preferred = list(hff2, hlm2), w = 3)
Conducting lazy best first search, (real) bound = 3020
Best heuristic value: 5/3015 [g=0, 1 evaluated, 0 expanded, t=3.02s, 9116 KB]
Best heuristic value: 5/1012 [g=1001, 2 evaluated, 1 expanded, t=3.02s, 9116 KB]
Best heuristic value: 5/1010 [g=1002, 3 evaluated, 2 expanded, t=3.02s, 9116 KB]
Best heuristic value: 5/1008 [g=1003, 5 evaluated, 4 expanded, t=3.02s, 9116 KB]
Best heuristic value: 5/7 [g=1001, 6 evaluated, 5 expanded, t=3.02s, 9116 KB]
Best heuristic value: 4/6 [g=1001, 7 evaluated, 6 expanded, t=3.02s, 9116 KB]
Best heuristic value: 4/5 [g=3011, 4801 evaluated, 2652 expanded, t=3.26s, 9248 KB]
Best heuristic value: 4/3 [g=3012, 4802 evaluated, 2653 expanded, t=3.26s, 9248 KB]
Best heuristic value: 4/2 [g=3012, 4803 evaluated, 2654 expanded, t=3.26s, 9248 KB]
Best heuristic value: 2/2 [g=3012, 4804 evaluated, 2655 expanded, t=3.26s, 9248 KB]
Completely explored state space -- no solution!
Actual search time: 1.32s [t=4.34s]
Initial state h value: 5/3015.
Expanded 13144 state(s).
Reopened 0 state(s).
Evaluated 26883 state(s).
Evaluations: 53766
Generated 31652 state(s).
Dead ends: 13739 state(s).
Best solution cost so far: 3020
No solution found - keep searching
Starting search: lazy_wastar(list(hff2, hlm2), preferred = list(hff2, hlm2), w = 2)
Conducting lazy best first search, (real) bound = 3020
Best heuristic value: 5/3015 [g=0, 1 evaluated, 0 expanded, t=4.34s, 9644 KB]
Best heuristic value: 5/1012 [g=1001, 2 evaluated, 1 expanded, t=4.34s, 9644 KB]
Best heuristic value: 5/1010 [g=1002, 3 evaluated, 2 expanded, t=4.34s, 9644 KB]
Best heuristic value: 5/1008 [g=1003, 5 evaluated, 4 expanded, t=4.34s, 9644 KB]
Best heuristic value: 5/7 [g=1001, 6 evaluated, 5 expanded, t=4.34s, 9644 KB]
Best heuristic value: 4/6 [g=1001, 7 evaluated, 6 expanded, t=4.34s, 9644 KB]
Best heuristic value: 4/5 [g=3011, 4801 evaluated, 2652 expanded, t=4.59s, 9776 KB]
Best heuristic value: 4/3 [g=3012, 4802 evaluated, 2653 expanded, t=4.59s, 9776 KB]
Best heuristic value: 4/2 [g=3012, 4803 evaluated, 2654 expanded, t=4.59s, 9776 KB]
Best heuristic value: 2/2 [g=3012, 4804 evaluated, 2655 expanded, t=4.59s, 9776 KB]
Completely explored state space -- no solution!
Actual search time: 1.33s [t=5.67s]
Initial state h value: 5/3015.
Expanded 13144 state(s).
Reopened 0 state(s).
Evaluated 26883 state(s).
Evaluations: 53766
Generated 31652 state(s).
Dead ends: 13739 state(s).
Best solution cost so far: 3020
No solution found - keep searching
Starting search: lazy_wastar(list(hff2, hlm2), preferred = list(hff2, hlm2), w = 1)
Conducting lazy best first search, (real) bound = 3020
Best heuristic value: 5/3015 [g=0, 1 evaluated, 0 expanded, t=5.67s, 10172 KB]
Best heuristic value: 5/1012 [g=1001, 2 evaluated, 1 expanded, t=5.67s, 10172 KB]
Best heuristic value: 5/1010 [g=1002, 3 evaluated, 2 expanded, t=5.67s, 10172 KB]
Best heuristic value: 5/1008 [g=1003, 5 evaluated, 4 expanded, t=5.67s, 10172 KB]
Best heuristic value: 5/7 [g=1001, 6 evaluated, 5 expanded, t=5.67s, 10172 KB]
Best heuristic value: 4/6 [g=1001, 7 evaluated, 6 expanded, t=5.67s, 10172 KB]
Best heuristic value: 4/5 [g=3011, 4801 evaluated, 2652 expanded, t=5.92s, 10304 KB]
Best heuristic value: 4/3 [g=3012, 4802 evaluated, 2653 expanded, t=5.92s, 10304 KB]
Best heuristic value: 4/2 [g=3012, 4803 evaluated, 2654 expanded, t=5.92s, 10304 KB]
Best heuristic value: 2/2 [g=3012, 4804 evaluated, 2655 expanded, t=5.92s, 10304 KB]
Completely explored state space -- no solution!
Actual search time: 1.33s [t=7.00s]
Initial state h value: 5/3015.
Expanded 13144 state(s).
Reopened 0 state(s).
Evaluated 26883 state(s).
Evaluations: 53766
Generated 31652 state(s).
Dead ends: 13739 state(s).
Best solution cost so far: 3020
No solution found - keep searching
Actual search time: 6.97s [t=7.00s]
Cumulative statistics:
Expanded 69972 state(s).
Reopened 0 state(s).
Evaluated 141929 state(s).
Evaluations: 283858
Generated 178367 state(s).
Dead ends: 0 state(s).
Search time: 6.97s
Total time: 7.00s
Solution found.
Peak memory: 10432 KB
