INFO     Running translator.
INFO     translator stdin: None
INFO     translator time limit: None
INFO     translator memory limit: None
INFO     translator command line string: /usr/bin/python /home/jsegovia/Desktop/automated-programming-framework-private/PLANNERS/fast-downward/builds/release32/bin/translate/translate.py domain.pddl ins.pddl --sas-file output.sas
Parsing...
Parsing: [0.030s CPU, 0.029s wall-clock]
Normalizing task... [0.000s CPU, 0.002s wall-clock]
Instantiating...
Generating Datalog program... [0.000s CPU, 0.002s wall-clock]
Normalizing Datalog program...
Normalizing Datalog program: [0.030s CPU, 0.019s wall-clock]
Preparing model... [0.010s CPU, 0.009s wall-clock]
Generated 732 rules.
Computing model... [0.000s CPU, 0.007s wall-clock]
268 relevant atoms
540 auxiliary atoms
808 final queue length
1160 total queue pushes
Completing instantiation... [0.010s CPU, 0.007s wall-clock]
Instantiating: [0.050s CPU, 0.044s wall-clock]
Computing fact groups...
Finding invariants...
67 initial candidates
Finding invariants: [0.010s CPU, 0.016s wall-clock]
Checking invariant weight... [0.000s CPU, 0.000s wall-clock]
Instantiating groups... [0.000s CPU, 0.000s wall-clock]
Collecting mutex groups... [0.000s CPU, 0.000s wall-clock]
Choosing groups...
65 uncovered facts
Choosing groups: [0.000s CPU, 0.000s wall-clock]
Building translation key... [0.000s CPU, 0.000s wall-clock]
Computing fact groups: [0.010s CPU, 0.018s wall-clock]
Building STRIPS to SAS dictionary... [0.000s CPU, 0.000s wall-clock]
Building dictionary for full mutex groups... [0.000s CPU, 0.000s wall-clock]
Building mutex information...
Building mutex information: [0.000s CPU, 0.000s wall-clock]
Translating task...
Processing axioms...
Simplifying axioms... [0.000s CPU, 0.000s wall-clock]
Processing axioms: [0.000s CPU, 0.000s wall-clock]
Translating task: [0.010s CPU, 0.009s wall-clock]
78 effect conditions simplified
0 implied preconditions added
Detecting unreachable propositions...
0 operators removed
0 axioms removed
6 propositions removed
Detecting unreachable propositions: [0.010s CPU, 0.005s wall-clock]
Reordering and filtering variables...
67 of 68 variables necessary.
29 of 37 mutex groups necessary.
165 of 165 operators necessary.
0 of 0 axiom rules necessary.
Reordering and filtering variables: [0.000s CPU, 0.003s wall-clock]
Translator variables: 67
Translator derived variables: 0
Translator facts: 139
Translator goal facts: 1
Translator mutex groups: 29
Translator total mutex groups size: 58
Translator operators: 165
Translator axioms: 0
Translator task size: 1347
Translator peak memory: 41948 KB
Writing output... [0.000s CPU, 0.002s wall-clock]
Done! [0.110s CPU, 0.113s wall-clock]

translate exit code: 0
INFO     Running search (release32).
INFO     search stdin: output.sas
INFO     search time limit: None
INFO     search memory limit: None
INFO     search command line string: /home/jsegovia/Desktop/automated-programming-framework-private/PLANNERS/fast-downward/builds/release32/bin/downward --evaluator 'hlm=lmcount(lm_factory=lm_rhw(reasonable_orders=true),transform=adapt_costs(one),pref=false)' --evaluator 'hff=ff(transform=adapt_costs(one))' --search 'lazy_greedy([hff,hlm],preferred=[hff,hlm],cost_type=one,reopen_closed=false)' --internal-plan-file sas_plan < output.sas
reading input... [t=2.0267e-05s]
done reading input! [t=0.00146937s]
Initializing landmarks count heuristic...
Initializing Exploration...
Generating landmarks using the RPG/SAS+ approach
approx. reasonable orders
approx. obedient reasonable orders
Removed 0 reasonable or obedient reasonable orders
Landmarks generation time: 0.000864509s
Discovered 6 landmarks, of which 0 are disjunctive and 0 are conjunctive 
6 edges
Simplifying 425 unary operators... done! [291 unary operators]
Initializing additive heuristic...
Initializing FF heuristic...
Building successor generator...done! [t=0.00339018s]
peak memory difference for successor generator creation: 0 KB
time for successor generation creation: 6.7272e-05s
Variables: 67
FactPairs: 139
Bytes per state: 12
Conducting lazy best first search, (real) bound = 2147483647
3 initial landmarks, 1 goal landmarks
New best heuristic value for lmcount(lm_factory = lm_rhw(reasonable_orders = true), transform = adapt_costs(one), pref = false): 3
New best heuristic value for ff(transform = adapt_costs(one)): 8
[g=0, 1 evaluated, 0 expanded, t=0.00348265s, 4520 KB]
Initial heuristic value for lmcount(lm_factory = lm_rhw(reasonable_orders = true), transform = adapt_costs(one), pref = false): 3
Initial heuristic value for ff(transform = adapt_costs(one)): 8
New best heuristic value for ff(transform = adapt_costs(one)): 4
[g=1, 2 evaluated, 1 expanded, t=0.00353838s, 4520 KB]
New best heuristic value for lmcount(lm_factory = lm_rhw(reasonable_orders = true), transform = adapt_costs(one), pref = false): 1
New best heuristic value for ff(transform = adapt_costs(one)): 3
[g=2, 3 evaluated, 2 expanded, t=0.00357502s, 4520 KB]
New best heuristic value for ff(transform = adapt_costs(one)): 2
[g=7, 135 evaluated, 98 expanded, t=0.00488333s, 4520 KB]
New best heuristic value for ff(transform = adapt_costs(one)): 1
[g=8, 136 evaluated, 99 expanded, t=0.00492134s, 4520 KB]
Solution found!
Actual search time: 0.00149968s [t=0.00495254s]
program-add-a-b-0 row-0 (1001)
check-add-a-b-0-0 row-0 (0)
execute-add-a-b-0-0 row-0 (1)
program-dec-b-1 row-0 (1001)
check-dec-b-0-1 row-0 (0)
execute-dec-b-0-1 row-0 (1)
program-end-2 row-0 (1)
check-main-end-0-2 row-0 (0)
repeat-end-main-0-2 row-0 (0)
Plan length: 9 step(s).
Plan cost: 2005
Expanded 100 state(s).
Reopened 0 state(s).
Evaluated 137 state(s).
Evaluations: 238
Generated 677 state(s).
Dead ends: 36 state(s).
Number of registered states: 137
Int hash set load factor: 137/256 = 0.535156
Int hash set resizes: 8
Search time: 0.00151693s
Total time: 0.00495517s
Solution found.
Peak memory: 4520 KB

search exit code: 0
