INFO     Running translator.
INFO     translator stdin: None
INFO     translator time limit: None
INFO     translator memory limit: None
INFO     translator command line string: /usr/bin/python /home/jsegovia/Desktop/automated-programming-framework-private/PLANNERS/fast-downward/builds/release32/bin/translate/translate.py domain.pddl ins.pddl --sas-file output.sas
Parsing...
Parsing: [0.070s CPU, 0.065s wall-clock]
Normalizing task... [0.000s CPU, 0.004s wall-clock]
Instantiating...
Generating Datalog program... [0.000s CPU, 0.003s wall-clock]
Normalizing Datalog program...
Unbound effect variables: Adding @object predicate.
Normalizing Datalog program: [0.030s CPU, 0.025s wall-clock]
Preparing model... [0.010s CPU, 0.013s wall-clock]
Generated 1378 rules.
Computing model... [0.060s CPU, 0.057s wall-clock]
6745 relevant atoms
2200 auxiliary atoms
8945 final queue length
21785 total queue pushes
Completing instantiation... [0.430s CPU, 0.433s wall-clock]
Instantiating: [0.540s CPU, 0.533s wall-clock]
Computing fact groups...
Finding invariants...
108 initial candidates
Finding invariants: [19.710s CPU, 19.728s wall-clock]
Checking invariant weight... [0.000s CPU, 0.000s wall-clock]
Instantiating groups... [0.000s CPU, 0.000s wall-clock]
Collecting mutex groups... [0.010s CPU, 0.001s wall-clock]
Choosing groups...
4778 uncovered facts
Choosing groups: [0.000s CPU, 0.001s wall-clock]
Building translation key... [0.020s CPU, 0.017s wall-clock]
Computing fact groups: [19.790s CPU, 19.800s wall-clock]
Building STRIPS to SAS dictionary... [0.000s CPU, 0.004s wall-clock]
Building dictionary for full mutex groups... [0.000s CPU, 0.004s wall-clock]
Building mutex information...
Building mutex information: [0.010s CPU, 0.005s wall-clock]
Translating task...
Processing axioms...
Simplifying axioms... [0.010s CPU, 0.002s wall-clock]
Processing axioms: [0.020s CPU, 0.022s wall-clock]
Translating task: [23.370s CPU, 23.368s wall-clock]
13885 effect conditions simplified
0 implied preconditions added
Detecting unreachable propositions...
0 operators removed
0 axioms removed
6086 propositions removed
Detecting unreachable propositions: [3.320s CPU, 3.326s wall-clock]
Reordering and filtering variables...
1741 of 1741 variables necessary.
30 of 37 mutex groups necessary.
508 of 508 operators necessary.
6 of 6 axiom rules necessary.
Reordering and filtering variables: [1.770s CPU, 1.767s wall-clock]
Translator variables: 1741
Translator derived variables: 6
Translator facts: 3487
Translator goal facts: 1
Translator mutex groups: 30
Translator total mutex groups size: 62
Translator operators: 508
Translator axioms: 6
Translator task size: 2335672
Translator peak memory: 555608 KB
Writing output... [1.540s CPU, 1.536s wall-clock]
Done! [50.450s CPU, 50.456s wall-clock]

translate exit code: 0
INFO     Running search (release32).
INFO     search stdin: output.sas
INFO     search time limit: None
INFO     search memory limit: None
INFO     search command line string: /home/jsegovia/Desktop/automated-programming-framework-private/PLANNERS/fast-downward/builds/release32/bin/downward --evaluator 'hlm=lmcount(lm_factory=lm_rhw(reasonable_orders=true),transform=adapt_costs(one),pref=false)' --evaluator 'hff=ff(transform=adapt_costs(one))' --search 'lazy_greedy([hff,hlm],preferred=[hff,hlm],cost_type=one,reopen_closed=false)' --internal-plan-file sas_plan < output.sas
reading input... [t=2.1867e-05s]
done reading input! [t=1.07669s]
Initializing landmarks count heuristic...
Initializing Exploration...
Generating landmarks using the RPG/SAS+ approach
approx. reasonable orders
approx. obedient reasonable orders
Removed 0 reasonable or obedient reasonable orders
Landmarks generation time: 0.661881s
Discovered 14 landmarks, of which 0 are disjunctive and 0 are conjunctive 
34 edges
Simplifying 195163 unary operators... done! [194489 unary operators]
Initializing additive heuristic...
Initializing FF heuristic...
Building successor generator...done! [t=2.02163s]
peak memory difference for successor generator creation: 0 KB
time for successor generation creation: 0.000169493s
Variables: 1741
FactPairs: 3487
Bytes per state: 220
Conducting lazy best first search, (real) bound = 2147483647
7 initial landmarks, 1 goal landmarks
New best heuristic value for lmcount(lm_factory = lm_rhw(reasonable_orders = true), transform = adapt_costs(one), pref = false): 7
New best heuristic value for ff(transform = adapt_costs(one)): 11
[g=0, 1 evaluated, 0 expanded, t=2.03057s, 89404 KB]
Initial heuristic value for lmcount(lm_factory = lm_rhw(reasonable_orders = true), transform = adapt_costs(one), pref = false): 7
Initial heuristic value for ff(transform = adapt_costs(one)): 11
New best heuristic value for ff(transform = adapt_costs(one)): 7
[g=1, 2 evaluated, 1 expanded, t=2.03916s, 89404 KB]
New best heuristic value for lmcount(lm_factory = lm_rhw(reasonable_orders = true), transform = adapt_costs(one), pref = false): 6
New best heuristic value for ff(transform = adapt_costs(one)): 6
[g=2, 3 evaluated, 2 expanded, t=2.04792s, 89404 KB]
New best heuristic value for ff(transform = adapt_costs(one)): 5
[g=16, 17982 evaluated, 17981 expanded, t=125.804s, 89404 KB]
New best heuristic value for ff(transform = adapt_costs(one)): 4
[g=17, 17983 evaluated, 17982 expanded, t=125.812s, 89404 KB]
New best heuristic value for lmcount(lm_factory = lm_rhw(reasonable_orders = true), transform = adapt_costs(one), pref = false): 5
[g=19, 17985 evaluated, 17984 expanded, t=125.829s, 89404 KB]
New best heuristic value for ff(transform = adapt_costs(one)): 3
[g=37, 18783 evaluated, 18782 expanded, t=132.706s, 89404 KB]
New best heuristic value for lmcount(lm_factory = lm_rhw(reasonable_orders = true), transform = adapt_costs(one), pref = false): 4
[g=39, 18785 evaluated, 18784 expanded, t=132.723s, 89404 KB]
New best heuristic value for ff(transform = adapt_costs(one)): 2
[g=63, 18809 evaluated, 18808 expanded, t=132.937s, 89404 KB]
New best heuristic value for lmcount(lm_factory = lm_rhw(reasonable_orders = true), transform = adapt_costs(one), pref = false): 2
[g=64, 18810 evaluated, 18809 expanded, t=132.944s, 89404 KB]
New best heuristic value for lmcount(lm_factory = lm_rhw(reasonable_orders = true), transform = adapt_costs(one), pref = false): 1
New best heuristic value for ff(transform = adapt_costs(one)): 1
[g=71, 18817 evaluated, 18816 expanded, t=132.992s, 89404 KB]
Solution found!
Actual search time: 130.97s [t=132.992s]
program-add-a-b-0 row-0 (1001)
check-add-a-b-0-0 row-0 (0)
execute-add-a-b-0-0 row-0 (1)
program-dec-b-1 row-0 (1001)
check-dec-b-0-1 row-0 (0)
execute-dec-b-0-1 row-0 (1)
program-goto-assignment-2-0 b v0 row-0 (1001)
eval-cond-assignment-0-2 b v0 row-0 (1)
do-goto-0-2-0 row-0 (1)
check-add-a-b-0-0 row-0 (0)
execute-add-a-b-0-0 row-0 (1)
check-dec-b-0-1 row-0 (0)
execute-dec-b-0-1 row-0 (1)
eval-cond-assignment-0-2 b v0 row-0 (1)
dont-goto-0-2-0 row-0 (1)
program-end-3 row-0 (1)
check-main-end-0-3 row-0 (0)
repeat-end-main-0-3 row-0 (0)
check-add-a-b-0-0 row-0 (0)
execute-add-a-b-0-0 row-0 (1)
check-dec-b-0-1 row-0 (0)
execute-dec-b-0-1 row-0 (1)
eval-cond-assignment-0-2 b v0 row-0 (1)
do-goto-0-2-0 row-0 (1)
check-add-a-b-0-0 row-0 (0)
execute-add-a-b-0-0 row-0 (1)
check-dec-b-0-1 row-0 (0)
execute-dec-b-0-1 row-0 (1)
eval-cond-assignment-0-2 b v0 row-0 (1)
do-goto-0-2-0 row-0 (1)
check-add-a-b-0-0 row-0 (0)
execute-add-a-b-0-0 row-0 (1)
check-dec-b-0-1 row-0 (0)
execute-dec-b-0-1 row-0 (1)
eval-cond-assignment-0-2 b v0 row-0 (1)
dont-goto-0-2-0 row-0 (1)
check-main-end-1-3 row-0 (0)
repeat-end-main-1-3 row-0 (0)
check-add-a-b-0-0 row-0 (0)
execute-add-a-b-0-0 row-0 (1)
check-dec-b-0-1 row-0 (0)
execute-dec-b-0-1 row-0 (1)
eval-cond-assignment-0-2 b v0 row-0 (1)
do-goto-0-2-0 row-0 (1)
check-add-a-b-0-0 row-0 (0)
execute-add-a-b-0-0 row-0 (1)
check-dec-b-0-1 row-0 (0)
execute-dec-b-0-1 row-0 (1)
eval-cond-assignment-0-2 b v0 row-0 (1)
do-goto-0-2-0 row-0 (1)
check-add-a-b-0-0 row-0 (0)
execute-add-a-b-0-0 row-0 (1)
check-dec-b-0-1 row-0 (0)
execute-dec-b-0-1 row-0 (1)
eval-cond-assignment-0-2 b v0 row-0 (1)
do-goto-0-2-0 row-0 (1)
check-add-a-b-0-0 row-0 (0)
execute-add-a-b-0-0 row-0 (1)
check-dec-b-0-1 row-0 (0)
execute-dec-b-0-1 row-0 (1)
eval-cond-assignment-0-2 b v0 row-0 (1)
dont-goto-0-2-0 row-0 (1)
check-main-end-2-3 row-0 (0)
repeat-end-main-2-3 row-0 (0)
check-add-a-b-0-0 row-0 (0)
execute-add-a-b-0-0 row-0 (1)
check-dec-b-0-1 row-0 (0)
execute-dec-b-0-1 row-0 (1)
eval-cond-assignment-0-2 b v0 row-0 (1)
dont-goto-0-2-0 row-0 (1)
check-main-end-3-3 row-0 (0)
skip-3  (0)
Plan length: 72 step(s).
Plan cost: 3044
Expanded 18817 state(s).
Reopened 0 state(s).
Evaluated 18818 state(s).
Evaluations: 37636
Generated 210536 state(s).
Dead ends: 0 state(s).
Number of registered states: 18818
Int hash set load factor: 18818/32768 = 0.57428
Int hash set resizes: 15
Search time: 130.97s
Total time: 132.992s
Solution found.
Peak memory: 89404 KB

search exit code: 0
