INFO     Running translator.
INFO     translator stdin: None
INFO     translator time limit: None
INFO     translator memory limit: None
INFO     translator command line string: /usr/bin/python /home/jsegovia/Desktop/automated-programming-framework-private/PLANNERS/fast-downward/builds/release32/bin/translate/translate.py domain.pddl ins.pddl --sas-file output.sas
Parsing...
Parsing: [0.050s CPU, 0.044s wall-clock]
Normalizing task... [0.000s CPU, 0.003s wall-clock]
Instantiating...
Generating Datalog program... [0.000s CPU, 0.003s wall-clock]
Normalizing Datalog program...
Normalizing Datalog program: [0.030s CPU, 0.022s wall-clock]
Preparing model... [0.010s CPU, 0.011s wall-clock]
Generated 1142 rules.
Computing model... [0.020s CPU, 0.028s wall-clock]
822 relevant atoms
1803 auxiliary atoms
2625 final queue length
13782 total queue pushes
Completing instantiation... [0.170s CPU, 0.163s wall-clock]
Instantiating: [0.230s CPU, 0.227s wall-clock]
Computing fact groups...
Finding invariants...
74 initial candidates
Finding invariants: [0.260s CPU, 0.267s wall-clock]
Checking invariant weight... [0.010s CPU, 0.000s wall-clock]
Instantiating groups... [0.000s CPU, 0.000s wall-clock]
Collecting mutex groups... [0.000s CPU, 0.000s wall-clock]
Choosing groups...
261 uncovered facts
Choosing groups: [0.000s CPU, 0.000s wall-clock]
Building translation key... [0.000s CPU, 0.001s wall-clock]
Computing fact groups: [0.270s CPU, 0.271s wall-clock]
Building STRIPS to SAS dictionary... [0.000s CPU, 0.000s wall-clock]
Building dictionary for full mutex groups... [0.000s CPU, 0.000s wall-clock]
Building mutex information...
Building mutex information: [0.000s CPU, 0.000s wall-clock]
Translating task...
Processing axioms...
Simplifying axioms... [0.000s CPU, 0.000s wall-clock]
Processing axioms: [0.000s CPU, 0.002s wall-clock]
Translating task: [24.070s CPU, 24.067s wall-clock]
447 effect conditions simplified
0 implied preconditions added
Detecting unreachable propositions...
0 operators removed
0 axioms removed
12 propositions removed
Detecting unreachable propositions: [3.290s CPU, 3.302s wall-clock]
Reordering and filtering variables...
260 of 261 variables necessary.
29 of 35 mutex groups necessary.
501 of 501 operators necessary.
0 of 0 axiom rules necessary.
Reordering and filtering variables: [1.830s CPU, 1.819s wall-clock]
Translator variables: 260
Translator derived variables: 0
Translator facts: 524
Translator goal facts: 1
Translator mutex groups: 29
Translator total mutex groups size: 58
Translator operators: 501
Translator axioms: 0
Translator task size: 2314175
Translator peak memory: 537448 KB
Writing output... [1.590s CPU, 1.592s wall-clock]
Done! [31.360s CPU, 31.359s wall-clock]

translate exit code: 0
INFO     Running search (release32).
INFO     search stdin: output.sas
INFO     search time limit: None
INFO     search memory limit: None
INFO     search command line string: /home/jsegovia/Desktop/automated-programming-framework-private/PLANNERS/fast-downward/builds/release32/bin/downward --evaluator 'hlm=lmcount(lm_factory=lm_rhw(reasonable_orders=true),transform=adapt_costs(one),pref=false)' --evaluator 'hff=ff(transform=adapt_costs(one))' --search 'lazy_greedy([hff,hlm],preferred=[hff,hlm],cost_type=one,reopen_closed=false)' --internal-plan-file sas_plan < output.sas
reading input... [t=2.8492e-05s]
done reading input! [t=1.07597s]
Initializing landmarks count heuristic...
Initializing Exploration...
Generating landmarks using the RPG/SAS+ approach
approx. reasonable orders
approx. obedient reasonable orders
Removed 0 reasonable or obedient reasonable orders
Landmarks generation time: 0.582339s
Discovered 9 landmarks, of which 0 are disjunctive and 0 are conjunctive 
15 edges
Simplifying 180032 unary operators... done! [179358 unary operators]
Initializing additive heuristic...
Initializing FF heuristic...
Building successor generator...done! [t=1.9337s]
peak memory difference for successor generator creation: 0 KB
time for successor generation creation: 0.000154856s
Variables: 260
FactPairs: 524
Bytes per state: 36
Conducting lazy best first search, (real) bound = 2147483647
4 initial landmarks, 1 goal landmarks
New best heuristic value for lmcount(lm_factory = lm_rhw(reasonable_orders = true), transform = adapt_costs(one), pref = false): 5
New best heuristic value for ff(transform = adapt_costs(one)): 10
[g=0, 1 evaluated, 0 expanded, t=1.94203s, 87116 KB]
Initial heuristic value for lmcount(lm_factory = lm_rhw(reasonable_orders = true), transform = adapt_costs(one), pref = false): 5
Initial heuristic value for ff(transform = adapt_costs(one)): 10
New best heuristic value for ff(transform = adapt_costs(one)): 6
[g=1, 2 evaluated, 1 expanded, t=1.951s, 87116 KB]
New best heuristic value for lmcount(lm_factory = lm_rhw(reasonable_orders = true), transform = adapt_costs(one), pref = false): 3
New best heuristic value for ff(transform = adapt_costs(one)): 5
[g=2, 3 evaluated, 2 expanded, t=1.95919s, 87116 KB]
New best heuristic value for ff(transform = adapt_costs(one)): 4
[g=16, 19156 evaluated, 9995 expanded, t=132.92s, 87116 KB]
New best heuristic value for ff(transform = adapt_costs(one)): 3
[g=17, 19157 evaluated, 9996 expanded, t=132.928s, 87116 KB]
New best heuristic value for lmcount(lm_factory = lm_rhw(reasonable_orders = true), transform = adapt_costs(one), pref = false): 2
[g=19, 19159 evaluated, 9998 expanded, t=132.943s, 87116 KB]
New best heuristic value for ff(transform = adapt_costs(one)): 2
[g=43, 19641 evaluated, 10475 expanded, t=136.926s, 87116 KB]
New best heuristic value for lmcount(lm_factory = lm_rhw(reasonable_orders = true), transform = adapt_costs(one), pref = false): 1
[g=45, 19643 evaluated, 10477 expanded, t=136.939s, 87116 KB]
New best heuristic value for ff(transform = adapt_costs(one)): 1
[g=51, 19649 evaluated, 10483 expanded, t=136.979s, 87116 KB]
Solution found!
Actual search time: 135.045s [t=136.979s]
program-add-a-b-0 row-0 (1001)
check-add-a-b-0-0 row-0 (0)
execute-add-a-b-0-0 row-0 (1)
program-dec-b-1 row-0 (1001)
check-dec-b-0-1 row-0 (0)
execute-dec-b-0-1 row-0 (1)
program-goto-assignment-2-0 b v0 row-0 (1001)
eval-cond-assignment-0-2 b v0 row-0 (1)
do-goto-0-2-0 row-0 (1)
check-add-a-b-0-0 row-0 (0)
execute-add-a-b-0-0 row-0 (1)
check-dec-b-0-1 row-0 (0)
execute-dec-b-0-1 row-0 (1)
eval-cond-assignment-0-2 b v0 row-0 (1)
dont-goto-0-2-0 row-0 (1)
program-end-3 row-0 (1)
check-main-end-0-3 row-0 (0)
repeat-end-main-0-3 row-0 (0)
check-add-a-b-0-0 row-0 (0)
execute-add-a-b-0-0 row-0 (1)
check-dec-b-0-1 row-0 (0)
execute-dec-b-0-1 row-0 (1)
eval-cond-assignment-0-2 b v0 row-0 (1)
do-goto-0-2-0 row-0 (1)
check-add-a-b-0-0 row-0 (0)
execute-add-a-b-0-0 row-0 (1)
check-dec-b-0-1 row-0 (0)
execute-dec-b-0-1 row-0 (1)
eval-cond-assignment-0-2 b v0 row-0 (1)
do-goto-0-2-0 row-0 (1)
check-add-a-b-0-0 row-0 (0)
execute-add-a-b-0-0 row-0 (1)
check-dec-b-0-1 row-0 (0)
execute-dec-b-0-1 row-0 (1)
eval-cond-assignment-0-2 b v0 row-0 (1)
do-goto-0-2-0 row-0 (1)
check-add-a-b-0-0 row-0 (0)
execute-add-a-b-0-0 row-0 (1)
check-dec-b-0-1 row-0 (0)
execute-dec-b-0-1 row-0 (1)
eval-cond-assignment-0-2 b v0 row-0 (1)
dont-goto-0-2-0 row-0 (1)
check-main-end-1-3 row-0 (0)
repeat-end-main-1-3 row-0 (0)
check-add-a-b-0-0 row-0 (0)
execute-add-a-b-0-0 row-0 (1)
check-dec-b-0-1 row-0 (0)
execute-dec-b-0-1 row-0 (1)
eval-cond-assignment-0-2 b v0 row-0 (1)
dont-goto-0-2-0 row-0 (1)
check-main-end-2-3 row-0 (0)
repeat-end-main-2-3 row-0 (0)
Plan length: 52 step(s).
Plan cost: 3032
Expanded 10484 state(s).
Reopened 0 state(s).
Evaluated 19650 state(s).
Evaluations: 30135
Generated 202303 state(s).
Dead ends: 9165 state(s).
Number of registered states: 19650
Int hash set load factor: 19650/32768 = 0.59967
Int hash set resizes: 15
Search time: 135.045s
Total time: 136.979s
Solution found.
Peak memory: 87116 KB

search exit code: 0
