INFO     Running translator.
INFO     translator stdin: None
INFO     translator time limit: None
INFO     translator memory limit: None
INFO     translator command line string: /usr/bin/python /home/jsegovia/Desktop/automated-programming-framework-private/PLANNERS/fast-downward/builds/release32/bin/translate/translate.py domain.pddl ins.pddl --sas-file output.sas
Parsing...
Parsing: [0.070s CPU, 0.060s wall-clock]
Normalizing task... [0.000s CPU, 0.004s wall-clock]
Instantiating...
Generating Datalog program... [0.000s CPU, 0.004s wall-clock]
Normalizing Datalog program...
Normalizing Datalog program: [0.030s CPU, 0.025s wall-clock]
Preparing model... [0.010s CPU, 0.013s wall-clock]
Generated 1468 rules.
Computing model... [0.030s CPU, 0.028s wall-clock]
831 relevant atoms
1824 auxiliary atoms
2655 final queue length
14199 total queue pushes
Completing instantiation... [0.200s CPU, 0.197s wall-clock]
Instantiating: [0.270s CPU, 0.268s wall-clock]
Computing fact groups...
Finding invariants...
76 initial candidates
Finding invariants: [0.300s CPU, 0.304s wall-clock]
Checking invariant weight... [0.000s CPU, 0.000s wall-clock]
Instantiating groups... [0.000s CPU, 0.000s wall-clock]
Collecting mutex groups... [0.000s CPU, 0.000s wall-clock]
Choosing groups...
262 uncovered facts
Choosing groups: [0.000s CPU, 0.000s wall-clock]
Building translation key... [0.000s CPU, 0.001s wall-clock]
Computing fact groups: [0.310s CPU, 0.308s wall-clock]
Building STRIPS to SAS dictionary... [0.000s CPU, 0.000s wall-clock]
Building dictionary for full mutex groups... [0.000s CPU, 0.000s wall-clock]
Building mutex information...
Building mutex information: [0.000s CPU, 0.000s wall-clock]
Translating task...
Processing axioms...
Simplifying axioms... [0.000s CPU, 0.000s wall-clock]
Processing axioms: [0.000s CPU, 0.003s wall-clock]
Translating task: [23.150s CPU, 23.164s wall-clock]
519 effect conditions simplified
0 implied preconditions added
Detecting unreachable propositions...
0 operators removed
0 axioms removed
12 propositions removed
Detecting unreachable propositions: [3.290s CPU, 3.285s wall-clock]
Reordering and filtering variables...
261 of 262 variables necessary.
30 of 37 mutex groups necessary.
505 of 505 operators necessary.
0 of 0 axiom rules necessary.
Reordering and filtering variables: [1.660s CPU, 1.664s wall-clock]
Translator variables: 261
Translator derived variables: 0
Translator facts: 527
Translator goal facts: 1
Translator mutex groups: 30
Translator total mutex groups size: 62
Translator operators: 505
Translator axioms: 0
Translator task size: 2314486
Translator peak memory: 538572 KB
Writing output... [1.500s CPU, 1.498s wall-clock]
Done! [30.280s CPU, 30.284s wall-clock]

translate exit code: 0
INFO     Running search (release32).
INFO     search stdin: output.sas
INFO     search time limit: None
INFO     search memory limit: None
INFO     search command line string: /home/jsegovia/Desktop/automated-programming-framework-private/PLANNERS/fast-downward/builds/release32/bin/downward --evaluator 'hlm=lmcount(lm_factory=lm_rhw(reasonable_orders=true),transform=adapt_costs(one),pref=false)' --evaluator 'hff=ff(transform=adapt_costs(one))' --search 'lazy_greedy([hff,hlm],preferred=[hff,hlm],cost_type=one,reopen_closed=false)' --internal-plan-file sas_plan < output.sas
reading input... [t=3.0026e-05s]
done reading input! [t=0.989697s]
Initializing landmarks count heuristic...
Initializing Exploration...
Generating landmarks using the RPG/SAS+ approach
approx. reasonable orders
approx. obedient reasonable orders
Removed 0 reasonable or obedient reasonable orders
Landmarks generation time: 0.608843s
Discovered 12 landmarks, of which 0 are disjunctive and 0 are conjunctive 
28 edges
Simplifying 180309 unary operators... done! [179635 unary operators]
Initializing additive heuristic...
Initializing FF heuristic...
Building successor generator...done! [t=1.85485s]
peak memory difference for successor generator creation: 0 KB
time for successor generation creation: 0.00015509s
Variables: 261
FactPairs: 527
Bytes per state: 36
Conducting lazy best first search, (real) bound = 2147483647
5 initial landmarks, 1 goal landmarks
New best heuristic value for lmcount(lm_factory = lm_rhw(reasonable_orders = true), transform = adapt_costs(one), pref = false): 7
New best heuristic value for ff(transform = adapt_costs(one)): 11
[g=0, 1 evaluated, 0 expanded, t=1.86309s, 87144 KB]
Initial heuristic value for lmcount(lm_factory = lm_rhw(reasonable_orders = true), transform = adapt_costs(one), pref = false): 7
Initial heuristic value for ff(transform = adapt_costs(one)): 11
New best heuristic value for ff(transform = adapt_costs(one)): 7
[g=1, 2 evaluated, 1 expanded, t=1.87117s, 87144 KB]
New best heuristic value for lmcount(lm_factory = lm_rhw(reasonable_orders = true), transform = adapt_costs(one), pref = false): 6
New best heuristic value for ff(transform = adapt_costs(one)): 6
[g=2, 3 evaluated, 2 expanded, t=1.87917s, 87144 KB]
New best heuristic value for ff(transform = adapt_costs(one)): 5
[g=22, 56363 evaluated, 27362 expanded, t=349.583s, 87144 KB]
New best heuristic value for ff(transform = adapt_costs(one)): 4
[g=23, 56364 evaluated, 27363 expanded, t=349.591s, 87144 KB]
New best heuristic value for lmcount(lm_factory = lm_rhw(reasonable_orders = true), transform = adapt_costs(one), pref = false): 5
[g=25, 56366 evaluated, 27365 expanded, t=349.606s, 87144 KB]
New best heuristic value for ff(transform = adapt_costs(one)): 3
[g=49, 57950 evaluated, 28557 expanded, t=360.4s, 87144 KB]
New best heuristic value for lmcount(lm_factory = lm_rhw(reasonable_orders = true), transform = adapt_costs(one), pref = false): 4
[g=51, 57952 evaluated, 28559 expanded, t=360.414s, 87144 KB]
New best heuristic value for ff(transform = adapt_costs(one)): 2
[g=57, 57958 evaluated, 28565 expanded, t=360.459s, 87144 KB]
New best heuristic value for lmcount(lm_factory = lm_rhw(reasonable_orders = true), transform = adapt_costs(one), pref = false): 2
[g=58, 57959 evaluated, 28566 expanded, t=360.464s, 87144 KB]
New best heuristic value for lmcount(lm_factory = lm_rhw(reasonable_orders = true), transform = adapt_costs(one), pref = false): 1
New best heuristic value for ff(transform = adapt_costs(one)): 1
[g=83, 57984 evaluated, 28591 expanded, t=360.615s, 87144 KB]
Solution found!
Actual search time: 358.761s [t=360.616s]
program-add-a-b-0 row-0 (1001)
check-add-a-b-0-0 row-0 (0)
execute-add-a-b-0-0 row-0 (1)
program-dec-b-1 row-0 (1001)
check-dec-b-0-1 row-0 (0)
execute-dec-b-0-1 row-0 (1)
program-goto-assignment-2-0 b v0 row-0 (1001)
eval-cond-assignment-0-2 b v0 row-0 (1)
do-goto-0-2-0 row-0 (1)
check-add-a-b-0-0 row-0 (0)
execute-add-a-b-0-0 row-0 (1)
check-dec-b-0-1 row-0 (0)
execute-dec-b-0-1 row-0 (1)
eval-cond-assignment-0-2 b v0 row-0 (1)
do-goto-0-2-0 row-0 (1)
check-add-a-b-0-0 row-0 (0)
execute-add-a-b-0-0 row-0 (1)
check-dec-b-0-1 row-0 (0)
execute-dec-b-0-1 row-0 (1)
eval-cond-assignment-0-2 b v0 row-0 (1)
dont-goto-0-2-0 row-0 (1)
program-end-3 row-0 (1)
check-main-end-0-3 row-0 (0)
repeat-end-main-0-3 row-0 (0)
check-add-a-b-0-0 row-0 (0)
execute-add-a-b-0-0 row-0 (1)
check-dec-b-0-1 row-0 (0)
execute-dec-b-0-1 row-0 (1)
eval-cond-assignment-0-2 b v0 row-0 (1)
do-goto-0-2-0 row-0 (1)
check-add-a-b-0-0 row-0 (0)
execute-add-a-b-0-0 row-0 (1)
check-dec-b-0-1 row-0 (0)
execute-dec-b-0-1 row-0 (1)
eval-cond-assignment-0-2 b v0 row-0 (1)
do-goto-0-2-0 row-0 (1)
check-add-a-b-0-0 row-0 (0)
execute-add-a-b-0-0 row-0 (1)
check-dec-b-0-1 row-0 (0)
execute-dec-b-0-1 row-0 (1)
eval-cond-assignment-0-2 b v0 row-0 (1)
do-goto-0-2-0 row-0 (1)
check-add-a-b-0-0 row-0 (0)
execute-add-a-b-0-0 row-0 (1)
check-dec-b-0-1 row-0 (0)
execute-dec-b-0-1 row-0 (1)
eval-cond-assignment-0-2 b v0 row-0 (1)
dont-goto-0-2-0 row-0 (1)
check-main-end-1-3 row-0 (0)
repeat-end-main-1-3 row-0 (0)
check-add-a-b-0-0 row-0 (0)
execute-add-a-b-0-0 row-0 (1)
check-dec-b-0-1 row-0 (0)
execute-dec-b-0-1 row-0 (1)
eval-cond-assignment-0-2 b v0 row-0 (1)
dont-goto-0-2-0 row-0 (1)
check-main-end-2-3 row-0 (0)
repeat-end-main-2-3 row-0 (0)
check-add-a-b-0-0 row-0 (0)
execute-add-a-b-0-0 row-0 (1)
check-dec-b-0-1 row-0 (0)
execute-dec-b-0-1 row-0 (1)
eval-cond-assignment-0-2 b v0 row-0 (1)
do-goto-0-2-0 row-0 (1)
check-add-a-b-0-0 row-0 (0)
execute-add-a-b-0-0 row-0 (1)
check-dec-b-0-1 row-0 (0)
execute-dec-b-0-1 row-0 (1)
eval-cond-assignment-0-2 b v0 row-0 (1)
do-goto-0-2-0 row-0 (1)
check-add-a-b-0-0 row-0 (0)
execute-add-a-b-0-0 row-0 (1)
check-dec-b-0-1 row-0 (0)
execute-dec-b-0-1 row-0 (1)
eval-cond-assignment-0-2 b v0 row-0 (1)
do-goto-0-2-0 row-0 (1)
check-add-a-b-0-0 row-0 (0)
execute-add-a-b-0-0 row-0 (1)
check-dec-b-0-1 row-0 (0)
execute-dec-b-0-1 row-0 (1)
eval-cond-assignment-0-2 b v0 row-0 (1)
dont-goto-0-2-0 row-0 (1)
check-main-end-3-3 row-0 (0)
skip-3  (0)
Plan length: 84 step(s).
Plan cost: 3052
Expanded 28592 state(s).
Reopened 0 state(s).
Evaluated 57985 state(s).
Evaluations: 86578
Generated 226866 state(s).
Dead ends: 29392 state(s).
Number of registered states: 57985
Int hash set load factor: 57985/65536 = 0.884781
Int hash set resizes: 16
Search time: 358.761s
Total time: 360.616s
Solution found.
Peak memory: 87144 KB

search exit code: 0
