INFO     Running translator.
INFO     translator stdin: None
INFO     translator time limit: None
INFO     translator memory limit: None
INFO     translator command line string: /usr/bin/python /home/jsegovia/Desktop/automated-programming-framework-private/PLANNERS/fast-downward/builds/release32/bin/translate/translate.py domain.pddl ins.pddl --sas-file output.sas
Parsing...
Parsing: [0.050s CPU, 0.051s wall-clock]
Normalizing task... [0.010s CPU, 0.003s wall-clock]
Instantiating...
Generating Datalog program... [0.000s CPU, 0.003s wall-clock]
Normalizing Datalog program...
Unbound effect variables: Adding @object predicate.
Normalizing Datalog program: [0.020s CPU, 0.022s wall-clock]
Preparing model... [0.010s CPU, 0.011s wall-clock]
Generated 1082 rules.
Computing model... [0.030s CPU, 0.025s wall-clock]
2945 relevant atoms
1456 auxiliary atoms
4401 final queue length
8681 total queue pushes
Completing instantiation... [0.130s CPU, 0.133s wall-clock]
Instantiating: [0.190s CPU, 0.195s wall-clock]
Computing fact groups...
Finding invariants...
108 initial candidates
Finding invariants: [20.350s CPU, 20.344s wall-clock]
Checking invariant weight... [0.000s CPU, 0.000s wall-clock]
Instantiating groups... [0.000s CPU, 0.000s wall-clock]
Collecting mutex groups... [0.000s CPU, 0.001s wall-clock]
Choosing groups...
2142 uncovered facts
Choosing groups: [0.000s CPU, 0.001s wall-clock]
Building translation key... [0.010s CPU, 0.009s wall-clock]
Computing fact groups: [20.380s CPU, 20.376s wall-clock]
Building STRIPS to SAS dictionary... [0.000s CPU, 0.002s wall-clock]
Building dictionary for full mutex groups... [0.000s CPU, 0.002s wall-clock]
Building mutex information...
Building mutex information: [0.000s CPU, 0.002s wall-clock]
Translating task...
Processing axioms...
Simplifying axioms... [0.000s CPU, 0.001s wall-clock]
Processing axioms: [0.010s CPU, 0.008s wall-clock]
Translating task: [0.250s CPU, 0.250s wall-clock]
4243 effect conditions simplified
0 implied preconditions added
Detecting unreachable propositions...
0 operators removed
0 axioms removed
3102 propositions removed
Detecting unreachable propositions: [0.070s CPU, 0.071s wall-clock]
Reordering and filtering variables...
597 of 597 variables necessary.
30 of 37 mutex groups necessary.
364 of 364 operators necessary.
6 of 6 axiom rules necessary.
Reordering and filtering variables: [0.050s CPU, 0.053s wall-clock]
Translator variables: 597
Translator derived variables: 6
Translator facts: 1199
Translator goal facts: 1
Translator mutex groups: 30
Translator total mutex groups size: 62
Translator operators: 364
Translator axioms: 6
Translator task size: 30062
Translator peak memory: 351384 KB
Writing output... [0.020s CPU, 0.025s wall-clock]
Done! [21.040s CPU, 21.037s wall-clock]

translate exit code: 0
INFO     Running search (release32).
INFO     search stdin: output.sas
INFO     search time limit: None
INFO     search memory limit: None
INFO     search command line string: /home/jsegovia/Desktop/automated-programming-framework-private/PLANNERS/fast-downward/builds/release32/bin/downward --evaluator 'hlm=lmcount(lm_factory=lm_rhw(reasonable_orders=true),transform=adapt_costs(one),pref=false)' --evaluator 'hff=ff(transform=adapt_costs(one))' --search 'lazy_greedy([hff,hlm],preferred=[hff,hlm],cost_type=one,reopen_closed=false)' --internal-plan-file sas_plan < output.sas
reading input... [t=1.8893e-05s]
done reading input! [t=0.0199196s]
Initializing landmarks count heuristic...
Initializing Exploration...
Generating landmarks using the RPG/SAS+ approach
approx. reasonable orders
approx. obedient reasonable orders
Removed 0 reasonable or obedient reasonable orders
Landmarks generation time: 0.0161714s
Discovered 14 landmarks, of which 0 are disjunctive and 0 are conjunctive 
34 edges
Simplifying 8049 unary operators... done! [7615 unary operators]
Initializing additive heuristic...
Initializing FF heuristic...
Building successor generator...done! [t=0.0434575s]
peak memory difference for successor generator creation: 0 KB
time for successor generation creation: 0.000124795s
Variables: 597
FactPairs: 1199
Bytes per state: 76
Conducting lazy best first search, (real) bound = 2147483647
7 initial landmarks, 1 goal landmarks
New best heuristic value for lmcount(lm_factory = lm_rhw(reasonable_orders = true), transform = adapt_costs(one), pref = false): 7
New best heuristic value for ff(transform = adapt_costs(one)): 11
[g=0, 1 evaluated, 0 expanded, t=0.0436935s, 6824 KB]
Initial heuristic value for lmcount(lm_factory = lm_rhw(reasonable_orders = true), transform = adapt_costs(one), pref = false): 7
Initial heuristic value for ff(transform = adapt_costs(one)): 11
New best heuristic value for ff(transform = adapt_costs(one)): 7
[g=1, 2 evaluated, 1 expanded, t=0.0439083s, 6824 KB]
New best heuristic value for lmcount(lm_factory = lm_rhw(reasonable_orders = true), transform = adapt_costs(one), pref = false): 6
New best heuristic value for ff(transform = adapt_costs(one)): 6
[g=2, 3 evaluated, 2 expanded, t=0.0440917s, 6824 KB]
New best heuristic value for ff(transform = adapt_costs(one)): 5
[g=22, 19881 evaluated, 19880 expanded, t=2.67525s, 9504 KB]
New best heuristic value for ff(transform = adapt_costs(one)): 4
[g=23, 19882 evaluated, 19881 expanded, t=2.67546s, 9504 KB]
New best heuristic value for lmcount(lm_factory = lm_rhw(reasonable_orders = true), transform = adapt_costs(one), pref = false): 5
[g=25, 20780 evaluated, 20779 expanded, t=2.82247s, 9636 KB]
New best heuristic value for ff(transform = adapt_costs(one)): 3
[g=31, 20786 evaluated, 20785 expanded, t=2.8235s, 9636 KB]
New best heuristic value for lmcount(lm_factory = lm_rhw(reasonable_orders = true), transform = adapt_costs(one), pref = false): 4
[g=33, 20788 evaluated, 20787 expanded, t=2.82382s, 9636 KB]
New best heuristic value for ff(transform = adapt_costs(one)): 2
[g=45, 20800 evaluated, 20799 expanded, t=2.82573s, 9636 KB]
New best heuristic value for lmcount(lm_factory = lm_rhw(reasonable_orders = true), transform = adapt_costs(one), pref = false): 2
[g=46, 20801 evaluated, 20800 expanded, t=2.82588s, 9636 KB]
New best heuristic value for lmcount(lm_factory = lm_rhw(reasonable_orders = true), transform = adapt_costs(one), pref = false): 1
New best heuristic value for ff(transform = adapt_costs(one)): 1
[g=53, 20808 evaluated, 20807 expanded, t=2.82685s, 9636 KB]
Solution found!
Actual search time: 2.78339s [t=2.82691s]
program-add-a-b-0 row-0 (1001)
check-add-a-b-0-0 row-0 (0)
execute-add-a-b-0-0 row-0 (1)
program-dec-b-1 row-0 (1001)
check-dec-b-0-1 row-0 (0)
execute-dec-b-0-1 row-0 (1)
program-goto-assignment-2-0 b v0 row-0 (1001)
eval-cond-assignment-0-2 b v0 row-0 (1)
do-goto-0-2-0 row-0 (1)
check-add-a-b-0-0 row-0 (0)
execute-add-a-b-0-0 row-0 (1)
check-dec-b-0-1 row-0 (0)
execute-dec-b-0-1 row-0 (1)
eval-cond-assignment-0-2 b v0 row-0 (1)
do-goto-0-2-0 row-0 (1)
check-add-a-b-0-0 row-0 (0)
execute-add-a-b-0-0 row-0 (1)
check-dec-b-0-1 row-0 (0)
execute-dec-b-0-1 row-0 (1)
eval-cond-assignment-0-2 b v0 row-0 (1)
dont-goto-0-2-0 row-0 (1)
program-end-3 row-0 (1)
check-main-end-0-3 row-0 (0)
repeat-end-main-0-3 row-0 (0)
check-add-a-b-0-0 row-0 (0)
execute-add-a-b-0-0 row-0 (1)
check-dec-b-0-1 row-0 (0)
execute-dec-b-0-1 row-0 (1)
eval-cond-assignment-0-2 b v0 row-0 (1)
dont-goto-0-2-0 row-0 (1)
check-main-end-1-3 row-0 (0)
repeat-end-main-1-3 row-0 (0)
check-add-a-b-0-0 row-0 (0)
execute-add-a-b-0-0 row-0 (1)
check-dec-b-0-1 row-0 (0)
execute-dec-b-0-1 row-0 (1)
eval-cond-assignment-0-2 b v0 row-0 (1)
do-goto-0-2-0 row-0 (1)
check-add-a-b-0-0 row-0 (0)
execute-add-a-b-0-0 row-0 (1)
check-dec-b-0-1 row-0 (0)
execute-dec-b-0-1 row-0 (1)
eval-cond-assignment-0-2 b v0 row-0 (1)
dont-goto-0-2-0 row-0 (1)
check-main-end-2-3 row-0 (0)
repeat-end-main-2-3 row-0 (0)
check-add-a-b-0-0 row-0 (0)
execute-add-a-b-0-0 row-0 (1)
check-dec-b-0-1 row-0 (0)
execute-dec-b-0-1 row-0 (1)
eval-cond-assignment-0-2 b v0 row-0 (1)
dont-goto-0-2-0 row-0 (1)
check-main-end-3-3 row-0 (0)
skip-3  (0)
Plan length: 54 step(s).
Plan cost: 3032
Expanded 20808 state(s).
Reopened 0 state(s).
Evaluated 20809 state(s).
Evaluations: 41618
Generated 79451 state(s).
Dead ends: 0 state(s).
Number of registered states: 20809
Int hash set load factor: 20809/32768 = 0.63504
Int hash set resizes: 15
Search time: 2.7834s
Total time: 2.82691s
Solution found.
Peak memory: 9636 KB

search exit code: 0
