INFO     Running translator.
INFO     translator stdin: None
INFO     translator time limit: None
INFO     translator memory limit: None
INFO     translator command line string: /usr/bin/python /home/jsegovia/Desktop/automated-programming-framework-private/PLANNERS/fast-downward/builds/release32/bin/translate/translate.py domain.pddl ins.pddl --sas-file output.sas
Parsing...
Parsing: [0.040s CPU, 0.039s wall-clock]
Normalizing task... [0.000s CPU, 0.003s wall-clock]
Instantiating...
Generating Datalog program... [0.000s CPU, 0.002s wall-clock]
Normalizing Datalog program...
Unbound effect variables: Adding @object predicate.
Normalizing Datalog program: [0.020s CPU, 0.019s wall-clock]
Preparing model... [0.010s CPU, 0.009s wall-clock]
Generated 968 rules.
Computing model... [0.030s CPU, 0.024s wall-clock]
2929 relevant atoms
1408 auxiliary atoms
4337 final queue length
8573 total queue pushes
Completing instantiation... [0.080s CPU, 0.080s wall-clock]
Instantiating: [0.140s CPU, 0.136s wall-clock]
Computing fact groups...
Finding invariants...
106 initial candidates
Finding invariants: [23.360s CPU, 23.355s wall-clock]
Checking invariant weight... [0.000s CPU, 0.000s wall-clock]
Instantiating groups... [0.000s CPU, 0.000s wall-clock]
Collecting mutex groups... [0.000s CPU, 0.001s wall-clock]
Choosing groups...
2142 uncovered facts
Choosing groups: [0.000s CPU, 0.001s wall-clock]
Building translation key... [0.010s CPU, 0.008s wall-clock]
Computing fact groups: [23.390s CPU, 23.387s wall-clock]
Building STRIPS to SAS dictionary... [0.000s CPU, 0.002s wall-clock]
Building dictionary for full mutex groups... [0.000s CPU, 0.002s wall-clock]
Building mutex information...
Building mutex information: [0.000s CPU, 0.002s wall-clock]
Translating task...
Processing axioms...
Simplifying axioms... [0.000s CPU, 0.001s wall-clock]
Processing axioms: [0.010s CPU, 0.006s wall-clock]
Translating task: [0.210s CPU, 0.212s wall-clock]
1432 effect conditions simplified
0 implied preconditions added
Detecting unreachable propositions...
0 operators removed
0 axioms removed
3116 propositions removed
Detecting unreachable propositions: [0.050s CPU, 0.041s wall-clock]
Reordering and filtering variables...
590 of 590 variables necessary.
30 of 35 mutex groups necessary.
352 of 352 operators necessary.
6 of 6 axiom rules necessary.
Reordering and filtering variables: [0.040s CPU, 0.043s wall-clock]
Translator variables: 590
Translator derived variables: 6
Translator facts: 1183
Translator goal facts: 1
Translator mutex groups: 30
Translator total mutex groups size: 60
Translator operators: 352
Translator axioms: 6
Translator task size: 23579
Translator peak memory: 357716 KB
Writing output... [0.020s CPU, 0.019s wall-clock]
Done! [23.890s CPU, 23.890s wall-clock]

translate exit code: 0
INFO     Running search (release32).
INFO     search stdin: output.sas
INFO     search time limit: None
INFO     search memory limit: None
INFO     search command line string: /home/jsegovia/Desktop/automated-programming-framework-private/PLANNERS/fast-downward/builds/release32/bin/downward --evaluator 'hlm=lmcount(lm_factory=lm_rhw(reasonable_orders=true),transform=adapt_costs(one),pref=false)' --evaluator 'hff=ff(transform=adapt_costs(one))' --search 'lazy_greedy([hff,hlm],preferred=[hff,hlm],cost_type=one,reopen_closed=false)' --internal-plan-file sas_plan < output.sas
reading input... [t=2.2066e-05s]
done reading input! [t=0.0155319s]
Initializing landmarks count heuristic...
Initializing Exploration...
Generating landmarks using the RPG/SAS+ approach
approx. reasonable orders
approx. obedient reasonable orders
Removed 0 reasonable or obedient reasonable orders
Landmarks generation time: 0.0100787s
Discovered 12 landmarks, of which 0 are disjunctive and 0 are conjunctive 
20 edges
Simplifying 4751 unary operators... done! [4317 unary operators]
Initializing additive heuristic...
Initializing FF heuristic...
Building successor generator...done! [t=0.0313517s]
peak memory difference for successor generator creation: 0 KB
time for successor generation creation: 0.000118257s
Variables: 590
FactPairs: 1183
Bytes per state: 76
Conducting lazy best first search, (real) bound = 2147483647
7 initial landmarks, 1 goal landmarks
New best heuristic value for lmcount(lm_factory = lm_rhw(reasonable_orders = true), transform = adapt_costs(one), pref = false): 5
New best heuristic value for ff(transform = adapt_costs(one)): 9
[g=0, 1 evaluated, 0 expanded, t=0.0315356s, 6384 KB]
Initial heuristic value for lmcount(lm_factory = lm_rhw(reasonable_orders = true), transform = adapt_costs(one), pref = false): 5
Initial heuristic value for ff(transform = adapt_costs(one)): 9
New best heuristic value for ff(transform = adapt_costs(one)): 5
[g=1, 2 evaluated, 1 expanded, t=0.0316988s, 6384 KB]
New best heuristic value for lmcount(lm_factory = lm_rhw(reasonable_orders = true), transform = adapt_costs(one), pref = false): 4
New best heuristic value for ff(transform = adapt_costs(one)): 4
[g=2, 3 evaluated, 2 expanded, t=0.0318324s, 6384 KB]
New best heuristic value for ff(transform = adapt_costs(one)): 3
[g=16, 9194 evaluated, 9193 expanded, t=0.85576s, 7776 KB]
New best heuristic value for ff(transform = adapt_costs(one)): 2
[g=17, 9195 evaluated, 9194 expanded, t=0.855905s, 7776 KB]
New best heuristic value for lmcount(lm_factory = lm_rhw(reasonable_orders = true), transform = adapt_costs(one), pref = false): 2
[g=18, 9196 evaluated, 9195 expanded, t=0.856004s, 7776 KB]
New best heuristic value for lmcount(lm_factory = lm_rhw(reasonable_orders = true), transform = adapt_costs(one), pref = false): 1
New best heuristic value for ff(transform = adapt_costs(one)): 1
[g=39, 9302 evaluated, 9301 expanded, t=0.866005s, 7912 KB]
Solution found!
Actual search time: 0.834647s [t=0.866064s]
program-add-a-b-0 row-0 (1001)
check-add-a-b-0-0 row-0 (0)
execute-add-a-b-0-0 row-0 (1)
program-dec-b-1 row-0 (1001)
check-dec-b-0-1 row-0 (0)
execute-dec-b-0-1 row-0 (1)
program-goto-assignment-2-0 a v3 row-0 (1001)
eval-cond-assignment-0-2 a v3 row-0 (1)
do-goto-0-2-0 row-0 (1)
check-add-a-b-0-0 row-0 (0)
execute-add-a-b-0-0 row-0 (1)
check-dec-b-0-1 row-0 (0)
execute-dec-b-0-1 row-0 (1)
eval-cond-assignment-0-2 a v3 row-0 (1)
dont-goto-0-2-0 row-0 (1)
program-end-3 row-0 (1)
check-main-end-0-3 row-0 (0)
repeat-end-main-0-3 row-0 (0)
check-add-a-b-0-0 row-0 (0)
execute-add-a-b-0-0 row-0 (1)
check-dec-b-0-1 row-0 (0)
execute-dec-b-0-1 row-0 (1)
eval-cond-assignment-0-2 a v3 row-0 (1)
do-goto-0-2-0 row-0 (1)
check-add-a-b-0-0 row-0 (0)
execute-add-a-b-0-0 row-0 (1)
check-dec-b-0-1 row-0 (0)
execute-dec-b-0-1 row-0 (1)
eval-cond-assignment-0-2 a v3 row-0 (1)
do-goto-0-2-0 row-0 (1)
store  (0)
check-add-a-b-0-0 row-0 (0)
execute-add-a-b-0-0 row-0 (1)
check-dec-b-0-1 row-0 (0)
execute-dec-b-0-1 row-0 (1)
eval-cond-assignment-0-2 a v3 row-0 (1)
do-goto-0-2-0 row-0 (1)
compare  (0)
process  (0)
skip-1  (0)
Plan length: 40 step(s).
Plan cost: 3024
Expanded 9302 state(s).
Reopened 0 state(s).
Evaluated 9303 state(s).
Evaluations: 18606
Generated 65777 state(s).
Dead ends: 0 state(s).
Number of registered states: 9303
Int hash set load factor: 9303/16384 = 0.56781
Int hash set resizes: 14
Search time: 0.834659s
Total time: 0.866067s
Solution found.
Peak memory: 7912 KB

search exit code: 0
