INFO     Running translator.
INFO     translator stdin: None
INFO     translator time limit: None
INFO     translator memory limit: None
INFO     translator command line string: /usr/bin/python /home/jsegovia/Desktop/automated-programming-framework-private/PLANNERS/fast-downward/builds/release32/bin/translate/translate.py domain.pddl ins.pddl --sas-file output.sas
Parsing...
Parsing: [0.050s CPU, 0.047s wall-clock]
Normalizing task... [0.000s CPU, 0.003s wall-clock]
Instantiating...
Generating Datalog program... [0.010s CPU, 0.002s wall-clock]
Normalizing Datalog program...
Unbound effect variables: Adding @object predicate.
Normalizing Datalog program: [0.020s CPU, 0.021s wall-clock]
Preparing model... [0.010s CPU, 0.010s wall-clock]
Generated 1075 rules.
Computing model... [0.020s CPU, 0.024s wall-clock]
2937 relevant atoms
1432 auxiliary atoms
4369 final queue length
8668 total queue pushes
Completing instantiation... [0.110s CPU, 0.111s wall-clock]
Instantiating: [0.170s CPU, 0.170s wall-clock]
Computing fact groups...
Finding invariants...
107 initial candidates
Finding invariants: [28.230s CPU, 28.222s wall-clock]
Checking invariant weight... [0.000s CPU, 0.000s wall-clock]
Instantiating groups... [0.000s CPU, 0.000s wall-clock]
Collecting mutex groups... [0.000s CPU, 0.001s wall-clock]
Choosing groups...
2142 uncovered facts
Choosing groups: [0.000s CPU, 0.001s wall-clock]
Building translation key... [0.010s CPU, 0.008s wall-clock]
Computing fact groups: [28.260s CPU, 28.253s wall-clock]
Building STRIPS to SAS dictionary... [0.000s CPU, 0.002s wall-clock]
Building dictionary for full mutex groups... [0.000s CPU, 0.002s wall-clock]
Building mutex information...
Building mutex information: [0.010s CPU, 0.002s wall-clock]
Translating task...
Processing axioms...
Simplifying axioms... [0.000s CPU, 0.001s wall-clock]
Processing axioms: [0.000s CPU, 0.006s wall-clock]
Translating task: [0.230s CPU, 0.231s wall-clock]
2800 effect conditions simplified
0 implied preconditions added
Detecting unreachable propositions...
0 operators removed
0 axioms removed
3116 propositions removed
Detecting unreachable propositions: [0.060s CPU, 0.067s wall-clock]
Reordering and filtering variables...
590 of 590 variables necessary.
30 of 36 mutex groups necessary.
358 of 358 operators necessary.
6 of 6 axiom rules necessary.
Reordering and filtering variables: [0.050s CPU, 0.046s wall-clock]
Translator variables: 590
Translator derived variables: 6
Translator facts: 1184
Translator goal facts: 1
Translator mutex groups: 30
Translator total mutex groups size: 61
Translator operators: 358
Translator axioms: 6
Translator task size: 25012
Translator peak memory: 371636 KB
Writing output... [0.020s CPU, 0.024s wall-clock]
Done! [28.850s CPU, 28.850s wall-clock]

translate exit code: 0
INFO     Running search (release32).
INFO     search stdin: output.sas
INFO     search time limit: None
INFO     search memory limit: None
INFO     search command line string: /home/jsegovia/Desktop/automated-programming-framework-private/PLANNERS/fast-downward/builds/release32/bin/downward --evaluator 'hlm=lmcount(lm_factory=lm_rhw(reasonable_orders=true),transform=adapt_costs(one),pref=false)' --evaluator 'hff=ff(transform=adapt_costs(one))' --search 'lazy_greedy([hff,hlm],preferred=[hff,hlm],cost_type=one,reopen_closed=false)' --internal-plan-file sas_plan < output.sas
reading input... [t=1.8808e-05s]
done reading input! [t=0.017131s]
Initializing landmarks count heuristic...
Initializing Exploration...
Generating landmarks using the RPG/SAS+ approach
approx. reasonable orders
approx. obedient reasonable orders
Removed 0 reasonable or obedient reasonable orders
Landmarks generation time: 0.0124356s
Discovered 13 landmarks, of which 0 are disjunctive and 0 are conjunctive 
26 edges
Simplifying 6137 unary operators... done! [5703 unary operators]
Initializing additive heuristic...
Initializing FF heuristic...
Building successor generator...done! [t=0.0359916s]
peak memory difference for successor generator creation: 0 KB
time for successor generation creation: 0.000121909s
Variables: 590
FactPairs: 1184
Bytes per state: 76
Conducting lazy best first search, (real) bound = 2147483647
7 initial landmarks, 1 goal landmarks
New best heuristic value for lmcount(lm_factory = lm_rhw(reasonable_orders = true), transform = adapt_costs(one), pref = false): 6
New best heuristic value for ff(transform = adapt_costs(one)): 10
[g=0, 1 evaluated, 0 expanded, t=0.0361955s, 6552 KB]
Initial heuristic value for lmcount(lm_factory = lm_rhw(reasonable_orders = true), transform = adapt_costs(one), pref = false): 6
Initial heuristic value for ff(transform = adapt_costs(one)): 10
New best heuristic value for ff(transform = adapt_costs(one)): 6
[g=1, 2 evaluated, 1 expanded, t=0.0363803s, 6552 KB]
New best heuristic value for lmcount(lm_factory = lm_rhw(reasonable_orders = true), transform = adapt_costs(one), pref = false): 5
New best heuristic value for ff(transform = adapt_costs(one)): 5
[g=2, 3 evaluated, 2 expanded, t=0.0365336s, 6552 KB]
New best heuristic value for ff(transform = adapt_costs(one)): 4
[g=16, 9194 evaluated, 9193 expanded, t=0.997497s, 7992 KB]
New best heuristic value for ff(transform = adapt_costs(one)): 3
[g=17, 9195 evaluated, 9194 expanded, t=0.997662s, 7992 KB]
New best heuristic value for lmcount(lm_factory = lm_rhw(reasonable_orders = true), transform = adapt_costs(one), pref = false): 4
[g=19, 9197 evaluated, 9196 expanded, t=0.997927s, 7992 KB]
New best heuristic value for ff(transform = adapt_costs(one)): 2
[g=37, 9237 evaluated, 9236 expanded, t=1.00286s, 7992 KB]
New best heuristic value for lmcount(lm_factory = lm_rhw(reasonable_orders = true), transform = adapt_costs(one), pref = false): 2
[g=38, 9238 evaluated, 9237 expanded, t=1.00298s, 7992 KB]
New best heuristic value for lmcount(lm_factory = lm_rhw(reasonable_orders = true), transform = adapt_costs(one), pref = false): 1
New best heuristic value for ff(transform = adapt_costs(one)): 1
[g=45, 9245 evaluated, 9244 expanded, t=1.00369s, 7992 KB]
Solution found!
Actual search time: 0.967696s [t=1.00375s]
program-add-a-b-0 row-0 (1001)
check-add-a-b-0-0 row-0 (0)
execute-add-a-b-0-0 row-0 (1)
program-dec-b-1 row-0 (1001)
check-dec-b-0-1 row-0 (0)
execute-dec-b-0-1 row-0 (1)
program-goto-assignment-2-0 b v0 row-0 (1001)
eval-cond-assignment-0-2 b v0 row-0 (1)
do-goto-0-2-0 row-0 (1)
check-add-a-b-0-0 row-0 (0)
execute-add-a-b-0-0 row-0 (1)
check-dec-b-0-1 row-0 (0)
execute-dec-b-0-1 row-0 (1)
eval-cond-assignment-0-2 b v0 row-0 (1)
dont-goto-0-2-0 row-0 (1)
program-end-3 row-0 (1)
check-main-end-0-3 row-0 (0)
repeat-end-main-0-3 row-0 (0)
check-add-a-b-0-0 row-0 (0)
execute-add-a-b-0-0 row-0 (1)
check-dec-b-0-1 row-0 (0)
execute-dec-b-0-1 row-0 (1)
eval-cond-assignment-0-2 b v0 row-0 (1)
do-goto-0-2-0 row-0 (1)
check-add-a-b-0-0 row-0 (0)
execute-add-a-b-0-0 row-0 (1)
check-dec-b-0-1 row-0 (0)
execute-dec-b-0-1 row-0 (1)
eval-cond-assignment-0-2 b v0 row-0 (1)
do-goto-0-2-0 row-0 (1)
check-add-a-b-0-0 row-0 (0)
execute-add-a-b-0-0 row-0 (1)
check-dec-b-0-1 row-0 (0)
execute-dec-b-0-1 row-0 (1)
eval-cond-assignment-0-2 b v0 row-0 (1)
dont-goto-0-2-0 row-0 (1)
check-main-end-1-3 row-0 (0)
repeat-end-main-1-3 row-0 (0)
check-add-a-b-0-0 row-0 (0)
execute-add-a-b-0-0 row-0 (1)
check-dec-b-0-1 row-0 (0)
execute-dec-b-0-1 row-0 (1)
eval-cond-assignment-0-2 b v0 row-0 (1)
dont-goto-0-2-0 row-0 (1)
check-main-end-2-3 row-0 (0)
skip-2  (0)
Plan length: 46 step(s).
Plan cost: 3028
Expanded 9245 state(s).
Reopened 0 state(s).
Evaluated 9246 state(s).
Evaluations: 18492
Generated 65685 state(s).
Dead ends: 0 state(s).
Number of registered states: 9246
Int hash set load factor: 9246/16384 = 0.564331
Int hash set resizes: 14
Search time: 0.967708s
Total time: 1.00375s
Solution found.
Peak memory: 7992 KB

search exit code: 0
