INFO     Running translator.
INFO     translator stdin: None
INFO     translator time limit: None
INFO     translator memory limit: None
INFO     translator command line string: /usr/bin/python /home/jsegovia/Desktop/automated-programming-framework-private/PLANNERS/fast-downward/builds/release32/bin/translate/translate.py domain.pddl ins.pddl --sas-file output.sas
Parsing...
Parsing: [0.050s CPU, 0.054s wall-clock]
Normalizing task... [0.010s CPU, 0.003s wall-clock]
Instantiating...
Generating Datalog program... [0.000s CPU, 0.003s wall-clock]
Normalizing Datalog program...
Unbound effect variables: Adding @object predicate.
Normalizing Datalog program: [0.020s CPU, 0.022s wall-clock]
Preparing model... [0.010s CPU, 0.011s wall-clock]
Generated 1199 rules.
Computing model... [0.050s CPU, 0.050s wall-clock]
6737 relevant atoms
2176 auxiliary atoms
8913 final queue length
21618 total queue pushes
Completing instantiation... [0.370s CPU, 0.366s wall-clock]
Instantiating: [0.450s CPU, 0.454s wall-clock]
Computing fact groups...
Finding invariants...
107 initial candidates
Finding invariants: [15.250s CPU, 15.250s wall-clock]
Checking invariant weight... [0.000s CPU, 0.000s wall-clock]
Instantiating groups... [0.000s CPU, 0.000s wall-clock]
Collecting mutex groups... [0.000s CPU, 0.001s wall-clock]
Choosing groups...
4778 uncovered facts
Choosing groups: [0.000s CPU, 0.001s wall-clock]
Building translation key... [0.020s CPU, 0.018s wall-clock]
Computing fact groups: [15.330s CPU, 15.323s wall-clock]
Building STRIPS to SAS dictionary... [0.000s CPU, 0.004s wall-clock]
Building dictionary for full mutex groups... [0.010s CPU, 0.004s wall-clock]
Building mutex information...
Building mutex information: [0.000s CPU, 0.005s wall-clock]
Translating task...
Processing axioms...
Simplifying axioms... [0.000s CPU, 0.002s wall-clock]
Processing axioms: [0.020s CPU, 0.020s wall-clock]
Translating task: [23.580s CPU, 23.581s wall-clock]
9283 effect conditions simplified
0 implied preconditions added
Detecting unreachable propositions...
0 operators removed
0 axioms removed
6086 propositions removed
Detecting unreachable propositions: [3.310s CPU, 3.311s wall-clock]
Reordering and filtering variables...
1741 of 1741 variables necessary.
30 of 36 mutex groups necessary.
502 of 502 operators necessary.
6 of 6 axiom rules necessary.
Reordering and filtering variables: [1.770s CPU, 1.761s wall-clock]
Translator variables: 1741
Translator derived variables: 6
Translator facts: 3486
Translator goal facts: 1
Translator mutex groups: 30
Translator total mutex groups size: 61
Translator operators: 502
Translator axioms: 6
Translator task size: 2330930
Translator peak memory: 561532 KB
Writing output... [1.530s CPU, 1.528s wall-clock]
Done! [46.080s CPU, 46.069s wall-clock]

translate exit code: 0
INFO     Running search (release32).
INFO     search stdin: output.sas
INFO     search time limit: None
INFO     search memory limit: None
INFO     search command line string: /home/jsegovia/Desktop/automated-programming-framework-private/PLANNERS/fast-downward/builds/release32/bin/downward --evaluator 'hlm=lmcount(lm_factory=lm_rhw(reasonable_orders=true),transform=adapt_costs(one),pref=false)' --evaluator 'hff=ff(transform=adapt_costs(one))' --search 'lazy_greedy([hff,hlm],preferred=[hff,hlm],cost_type=one,reopen_closed=false)' --internal-plan-file sas_plan < output.sas
reading input... [t=1.8933e-05s]
done reading input! [t=1.07333s]
Initializing landmarks count heuristic...
Initializing Exploration...
Generating landmarks using the RPG/SAS+ approach
approx. reasonable orders
approx. obedient reasonable orders
Removed 0 reasonable or obedient reasonable orders
Landmarks generation time: 0.618044s
Discovered 13 landmarks, of which 0 are disjunctive and 0 are conjunctive 
26 edges
Simplifying 190468 unary operators... done! [189794 unary operators]
Initializing additive heuristic...
Initializing FF heuristic...
Building successor generator...done! [t=1.96053s]
peak memory difference for successor generator creation: 0 KB
time for successor generation creation: 0.000191576s
Variables: 1741
FactPairs: 3486
Bytes per state: 220
Conducting lazy best first search, (real) bound = 2147483647
7 initial landmarks, 1 goal landmarks
New best heuristic value for lmcount(lm_factory = lm_rhw(reasonable_orders = true), transform = adapt_costs(one), pref = false): 6
New best heuristic value for ff(transform = adapt_costs(one)): 10
[g=0, 1 evaluated, 0 expanded, t=1.96908s, 88940 KB]
Initial heuristic value for lmcount(lm_factory = lm_rhw(reasonable_orders = true), transform = adapt_costs(one), pref = false): 6
Initial heuristic value for ff(transform = adapt_costs(one)): 10
New best heuristic value for ff(transform = adapt_costs(one)): 6
[g=1, 2 evaluated, 1 expanded, t=1.97744s, 88940 KB]
New best heuristic value for lmcount(lm_factory = lm_rhw(reasonable_orders = true), transform = adapt_costs(one), pref = false): 5
New best heuristic value for ff(transform = adapt_costs(one)): 5
[g=2, 3 evaluated, 2 expanded, t=1.98579s, 88940 KB]
New best heuristic value for ff(transform = adapt_costs(one)): 4
[g=16, 17982 evaluated, 17981 expanded, t=126.979s, 88940 KB]
New best heuristic value for ff(transform = adapt_costs(one)): 3
[g=17, 17983 evaluated, 17982 expanded, t=126.987s, 88940 KB]
New best heuristic value for lmcount(lm_factory = lm_rhw(reasonable_orders = true), transform = adapt_costs(one), pref = false): 4
[g=19, 18759 evaluated, 18758 expanded, t=133.48s, 88940 KB]
New best heuristic value for ff(transform = adapt_costs(one)): 2
[g=25, 18765 evaluated, 18764 expanded, t=133.53s, 88940 KB]
New best heuristic value for lmcount(lm_factory = lm_rhw(reasonable_orders = true), transform = adapt_costs(one), pref = false): 2
[g=26, 18766 evaluated, 18765 expanded, t=133.535s, 88940 KB]
New best heuristic value for lmcount(lm_factory = lm_rhw(reasonable_orders = true), transform = adapt_costs(one), pref = false): 1
New best heuristic value for ff(transform = adapt_costs(one)): 1
[g=33, 18773 evaluated, 18772 expanded, t=133.579s, 88940 KB]
Solution found!
Actual search time: 131.619s [t=133.58s]
program-add-a-b-0 row-0 (1001)
check-add-a-b-0-0 row-0 (0)
execute-add-a-b-0-0 row-0 (1)
program-dec-b-1 row-0 (1001)
check-dec-b-0-1 row-0 (0)
execute-dec-b-0-1 row-0 (1)
program-goto-assignment-2-0 b v0 row-0 (1001)
eval-cond-assignment-0-2 b v0 row-0 (1)
do-goto-0-2-0 row-0 (1)
check-add-a-b-0-0 row-0 (0)
execute-add-a-b-0-0 row-0 (1)
check-dec-b-0-1 row-0 (0)
execute-dec-b-0-1 row-0 (1)
eval-cond-assignment-0-2 b v0 row-0 (1)
dont-goto-0-2-0 row-0 (1)
program-end-3 row-0 (1)
check-main-end-0-3 row-0 (0)
repeat-end-main-0-3 row-0 (0)
check-add-a-b-0-0 row-0 (0)
execute-add-a-b-0-0 row-0 (1)
check-dec-b-0-1 row-0 (0)
execute-dec-b-0-1 row-0 (1)
eval-cond-assignment-0-2 b v0 row-0 (1)
dont-goto-0-2-0 row-0 (1)
check-main-end-1-3 row-0 (0)
repeat-end-main-1-3 row-0 (0)
check-add-a-b-0-0 row-0 (0)
execute-add-a-b-0-0 row-0 (1)
check-dec-b-0-1 row-0 (0)
execute-dec-b-0-1 row-0 (1)
eval-cond-assignment-0-2 b v0 row-0 (1)
dont-goto-0-2-0 row-0 (1)
check-main-end-2-3 row-0 (0)
skip-2  (0)
Plan length: 34 step(s).
Plan cost: 3020
Expanded 18773 state(s).
Reopened 0 state(s).
Evaluated 18774 state(s).
Evaluations: 37548
Generated 210485 state(s).
Dead ends: 0 state(s).
Number of registered states: 18774
Int hash set load factor: 18774/32768 = 0.572937
Int hash set resizes: 15
Search time: 131.619s
Total time: 133.58s
Solution found.
Peak memory: 88940 KB

search exit code: 0
