INFO     Running translator.
INFO     translator stdin: None
INFO     translator time limit: None
INFO     translator memory limit: None
INFO     translator command line string: /usr/bin/python /home/jsegovia/Desktop/automated-programming-framework-private/PLANNERS/fast-downward/builds/release32/bin/translate/translate.py domain.pddl ins.pddl --sas-file output.sas
Parsing...
Parsing: [0.050s CPU, 0.048s wall-clock]
Normalizing task... [0.000s CPU, 0.003s wall-clock]
Instantiating...
Generating Datalog program... [0.000s CPU, 0.002s wall-clock]
Normalizing Datalog program...
Unbound effect variables: Adding @object predicate.
Normalizing Datalog program: [0.020s CPU, 0.022s wall-clock]
Preparing model... [0.020s CPU, 0.011s wall-clock]
Generated 1053 rules.
Computing model... [0.020s CPU, 0.024s wall-clock]
2942 relevant atoms
1453 auxiliary atoms
4395 final queue length
8652 total queue pushes
Completing instantiation... [0.120s CPU, 0.115s wall-clock]
Instantiating: [0.180s CPU, 0.175s wall-clock]
Computing fact groups...
Finding invariants...
108 initial candidates
Finding invariants: [16.060s CPU, 16.058s wall-clock]
Checking invariant weight... [0.000s CPU, 0.000s wall-clock]
Instantiating groups... [0.000s CPU, 0.000s wall-clock]
Collecting mutex groups... [0.000s CPU, 0.001s wall-clock]
Choosing groups...
2142 uncovered facts
Choosing groups: [0.000s CPU, 0.001s wall-clock]
Building translation key... [0.010s CPU, 0.008s wall-clock]
Computing fact groups: [16.090s CPU, 16.089s wall-clock]
Building STRIPS to SAS dictionary... [0.000s CPU, 0.002s wall-clock]
Building dictionary for full mutex groups... [0.000s CPU, 0.002s wall-clock]
Building mutex information...
Building mutex information: [0.010s CPU, 0.002s wall-clock]
Translating task...
Processing axioms...
Simplifying axioms... [0.000s CPU, 0.001s wall-clock]
Processing axioms: [0.000s CPU, 0.007s wall-clock]
Translating task: [0.250s CPU, 0.257s wall-clock]
4238 effect conditions simplified
0 implied preconditions added
Detecting unreachable propositions...
0 operators removed
0 axioms removed
3102 propositions removed
Detecting unreachable propositions: [0.070s CPU, 0.070s wall-clock]
Reordering and filtering variables...
597 of 597 variables necessary.
29 of 36 mutex groups necessary.
364 of 364 operators necessary.
6 of 6 axiom rules necessary.
Reordering and filtering variables: [0.050s CPU, 0.051s wall-clock]
Translator variables: 597
Translator derived variables: 6
Translator facts: 1199
Translator goal facts: 1
Translator mutex groups: 29
Translator total mutex groups size: 58
Translator operators: 364
Translator axioms: 6
Translator task size: 30058
Translator peak memory: 347932 KB
Writing output... [0.030s CPU, 0.027s wall-clock]
Done! [16.740s CPU, 16.731s wall-clock]

translate exit code: 0
INFO     Running search (release32).
INFO     search stdin: output.sas
INFO     search time limit: None
INFO     search memory limit: None
INFO     search command line string: /home/jsegovia/Desktop/automated-programming-framework-private/PLANNERS/fast-downward/builds/release32/bin/downward --evaluator 'hlm=lmcount(lm_factory=lm_rhw(reasonable_orders=true),transform=adapt_costs(one),pref=false)' --evaluator 'hff=ff(transform=adapt_costs(one))' --search 'lazy_greedy([hff,hlm],preferred=[hff,hlm],cost_type=one,reopen_closed=false)' --internal-plan-file sas_plan < output.sas
reading input... [t=1.8401e-05s]
done reading input! [t=0.0185323s]
Initializing landmarks count heuristic...
Initializing Exploration...
Generating landmarks using the RPG/SAS+ approach
approx. reasonable orders
approx. obedient reasonable orders
Removed 0 reasonable or obedient reasonable orders
Landmarks generation time: 0.0184326s
Discovered 14 landmarks, of which 0 are disjunctive and 0 are conjunctive 
34 edges
Simplifying 8055 unary operators... done! [7621 unary operators]
Initializing additive heuristic...
Initializing FF heuristic...
Building successor generator...done! [t=0.0468479s]
peak memory difference for successor generator creation: 0 KB
time for successor generation creation: 0.000125918s
Variables: 597
FactPairs: 1199
Bytes per state: 76
Conducting lazy best first search, (real) bound = 2147483647
7 initial landmarks, 1 goal landmarks
New best heuristic value for lmcount(lm_factory = lm_rhw(reasonable_orders = true), transform = adapt_costs(one), pref = false): 7
New best heuristic value for ff(transform = adapt_costs(one)): 11
[g=0, 1 evaluated, 0 expanded, t=0.0470857s, 6792 KB]
Initial heuristic value for lmcount(lm_factory = lm_rhw(reasonable_orders = true), transform = adapt_costs(one), pref = false): 7
Initial heuristic value for ff(transform = adapt_costs(one)): 11
New best heuristic value for ff(transform = adapt_costs(one)): 7
[g=1, 2 evaluated, 1 expanded, t=0.0473342s, 6792 KB]
New best heuristic value for lmcount(lm_factory = lm_rhw(reasonable_orders = true), transform = adapt_costs(one), pref = false): 6
New best heuristic value for ff(transform = adapt_costs(one)): 6
[g=2, 3 evaluated, 2 expanded, t=0.0475741s, 6792 KB]
New best heuristic value for ff(transform = adapt_costs(one)): 5
[g=22, 3978 evaluated, 3977 expanded, t=0.651069s, 6792 KB]
New best heuristic value for ff(transform = adapt_costs(one)): 4
[g=23, 3979 evaluated, 3978 expanded, t=0.651286s, 6792 KB]
New best heuristic value for lmcount(lm_factory = lm_rhw(reasonable_orders = true), transform = adapt_costs(one), pref = false): 5
[g=25, 3999 evaluated, 3998 expanded, t=0.654962s, 6792 KB]
New best heuristic value for ff(transform = adapt_costs(one)): 3
[g=31, 4005 evaluated, 4004 expanded, t=0.656026s, 6792 KB]
New best heuristic value for lmcount(lm_factory = lm_rhw(reasonable_orders = true), transform = adapt_costs(one), pref = false): 3
[g=32, 4006 evaluated, 4005 expanded, t=0.656185s, 6792 KB]
New best heuristic value for lmcount(lm_factory = lm_rhw(reasonable_orders = true), transform = adapt_costs(one), pref = false): 2
New best heuristic value for ff(transform = adapt_costs(one)): 2
[g=39, 4013 evaluated, 4012 expanded, t=0.657315s, 6792 KB]
New best heuristic value for lmcount(lm_factory = lm_rhw(reasonable_orders = true), transform = adapt_costs(one), pref = false): 1
New best heuristic value for ff(transform = adapt_costs(one)): 1
[g=53, 4027 evaluated, 4026 expanded, t=0.65928s, 6792 KB]
Solution found!
Actual search time: 0.612429s [t=0.659342s]
program-add-a-b-0 row-0 (1001)
check-add-a-b-0-0 row-0 (0)
execute-add-a-b-0-0 row-0 (1)
program-dec-b-1 row-0 (1001)
check-dec-b-0-1 row-0 (0)
execute-dec-b-0-1 row-0 (1)
program-goto-assignment-2-0 b v0 row-0 (1001)
eval-cond-assignment-0-2 b v0 row-0 (1)
do-goto-0-2-0 row-0 (1)
check-add-a-b-0-0 row-0 (0)
execute-add-a-b-0-0 row-0 (1)
check-dec-b-0-1 row-0 (0)
execute-dec-b-0-1 row-0 (1)
eval-cond-assignment-0-2 b v0 row-0 (1)
do-goto-0-2-0 row-0 (1)
check-add-a-b-0-0 row-0 (0)
execute-add-a-b-0-0 row-0 (1)
check-dec-b-0-1 row-0 (0)
execute-dec-b-0-1 row-0 (1)
eval-cond-assignment-0-2 b v0 row-0 (1)
dont-goto-0-2-0 row-0 (1)
program-end-3 row-0 (1)
check-main-end-0-3 row-0 (0)
repeat-end-main-0-3 row-0 (0)
check-add-a-b-0-0 row-0 (0)
execute-add-a-b-0-0 row-0 (1)
check-dec-b-0-1 row-0 (0)
execute-dec-b-0-1 row-0 (1)
eval-cond-assignment-0-2 b v0 row-0 (1)
dont-goto-0-2-0 row-0 (1)
check-main-end-1-3 row-0 (0)
repeat-end-main-1-3 row-0 (0)
check-add-a-b-0-0 row-0 (0)
execute-add-a-b-0-0 row-0 (1)
check-dec-b-0-1 row-0 (0)
execute-dec-b-0-1 row-0 (1)
eval-cond-assignment-0-2 b v0 row-0 (1)
dont-goto-0-2-0 row-0 (1)
check-main-end-2-3 row-0 (0)
skip-2  (0)
check-add-a-b-0-0 row-0 (0)
execute-add-a-b-0-0 row-0 (1)
check-dec-b-0-1 row-0 (0)
execute-dec-b-0-1 row-0 (1)
eval-cond-assignment-0-2 b v0 row-0 (1)
do-goto-0-2-0 row-0 (1)
check-add-a-b-0-0 row-0 (0)
execute-add-a-b-0-0 row-0 (1)
check-dec-b-0-1 row-0 (0)
execute-dec-b-0-1 row-0 (1)
eval-cond-assignment-0-2 b v0 row-0 (1)
dont-goto-0-2-0 row-0 (1)
check-main-end-3-3 row-0 (0)
skip-3  (0)
Plan length: 54 step(s).
Plan cost: 3032
Expanded 4027 state(s).
Reopened 0 state(s).
Evaluated 4028 state(s).
Evaluations: 8056
Generated 17086 state(s).
Dead ends: 0 state(s).
Number of registered states: 4028
Int hash set load factor: 4028/8192 = 0.491699
Int hash set resizes: 13
Search time: 0.612441s
Total time: 0.659344s
Solution found.
Peak memory: 6792 KB

search exit code: 0
