INFO     Running translator.
INFO     translator stdin: None
INFO     translator time limit: None
INFO     translator memory limit: None
INFO     translator command line string: /usr/bin/python /home/jsegovia/Desktop/automated-programming-framework-private/PLANNERS/fast-downward/builds/release32/bin/translate/translate.py domain.pddl ins.pddl --sas-file output.sas
Parsing...
Parsing: [0.030s CPU, 0.031s wall-clock]
Normalizing task... [0.010s CPU, 0.002s wall-clock]
Instantiating...
Generating Datalog program... [0.000s CPU, 0.002s wall-clock]
Normalizing Datalog program...
Normalizing Datalog program: [0.020s CPU, 0.018s wall-clock]
Preparing model... [0.010s CPU, 0.009s wall-clock]
Generated 834 rules.
Computing model... [0.010s CPU, 0.010s wall-clock]
388 relevant atoms
789 auxiliary atoms
1177 final queue length
2357 total queue pushes
Completing instantiation... [0.010s CPU, 0.017s wall-clock]
Instantiating: [0.050s CPU, 0.057s wall-clock]
Computing fact groups...
Finding invariants...
74 initial candidates
Finding invariants: [0.090s CPU, 0.084s wall-clock]
Checking invariant weight... [0.000s CPU, 0.000s wall-clock]
Instantiating groups... [0.000s CPU, 0.000s wall-clock]
Collecting mutex groups... [0.000s CPU, 0.000s wall-clock]
Choosing groups...
108 uncovered facts
Choosing groups: [0.000s CPU, 0.000s wall-clock]
Building translation key... [0.000s CPU, 0.000s wall-clock]
Computing fact groups: [0.090s CPU, 0.086s wall-clock]
Building STRIPS to SAS dictionary... [0.000s CPU, 0.000s wall-clock]
Building dictionary for full mutex groups... [0.000s CPU, 0.000s wall-clock]
Building mutex information...
Building mutex information: [0.000s CPU, 0.000s wall-clock]
Translating task...
Processing axioms...
Simplifying axioms... [0.000s CPU, 0.000s wall-clock]
Processing axioms: [0.000s CPU, 0.001s wall-clock]
Translating task: [0.020s CPU, 0.018s wall-clock]
144 effect conditions simplified
0 implied preconditions added
Detecting unreachable propositions...
0 operators removed
0 axioms removed
26 propositions removed
Detecting unreachable propositions: [0.000s CPU, 0.006s wall-clock]
Reordering and filtering variables...
100 of 101 variables necessary.
30 of 35 mutex groups necessary.
241 of 241 operators necessary.
0 of 0 axiom rules necessary.
Reordering and filtering variables: [0.010s CPU, 0.004s wall-clock]
Translator variables: 100
Translator derived variables: 0
Translator facts: 203
Translator goal facts: 1
Translator mutex groups: 30
Translator total mutex groups size: 60
Translator operators: 241
Translator axioms: 0
Translator task size: 2259
Translator peak memory: 42576 KB
Writing output... [0.000s CPU, 0.003s wall-clock]
Done! [0.210s CPU, 0.208s wall-clock]

translate exit code: 0
INFO     Running search (release32).
INFO     search stdin: output.sas
INFO     search time limit: None
INFO     search memory limit: None
INFO     search command line string: /home/jsegovia/Desktop/automated-programming-framework-private/PLANNERS/fast-downward/builds/release32/bin/downward --evaluator 'hlm=lmcount(lm_factory=lm_rhw(reasonable_orders=true),transform=adapt_costs(one),pref=false)' --evaluator 'hff=ff(transform=adapt_costs(one))' --search 'lazy_greedy([hff,hlm],preferred=[hff,hlm],cost_type=one,reopen_closed=false)' --internal-plan-file sas_plan < output.sas
reading input... [t=2.1726e-05s]
done reading input! [t=0.00223806s]
Initializing landmarks count heuristic...
Initializing Exploration...
Generating landmarks using the RPG/SAS+ approach
approx. reasonable orders
approx. obedient reasonable orders
Removed 0 reasonable or obedient reasonable orders
Landmarks generation time: 0.0014603s
Discovered 10 landmarks, of which 0 are disjunctive and 0 are conjunctive 
16 edges
Simplifying 777 unary operators... done! [523 unary operators]
Initializing additive heuristic...
Initializing FF heuristic...
Building successor generator...done! [t=0.00523315s]
peak memory difference for successor generator creation: 0 KB
time for successor generation creation: 8.4464e-05s
Variables: 100
FactPairs: 203
Bytes per state: 16
Conducting lazy best first search, (real) bound = 2147483647
5 initial landmarks, 1 goal landmarks
New best heuristic value for lmcount(lm_factory = lm_rhw(reasonable_orders = true), transform = adapt_costs(one), pref = false): 5
New best heuristic value for ff(transform = adapt_costs(one)): 9
[g=0, 1 evaluated, 0 expanded, t=0.00532467s, 4652 KB]
Initial heuristic value for lmcount(lm_factory = lm_rhw(reasonable_orders = true), transform = adapt_costs(one), pref = false): 5
Initial heuristic value for ff(transform = adapt_costs(one)): 9
New best heuristic value for ff(transform = adapt_costs(one)): 5
[g=1, 2 evaluated, 1 expanded, t=0.0053868s, 4652 KB]
New best heuristic value for lmcount(lm_factory = lm_rhw(reasonable_orders = true), transform = adapt_costs(one), pref = false): 4
New best heuristic value for ff(transform = adapt_costs(one)): 4
[g=2, 3 evaluated, 2 expanded, t=0.00542696s, 4652 KB]
New best heuristic value for ff(transform = adapt_costs(one)): 3
[g=16, 5896 evaluated, 2763 expanded, t=0.0744735s, 5188 KB]
New best heuristic value for ff(transform = adapt_costs(one)): 2
[g=17, 5897 evaluated, 2764 expanded, t=0.0745509s, 5188 KB]
New best heuristic value for lmcount(lm_factory = lm_rhw(reasonable_orders = true), transform = adapt_costs(one), pref = false): 2
[g=18, 5898 evaluated, 2765 expanded, t=0.0745993s, 5188 KB]
New best heuristic value for lmcount(lm_factory = lm_rhw(reasonable_orders = true), transform = adapt_costs(one), pref = false): 1
New best heuristic value for ff(transform = adapt_costs(one)): 1
[g=25, 5905 evaluated, 2772 expanded, t=0.0747341s, 5188 KB]
Solution found!
Actual search time: 0.0694704s [t=0.0747647s]
program-add-a-b-0 row-0 (1001)
check-add-a-b-0-0 row-0 (0)
execute-add-a-b-0-0 row-0 (1)
program-dec-b-1 row-0 (1001)
check-dec-b-0-1 row-0 (0)
execute-dec-b-0-1 row-0 (1)
program-goto-assignment-2-0 a v3 row-0 (1001)
eval-cond-assignment-0-2 a v3 row-0 (1)
do-goto-0-2-0 row-0 (1)
check-add-a-b-0-0 row-0 (0)
execute-add-a-b-0-0 row-0 (1)
check-dec-b-0-1 row-0 (0)
execute-dec-b-0-1 row-0 (1)
eval-cond-assignment-0-2 a v3 row-0 (1)
dont-goto-0-2-0 row-0 (1)
program-end-3 row-0 (1)
check-main-end-0-3 row-0 (0)
repeat-end-main-0-3 row-0 (0)
check-add-a-b-0-0 row-0 (0)
execute-add-a-b-0-0 row-0 (1)
check-dec-b-0-1 row-0 (0)
execute-dec-b-0-1 row-0 (1)
eval-cond-assignment-0-2 a v3 row-0 (1)
dont-goto-0-2-0 row-0 (1)
check-main-end-1-3 row-0 (0)
skip-1  (0)
Plan length: 26 step(s).
Plan cost: 3016
Expanded 2773 state(s).
Reopened 0 state(s).
Evaluated 5906 state(s).
Evaluations: 8680
Generated 18189 state(s).
Dead ends: 3132 state(s).
Number of registered states: 5906
Int hash set load factor: 5906/8192 = 0.720947
Int hash set resizes: 13
Search time: 0.0694872s
Total time: 0.0747671s
Solution found.
Peak memory: 5188 KB

search exit code: 0
