INFO     Running translator.
INFO     translator stdin: None
INFO     translator time limit: None
INFO     translator memory limit: None
INFO     translator command line string: /usr/bin/python /home/jsegovia/Desktop/automated-programming-framework-private/PLANNERS/fast-downward/builds/release32/bin/translate/translate.py domain.pddl ins.pddl --sas-file output.sas
Parsing...
Parsing: [0.050s CPU, 0.048s wall-clock]
Normalizing task... [0.010s CPU, 0.003s wall-clock]
Instantiating...
Generating Datalog program... [0.000s CPU, 0.003s wall-clock]
Normalizing Datalog program...
Unbound effect variables: Adding @object predicate.
Normalizing Datalog program: [0.020s CPU, 0.021s wall-clock]
Preparing model... [0.010s CPU, 0.010s wall-clock]
Generated 1120 rules.
Computing model... [0.050s CPU, 0.049s wall-clock]
6729 relevant atoms
2152 auxiliary atoms
8881 final queue length
21551 total queue pushes
Completing instantiation... [0.270s CPU, 0.269s wall-clock]
Instantiating: [0.350s CPU, 0.354s wall-clock]
Computing fact groups...
Finding invariants...
106 initial candidates
Finding invariants: [17.140s CPU, 17.137s wall-clock]
Checking invariant weight... [0.000s CPU, 0.000s wall-clock]
Instantiating groups... [0.000s CPU, 0.000s wall-clock]
Collecting mutex groups... [0.010s CPU, 0.017s wall-clock]
Choosing groups...
4778 uncovered facts
Choosing groups: [0.000s CPU, 0.001s wall-clock]
Building translation key... [0.010s CPU, 0.018s wall-clock]
Computing fact groups: [17.220s CPU, 17.225s wall-clock]
Building STRIPS to SAS dictionary... [0.010s CPU, 0.004s wall-clock]
Building dictionary for full mutex groups... [0.000s CPU, 0.004s wall-clock]
Building mutex information...
Building mutex information: [0.010s CPU, 0.005s wall-clock]
Translating task...
Processing axioms...
Simplifying axioms... [0.000s CPU, 0.002s wall-clock]
Processing axioms: [0.010s CPU, 0.016s wall-clock]
Translating task: [23.290s CPU, 23.289s wall-clock]
4606 effect conditions simplified
0 implied preconditions added
Detecting unreachable propositions...
0 operators removed
0 axioms removed
6100 propositions removed
Detecting unreachable propositions: [3.360s CPU, 3.364s wall-clock]
Reordering and filtering variables...
1734 of 1734 variables necessary.
30 of 35 mutex groups necessary.
496 of 496 operators necessary.
6 of 6 axiom rules necessary.
Reordering and filtering variables: [1.870s CPU, 1.866s wall-clock]
Translator variables: 1734
Translator derived variables: 6
Translator facts: 3471
Translator goal facts: 1
Translator mutex groups: 30
Translator total mutex groups size: 60
Translator operators: 496
Translator axioms: 6
Translator task size: 2317021
Translator peak memory: 559492 KB
Writing output... [1.520s CPU, 1.514s wall-clock]
Done! [47.720s CPU, 47.715s wall-clock]

translate exit code: 0
INFO     Running search (release32).
INFO     search stdin: output.sas
INFO     search time limit: None
INFO     search memory limit: None
INFO     search command line string: /home/jsegovia/Desktop/automated-programming-framework-private/PLANNERS/fast-downward/builds/release32/bin/downward --evaluator 'hlm=lmcount(lm_factory=lm_rhw(reasonable_orders=true),transform=adapt_costs(one),pref=false)' --evaluator 'hff=ff(transform=adapt_costs(one))' --search 'lazy_greedy([hff,hlm],preferred=[hff,hlm],cost_type=one,reopen_closed=false)' --internal-plan-file sas_plan < output.sas
reading input... [t=1.9958e-05s]
done reading input! [t=1.0631s]
Initializing landmarks count heuristic...
Initializing Exploration...
Generating landmarks using the RPG/SAS+ approach
approx. reasonable orders
approx. obedient reasonable orders
Removed 0 reasonable or obedient reasonable orders
Landmarks generation time: 0.579683s
Discovered 12 landmarks, of which 0 are disjunctive and 0 are conjunctive 
20 edges
Simplifying 184569 unary operators... done! [183895 unary operators]
Initializing additive heuristic...
Initializing FF heuristic...
Building successor generator...done! [t=1.91382s]
peak memory difference for successor generator creation: 0 KB
time for successor generation creation: 0.000179455s
Variables: 1734
FactPairs: 3471
Bytes per state: 220
Conducting lazy best first search, (real) bound = 2147483647
7 initial landmarks, 1 goal landmarks
New best heuristic value for lmcount(lm_factory = lm_rhw(reasonable_orders = true), transform = adapt_costs(one), pref = false): 5
New best heuristic value for ff(transform = adapt_costs(one)): 9
[g=0, 1 evaluated, 0 expanded, t=1.9222s, 88272 KB]
Initial heuristic value for lmcount(lm_factory = lm_rhw(reasonable_orders = true), transform = adapt_costs(one), pref = false): 5
Initial heuristic value for ff(transform = adapt_costs(one)): 9
New best heuristic value for ff(transform = adapt_costs(one)): 5
[g=1, 2 evaluated, 1 expanded, t=1.93008s, 88272 KB]
New best heuristic value for lmcount(lm_factory = lm_rhw(reasonable_orders = true), transform = adapt_costs(one), pref = false): 4
New best heuristic value for ff(transform = adapt_costs(one)): 4
[g=2, 3 evaluated, 2 expanded, t=1.93797s, 88272 KB]
New best heuristic value for ff(transform = adapt_costs(one)): 3
[g=16, 17982 evaluated, 17981 expanded, t=120.156s, 88272 KB]
New best heuristic value for ff(transform = adapt_costs(one)): 2
[g=17, 17983 evaluated, 17982 expanded, t=120.163s, 88272 KB]
New best heuristic value for lmcount(lm_factory = lm_rhw(reasonable_orders = true), transform = adapt_costs(one), pref = false): 2
[g=18, 17984 evaluated, 17983 expanded, t=120.168s, 88272 KB]
New best heuristic value for lmcount(lm_factory = lm_rhw(reasonable_orders = true), transform = adapt_costs(one), pref = false): 1
New best heuristic value for ff(transform = adapt_costs(one)): 1
[g=25, 18772 evaluated, 18771 expanded, t=126.215s, 88272 KB]
Solution found!
Actual search time: 124.302s [t=126.216s]
program-add-a-b-0 row-0 (1001)
check-add-a-b-0-0 row-0 (0)
execute-add-a-b-0-0 row-0 (1)
program-dec-b-1 row-0 (1001)
check-dec-b-0-1 row-0 (0)
execute-dec-b-0-1 row-0 (1)
program-goto-assignment-2-0 b v0 row-0 (1001)
eval-cond-assignment-0-2 b v0 row-0 (1)
do-goto-0-2-0 row-0 (1)
check-add-a-b-0-0 row-0 (0)
execute-add-a-b-0-0 row-0 (1)
check-dec-b-0-1 row-0 (0)
execute-dec-b-0-1 row-0 (1)
eval-cond-assignment-0-2 b v0 row-0 (1)
dont-goto-0-2-0 row-0 (1)
program-end-3 row-0 (1)
check-main-end-0-3 row-0 (0)
repeat-end-main-0-3 row-0 (0)
check-add-a-b-0-0 row-0 (0)
execute-add-a-b-0-0 row-0 (1)
check-dec-b-0-1 row-0 (0)
execute-dec-b-0-1 row-0 (1)
eval-cond-assignment-0-2 b v0 row-0 (1)
dont-goto-0-2-0 row-0 (1)
check-main-end-1-3 row-0 (0)
skip-1  (0)
Plan length: 26 step(s).
Plan cost: 3016
Expanded 18772 state(s).
Reopened 0 state(s).
Evaluated 18773 state(s).
Evaluations: 37546
Generated 210488 state(s).
Dead ends: 0 state(s).
Number of registered states: 18773
Int hash set load factor: 18773/32768 = 0.572906
Int hash set resizes: 15
Search time: 124.302s
Total time: 126.216s
Solution found.
Peak memory: 88272 KB

search exit code: 0
