INFO     Running translator.
INFO     translator stdin: None
INFO     translator time limit: None
INFO     translator memory limit: None
INFO     translator command line string: /usr/bin/python /home/jsegovia/Desktop/automated-programming-framework-private/PLANNERS/fast-downward/builds/release32/bin/translate/translate.py domain.pddl ins.pddl --sas-file output.sas
Parsing...
Parsing: [0.080s CPU, 0.072s wall-clock]
Normalizing task... [0.000s CPU, 0.005s wall-clock]
Instantiating...
Generating Datalog program... [0.010s CPU, 0.004s wall-clock]
Normalizing Datalog program...
Unbound effect variables: Adding @object predicate.
Normalizing Datalog program: [0.020s CPU, 0.026s wall-clock]
Preparing model... [0.010s CPU, 0.013s wall-clock]
Generated 1485 rules.
Computing model... [0.070s CPU, 0.058s wall-clock]
6753 relevant atoms
2224 auxiliary atoms
8977 final queue length
21880 total queue pushes
Completing instantiation... [0.530s CPU, 0.537s wall-clock]
Instantiating: [0.640s CPU, 0.641s wall-clock]
Computing fact groups...
Finding invariants...
109 initial candidates
Finding invariants: [18.000s CPU, 18.000s wall-clock]
Checking invariant weight... [0.000s CPU, 0.000s wall-clock]
Instantiating groups... [0.000s CPU, 0.000s wall-clock]
Collecting mutex groups... [0.010s CPU, 0.001s wall-clock]
Choosing groups...
4778 uncovered facts
Choosing groups: [0.000s CPU, 0.001s wall-clock]
Building translation key... [0.020s CPU, 0.017s wall-clock]
Computing fact groups: [18.100s CPU, 18.102s wall-clock]
Building STRIPS to SAS dictionary... [0.010s CPU, 0.004s wall-clock]
Building dictionary for full mutex groups... [0.000s CPU, 0.004s wall-clock]
Building mutex information...
Building mutex information: [0.000s CPU, 0.005s wall-clock]
Translating task...
Processing axioms...
Simplifying axioms... [0.000s CPU, 0.002s wall-clock]
Processing axioms: [0.030s CPU, 0.025s wall-clock]
Translating task: [23.360s CPU, 23.352s wall-clock]
18541 effect conditions simplified
0 implied preconditions added
Detecting unreachable propositions...
0 operators removed
0 axioms removed
6086 propositions removed
Detecting unreachable propositions: [3.370s CPU, 3.371s wall-clock]
Reordering and filtering variables...
1741 of 1741 variables necessary.
30 of 38 mutex groups necessary.
514 of 514 operators necessary.
6 of 6 axiom rules necessary.
Reordering and filtering variables: [1.780s CPU, 1.786s wall-clock]
Translator variables: 1741
Translator derived variables: 6
Translator facts: 3488
Translator goal facts: 1
Translator mutex groups: 30
Translator total mutex groups size: 63
Translator operators: 514
Translator axioms: 6
Translator task size: 2340414
Translator peak memory: 571364 KB
Writing output... [1.560s CPU, 1.555s wall-clock]
Done! [48.950s CPU, 48.943s wall-clock]

translate exit code: 0
INFO     Running search (release32).
INFO     search stdin: output.sas
INFO     search time limit: None
INFO     search memory limit: None
INFO     search command line string: /home/jsegovia/Desktop/automated-programming-framework-private/PLANNERS/fast-downward/builds/release32/bin/downward --evaluator 'hlm=lmcount(lm_factory=lm_rhw(reasonable_orders=true),transform=adapt_costs(one),pref=false)' --evaluator 'hff=ff(transform=adapt_costs(one))' --search 'lazy_greedy([hff,hlm],preferred=[hff,hlm],cost_type=one,reopen_closed=false)' --internal-plan-file sas_plan < output.sas
reading input... [t=1.9401e-05s]
done reading input! [t=1.09597s]
Initializing landmarks count heuristic...
Initializing Exploration...
Generating landmarks using the RPG/SAS+ approach
approx. reasonable orders
approx. obedient reasonable orders
Removed 0 reasonable or obedient reasonable orders
Landmarks generation time: 0.706579s
Discovered 15 landmarks, of which 0 are disjunctive and 0 are conjunctive 
43 edges
Simplifying 199858 unary operators... done! [199184 unary operators]
Initializing additive heuristic...
Initializing FF heuristic...
Building successor generator...done! [t=2.08767s]
peak memory difference for successor generator creation: 0 KB
time for successor generation creation: 0.000191078s
Variables: 1741
FactPairs: 3488
Bytes per state: 220
Conducting lazy best first search, (real) bound = 2147483647
7 initial landmarks, 1 goal landmarks
New best heuristic value for lmcount(lm_factory = lm_rhw(reasonable_orders = true), transform = adapt_costs(one), pref = false): 8
New best heuristic value for ff(transform = adapt_costs(one)): 12
[g=0, 1 evaluated, 0 expanded, t=2.0968s, 90068 KB]
Initial heuristic value for lmcount(lm_factory = lm_rhw(reasonable_orders = true), transform = adapt_costs(one), pref = false): 8
Initial heuristic value for ff(transform = adapt_costs(one)): 12
New best heuristic value for ff(transform = adapt_costs(one)): 8
[g=1, 2 evaluated, 1 expanded, t=2.10573s, 90068 KB]
New best heuristic value for lmcount(lm_factory = lm_rhw(reasonable_orders = true), transform = adapt_costs(one), pref = false): 7
New best heuristic value for ff(transform = adapt_costs(one)): 7
[g=2, 3 evaluated, 2 expanded, t=2.11466s, 90068 KB]
New best heuristic value for ff(transform = adapt_costs(one)): 6
[g=16, 17982 evaluated, 17981 expanded, t=129.052s, 90068 KB]
New best heuristic value for ff(transform = adapt_costs(one)): 5
[g=17, 17983 evaluated, 17982 expanded, t=129.061s, 90068 KB]
New best heuristic value for lmcount(lm_factory = lm_rhw(reasonable_orders = true), transform = adapt_costs(one), pref = false): 6
[g=19, 17985 evaluated, 17984 expanded, t=129.078s, 90068 KB]
New best heuristic value for ff(transform = adapt_costs(one)): 4
[g=37, 18783 evaluated, 18782 expanded, t=136.154s, 90068 KB]
New best heuristic value for lmcount(lm_factory = lm_rhw(reasonable_orders = true), transform = adapt_costs(one), pref = false): 5
[g=39, 18785 evaluated, 18784 expanded, t=136.17s, 90068 KB]
New best heuristic value for ff(transform = adapt_costs(one)): 3
[g=45, 18791 evaluated, 18790 expanded, t=136.22s, 90068 KB]
New best heuristic value for lmcount(lm_factory = lm_rhw(reasonable_orders = true), transform = adapt_costs(one), pref = false): 4
[g=47, 18793 evaluated, 18792 expanded, t=136.237s, 90068 KB]
New best heuristic value for ff(transform = adapt_costs(one)): 2
[g=71, 18817 evaluated, 18816 expanded, t=136.452s, 90068 KB]
New best heuristic value for lmcount(lm_factory = lm_rhw(reasonable_orders = true), transform = adapt_costs(one), pref = false): 2
[g=72, 18818 evaluated, 18817 expanded, t=136.458s, 90068 KB]
New best heuristic value for lmcount(lm_factory = lm_rhw(reasonable_orders = true), transform = adapt_costs(one), pref = false): 1
New best heuristic value for ff(transform = adapt_costs(one)): 1
[g=79, 18825 evaluated, 18824 expanded, t=136.505s, 90068 KB]
Solution found!
Actual search time: 134.418s [t=136.505s]
program-add-a-b-0 row-0 (1001)
check-add-a-b-0-0 row-0 (0)
execute-add-a-b-0-0 row-0 (1)
program-dec-b-1 row-0 (1001)
check-dec-b-0-1 row-0 (0)
execute-dec-b-0-1 row-0 (1)
program-goto-assignment-2-0 b v0 row-0 (1001)
eval-cond-assignment-0-2 b v0 row-0 (1)
do-goto-0-2-0 row-0 (1)
check-add-a-b-0-0 row-0 (0)
execute-add-a-b-0-0 row-0 (1)
check-dec-b-0-1 row-0 (0)
execute-dec-b-0-1 row-0 (1)
eval-cond-assignment-0-2 b v0 row-0 (1)
dont-goto-0-2-0 row-0 (1)
program-end-3 row-0 (1)
check-main-end-0-3 row-0 (0)
repeat-end-main-0-3 row-0 (0)
check-add-a-b-0-0 row-0 (0)
execute-add-a-b-0-0 row-0 (1)
check-dec-b-0-1 row-0 (0)
execute-dec-b-0-1 row-0 (1)
eval-cond-assignment-0-2 b v0 row-0 (1)
do-goto-0-2-0 row-0 (1)
check-add-a-b-0-0 row-0 (0)
execute-add-a-b-0-0 row-0 (1)
check-dec-b-0-1 row-0 (0)
execute-dec-b-0-1 row-0 (1)
eval-cond-assignment-0-2 b v0 row-0 (1)
do-goto-0-2-0 row-0 (1)
check-add-a-b-0-0 row-0 (0)
execute-add-a-b-0-0 row-0 (1)
check-dec-b-0-1 row-0 (0)
execute-dec-b-0-1 row-0 (1)
eval-cond-assignment-0-2 b v0 row-0 (1)
dont-goto-0-2-0 row-0 (1)
check-main-end-1-3 row-0 (0)
repeat-end-main-1-3 row-0 (0)
check-add-a-b-0-0 row-0 (0)
execute-add-a-b-0-0 row-0 (1)
check-dec-b-0-1 row-0 (0)
execute-dec-b-0-1 row-0 (1)
eval-cond-assignment-0-2 b v0 row-0 (1)
dont-goto-0-2-0 row-0 (1)
check-main-end-2-3 row-0 (0)
repeat-end-main-2-3 row-0 (0)
check-add-a-b-0-0 row-0 (0)
execute-add-a-b-0-0 row-0 (1)
check-dec-b-0-1 row-0 (0)
execute-dec-b-0-1 row-0 (1)
eval-cond-assignment-0-2 b v0 row-0 (1)
do-goto-0-2-0 row-0 (1)
check-add-a-b-0-0 row-0 (0)
execute-add-a-b-0-0 row-0 (1)
check-dec-b-0-1 row-0 (0)
execute-dec-b-0-1 row-0 (1)
eval-cond-assignment-0-2 b v0 row-0 (1)
do-goto-0-2-0 row-0 (1)
check-add-a-b-0-0 row-0 (0)
execute-add-a-b-0-0 row-0 (1)
check-dec-b-0-1 row-0 (0)
execute-dec-b-0-1 row-0 (1)
eval-cond-assignment-0-2 b v0 row-0 (1)
do-goto-0-2-0 row-0 (1)
check-add-a-b-0-0 row-0 (0)
execute-add-a-b-0-0 row-0 (1)
check-dec-b-0-1 row-0 (0)
execute-dec-b-0-1 row-0 (1)
eval-cond-assignment-0-2 b v0 row-0 (1)
dont-goto-0-2-0 row-0 (1)
check-main-end-3-3 row-0 (0)
repeat-end-main-3-3 row-0 (0)
check-add-a-b-0-0 row-0 (0)
execute-add-a-b-0-0 row-0 (1)
check-dec-b-0-1 row-0 (0)
execute-dec-b-0-1 row-0 (1)
eval-cond-assignment-0-2 b v0 row-0 (1)
dont-goto-0-2-0 row-0 (1)
check-main-end-4-3 row-0 (0)
skip-4  (0)
Plan length: 80 step(s).
Plan cost: 3048
Expanded 18825 state(s).
Reopened 0 state(s).
Evaluated 18826 state(s).
Evaluations: 37652
Generated 210545 state(s).
Dead ends: 0 state(s).
Number of registered states: 18826
Int hash set load factor: 18826/32768 = 0.574524
Int hash set resizes: 15
Search time: 134.418s
Total time: 136.505s
Solution found.
Peak memory: 90068 KB

search exit code: 0
