INFO     Running translator.
INFO     translator stdin: None
INFO     translator time limit: None
INFO     translator memory limit: None
INFO     translator command line string: /usr/bin/python /home/jsegovia/Desktop/automated-programming-framework-private/PLANNERS/fast-downward/builds/release32/bin/translate/translate.py domain.pddl ins.pddl --sas-file output.sas
Parsing...
Parsing: [0.060s CPU, 0.053s wall-clock]
Normalizing task... [0.000s CPU, 0.003s wall-clock]
Instantiating...
Generating Datalog program... [0.000s CPU, 0.003s wall-clock]
Normalizing Datalog program...
Unbound effect variables: Adding @object predicate.
Normalizing Datalog program: [0.020s CPU, 0.023s wall-clock]
Preparing model... [0.010s CPU, 0.011s wall-clock]
Generated 1169 rules.
Computing model... [0.050s CPU, 0.050s wall-clock]
6747 relevant atoms
2218 auxiliary atoms
8965 final queue length
21564 total queue pushes
Completing instantiation... [0.400s CPU, 0.397s wall-clock]
Instantiating: [0.480s CPU, 0.486s wall-clock]
Computing fact groups...
Finding invariants...
109 initial candidates
Finding invariants: [19.070s CPU, 19.061s wall-clock]
Checking invariant weight... [0.000s CPU, 0.000s wall-clock]
Instantiating groups... [0.000s CPU, 0.000s wall-clock]
Collecting mutex groups... [0.000s CPU, 0.001s wall-clock]
Choosing groups...
4778 uncovered facts
Choosing groups: [0.000s CPU, 0.001s wall-clock]
Building translation key... [0.020s CPU, 0.017s wall-clock]
Computing fact groups: [19.140s CPU, 19.133s wall-clock]
Building STRIPS to SAS dictionary... [0.010s CPU, 0.004s wall-clock]
Building dictionary for full mutex groups... [0.000s CPU, 0.004s wall-clock]
Building mutex information...
Building mutex information: [0.000s CPU, 0.005s wall-clock]
Translating task...
Processing axioms...
Simplifying axioms... [0.000s CPU, 0.002s wall-clock]
Processing axioms: [0.030s CPU, 0.021s wall-clock]
Translating task: [23.350s CPU, 23.341s wall-clock]
15600 effect conditions simplified
0 implied preconditions added
Detecting unreachable propositions...
0 operators removed
0 axioms removed
6086 propositions removed
Detecting unreachable propositions: [3.470s CPU, 3.475s wall-clock]
Reordering and filtering variables...
1741 of 1741 variables necessary.
29 of 37 mutex groups necessary.
512 of 512 operators necessary.
6 of 6 axiom rules necessary.
Reordering and filtering variables: [1.780s CPU, 1.785s wall-clock]
Translator variables: 1741
Translator derived variables: 6
Translator facts: 3488
Translator goal facts: 1
Translator mutex groups: 29
Translator total mutex groups size: 58
Translator operators: 512
Translator axioms: 6
Translator task size: 2337269
Translator peak memory: 564448 KB
Writing output... [1.540s CPU, 1.537s wall-clock]
Done! [49.880s CPU, 49.871s wall-clock]

translate exit code: 0
INFO     Running search (release32).
INFO     search stdin: output.sas
INFO     search time limit: None
INFO     search memory limit: None
INFO     search command line string: /home/jsegovia/Desktop/automated-programming-framework-private/PLANNERS/fast-downward/builds/release32/bin/downward --evaluator 'hlm=lmcount(lm_factory=lm_rhw(reasonable_orders=true),transform=adapt_costs(one),pref=false)' --evaluator 'hff=ff(transform=adapt_costs(one))' --search 'lazy_greedy([hff,hlm],preferred=[hff,hlm],cost_type=one,reopen_closed=false)' --internal-plan-file sas_plan < output.sas
reading input... [t=1.8442e-05s]
done reading input! [t=1.07542s]
Initializing landmarks count heuristic...
Initializing Exploration...
Generating landmarks using the RPG/SAS+ approach
approx. reasonable orders
approx. obedient reasonable orders
Removed 0 reasonable or obedient reasonable orders
Landmarks generation time: 0.732099s
Discovered 15 landmarks, of which 0 are disjunctive and 0 are conjunctive 
43 edges
Simplifying 196740 unary operators... done! [196066 unary operators]
Initializing additive heuristic...
Initializing FF heuristic...
Building successor generator...done! [t=2.12001s]
peak memory difference for successor generator creation: 0 KB
time for successor generation creation: 0.000191578s
Variables: 1741
FactPairs: 3488
Bytes per state: 220
Conducting lazy best first search, (real) bound = 2147483647
7 initial landmarks, 1 goal landmarks
New best heuristic value for lmcount(lm_factory = lm_rhw(reasonable_orders = true), transform = adapt_costs(one), pref = false): 8
New best heuristic value for ff(transform = adapt_costs(one)): 12
[g=0, 1 evaluated, 0 expanded, t=2.12881s, 89472 KB]
Initial heuristic value for lmcount(lm_factory = lm_rhw(reasonable_orders = true), transform = adapt_costs(one), pref = false): 8
Initial heuristic value for ff(transform = adapt_costs(one)): 12
New best heuristic value for ff(transform = adapt_costs(one)): 8
[g=1, 2 evaluated, 1 expanded, t=2.13758s, 89472 KB]
New best heuristic value for lmcount(lm_factory = lm_rhw(reasonable_orders = true), transform = adapt_costs(one), pref = false): 7
New best heuristic value for ff(transform = adapt_costs(one)): 7
[g=2, 3 evaluated, 2 expanded, t=2.14635s, 89472 KB]
New best heuristic value for ff(transform = adapt_costs(one)): 6
[g=16, 4327 evaluated, 4326 expanded, t=33.0557s, 89472 KB]
New best heuristic value for ff(transform = adapt_costs(one)): 5
[g=17, 4328 evaluated, 4327 expanded, t=33.0643s, 89472 KB]
New best heuristic value for lmcount(lm_factory = lm_rhw(reasonable_orders = true), transform = adapt_costs(one), pref = false): 6
[g=19, 4330 evaluated, 4329 expanded, t=33.0814s, 89472 KB]
New best heuristic value for ff(transform = adapt_costs(one)): 4
[g=25, 4360 evaluated, 4359 expanded, t=33.3249s, 89472 KB]
New best heuristic value for lmcount(lm_factory = lm_rhw(reasonable_orders = true), transform = adapt_costs(one), pref = false): 4
[g=26, 4361 evaluated, 4360 expanded, t=33.333s, 89472 KB]
New best heuristic value for lmcount(lm_factory = lm_rhw(reasonable_orders = true), transform = adapt_costs(one), pref = false): 3
New best heuristic value for ff(transform = adapt_costs(one)): 3
[g=33, 4368 evaluated, 4367 expanded, t=33.3933s, 89472 KB]
New best heuristic value for lmcount(lm_factory = lm_rhw(reasonable_orders = true), transform = adapt_costs(one), pref = false): 2
New best heuristic value for ff(transform = adapt_costs(one)): 2
[g=41, 4376 evaluated, 4375 expanded, t=33.4585s, 89472 KB]
New best heuristic value for lmcount(lm_factory = lm_rhw(reasonable_orders = true), transform = adapt_costs(one), pref = false): 1
New best heuristic value for ff(transform = adapt_costs(one)): 1
[g=55, 4390 evaluated, 4389 expanded, t=33.5599s, 89472 KB]
Solution found!
Actual search time: 31.4403s [t=33.5604s]
program-add-a-b-0 row-0 (1001)
check-add-a-b-0-0 row-0 (0)
execute-add-a-b-0-0 row-0 (1)
program-dec-b-1 row-0 (1001)
check-dec-b-0-1 row-0 (0)
execute-dec-b-0-1 row-0 (1)
program-goto-assignment-2-0 b v0 row-0 (1001)
eval-cond-assignment-0-2 b v0 row-0 (1)
do-goto-0-2-0 row-0 (1)
check-add-a-b-0-0 row-0 (0)
execute-add-a-b-0-0 row-0 (1)
check-dec-b-0-1 row-0 (0)
execute-dec-b-0-1 row-0 (1)
eval-cond-assignment-0-2 b v0 row-0 (1)
dont-goto-0-2-0 row-0 (1)
program-end-3 row-0 (1)
check-main-end-0-3 row-0 (0)
repeat-end-main-0-3 row-0 (0)
check-add-a-b-0-0 row-0 (0)
execute-add-a-b-0-0 row-0 (1)
check-dec-b-0-1 row-0 (0)
execute-dec-b-0-1 row-0 (1)
eval-cond-assignment-0-2 b v0 row-0 (1)
dont-goto-0-2-0 row-0 (1)
check-main-end-1-3 row-0 (0)
repeat-end-main-1-3 row-0 (0)
check-add-a-b-0-0 row-0 (0)
execute-add-a-b-0-0 row-0 (1)
check-dec-b-0-1 row-0 (0)
execute-dec-b-0-1 row-0 (1)
eval-cond-assignment-0-2 b v0 row-0 (1)
dont-goto-0-2-0 row-0 (1)
check-main-end-2-3 row-0 (0)
skip-2  (0)
check-add-a-b-0-0 row-0 (0)
execute-add-a-b-0-0 row-0 (1)
check-dec-b-0-1 row-0 (0)
execute-dec-b-0-1 row-0 (1)
eval-cond-assignment-0-2 b v0 row-0 (1)
dont-goto-0-2-0 row-0 (1)
check-main-end-3-3 row-0 (0)
skip-3  (0)
check-add-a-b-0-0 row-0 (0)
execute-add-a-b-0-0 row-0 (1)
check-dec-b-0-1 row-0 (0)
execute-dec-b-0-1 row-0 (1)
eval-cond-assignment-0-2 b v0 row-0 (1)
do-goto-0-2-0 row-0 (1)
check-add-a-b-0-0 row-0 (0)
execute-add-a-b-0-0 row-0 (1)
check-dec-b-0-1 row-0 (0)
execute-dec-b-0-1 row-0 (1)
eval-cond-assignment-0-2 b v0 row-0 (1)
dont-goto-0-2-0 row-0 (1)
check-main-end-4-3 row-0 (0)
skip-4  (0)
Plan length: 56 step(s).
Plan cost: 3032
Expanded 4390 state(s).
Reopened 0 state(s).
Evaluated 4391 state(s).
Evaluations: 8782
Generated 27842 state(s).
Dead ends: 0 state(s).
Number of registered states: 4391
Int hash set load factor: 4391/8192 = 0.536011
Int hash set resizes: 13
Search time: 31.4403s
Total time: 33.5604s
Solution found.
Peak memory: 89472 KB

search exit code: 0
