INFO     Running translator.
INFO     translator stdin: None
INFO     translator time limit: None
INFO     translator memory limit: None
INFO     translator command line string: /usr/bin/python /home/jsegovia/Desktop/automated-programming-framework-private/PLANNERS/fast-downward/builds/release32/bin/translate/translate.py domain.pddl ins.pddl --sas-file output.sas
Parsing...
Parsing: [0.040s CPU, 0.043s wall-clock]
Normalizing task... [0.000s CPU, 0.003s wall-clock]
Instantiating...
Generating Datalog program... [0.000s CPU, 0.002s wall-clock]
Normalizing Datalog program...
Unbound effect variables: Adding @object predicate.
Normalizing Datalog program: [0.020s CPU, 0.020s wall-clock]
Preparing model... [0.010s CPU, 0.011s wall-clock]
Generated 1028 rules.
Computing model... [0.050s CPU, 0.049s wall-clock]
6734 relevant atoms
2173 auxiliary atoms
8907 final queue length
21503 total queue pushes
Completing instantiation... [0.280s CPU, 0.283s wall-clock]
Instantiating: [0.370s CPU, 0.369s wall-clock]
Computing fact groups...
Finding invariants...
107 initial candidates
Finding invariants: [14.490s CPU, 14.495s wall-clock]
Checking invariant weight... [0.000s CPU, 0.000s wall-clock]
Instantiating groups... [0.000s CPU, 0.000s wall-clock]
Collecting mutex groups... [0.000s CPU, 0.001s wall-clock]
Choosing groups...
4778 uncovered facts
Choosing groups: [0.000s CPU, 0.001s wall-clock]
Building translation key... [0.020s CPU, 0.017s wall-clock]
Computing fact groups: [14.580s CPU, 14.585s wall-clock]
Building STRIPS to SAS dictionary... [0.000s CPU, 0.004s wall-clock]
Building dictionary for full mutex groups... [0.010s CPU, 0.004s wall-clock]
Building mutex information...
Building mutex information: [0.000s CPU, 0.004s wall-clock]
Translating task...
Processing axioms...
Simplifying axioms... [0.000s CPU, 0.002s wall-clock]
Processing axioms: [0.020s CPU, 0.017s wall-clock]
Translating task: [23.170s CPU, 23.163s wall-clock]
7810 effect conditions simplified
0 implied preconditions added
Detecting unreachable propositions...
0 operators removed
0 axioms removed
6100 propositions removed
Detecting unreachable propositions: [3.240s CPU, 3.247s wall-clock]
Reordering and filtering variables...
1734 of 1734 variables necessary.
29 of 35 mutex groups necessary.
501 of 501 operators necessary.
6 of 6 axiom rules necessary.
Reordering and filtering variables: [1.850s CPU, 1.847s wall-clock]
Translator variables: 1734
Translator derived variables: 6
Translator facts: 3472
Translator goal facts: 1
Translator mutex groups: 29
Translator total mutex groups size: 58
Translator operators: 501
Translator axioms: 6
Translator task size: 2320176
Translator peak memory: 557468 KB
Writing output... [1.540s CPU, 1.537s wall-clock]
Done! [44.840s CPU, 44.844s wall-clock]

translate exit code: 0
INFO     Running search (release32).
INFO     search stdin: output.sas
INFO     search time limit: None
INFO     search memory limit: None
INFO     search command line string: /home/jsegovia/Desktop/automated-programming-framework-private/PLANNERS/fast-downward/builds/release32/bin/downward --evaluator 'hlm=lmcount(lm_factory=lm_rhw(reasonable_orders=true),transform=adapt_costs(one),pref=false)' --evaluator 'hff=ff(transform=adapt_costs(one))' --search 'lazy_greedy([hff,hlm],preferred=[hff,hlm],cost_type=one,reopen_closed=false)' --internal-plan-file sas_plan < output.sas
reading input... [t=1.8583e-05s]
done reading input! [t=1.07612s]
Initializing landmarks count heuristic...
Initializing Exploration...
Generating landmarks using the RPG/SAS+ approach
approx. reasonable orders
approx. obedient reasonable orders
Removed 0 reasonable or obedient reasonable orders
Landmarks generation time: 0.593565s
Discovered 13 landmarks, of which 0 are disjunctive and 0 are conjunctive 
27 edges
Simplifying 187691 unary operators... done! [187017 unary operators]
Initializing additive heuristic...
Initializing FF heuristic...
Building successor generator...done! [t=1.94865s]
peak memory difference for successor generator creation: 0 KB
time for successor generation creation: 0.000165037s
Variables: 1734
FactPairs: 3472
Bytes per state: 220
Conducting lazy best first search, (real) bound = 2147483647
7 initial landmarks, 1 goal landmarks
New best heuristic value for lmcount(lm_factory = lm_rhw(reasonable_orders = true), transform = adapt_costs(one), pref = false): 6
New best heuristic value for ff(transform = adapt_costs(one)): 10
[g=0, 1 evaluated, 0 expanded, t=1.95751s, 88456 KB]
Initial heuristic value for lmcount(lm_factory = lm_rhw(reasonable_orders = true), transform = adapt_costs(one), pref = false): 6
Initial heuristic value for ff(transform = adapt_costs(one)): 10
New best heuristic value for ff(transform = adapt_costs(one)): 6
[g=1, 2 evaluated, 1 expanded, t=1.9661s, 88456 KB]
New best heuristic value for lmcount(lm_factory = lm_rhw(reasonable_orders = true), transform = adapt_costs(one), pref = false): 5
New best heuristic value for ff(transform = adapt_costs(one)): 5
[g=2, 3 evaluated, 2 expanded, t=1.97467s, 88456 KB]
New best heuristic value for ff(transform = adapt_costs(one)): 4
[g=28, 76455 evaluated, 76454 expanded, t=493.873s, 88456 KB]
New best heuristic value for ff(transform = adapt_costs(one)): 3
[g=29, 76456 evaluated, 76455 expanded, t=493.881s, 88456 KB]
New best heuristic value for lmcount(lm_factory = lm_rhw(reasonable_orders = true), transform = adapt_costs(one), pref = false): 3
[g=30, 76457 evaluated, 76456 expanded, t=493.888s, 88456 KB]
New best heuristic value for lmcount(lm_factory = lm_rhw(reasonable_orders = true), transform = adapt_costs(one), pref = false): 2
New best heuristic value for ff(transform = adapt_costs(one)): 2
[g=43, 77510 evaluated, 77509 expanded, t=502.095s, 88456 KB]
New best heuristic value for lmcount(lm_factory = lm_rhw(reasonable_orders = true), transform = adapt_costs(one), pref = false): 1
New best heuristic value for ff(transform = adapt_costs(one)): 1
[g=51, 77518 evaluated, 77517 expanded, t=502.149s, 88456 KB]
Solution found!
Actual search time: 500.2s [t=502.149s]
program-add-a-b-0 row-0 (1001)
check-add-a-b-0-0 row-0 (0)
execute-add-a-b-0-0 row-0 (1)
program-dec-b-1 row-0 (1001)
check-dec-b-0-1 row-0 (0)
execute-dec-b-0-1 row-0 (1)
program-goto-assignment-2-0 b v0 row-0 (1001)
eval-cond-assignment-0-2 b v0 row-0 (1)
do-goto-0-2-0 row-0 (1)
check-add-a-b-0-0 row-0 (0)
execute-add-a-b-0-0 row-0 (1)
check-dec-b-0-1 row-0 (0)
execute-dec-b-0-1 row-0 (1)
eval-cond-assignment-0-2 b v0 row-0 (1)
do-goto-0-2-0 row-0 (1)
check-add-a-b-0-0 row-0 (0)
execute-add-a-b-0-0 row-0 (1)
check-dec-b-0-1 row-0 (0)
execute-dec-b-0-1 row-0 (1)
eval-cond-assignment-0-2 b v0 row-0 (1)
do-goto-0-2-0 row-0 (1)
check-add-a-b-0-0 row-0 (0)
execute-add-a-b-0-0 row-0 (1)
check-dec-b-0-1 row-0 (0)
execute-dec-b-0-1 row-0 (1)
eval-cond-assignment-0-2 b v0 row-0 (1)
dont-goto-0-2-0 row-0 (1)
program-end-3 row-0 (1)
check-main-end-0-3 row-0 (0)
repeat-end-main-0-3 row-0 (0)
check-add-a-b-0-0 row-0 (0)
execute-add-a-b-0-0 row-0 (1)
check-dec-b-0-1 row-0 (0)
execute-dec-b-0-1 row-0 (1)
eval-cond-assignment-0-2 b v0 row-0 (1)
do-goto-0-2-0 row-0 (1)
check-add-a-b-0-0 row-0 (0)
execute-add-a-b-0-0 row-0 (1)
check-dec-b-0-1 row-0 (0)
execute-dec-b-0-1 row-0 (1)
eval-cond-assignment-0-2 b v0 row-0 (1)
dont-goto-0-2-0 row-0 (1)
check-main-end-1-3 row-0 (0)
skip-1  (0)
check-add-a-b-0-0 row-0 (0)
execute-add-a-b-0-0 row-0 (1)
check-dec-b-0-1 row-0 (0)
execute-dec-b-0-1 row-0 (1)
eval-cond-assignment-0-2 b v0 row-0 (1)
dont-goto-0-2-0 row-0 (1)
check-main-end-2-3 row-0 (0)
skip-2  (0)
Plan length: 52 step(s).
Plan cost: 3032
Expanded 77518 state(s).
Reopened 0 state(s).
Evaluated 77519 state(s).
Evaluations: 155038
Generated 281059 state(s).
Dead ends: 0 state(s).
Number of registered states: 77519
Int hash set load factor: 77519/131072 = 0.591423
Int hash set resizes: 17
Search time: 500.2s
Total time: 502.149s
Solution found.
Peak memory: 88456 KB

search exit code: 0
