INFO     Running translator.
INFO     translator stdin: None
INFO     translator time limit: None
INFO     translator memory limit: None
INFO     translator command line string: /usr/bin/python /home/jsegovia/Desktop/automated-programming-framework-private/PLANNERS/fast-downward/builds/release32/bin/translate/translate.py domain.pddl ins.pddl --sas-file output.sas
Parsing...
Parsing: [0.060s CPU, 0.060s wall-clock]
Normalizing task... [0.010s CPU, 0.004s wall-clock]
Instantiating...
Generating Datalog program... [0.000s CPU, 0.004s wall-clock]
Normalizing Datalog program...
Normalizing Datalog program: [0.040s CPU, 0.039s wall-clock]
Preparing model... [0.020s CPU, 0.019s wall-clock]
Generated 1779 rules.
Computing model... [0.020s CPU, 0.018s wall-clock]
738 relevant atoms
1502 auxiliary atoms
2240 final queue length
3944 total queue pushes
Completing instantiation... [0.030s CPU, 0.035s wall-clock]
Instantiating: [0.110s CPU, 0.117s wall-clock]
Computing fact groups...
Finding invariants...
135 initial candidates
Finding invariants: [0.540s CPU, 0.543s wall-clock]
Checking invariant weight... [0.000s CPU, 0.000s wall-clock]
Instantiating groups... [0.000s CPU, 0.000s wall-clock]
Collecting mutex groups... [0.000s CPU, 0.000s wall-clock]
Choosing groups...
144 uncovered facts
Choosing groups: [0.000s CPU, 0.000s wall-clock]
Building translation key... [0.010s CPU, 0.001s wall-clock]
Computing fact groups: [0.550s CPU, 0.546s wall-clock]
Building STRIPS to SAS dictionary... [0.000s CPU, 0.000s wall-clock]
Building dictionary for full mutex groups... [0.000s CPU, 0.000s wall-clock]
Building mutex information...
Building mutex information: [0.000s CPU, 0.000s wall-clock]
Translating task...
Processing axioms...
Simplifying axioms... [0.000s CPU, 0.000s wall-clock]
Processing axioms: [0.000s CPU, 0.002s wall-clock]
Translating task: [0.040s CPU, 0.044s wall-clock]
370 effect conditions simplified
0 implied preconditions added
Detecting unreachable propositions...
0 operators removed
0 axioms removed
8 propositions removed
Detecting unreachable propositions: [0.010s CPU, 0.014s wall-clock]
Reordering and filtering variables...
152 of 155 variables necessary.
47 of 56 mutex groups necessary.
517 of 517 operators necessary.
1 of 2 axiom rules necessary.
Reordering and filtering variables: [0.010s CPU, 0.009s wall-clock]
Translator variables: 152
Translator derived variables: 1
Translator facts: 331
Translator goal facts: 1
Translator mutex groups: 47
Translator total mutex groups size: 102
Translator operators: 517
Translator axioms: 1
Translator task size: 7199
Translator peak memory: 59380 KB
Writing output... [0.010s CPU, 0.007s wall-clock]
Done! [0.800s CPU, 0.804s wall-clock]

translate exit code: 0
INFO     Running search (release32).
INFO     search stdin: output.sas
INFO     search time limit: None
INFO     search memory limit: None
INFO     search command line string: /home/jsegovia/Desktop/automated-programming-framework-private/PLANNERS/fast-downward/builds/release32/bin/downward --evaluator 'hlm=lmcount(lm_factory=lm_rhw(reasonable_orders=true),transform=adapt_costs(one),pref=false)' --evaluator 'hff=ff(transform=adapt_costs(one))' --search 'lazy_greedy([hff,hlm],preferred=[hff,hlm],cost_type=one,reopen_closed=false)' --internal-plan-file sas_plan < output.sas
reading input... [t=2.2514e-05s]
done reading input! [t=0.00560321s]
Initializing landmarks count heuristic...
Initializing Exploration...
Generating landmarks using the RPG/SAS+ approach
approx. reasonable orders
approx. obedient reasonable orders
Removed 0 reasonable or obedient reasonable orders
Landmarks generation time: 0.00602216s
Discovered 13 landmarks, of which 0 are disjunctive and 0 are conjunctive 
41 edges
Simplifying 2209 unary operators... done! [1450 unary operators]
Initializing additive heuristic...
Initializing FF heuristic...
Building successor generator...done! [t=0.0148502s]
peak memory difference for successor generator creation: 0 KB
time for successor generation creation: 0.000145116s
Variables: 152
FactPairs: 331
Bytes per state: 24
Conducting lazy best first search, (real) bound = 2147483647
5 initial landmarks, 1 goal landmarks
New best heuristic value for lmcount(lm_factory = lm_rhw(reasonable_orders = true), transform = adapt_costs(one), pref = false): 8
New best heuristic value for ff(transform = adapt_costs(one)): 12
[g=0, 1 evaluated, 0 expanded, t=0.0149659s, 5112 KB]
Initial heuristic value for lmcount(lm_factory = lm_rhw(reasonable_orders = true), transform = adapt_costs(one), pref = false): 8
Initial heuristic value for ff(transform = adapt_costs(one)): 12
New best heuristic value for ff(transform = adapt_costs(one)): 8
[g=1, 2 evaluated, 1 expanded, t=0.0150632s, 5112 KB]
New best heuristic value for lmcount(lm_factory = lm_rhw(reasonable_orders = true), transform = adapt_costs(one), pref = false): 7
New best heuristic value for ff(transform = adapt_costs(one)): 7
[g=2, 3 evaluated, 2 expanded, t=0.0151242s, 5112 KB]
New best heuristic value for ff(transform = adapt_costs(one)): 6
[g=29, 1560181 evaluated, 1560180 expanded, t=44.9175s, 188772 KB]
New best heuristic value for ff(transform = adapt_costs(one)): 5
[g=30, 1560182 evaluated, 1560181 expanded, t=44.9175s, 188772 KB]
New best heuristic value for lmcount(lm_factory = lm_rhw(reasonable_orders = true), transform = adapt_costs(one), pref = false): 5
[g=31, 1560183 evaluated, 1560182 expanded, t=44.9176s, 188772 KB]
New best heuristic value for lmcount(lm_factory = lm_rhw(reasonable_orders = true), transform = adapt_costs(one), pref = false): 4
New best heuristic value for ff(transform = adapt_costs(one)): 4
[g=56, 1560208 evaluated, 1560207 expanded, t=44.9184s, 188772 KB]
New best heuristic value for lmcount(lm_factory = lm_rhw(reasonable_orders = true), transform = adapt_costs(one), pref = false): 3
New best heuristic value for ff(transform = adapt_costs(one)): 3
[g=82, 2140840 evaluated, 2140839 expanded, t=59.8543s, 239064 KB]
New best heuristic value for lmcount(lm_factory = lm_rhw(reasonable_orders = true), transform = adapt_costs(one), pref = false): 2
New best heuristic value for ff(transform = adapt_costs(one)): 2
[g=92, 2140850 evaluated, 2140849 expanded, t=59.8546s, 239064 KB]
New best heuristic value for lmcount(lm_factory = lm_rhw(reasonable_orders = true), transform = adapt_costs(one), pref = false): 1
New best heuristic value for ff(transform = adapt_costs(one)): 1
[g=102, 2140860 evaluated, 2140859 expanded, t=59.8549s, 239064 KB]
Solution found!
Actual search time: 59.84s [t=59.8549s]
program-drop-right-0 row-0 (1001)
check-drop-right-0-0 row-0 (0)
execute-drop-right-0-0 row-0 (1)
program-pick-right-1 row-0 (1001)
check-pick-right-0-1 row-0 (0)
execute-pick-right-0-1 row-0 (1)
program-move-2 row-0 (1001)
check-move-0-2 row-0 (0)
execute-move-0-2 row-0 (1)
program-goto-at-3-0 b2 roomb row-0 (1001)
eval-cond-at-0-3 b2 roomb row-0 (1)
do-goto-0-3-0 row-0 (1)
check-drop-right-0-0 row-0 (0)
execute-drop-right-0-0 row-0 (1)
check-pick-right-0-1 row-0 (0)
execute-pick-right-0-1 row-0 (1)
check-move-0-2 row-0 (0)
execute-move-0-2 row-0 (1)
eval-cond-at-0-3 b2 roomb row-0 (1)
do-goto-0-3-0 row-0 (1)
check-drop-right-0-0 row-0 (0)
execute-drop-right-0-0 row-0 (1)
check-pick-right-0-1 row-0 (0)
execute-pick-right-0-1 row-0 (1)
check-move-0-2 row-0 (0)
execute-move-0-2 row-0 (1)
eval-cond-at-0-3 b2 roomb row-0 (1)
do-goto-0-3-0 row-0 (1)
check-drop-right-0-0 row-0 (0)
execute-drop-right-0-0 row-0 (1)
check-pick-right-0-1 row-0 (0)
execute-pick-right-0-1 row-0 (1)
check-move-0-2 row-0 (0)
execute-move-0-2 row-0 (1)
eval-cond-at-0-3 b2 roomb row-0 (1)
dont-goto-0-3-0 row-0 (1)
program-end-4 row-0 (1)
check-main-end-0-4 row-0 (0)
repeat-end-main-0-4 row-0 (0)
check-drop-right-0-0 row-0 (0)
execute-drop-right-0-0 row-0 (1)
check-pick-right-0-1 row-0 (0)
execute-pick-right-0-1 row-0 (1)
check-move-0-2 row-0 (0)
execute-move-0-2 row-0 (1)
eval-cond-at-0-3 b2 roomb row-0 (1)
do-goto-0-3-0 row-0 (1)
check-drop-right-0-0 row-0 (0)
execute-drop-right-0-0 row-0 (1)
check-pick-right-0-1 row-0 (0)
execute-pick-right-0-1 row-0 (1)
check-move-0-2 row-0 (0)
execute-move-0-2 row-0 (1)
eval-cond-at-0-3 b2 roomb row-0 (1)
do-goto-0-3-0 row-0 (1)
check-drop-right-0-0 row-0 (0)
execute-drop-right-0-0 row-0 (1)
check-pick-right-0-1 row-0 (0)
execute-pick-right-0-1 row-0 (1)
check-move-0-2 row-0 (0)
execute-move-0-2 row-0 (1)
eval-cond-at-0-3 b2 roomb row-0 (1)
do-goto-0-3-0 row-0 (1)
check-drop-right-0-0 row-0 (0)
execute-drop-right-0-0 row-0 (1)
check-pick-right-0-1 row-0 (0)
execute-pick-right-0-1 row-0 (1)
check-move-0-2 row-0 (0)
execute-move-0-2 row-0 (1)
eval-cond-at-0-3 b2 roomb row-0 (1)
dont-goto-0-3-0 row-0 (1)
check-main-end-1-4 row-0 (0)
skip-1  (0)
check-drop-right-0-0 row-0 (0)
execute-drop-right-0-0 row-0 (1)
check-pick-right-0-1 row-0 (0)
execute-pick-right-0-1 row-0 (1)
check-move-0-2 row-0 (0)
execute-move-0-2 row-0 (1)
eval-cond-at-0-3 b2 roomb row-0 (1)
dont-goto-0-3-0 row-0 (1)
check-main-end-2-4 row-0 (0)
skip-2  (0)
check-drop-right-0-0 row-0 (0)
execute-drop-right-0-0 row-0 (1)
check-pick-right-0-1 row-0 (0)
execute-pick-right-0-1 row-0 (1)
check-move-0-2 row-0 (0)
execute-move-0-2 row-0 (1)
eval-cond-at-0-3 b2 roomb row-0 (1)
dont-goto-0-3-0 row-0 (1)
check-main-end-3-4 row-0 (0)
skip-3  (0)
check-drop-right-0-0 row-0 (0)
execute-drop-right-0-0 row-0 (1)
check-pick-right-0-1 row-0 (0)
execute-pick-right-0-1 row-0 (1)
check-move-0-2 row-0 (0)
execute-move-0-2 row-0 (1)
eval-cond-at-0-3 b2 roomb row-0 (1)
dont-goto-0-3-0 row-0 (1)
check-main-end-4-4 row-0 (0)
skip-4  (0)
Plan length: 103 step(s).
Plan cost: 4060
Expanded 2140860 state(s).
Reopened 0 state(s).
Evaluated 2140861 state(s).
Evaluations: 4281722
Generated 7129294 state(s).
Dead ends: 0 state(s).
Number of registered states: 2140861
Int hash set load factor: 2140861/4194304 = 0.510421
Int hash set resizes: 22
Search time: 59.84s
Total time: 59.8549s
Solution found.
Peak memory: 239196 KB

search exit code: 0
