INFO     Running translator.
INFO     translator stdin: None
INFO     translator time limit: None
INFO     translator memory limit: None
INFO     translator command line string: /usr/bin/python /home/jsegovia/Desktop/automated-programming-framework-private/PLANNERS/fast-downward/builds/release32/bin/translate/translate.py domain.pddl ins.pddl --sas-file output.sas
Parsing...
Parsing: [0.060s CPU, 0.062s wall-clock]
Normalizing task... [0.000s CPU, 0.005s wall-clock]
Instantiating...
Generating Datalog program... [0.010s CPU, 0.004s wall-clock]
Normalizing Datalog program...
Normalizing Datalog program: [0.040s CPU, 0.038s wall-clock]
Preparing model... [0.010s CPU, 0.018s wall-clock]
Generated 1765 rules.
Computing model... [0.020s CPU, 0.018s wall-clock]
736 relevant atoms
1478 auxiliary atoms
2214 final queue length
3944 total queue pushes
Completing instantiation... [0.040s CPU, 0.036s wall-clock]
Instantiating: [0.120s CPU, 0.115s wall-clock]
Computing fact groups...
Finding invariants...
134 initial candidates
Finding invariants: [0.430s CPU, 0.423s wall-clock]
Checking invariant weight... [0.000s CPU, 0.000s wall-clock]
Instantiating groups... [0.000s CPU, 0.000s wall-clock]
Collecting mutex groups... [0.000s CPU, 0.000s wall-clock]
Choosing groups...
144 uncovered facts
Choosing groups: [0.000s CPU, 0.000s wall-clock]
Building translation key... [0.000s CPU, 0.001s wall-clock]
Computing fact groups: [0.430s CPU, 0.426s wall-clock]
Building STRIPS to SAS dictionary... [0.000s CPU, 0.000s wall-clock]
Building dictionary for full mutex groups... [0.000s CPU, 0.000s wall-clock]
Building mutex information...
Building mutex information: [0.000s CPU, 0.000s wall-clock]
Translating task...
Processing axioms...
Simplifying axioms... [0.000s CPU, 0.000s wall-clock]
Processing axioms: [0.010s CPU, 0.002s wall-clock]
Translating task: [0.050s CPU, 0.044s wall-clock]
422 effect conditions simplified
0 implied preconditions added
Detecting unreachable propositions...
0 operators removed
0 axioms removed
8 propositions removed
Detecting unreachable propositions: [0.010s CPU, 0.015s wall-clock]
Reordering and filtering variables...
152 of 155 variables necessary.
47 of 55 mutex groups necessary.
516 of 516 operators necessary.
1 of 2 axiom rules necessary.
Reordering and filtering variables: [0.010s CPU, 0.010s wall-clock]
Translator variables: 152
Translator derived variables: 1
Translator facts: 330
Translator goal facts: 1
Translator mutex groups: 47
Translator total mutex groups size: 102
Translator operators: 516
Translator axioms: 1
Translator task size: 7271
Translator peak memory: 54692 KB
Writing output... [0.010s CPU, 0.007s wall-clock]
Done! [0.690s CPU, 0.686s wall-clock]

translate exit code: 0
INFO     Running search (release32).
INFO     search stdin: output.sas
INFO     search time limit: None
INFO     search memory limit: None
INFO     search command line string: /home/jsegovia/Desktop/automated-programming-framework-private/PLANNERS/fast-downward/builds/release32/bin/downward --evaluator 'hlm=lmcount(lm_factory=lm_rhw(reasonable_orders=true),transform=adapt_costs(one),pref=false)' --evaluator 'hff=ff(transform=adapt_costs(one))' --search 'lazy_greedy([hff,hlm],preferred=[hff,hlm],cost_type=one,reopen_closed=false)' --internal-plan-file sas_plan < output.sas
reading input... [t=1.893e-05s]
done reading input! [t=0.00569338s]
Initializing landmarks count heuristic...
Initializing Exploration...
Generating landmarks using the RPG/SAS+ approach
approx. reasonable orders
approx. obedient reasonable orders
Removed 0 reasonable or obedient reasonable orders
Landmarks generation time: 0.00378064s
Discovered 12 landmarks, of which 0 are disjunctive and 0 are conjunctive 
29 edges
Simplifying 2283 unary operators... done! [1524 unary operators]
Initializing additive heuristic...
Initializing FF heuristic...
Building successor generator...done! [t=0.0129798s]
peak memory difference for successor generator creation: 0 KB
time for successor generation creation: 0.00017979s
Variables: 152
FactPairs: 330
Bytes per state: 24
Conducting lazy best first search, (real) bound = 2147483647
5 initial landmarks, 1 goal landmarks
New best heuristic value for lmcount(lm_factory = lm_rhw(reasonable_orders = true), transform = adapt_costs(one), pref = false): 7
New best heuristic value for ff(transform = adapt_costs(one)): 11
[g=0, 1 evaluated, 0 expanded, t=0.0130969s, 5120 KB]
Initial heuristic value for lmcount(lm_factory = lm_rhw(reasonable_orders = true), transform = adapt_costs(one), pref = false): 7
Initial heuristic value for ff(transform = adapt_costs(one)): 11
New best heuristic value for ff(transform = adapt_costs(one)): 7
[g=1, 2 evaluated, 1 expanded, t=0.013195s, 5120 KB]
New best heuristic value for lmcount(lm_factory = lm_rhw(reasonable_orders = true), transform = adapt_costs(one), pref = false): 6
New best heuristic value for ff(transform = adapt_costs(one)): 6
[g=2, 3 evaluated, 2 expanded, t=0.0132572s, 5120 KB]
New best heuristic value for ff(transform = adapt_costs(one)): 5
[g=13, 39140 evaluated, 39139 expanded, t=1.21264s, 11876 KB]
New best heuristic value for ff(transform = adapt_costs(one)): 4
[g=14, 39141 evaluated, 39140 expanded, t=1.21272s, 11876 KB]
New best heuristic value for lmcount(lm_factory = lm_rhw(reasonable_orders = true), transform = adapt_costs(one), pref = false): 5
[g=16, 39143 evaluated, 39142 expanded, t=1.21281s, 11876 KB]
New best heuristic value for ff(transform = adapt_costs(one)): 3
[g=56, 1031312 evaluated, 1031311 expanded, t=30.946s, 152300 KB]
New best heuristic value for lmcount(lm_factory = lm_rhw(reasonable_orders = true), transform = adapt_costs(one), pref = false): 3
[g=57, 1031313 evaluated, 1031312 expanded, t=30.9461s, 152300 KB]
New best heuristic value for lmcount(lm_factory = lm_rhw(reasonable_orders = true), transform = adapt_costs(one), pref = false): 2
New best heuristic value for ff(transform = adapt_costs(one)): 2
[g=66, 1031322 evaluated, 1031321 expanded, t=30.9463s, 152300 KB]
New best heuristic value for lmcount(lm_factory = lm_rhw(reasonable_orders = true), transform = adapt_costs(one), pref = false): 1
New best heuristic value for ff(transform = adapt_costs(one)): 1
[g=76, 1031332 evaluated, 1031331 expanded, t=30.9466s, 152300 KB]
Solution found!
Actual search time: 30.9336s [t=30.9467s]
program-pick-right-0 row-0 (1001)
check-pick-right-0-0 row-0 (0)
execute-pick-right-0-0 row-0 (1)
program-move-1 row-0 (1001)
check-move-0-1 row-0 (0)
execute-move-0-1 row-0 (1)
program-drop-right-2 row-0 (1001)
check-drop-right-0-2 row-0 (0)
execute-drop-right-0-2 row-0 (1)
program-goto-no-balls-in-rooma-3-0 row-0 (1001)
eval-cond-no-balls-in-rooma-0-3 row-0 (1)
dont-goto-0-3-0 row-0 (1)
program-end-4 row-0 (1)
check-main-end-0-4 row-0 (0)
repeat-end-main-0-4 row-0 (0)
check-pick-right-0-0 row-0 (0)
execute-pick-right-0-0 row-0 (1)
check-move-0-1 row-0 (0)
execute-move-0-1 row-0 (1)
check-drop-right-0-2 row-0 (0)
execute-drop-right-0-2 row-0 (1)
eval-cond-no-balls-in-rooma-0-3 row-0 (1)
do-goto-0-3-0 row-0 (1)
check-pick-right-0-0 row-0 (0)
execute-pick-right-0-0 row-0 (1)
check-move-0-1 row-0 (0)
execute-move-0-1 row-0 (1)
check-drop-right-0-2 row-0 (0)
execute-drop-right-0-2 row-0 (1)
eval-cond-no-balls-in-rooma-0-3 row-0 (1)
do-goto-0-3-0 row-0 (1)
check-pick-right-0-0 row-0 (0)
execute-pick-right-0-0 row-0 (1)
check-move-0-1 row-0 (0)
execute-move-0-1 row-0 (1)
check-drop-right-0-2 row-0 (0)
execute-drop-right-0-2 row-0 (1)
eval-cond-no-balls-in-rooma-0-3 row-0 (1)
do-goto-0-3-0 row-0 (1)
check-pick-right-0-0 row-0 (0)
execute-pick-right-0-0 row-0 (1)
check-move-0-1 row-0 (0)
execute-move-0-1 row-0 (1)
check-drop-right-0-2 row-0 (0)
execute-drop-right-0-2 row-0 (1)
eval-cond-no-balls-in-rooma-0-3 row-0 (1)
do-goto-0-3-0 row-0 (1)
check-pick-right-0-0 row-0 (0)
execute-pick-right-0-0 row-0 (1)
check-move-0-1 row-0 (0)
execute-move-0-1 row-0 (1)
check-drop-right-0-2 row-0 (0)
execute-drop-right-0-2 row-0 (1)
eval-cond-no-balls-in-rooma-0-3 row-0 (1)
dont-goto-0-3-0 row-0 (1)
check-main-end-1-4 row-0 (0)
repeat-end-main-1-4 row-0 (0)
check-pick-right-0-0 row-0 (0)
execute-pick-right-0-0 row-0 (1)
check-move-0-1 row-0 (0)
execute-move-0-1 row-0 (1)
check-drop-right-0-2 row-0 (0)
execute-drop-right-0-2 row-0 (1)
eval-cond-no-balls-in-rooma-0-3 row-0 (1)
dont-goto-0-3-0 row-0 (1)
check-main-end-2-4 row-0 (0)
skip-2  (0)
check-pick-right-0-0 row-0 (0)
execute-pick-right-0-0 row-0 (1)
check-move-0-1 row-0 (0)
execute-move-0-1 row-0 (1)
check-drop-right-0-2 row-0 (0)
execute-drop-right-0-2 row-0 (1)
eval-cond-no-balls-in-rooma-0-3 row-0 (1)
dont-goto-0-3-0 row-0 (1)
check-main-end-3-4 row-0 (0)
skip-3  (0)
Plan length: 77 step(s).
Plan cost: 4045
Expanded 1031332 state(s).
Reopened 0 state(s).
Evaluated 1031333 state(s).
Evaluations: 2062666
Generated 5396130 state(s).
Dead ends: 0 state(s).
Number of registered states: 1031333
Int hash set load factor: 1031333/2097152 = 0.491778
Int hash set resizes: 21
Search time: 30.9336s
Total time: 30.9467s
Solution found.
Peak memory: 152300 KB

search exit code: 0
