INFO     Running translator.
INFO     translator stdin: None
INFO     translator time limit: None
INFO     translator memory limit: None
INFO     translator command line string: /usr/bin/python /home/jsegovia/Desktop/automated-programming-framework-private/PLANNERS/fast-downward/builds/release32/bin/translate/translate.py domain.pddl ins.pddl --sas-file output.sas
Parsing...
Parsing: [0.090s CPU, 0.091s wall-clock]
Normalizing task... [0.010s CPU, 0.006s wall-clock]
Instantiating...
Generating Datalog program... [0.010s CPU, 0.005s wall-clock]
Normalizing Datalog program...
Unbound effect variables: Adding @object predicate.
Trivial rules: Converted to facts.
Normalizing Datalog program: [0.040s CPU, 0.041s wall-clock]
Preparing model... [0.020s CPU, 0.028s wall-clock]
Generated 1955 rules.
Computing model... [0.030s CPU, 0.022s wall-clock]
1160 relevant atoms
1710 auxiliary atoms
2870 final queue length
4698 total queue pushes
Completing instantiation... [0.040s CPU, 0.042s wall-clock]
Instantiating: [0.140s CPU, 0.140s wall-clock]
Computing fact groups...
Finding invariants...
189 initial candidates
Finding invariants: [21.750s CPU, 21.748s wall-clock]
Checking invariant weight... [0.000s CPU, 0.000s wall-clock]
Instantiating groups... [0.000s CPU, 0.000s wall-clock]
Collecting mutex groups... [0.000s CPU, 0.000s wall-clock]
Choosing groups...
505 uncovered facts
Choosing groups: [0.000s CPU, 0.000s wall-clock]
Building translation key... [0.000s CPU, 0.002s wall-clock]
Computing fact groups: [21.750s CPU, 21.756s wall-clock]
Building STRIPS to SAS dictionary... [0.000s CPU, 0.000s wall-clock]
Building dictionary for full mutex groups... [0.000s CPU, 0.000s wall-clock]
Building mutex information...
Building mutex information: [0.000s CPU, 0.001s wall-clock]
Translating task...
Processing axioms...
Simplifying axioms... [0.000s CPU, 0.000s wall-clock]
Processing axioms: [0.000s CPU, 0.004s wall-clock]
Translating task: [0.060s CPU, 0.059s wall-clock]
1364 effect conditions simplified
0 implied preconditions added
Detecting unreachable propositions...
0 operators removed
0 axioms removed
547 propositions removed
Detecting unreachable propositions: [0.020s CPU, 0.021s wall-clock]
Reordering and filtering variables...
246 of 246 variables necessary.
47 of 55 mutex groups necessary.
524 of 524 operators necessary.
14 of 14 axiom rules necessary.
Reordering and filtering variables: [0.020s CPU, 0.016s wall-clock]
Translator variables: 246
Translator derived variables: 14
Translator facts: 519
Translator goal facts: 1
Translator mutex groups: 47
Translator total mutex groups size: 102
Translator operators: 524
Translator axioms: 14
Translator task size: 9020
Translator peak memory: 207620 KB
Writing output... [0.010s CPU, 0.009s wall-clock]
Done! [22.100s CPU, 22.103s wall-clock]

translate exit code: 0
INFO     Running search (release32).
INFO     search stdin: output.sas
INFO     search time limit: None
INFO     search memory limit: None
INFO     search command line string: /home/jsegovia/Desktop/automated-programming-framework-private/PLANNERS/fast-downward/builds/release32/bin/downward --evaluator 'hlm=lmcount(lm_factory=lm_rhw(reasonable_orders=true),transform=adapt_costs(one),pref=false)' --evaluator 'hff=ff(transform=adapt_costs(one))' --search 'lazy_greedy([hff,hlm],preferred=[hff,hlm],cost_type=one,reopen_closed=false)' --internal-plan-file sas_plan < output.sas
reading input... [t=2.074e-05s]
done reading input! [t=0.00750632s]
Initializing landmarks count heuristic...
Initializing Exploration...
Generating landmarks using the RPG/SAS+ approach
approx. reasonable orders
approx. obedient reasonable orders
Removed 0 reasonable or obedient reasonable orders
Landmarks generation time: 0.00839991s
Discovered 16 landmarks, of which 0 are disjunctive and 0 are conjunctive 
43 edges
Simplifying 3427 unary operators... done! [2668 unary operators]
Initializing additive heuristic...
Initializing FF heuristic...
Building successor generator...done! [t=0.0200457s]
peak memory difference for successor generator creation: 0 KB
time for successor generation creation: 0.000161326s
Variables: 246
FactPairs: 519
Bytes per state: 36
Conducting lazy best first search, (real) bound = 2147483647
8 initial landmarks, 1 goal landmarks
New best heuristic value for lmcount(lm_factory = lm_rhw(reasonable_orders = true), transform = adapt_costs(one), pref = false): 8
New best heuristic value for ff(transform = adapt_costs(one)): 12
[g=0, 1 evaluated, 0 expanded, t=0.0201888s, 5312 KB]
Initial heuristic value for lmcount(lm_factory = lm_rhw(reasonable_orders = true), transform = adapt_costs(one), pref = false): 8
Initial heuristic value for ff(transform = adapt_costs(one)): 12
New best heuristic value for ff(transform = adapt_costs(one)): 8
[g=1, 2 evaluated, 1 expanded, t=0.020316s, 5312 KB]
New best heuristic value for lmcount(lm_factory = lm_rhw(reasonable_orders = true), transform = adapt_costs(one), pref = false): 7
New best heuristic value for ff(transform = adapt_costs(one)): 7
[g=2, 3 evaluated, 2 expanded, t=0.0204092s, 5312 KB]
New best heuristic value for ff(transform = adapt_costs(one)): 6
[g=13, 43512 evaluated, 43511 expanded, t=2.4034s, 14124 KB]
New best heuristic value for ff(transform = adapt_costs(one)): 5
[g=14, 43513 evaluated, 43512 expanded, t=2.4035s, 14124 KB]
New best heuristic value for lmcount(lm_factory = lm_rhw(reasonable_orders = true), transform = adapt_costs(one), pref = false): 6
[g=16, 43515 evaluated, 43514 expanded, t=2.40364s, 14124 KB]
New best heuristic value for ff(transform = adapt_costs(one)): 4
[g=56, 990818 evaluated, 990817 expanded, t=50.8141s, 161068 KB]
New best heuristic value for lmcount(lm_factory = lm_rhw(reasonable_orders = true), transform = adapt_costs(one), pref = false): 4
[g=57, 990819 evaluated, 990818 expanded, t=50.8142s, 161068 KB]
New best heuristic value for lmcount(lm_factory = lm_rhw(reasonable_orders = true), transform = adapt_costs(one), pref = false): 3
New best heuristic value for ff(transform = adapt_costs(one)): 3
[g=120, 993633 evaluated, 993632 expanded, t=50.9705s, 161468 KB]
New best heuristic value for lmcount(lm_factory = lm_rhw(reasonable_orders = true), transform = adapt_costs(one), pref = false): 2
New best heuristic value for ff(transform = adapt_costs(one)): 2
[g=130, 993643 evaluated, 993642 expanded, t=50.971s, 161468 KB]
New best heuristic value for lmcount(lm_factory = lm_rhw(reasonable_orders = true), transform = adapt_costs(one), pref = false): 1
New best heuristic value for ff(transform = adapt_costs(one)): 1
[g=140, 993653 evaluated, 993652 expanded, t=50.9715s, 161468 KB]
Solution found!
Actual search time: 50.9514s [t=50.9715s]
program-pick-right-0 row-0 (1001)
check-pick-right-0-0 row-0 (0)
execute-pick-right-0-0 row-0 (1)
program-move-1 row-0 (1001)
check-move-0-1 row-0 (0)
execute-move-0-1 row-0 (1)
program-drop-right-2 row-0 (1001)
check-drop-right-0-2 row-0 (0)
execute-drop-right-0-2 row-0 (1)
program-goto-no-balls-in-rooma-3-0 row-0 (1001)
eval-cond-no-balls-in-rooma-0-3 row-0 (1)
dont-goto-0-3-0 row-0 (1)
program-end-4 row-0 (1)
check-main-end-0-4 row-0 (0)
repeat-end-main-0-4 row-0 (0)
check-pick-right-0-0 row-0 (0)
execute-pick-right-0-0 row-0 (1)
check-move-0-1 row-0 (0)
execute-move-0-1 row-0 (1)
check-drop-right-0-2 row-0 (0)
execute-drop-right-0-2 row-0 (1)
eval-cond-no-balls-in-rooma-0-3 row-0 (1)
do-goto-0-3-0 row-0 (1)
check-pick-right-0-0 row-0 (0)
execute-pick-right-0-0 row-0 (1)
check-move-0-1 row-0 (0)
execute-move-0-1 row-0 (1)
check-drop-right-0-2 row-0 (0)
execute-drop-right-0-2 row-0 (1)
eval-cond-no-balls-in-rooma-0-3 row-0 (1)
do-goto-0-3-0 row-0 (1)
check-pick-right-0-0 row-0 (0)
execute-pick-right-0-0 row-0 (1)
check-move-0-1 row-0 (0)
execute-move-0-1 row-0 (1)
check-drop-right-0-2 row-0 (0)
execute-drop-right-0-2 row-0 (1)
eval-cond-no-balls-in-rooma-0-3 row-0 (1)
do-goto-0-3-0 row-0 (1)
check-pick-right-0-0 row-0 (0)
execute-pick-right-0-0 row-0 (1)
check-move-0-1 row-0 (0)
execute-move-0-1 row-0 (1)
check-drop-right-0-2 row-0 (0)
execute-drop-right-0-2 row-0 (1)
eval-cond-no-balls-in-rooma-0-3 row-0 (1)
do-goto-0-3-0 row-0 (1)
check-pick-right-0-0 row-0 (0)
execute-pick-right-0-0 row-0 (1)
check-move-0-1 row-0 (0)
execute-move-0-1 row-0 (1)
check-drop-right-0-2 row-0 (0)
execute-drop-right-0-2 row-0 (1)
eval-cond-no-balls-in-rooma-0-3 row-0 (1)
dont-goto-0-3-0 row-0 (1)
check-main-end-1-4 row-0 (0)
repeat-end-main-1-4 row-0 (0)
check-pick-right-0-0 row-0 (0)
execute-pick-right-0-0 row-0 (1)
check-move-0-1 row-0 (0)
execute-move-0-1 row-0 (1)
check-drop-right-0-2 row-0 (0)
execute-drop-right-0-2 row-0 (1)
eval-cond-no-balls-in-rooma-0-3 row-0 (1)
do-goto-0-3-0 row-0 (1)
check-pick-right-0-0 row-0 (0)
execute-pick-right-0-0 row-0 (1)
check-move-0-1 row-0 (0)
execute-move-0-1 row-0 (1)
check-drop-right-0-2 row-0 (0)
execute-drop-right-0-2 row-0 (1)
eval-cond-no-balls-in-rooma-0-3 row-0 (1)
do-goto-0-3-0 row-0 (1)
check-pick-right-0-0 row-0 (0)
execute-pick-right-0-0 row-0 (1)
check-move-0-1 row-0 (0)
execute-move-0-1 row-0 (1)
check-drop-right-0-2 row-0 (0)
execute-drop-right-0-2 row-0 (1)
eval-cond-no-balls-in-rooma-0-3 row-0 (1)
do-goto-0-3-0 row-0 (1)
check-pick-right-0-0 row-0 (0)
execute-pick-right-0-0 row-0 (1)
check-move-0-1 row-0 (0)
execute-move-0-1 row-0 (1)
check-drop-right-0-2 row-0 (0)
execute-drop-right-0-2 row-0 (1)
eval-cond-no-balls-in-rooma-0-3 row-0 (1)
do-goto-0-3-0 row-0 (1)
check-pick-right-0-0 row-0 (0)
execute-pick-right-0-0 row-0 (1)
check-move-0-1 row-0 (0)
execute-move-0-1 row-0 (1)
check-drop-right-0-2 row-0 (0)
execute-drop-right-0-2 row-0 (1)
eval-cond-no-balls-in-rooma-0-3 row-0 (1)
do-goto-0-3-0 row-0 (1)
check-pick-right-0-0 row-0 (0)
execute-pick-right-0-0 row-0 (1)
check-move-0-1 row-0 (0)
execute-move-0-1 row-0 (1)
store  (0)
check-drop-right-0-2 row-0 (0)
execute-drop-right-0-2 row-0 (1)
eval-cond-no-balls-in-rooma-0-3 row-0 (1)
do-goto-0-3-0 row-0 (1)
check-pick-right-0-0 row-0 (0)
execute-pick-right-0-0 row-0 (1)
check-move-0-1 row-0 (0)
execute-move-0-1 row-0 (1)
check-drop-right-0-2 row-0 (0)
execute-drop-right-0-2 row-0 (1)
eval-cond-no-balls-in-rooma-0-3 row-0 (1)
do-goto-0-3-0 row-0 (1)
check-pick-right-0-0 row-0 (0)
execute-pick-right-0-0 row-0 (1)
check-move-0-1 row-0 (0)
execute-move-0-1 row-0 (1)
compare  (0)
process  (0)
skip-2  (0)
check-pick-right-0-0 row-0 (0)
execute-pick-right-0-0 row-0 (1)
check-move-0-1 row-0 (0)
execute-move-0-1 row-0 (1)
check-drop-right-0-2 row-0 (0)
execute-drop-right-0-2 row-0 (1)
eval-cond-no-balls-in-rooma-0-3 row-0 (1)
dont-goto-0-3-0 row-0 (1)
check-main-end-3-4 row-0 (0)
skip-3  (0)
check-pick-right-0-0 row-0 (0)
execute-pick-right-0-0 row-0 (1)
check-move-0-1 row-0 (0)
execute-move-0-1 row-0 (1)
check-drop-right-0-2 row-0 (0)
execute-drop-right-0-2 row-0 (1)
eval-cond-no-balls-in-rooma-0-3 row-0 (1)
dont-goto-0-3-0 row-0 (1)
check-main-end-4-4 row-0 (0)
skip-4  (0)
Plan length: 141 step(s).
Plan cost: 4082
Expanded 993653 state(s).
Reopened 0 state(s).
Evaluated 993654 state(s).
Evaluations: 1987308
Generated 5345195 state(s).
Dead ends: 0 state(s).
Number of registered states: 993654
Int hash set load factor: 993654/2097152 = 0.473811
Int hash set resizes: 21
Search time: 50.9514s
Total time: 50.9715s
Solution found.
Peak memory: 161468 KB

search exit code: 0
