INFO     Running translator.
INFO     translator stdin: None
INFO     translator time limit: None
INFO     translator memory limit: None
INFO     translator command line string: /usr/bin/python /home/jsegovia/Desktop/automated-programming-framework-private/PLANNERS/fast-downward/builds/release32/bin/translate/translate.py domain.pddl ins.pddl --sas-file output.sas
Parsing...
Parsing: [0.060s CPU, 0.068s wall-clock]
Normalizing task... [0.010s CPU, 0.005s wall-clock]
Instantiating...
Generating Datalog program... [0.000s CPU, 0.004s wall-clock]
Normalizing Datalog program...
Unbound effect variables: Adding @object predicate.
Trivial rules: Converted to facts.
Normalizing Datalog program: [0.040s CPU, 0.037s wall-clock]
Preparing model... [0.020s CPU, 0.017s wall-clock]
Generated 1726 rules.
Computing model... [0.020s CPU, 0.020s wall-clock]
1144 relevant atoms
1650 auxiliary atoms
2794 final queue length
4505 total queue pushes
Completing instantiation... [0.040s CPU, 0.040s wall-clock]
Instantiating: [0.120s CPU, 0.120s wall-clock]
Computing fact groups...
Finding invariants...
187 initial candidates
Finding invariants: [20.680s CPU, 20.681s wall-clock]
Checking invariant weight... [0.000s CPU, 0.000s wall-clock]
Instantiating groups... [0.000s CPU, 0.000s wall-clock]
Collecting mutex groups... [0.000s CPU, 0.000s wall-clock]
Choosing groups...
504 uncovered facts
Choosing groups: [0.000s CPU, 0.000s wall-clock]
Building translation key... [0.000s CPU, 0.002s wall-clock]
Computing fact groups: [20.680s CPU, 20.688s wall-clock]
Building STRIPS to SAS dictionary... [0.010s CPU, 0.000s wall-clock]
Building dictionary for full mutex groups... [0.000s CPU, 0.000s wall-clock]
Building mutex information...
Building mutex information: [0.000s CPU, 0.001s wall-clock]
Translating task...
Processing axioms...
Simplifying axioms... [0.000s CPU, 0.000s wall-clock]
Processing axioms: [0.000s CPU, 0.003s wall-clock]
Translating task: [0.050s CPU, 0.051s wall-clock]
812 effect conditions simplified
0 implied preconditions added
Detecting unreachable propositions...
0 operators removed
0 axioms removed
548 propositions removed
Detecting unreachable propositions: [0.020s CPU, 0.020s wall-clock]
Reordering and filtering variables...
245 of 245 variables necessary.
47 of 54 mutex groups necessary.
510 of 510 operators necessary.
14 of 14 axiom rules necessary.
Reordering and filtering variables: [0.010s CPU, 0.015s wall-clock]
Translator variables: 245
Translator derived variables: 14
Translator facts: 515
Translator goal facts: 1
Translator mutex groups: 47
Translator total mutex groups size: 102
Translator operators: 510
Translator axioms: 14
Translator task size: 8232
Translator peak memory: 230884 KB
Writing output... [0.010s CPU, 0.008s wall-clock]
Done! [20.970s CPU, 20.979s wall-clock]

translate exit code: 0
INFO     Running search (release32).
INFO     search stdin: output.sas
INFO     search time limit: None
INFO     search memory limit: None
INFO     search command line string: /home/jsegovia/Desktop/automated-programming-framework-private/PLANNERS/fast-downward/builds/release32/bin/downward --evaluator 'hlm=lmcount(lm_factory=lm_rhw(reasonable_orders=true),transform=adapt_costs(one),pref=false)' --evaluator 'hff=ff(transform=adapt_costs(one))' --search 'lazy_greedy([hff,hlm],preferred=[hff,hlm],cost_type=one,reopen_closed=false)' --internal-plan-file sas_plan < output.sas
reading input... [t=1.8976e-05s]
done reading input! [t=0.00643048s]
Initializing landmarks count heuristic...
Initializing Exploration...
Generating landmarks using the RPG/SAS+ approach
approx. reasonable orders
approx. obedient reasonable orders
Removed 0 reasonable or obedient reasonable orders
Landmarks generation time: 0.00664442s
Discovered 13 landmarks, of which 0 are disjunctive and 0 are conjunctive 
27 edges
Simplifying 2762 unary operators... done! [2003 unary operators]
Initializing additive heuristic...
Initializing FF heuristic...
Building successor generator...done! [t=0.0173347s]
peak memory difference for successor generator creation: 0 KB
time for successor generation creation: 0.000149312s
Variables: 245
FactPairs: 515
Bytes per state: 36
Conducting lazy best first search, (real) bound = 2147483647
7 initial landmarks, 1 goal landmarks
New best heuristic value for lmcount(lm_factory = lm_rhw(reasonable_orders = true), transform = adapt_costs(one), pref = false): 6
New best heuristic value for ff(transform = adapt_costs(one)): 10
[g=0, 1 evaluated, 0 expanded, t=0.0174647s, 5108 KB]
Initial heuristic value for lmcount(lm_factory = lm_rhw(reasonable_orders = true), transform = adapt_costs(one), pref = false): 6
Initial heuristic value for ff(transform = adapt_costs(one)): 10
New best heuristic value for ff(transform = adapt_costs(one)): 6
[g=1, 2 evaluated, 1 expanded, t=0.0175784s, 5108 KB]
New best heuristic value for lmcount(lm_factory = lm_rhw(reasonable_orders = true), transform = adapt_costs(one), pref = false): 5
New best heuristic value for ff(transform = adapt_costs(one)): 5
[g=2, 3 evaluated, 2 expanded, t=0.0176544s, 5108 KB]
New best heuristic value for ff(transform = adapt_costs(one)): 4
[g=45, 3809341 evaluated, 3809340 expanded, t=160.063s, 416836 KB]
New best heuristic value for ff(transform = adapt_costs(one)): 3
[g=46, 3809342 evaluated, 3809341 expanded, t=160.063s, 416836 KB]
New best heuristic value for lmcount(lm_factory = lm_rhw(reasonable_orders = true), transform = adapt_costs(one), pref = false): 3
[g=47, 3809343 evaluated, 3809342 expanded, t=160.063s, 416836 KB]
New best heuristic value for lmcount(lm_factory = lm_rhw(reasonable_orders = true), transform = adapt_costs(one), pref = false): 2
New best heuristic value for ff(transform = adapt_costs(one)): 2
[g=56, 3809390 evaluated, 3809389 expanded, t=160.066s, 416836 KB]
New best heuristic value for lmcount(lm_factory = lm_rhw(reasonable_orders = true), transform = adapt_costs(one), pref = false): 1
New best heuristic value for ff(transform = adapt_costs(one)): 1
[g=66, 3809400 evaluated, 3809399 expanded, t=160.066s, 416836 KB]
Solution found!
Actual search time: 160.049s [t=160.066s]
program-pick-right-0 row-0 (1001)
check-pick-right-0-0 row-0 (0)
execute-pick-right-0-0 row-0 (1)
program-move-1 row-0 (1001)
check-move-0-1 row-0 (0)
execute-move-0-1 row-0 (1)
program-drop-right-2 row-0 (1001)
check-drop-right-0-2 row-0 (0)
execute-drop-right-0-2 row-0 (1)
program-goto-no-balls-in-rooma-3-0 row-0 (1001)
eval-cond-no-balls-in-rooma-0-3 row-0 (1)
do-goto-0-3-0 row-0 (1)
check-pick-right-0-0 row-0 (0)
execute-pick-right-0-0 row-0 (1)
check-move-0-1 row-0 (0)
execute-move-0-1 row-0 (1)
check-drop-right-0-2 row-0 (0)
execute-drop-right-0-2 row-0 (1)
eval-cond-no-balls-in-rooma-0-3 row-0 (1)
do-goto-0-3-0 row-0 (1)
check-pick-right-0-0 row-0 (0)
execute-pick-right-0-0 row-0 (1)
check-move-0-1 row-0 (0)
execute-move-0-1 row-0 (1)
check-drop-right-0-2 row-0 (0)
execute-drop-right-0-2 row-0 (1)
eval-cond-no-balls-in-rooma-0-3 row-0 (1)
do-goto-0-3-0 row-0 (1)
check-pick-right-0-0 row-0 (0)
execute-pick-right-0-0 row-0 (1)
check-move-0-1 row-0 (0)
execute-move-0-1 row-0 (1)
check-drop-right-0-2 row-0 (0)
execute-drop-right-0-2 row-0 (1)
eval-cond-no-balls-in-rooma-0-3 row-0 (1)
do-goto-0-3-0 row-0 (1)
check-pick-right-0-0 row-0 (0)
execute-pick-right-0-0 row-0 (1)
check-move-0-1 row-0 (0)
execute-move-0-1 row-0 (1)
check-drop-right-0-2 row-0 (0)
execute-drop-right-0-2 row-0 (1)
eval-cond-no-balls-in-rooma-0-3 row-0 (1)
dont-goto-0-3-0 row-0 (1)
program-end-4 row-0 (1)
check-main-end-0-4 row-0 (0)
repeat-end-main-0-4 row-0 (0)
check-pick-right-0-0 row-0 (0)
execute-pick-right-0-0 row-0 (1)
check-move-0-1 row-0 (0)
execute-move-0-1 row-0 (1)
check-drop-right-0-2 row-0 (0)
execute-drop-right-0-2 row-0 (1)
eval-cond-no-balls-in-rooma-0-3 row-0 (1)
dont-goto-0-3-0 row-0 (1)
check-main-end-1-4 row-0 (0)
skip-1  (0)
check-pick-right-0-0 row-0 (0)
execute-pick-right-0-0 row-0 (1)
check-move-0-1 row-0 (0)
execute-move-0-1 row-0 (1)
check-drop-right-0-2 row-0 (0)
execute-drop-right-0-2 row-0 (1)
eval-cond-no-balls-in-rooma-0-3 row-0 (1)
dont-goto-0-3-0 row-0 (1)
check-main-end-2-4 row-0 (0)
skip-2  (0)
Plan length: 67 step(s).
Plan cost: 4040
Expanded 3809400 state(s).
Reopened 0 state(s).
Evaluated 3809401 state(s).
Evaluations: 7618802
Generated 9493404 state(s).
Dead ends: 0 state(s).
Number of registered states: 3809401
Int hash set load factor: 3809401/8388608 = 0.454116
Int hash set resizes: 23
Search time: 160.049s
Total time: 160.066s
Solution found.
Peak memory: 416836 KB

search exit code: 0
