INFO     Running translator.
INFO     translator stdin: None
INFO     translator time limit: None
INFO     translator memory limit: None
INFO     translator command line string: /usr/bin/python /home/jsegovia/Desktop/automated-programming-framework-private/PLANNERS/fast-downward/builds/release32/bin/translate/translate.py domain.pddl ins.pddl --sas-file output.sas
Parsing...
Parsing: [0.050s CPU, 0.056s wall-clock]
Normalizing task... [0.010s CPU, 0.004s wall-clock]
Instantiating...
Generating Datalog program... [0.000s CPU, 0.004s wall-clock]
Normalizing Datalog program...
Normalizing Datalog program: [0.040s CPU, 0.036s wall-clock]
Preparing model... [0.020s CPU, 0.017s wall-clock]
Generated 1633 rules.
Computing model... [0.010s CPU, 0.018s wall-clock]
726 relevant atoms
1446 auxiliary atoms
2172 final queue length
3832 total queue pushes
Completing instantiation... [0.040s CPU, 0.035s wall-clock]
Instantiating: [0.110s CPU, 0.112s wall-clock]
Computing fact groups...
Finding invariants...
133 initial candidates
Finding invariants: [0.260s CPU, 0.257s wall-clock]
Checking invariant weight... [0.000s CPU, 0.000s wall-clock]
Instantiating groups... [0.000s CPU, 0.000s wall-clock]
Collecting mutex groups... [0.000s CPU, 0.000s wall-clock]
Choosing groups...
144 uncovered facts
Choosing groups: [0.000s CPU, 0.000s wall-clock]
Building translation key... [0.000s CPU, 0.001s wall-clock]
Computing fact groups: [0.260s CPU, 0.260s wall-clock]
Building STRIPS to SAS dictionary... [0.000s CPU, 0.000s wall-clock]
Building dictionary for full mutex groups... [0.000s CPU, 0.000s wall-clock]
Building mutex information...
Building mutex information: [0.000s CPU, 0.000s wall-clock]
Translating task...
Processing axioms...
Simplifying axioms... [0.000s CPU, 0.000s wall-clock]
Processing axioms: [0.000s CPU, 0.002s wall-clock]
Translating task: [0.040s CPU, 0.043s wall-clock]
330 effect conditions simplified
0 implied preconditions added
Detecting unreachable propositions...
0 operators removed
0 axioms removed
10 propositions removed
Detecting unreachable propositions: [0.020s CPU, 0.014s wall-clock]
Reordering and filtering variables...
151 of 154 variables necessary.
47 of 54 mutex groups necessary.
507 of 507 operators necessary.
1 of 2 axiom rules necessary.
Reordering and filtering variables: [0.010s CPU, 0.009s wall-clock]
Translator variables: 151
Translator derived variables: 1
Translator facts: 327
Translator goal facts: 1
Translator mutex groups: 47
Translator total mutex groups size: 102
Translator operators: 507
Translator axioms: 1
Translator task size: 6354
Translator peak memory: 48552 KB
Writing output... [0.000s CPU, 0.007s wall-clock]
Done! [0.500s CPU, 0.507s wall-clock]

translate exit code: 0
INFO     Running search (release32).
INFO     search stdin: output.sas
INFO     search time limit: None
INFO     search memory limit: None
INFO     search command line string: /home/jsegovia/Desktop/automated-programming-framework-private/PLANNERS/fast-downward/builds/release32/bin/downward --evaluator 'hlm=lmcount(lm_factory=lm_rhw(reasonable_orders=true),transform=adapt_costs(one),pref=false)' --evaluator 'hff=ff(transform=adapt_costs(one))' --search 'lazy_greedy([hff,hlm],preferred=[hff,hlm],cost_type=one,reopen_closed=false)' --internal-plan-file sas_plan < output.sas
reading input... [t=1.8646e-05s]
done reading input! [t=0.00538603s]
Initializing landmarks count heuristic...
Initializing Exploration...
Generating landmarks using the RPG/SAS+ approach
approx. reasonable orders
approx. obedient reasonable orders
Removed 0 reasonable or obedient reasonable orders
Landmarks generation time: 0.00403565s
Discovered 11 landmarks, of which 0 are disjunctive and 0 are conjunctive 
24 edges
Simplifying 2047 unary operators... done! [1288 unary operators]
Initializing additive heuristic...
Initializing FF heuristic...
Building successor generator...done! [t=0.0123883s]
peak memory difference for successor generator creation: 0 KB
time for successor generation creation: 0.000156914s
Variables: 151
FactPairs: 327
Bytes per state: 24
Conducting lazy best first search, (real) bound = 2147483647
5 initial landmarks, 1 goal landmarks
New best heuristic value for lmcount(lm_factory = lm_rhw(reasonable_orders = true), transform = adapt_costs(one), pref = false): 6
New best heuristic value for ff(transform = adapt_costs(one)): 10
[g=0, 1 evaluated, 0 expanded, t=0.0125116s, 5020 KB]
Initial heuristic value for lmcount(lm_factory = lm_rhw(reasonable_orders = true), transform = adapt_costs(one), pref = false): 6
Initial heuristic value for ff(transform = adapt_costs(one)): 10
New best heuristic value for ff(transform = adapt_costs(one)): 6
[g=1, 2 evaluated, 1 expanded, t=0.0126169s, 5020 KB]
New best heuristic value for lmcount(lm_factory = lm_rhw(reasonable_orders = true), transform = adapt_costs(one), pref = false): 5
New best heuristic value for ff(transform = adapt_costs(one)): 5
[g=2, 3 evaluated, 2 expanded, t=0.0126814s, 5020 KB]
New best heuristic value for ff(transform = adapt_costs(one)): 4
[g=45, 3887589 evaluated, 3887588 expanded, t=99.8284s, 387884 KB]
New best heuristic value for ff(transform = adapt_costs(one)): 3
[g=46, 3887590 evaluated, 3887589 expanded, t=99.8285s, 387884 KB]
New best heuristic value for lmcount(lm_factory = lm_rhw(reasonable_orders = true), transform = adapt_costs(one), pref = false): 3
[g=47, 3887591 evaluated, 3887590 expanded, t=99.8286s, 387884 KB]
New best heuristic value for lmcount(lm_factory = lm_rhw(reasonable_orders = true), transform = adapt_costs(one), pref = false): 2
New best heuristic value for ff(transform = adapt_costs(one)): 2
[g=56, 3887656 evaluated, 3887655 expanded, t=99.8304s, 387884 KB]
New best heuristic value for lmcount(lm_factory = lm_rhw(reasonable_orders = true), transform = adapt_costs(one), pref = false): 1
New best heuristic value for ff(transform = adapt_costs(one)): 1
[g=98, 3887698 evaluated, 3887697 expanded, t=99.8314s, 387884 KB]
Solution found!
Actual search time: 99.819s [t=99.8314s]
program-pick-right-0 row-0 (1001)
check-pick-right-0-0 row-0 (0)
execute-pick-right-0-0 row-0 (1)
program-move-1 row-0 (1001)
check-move-0-1 row-0 (0)
execute-move-0-1 row-0 (1)
program-drop-right-2 row-0 (1001)
check-drop-right-0-2 row-0 (0)
execute-drop-right-0-2 row-0 (1)
program-goto-no-balls-in-rooma-3-0 row-0 (1001)
eval-cond-no-balls-in-rooma-0-3 row-0 (1)
do-goto-0-3-0 row-0 (1)
check-pick-right-0-0 row-0 (0)
execute-pick-right-0-0 row-0 (1)
check-move-0-1 row-0 (0)
execute-move-0-1 row-0 (1)
check-drop-right-0-2 row-0 (0)
execute-drop-right-0-2 row-0 (1)
eval-cond-no-balls-in-rooma-0-3 row-0 (1)
do-goto-0-3-0 row-0 (1)
check-pick-right-0-0 row-0 (0)
execute-pick-right-0-0 row-0 (1)
check-move-0-1 row-0 (0)
execute-move-0-1 row-0 (1)
check-drop-right-0-2 row-0 (0)
execute-drop-right-0-2 row-0 (1)
eval-cond-no-balls-in-rooma-0-3 row-0 (1)
do-goto-0-3-0 row-0 (1)
check-pick-right-0-0 row-0 (0)
execute-pick-right-0-0 row-0 (1)
check-move-0-1 row-0 (0)
execute-move-0-1 row-0 (1)
check-drop-right-0-2 row-0 (0)
execute-drop-right-0-2 row-0 (1)
eval-cond-no-balls-in-rooma-0-3 row-0 (1)
do-goto-0-3-0 row-0 (1)
check-pick-right-0-0 row-0 (0)
execute-pick-right-0-0 row-0 (1)
check-move-0-1 row-0 (0)
execute-move-0-1 row-0 (1)
check-drop-right-0-2 row-0 (0)
execute-drop-right-0-2 row-0 (1)
eval-cond-no-balls-in-rooma-0-3 row-0 (1)
dont-goto-0-3-0 row-0 (1)
program-end-4 row-0 (1)
check-main-end-0-4 row-0 (0)
repeat-end-main-0-4 row-0 (0)
check-pick-right-0-0 row-0 (0)
execute-pick-right-0-0 row-0 (1)
check-move-0-1 row-0 (0)
execute-move-0-1 row-0 (1)
check-drop-right-0-2 row-0 (0)
execute-drop-right-0-2 row-0 (1)
eval-cond-no-balls-in-rooma-0-3 row-0 (1)
dont-goto-0-3-0 row-0 (1)
check-main-end-1-4 row-0 (0)
skip-1  (0)
check-pick-right-0-0 row-0 (0)
execute-pick-right-0-0 row-0 (1)
check-move-0-1 row-0 (0)
execute-move-0-1 row-0 (1)
check-drop-right-0-2 row-0 (0)
execute-drop-right-0-2 row-0 (1)
eval-cond-no-balls-in-rooma-0-3 row-0 (1)
do-goto-0-3-0 row-0 (1)
check-pick-right-0-0 row-0 (0)
execute-pick-right-0-0 row-0 (1)
check-move-0-1 row-0 (0)
execute-move-0-1 row-0 (1)
check-drop-right-0-2 row-0 (0)
execute-drop-right-0-2 row-0 (1)
eval-cond-no-balls-in-rooma-0-3 row-0 (1)
do-goto-0-3-0 row-0 (1)
check-pick-right-0-0 row-0 (0)
execute-pick-right-0-0 row-0 (1)
check-move-0-1 row-0 (0)
execute-move-0-1 row-0 (1)
check-drop-right-0-2 row-0 (0)
execute-drop-right-0-2 row-0 (1)
eval-cond-no-balls-in-rooma-0-3 row-0 (1)
do-goto-0-3-0 row-0 (1)
check-pick-right-0-0 row-0 (0)
execute-pick-right-0-0 row-0 (1)
check-move-0-1 row-0 (0)
execute-move-0-1 row-0 (1)
check-drop-right-0-2 row-0 (0)
execute-drop-right-0-2 row-0 (1)
eval-cond-no-balls-in-rooma-0-3 row-0 (1)
do-goto-0-3-0 row-0 (1)
check-pick-right-0-0 row-0 (0)
execute-pick-right-0-0 row-0 (1)
check-move-0-1 row-0 (0)
execute-move-0-1 row-0 (1)
check-drop-right-0-2 row-0 (0)
execute-drop-right-0-2 row-0 (1)
eval-cond-no-balls-in-rooma-0-3 row-0 (1)
dont-goto-0-3-0 row-0 (1)
check-main-end-2-4 row-0 (0)
skip-2  (0)
Plan length: 99 step(s).
Plan cost: 4060
Expanded 3887698 state(s).
Reopened 0 state(s).
Evaluated 3887699 state(s).
Evaluations: 7775398
Generated 9620562 state(s).
Dead ends: 0 state(s).
Number of registered states: 3887699
Int hash set load factor: 3887699/8388608 = 0.46345
Int hash set resizes: 23
Search time: 99.819s
Total time: 99.8314s
Solution found.
Peak memory: 387884 KB

search exit code: 0
