INFO     Running translator.
INFO     translator stdin: None
INFO     translator time limit: None
INFO     translator memory limit: None
INFO     translator command line string: /usr/bin/python /home/jsegovia/Desktop/automated-programming-framework-private/PLANNERS/fast-downward/builds/release32/bin/translate/translate.py domain.pddl ins.pddl --sas-file output.sas
Parsing...
Parsing: [0.060s CPU, 0.063s wall-clock]
Normalizing task... [0.010s CPU, 0.004s wall-clock]
Instantiating...
Generating Datalog program... [0.000s CPU, 0.004s wall-clock]
Normalizing Datalog program...
Normalizing Datalog program: [0.040s CPU, 0.037s wall-clock]
Preparing model... [0.020s CPU, 0.018s wall-clock]
Generated 1741 rules.
Computing model... [0.020s CPU, 0.024s wall-clock]
1064 relevant atoms
1785 auxiliary atoms
2849 final queue length
7056 total queue pushes
Completing instantiation... [0.070s CPU, 0.071s wall-clock]
Instantiating: [0.150s CPU, 0.156s wall-clock]
Computing fact groups...
Finding invariants...
120 initial candidates
Finding invariants: [0.440s CPU, 0.431s wall-clock]
Checking invariant weight... [0.000s CPU, 0.000s wall-clock]
Instantiating groups... [0.000s CPU, 0.000s wall-clock]
Collecting mutex groups... [0.000s CPU, 0.000s wall-clock]
Choosing groups...
220 uncovered facts
Choosing groups: [0.000s CPU, 0.000s wall-clock]
Building translation key... [0.000s CPU, 0.001s wall-clock]
Computing fact groups: [0.440s CPU, 0.435s wall-clock]
Building STRIPS to SAS dictionary... [0.000s CPU, 0.000s wall-clock]
Building dictionary for full mutex groups... [0.010s CPU, 0.000s wall-clock]
Building mutex information...
Building mutex information: [0.000s CPU, 0.000s wall-clock]
Translating task...
Processing axioms...
Simplifying axioms... [0.000s CPU, 0.000s wall-clock]
Processing axioms: [0.000s CPU, 0.003s wall-clock]
Translating task: [0.080s CPU, 0.085s wall-clock]
384 effect conditions simplified
0 implied preconditions added
Detecting unreachable propositions...
0 operators removed
0 axioms removed
12 propositions removed
Detecting unreachable propositions: [0.020s CPU, 0.025s wall-clock]
Reordering and filtering variables...
221 of 222 variables necessary.
59 of 68 mutex groups necessary.
794 of 794 operators necessary.
0 of 0 axiom rules necessary.
Reordering and filtering variables: [0.020s CPU, 0.015s wall-clock]
Translator variables: 221
Translator derived variables: 0
Translator facts: 449
Translator goal facts: 1
Translator mutex groups: 59
Translator total mutex groups size: 118
Translator operators: 794
Translator axioms: 0
Translator task size: 13697
Translator peak memory: 52036 KB
Writing output... [0.020s CPU, 0.013s wall-clock]
Done! [0.810s CPU, 0.800s wall-clock]

translate exit code: 0
INFO     Running search (release32).
INFO     search stdin: output.sas
INFO     search time limit: None
INFO     search memory limit: None
INFO     search command line string: /home/jsegovia/Desktop/automated-programming-framework-private/PLANNERS/fast-downward/builds/release32/bin/downward --evaluator 'hlm=lmcount(lm_factory=lm_rhw(reasonable_orders=true),transform=adapt_costs(one),pref=false)' --evaluator 'hff=ff(transform=adapt_costs(one))' --search 'lazy_greedy([hff,hlm],preferred=[hff,hlm],cost_type=one,reopen_closed=false)' --internal-plan-file sas_plan < output.sas
reading input... [t=2.1647e-05s]
done reading input! [t=0.0102273s]
Initializing landmarks count heuristic...
Initializing Exploration...
Generating landmarks using the RPG/SAS+ approach
approx. reasonable orders
approx. obedient reasonable orders
Removed 0 reasonable or obedient reasonable orders
Landmarks generation time: 0.00637598s
Discovered 12 landmarks, of which 0 are disjunctive and 0 are conjunctive 
31 edges
Simplifying 3928 unary operators... done! [2594 unary operators]
Initializing additive heuristic...
Initializing FF heuristic...
Building successor generator...done! [t=0.0206757s]
peak memory difference for successor generator creation: 0 KB
time for successor generation creation: 0.000198132s
Variables: 221
FactPairs: 449
Bytes per state: 32
Conducting lazy best first search, (real) bound = 2147483647
5 initial landmarks, 1 goal landmarks
New best heuristic value for lmcount(lm_factory = lm_rhw(reasonable_orders = true), transform = adapt_costs(one), pref = false): 7
New best heuristic value for ff(transform = adapt_costs(one)): 11
[g=0, 1 evaluated, 0 expanded, t=0.0208121s, 5512 KB]
Initial heuristic value for lmcount(lm_factory = lm_rhw(reasonable_orders = true), transform = adapt_costs(one), pref = false): 7
Initial heuristic value for ff(transform = adapt_costs(one)): 11
New best heuristic value for ff(transform = adapt_costs(one)): 7
[g=1, 2 evaluated, 1 expanded, t=0.0209368s, 5512 KB]
New best heuristic value for lmcount(lm_factory = lm_rhw(reasonable_orders = true), transform = adapt_costs(one), pref = false): 6
New best heuristic value for ff(transform = adapt_costs(one)): 6
[g=2, 3 evaluated, 2 expanded, t=0.0210545s, 5512 KB]
New best heuristic value for ff(transform = adapt_costs(one)): 5
[g=7, 7339 evaluated, 4481 expanded, t=0.333827s, 7504 KB]
New best heuristic value for ff(transform = adapt_costs(one)): 4
[g=8, 7340 evaluated, 4482 expanded, t=0.333908s, 7504 KB]
New best heuristic value for lmcount(lm_factory = lm_rhw(reasonable_orders = true), transform = adapt_costs(one), pref = false): 4
[g=9, 7341 evaluated, 4483 expanded, t=0.333968s, 7504 KB]
New best heuristic value for lmcount(lm_factory = lm_rhw(reasonable_orders = true), transform = adapt_costs(one), pref = false): 3
New best heuristic value for ff(transform = adapt_costs(one)): 3
[g=14, 7346 evaluated, 4488 expanded, t=0.334178s, 7504 KB]
New best heuristic value for lmcount(lm_factory = lm_rhw(reasonable_orders = true), transform = adapt_costs(one), pref = false): 2
New best heuristic value for ff(transform = adapt_costs(one)): 2
[g=20, 7352 evaluated, 4494 expanded, t=0.33441s, 7504 KB]
New best heuristic value for lmcount(lm_factory = lm_rhw(reasonable_orders = true), transform = adapt_costs(one), pref = false): 1
New best heuristic value for ff(transform = adapt_costs(one)): 1
[g=26, 7358 evaluated, 4500 expanded, t=0.334617s, 7504 KB]
Solution found!
Actual search time: 0.313914s [t=0.334656s]
program-assign-a-to-c-0 row-0 (1001)
check-assign-a-to-c-0-0 row-0 (0)
execute-assign-a-to-c-0-0 row-0 (1)
program-dec-b-1 row-0 (1001)
check-dec-b-0-1 row-0 (0)
execute-dec-b-0-1 row-0 (1)
program-end-2 row-0 (1)
check-main-end-0-2 row-0 (0)
repeat-end-main-0-2 row-0 (0)
check-assign-a-to-c-0-0 row-0 (0)
execute-assign-a-to-c-0-0 row-0 (1)
check-dec-b-0-1 row-0 (0)
execute-dec-b-0-1 row-0 (1)
check-main-end-1-2 row-0 (0)
skip-1  (0)
check-assign-a-to-c-0-0 row-0 (0)
execute-assign-a-to-c-0-0 row-0 (1)
check-dec-b-0-1 row-0 (0)
execute-dec-b-0-1 row-0 (1)
check-main-end-2-2 row-0 (0)
skip-2  (0)
check-assign-a-to-c-0-0 row-0 (0)
execute-assign-a-to-c-0-0 row-0 (1)
check-dec-b-0-1 row-0 (0)
execute-dec-b-0-1 row-0 (1)
check-main-end-3-2 row-0 (0)
skip-3  (0)
Plan length: 27 step(s).
Plan cost: 2011
Expanded 4501 state(s).
Reopened 0 state(s).
Evaluated 7359 state(s).
Evaluations: 11861
Generated 115064 state(s).
Dead ends: 2857 state(s).
Number of registered states: 7359
Int hash set load factor: 7359/8192 = 0.898315
Int hash set resizes: 13
Search time: 0.313926s
Total time: 0.334658s
Solution found.
Peak memory: 7504 KB

search exit code: 0
