INFO     Running translator.
INFO     translator stdin: None
INFO     translator time limit: None
INFO     translator memory limit: None
INFO     translator command line string: /usr/bin/python /home/jsegovia/Desktop/automated-programming-framework-private/PLANNERS/fast-downward/builds/release32/bin/translate/translate.py domain.pddl ins.pddl --sas-file output.sas
Parsing...
Parsing: [0.060s CPU, 0.059s wall-clock]
Normalizing task... [0.000s CPU, 0.004s wall-clock]
Instantiating...
Generating Datalog program... [0.000s CPU, 0.003s wall-clock]
Normalizing Datalog program...
Normalizing Datalog program: [0.050s CPU, 0.034s wall-clock]
Preparing model... [0.010s CPU, 0.017s wall-clock]
Generated 1643 rules.
Computing model... [0.030s CPU, 0.028s wall-clock]
1071 relevant atoms
2030 auxiliary atoms
3101 final queue length
10251 total queue pushes
Completing instantiation... [0.080s CPU, 0.081s wall-clock]
Instantiating: [0.170s CPU, 0.166s wall-clock]
Computing fact groups...
Finding invariants...
117 initial candidates
Finding invariants: [0.170s CPU, 0.162s wall-clock]
Checking invariant weight... [0.000s CPU, 0.000s wall-clock]
Instantiating groups... [0.000s CPU, 0.000s wall-clock]
Collecting mutex groups... [0.000s CPU, 0.000s wall-clock]
Choosing groups...
238 uncovered facts
Choosing groups: [0.000s CPU, 0.000s wall-clock]
Building translation key... [0.000s CPU, 0.001s wall-clock]
Computing fact groups: [0.170s CPU, 0.166s wall-clock]
Building STRIPS to SAS dictionary... [0.000s CPU, 0.000s wall-clock]
Building dictionary for full mutex groups... [0.000s CPU, 0.000s wall-clock]
Building mutex information...
Building mutex information: [0.000s CPU, 0.000s wall-clock]
Translating task...
Processing axioms...
Simplifying axioms... [0.000s CPU, 0.000s wall-clock]
Processing axioms: [0.000s CPU, 0.003s wall-clock]
Translating task: [0.460s CPU, 0.460s wall-clock]
360 effect conditions simplified
0 implied preconditions added
Detecting unreachable propositions...
0 operators removed
0 axioms removed
12 propositions removed
Detecting unreachable propositions: [0.140s CPU, 0.140s wall-clock]
Reordering and filtering variables...
239 of 240 variables necessary.
59 of 66 mutex groups necessary.
785 of 785 operators necessary.
0 of 0 axiom rules necessary.
Reordering and filtering variables: [0.070s CPU, 0.068s wall-clock]
Translator variables: 239
Translator derived variables: 0
Translator facts: 483
Translator goal facts: 1
Translator mutex groups: 59
Translator total mutex groups size: 118
Translator operators: 785
Translator axioms: 0
Translator task size: 90275
Translator peak memory: 63788 KB
Writing output... [0.070s CPU, 0.066s wall-clock]
Done! [1.140s CPU, 1.134s wall-clock]

translate exit code: 0
INFO     Running search (release32).
INFO     search stdin: output.sas
INFO     search time limit: None
INFO     search memory limit: None
INFO     search command line string: /home/jsegovia/Desktop/automated-programming-framework-private/PLANNERS/fast-downward/builds/release32/bin/downward --evaluator 'hlm=lmcount(lm_factory=lm_rhw(reasonable_orders=true),transform=adapt_costs(one),pref=false)' --evaluator 'hff=ff(transform=adapt_costs(one))' --search 'lazy_greedy([hff,hlm],preferred=[hff,hlm],cost_type=one,reopen_closed=false)' --internal-plan-file sas_plan < output.sas
reading input... [t=2.0262e-05s]
done reading input! [t=0.0466448s]
Initializing landmarks count heuristic...
Initializing Exploration...
Generating landmarks using the RPG/SAS+ approach
approx. reasonable orders
approx. obedient reasonable orders
Removed 0 reasonable or obedient reasonable orders
Landmarks generation time: 0.0236536s
Discovered 8 landmarks, of which 0 are disjunctive and 0 are conjunctive 
10 edges
Simplifying 15184 unary operators... done! [13850 unary operators]
Initializing additive heuristic...
Initializing FF heuristic...
Building successor generator...done! [t=0.0827064s]
peak memory difference for successor generator creation: 0 KB
time for successor generation creation: 0.000197086s
Variables: 239
FactPairs: 483
Bytes per state: 32
Conducting lazy best first search, (real) bound = 2147483647
4 initial landmarks, 1 goal landmarks
New best heuristic value for lmcount(lm_factory = lm_rhw(reasonable_orders = true), transform = adapt_costs(one), pref = false): 4
New best heuristic value for ff(transform = adapt_costs(one)): 9
[g=0, 1 evaluated, 0 expanded, t=0.0830343s, 8984 KB]
Initial heuristic value for lmcount(lm_factory = lm_rhw(reasonable_orders = true), transform = adapt_costs(one), pref = false): 4
Initial heuristic value for ff(transform = adapt_costs(one)): 9
New best heuristic value for ff(transform = adapt_costs(one)): 5
[g=1, 2 evaluated, 1 expanded, t=0.0833598s, 8984 KB]
New best heuristic value for lmcount(lm_factory = lm_rhw(reasonable_orders = true), transform = adapt_costs(one), pref = false): 2
New best heuristic value for ff(transform = adapt_costs(one)): 4
[g=2, 3 evaluated, 2 expanded, t=0.0836014s, 8984 KB]
New best heuristic value for ff(transform = adapt_costs(one)): 3
[g=7, 7339 evaluated, 4481 expanded, t=1.44092s, 9804 KB]
New best heuristic value for ff(transform = adapt_costs(one)): 2
[g=8, 7340 evaluated, 4482 expanded, t=1.44114s, 9804 KB]
New best heuristic value for lmcount(lm_factory = lm_rhw(reasonable_orders = true), transform = adapt_costs(one), pref = false): 1
[g=10, 7342 evaluated, 4484 expanded, t=1.44152s, 9804 KB]
