INFO     Running translator.
INFO     translator stdin: None
INFO     translator time limit: None
INFO     translator memory limit: None
INFO     translator command line string: /usr/bin/python /home/jsegovia/Desktop/automated-programming-framework-private/PLANNERS/fast-downward/builds/release32/bin/translate/translate.py domain.pddl ins.pddl --sas-file output.sas
Parsing...
Parsing: [0.090s CPU, 0.093s wall-clock]
Normalizing task... [0.000s CPU, 0.007s wall-clock]
Instantiating...
Generating Datalog program... [0.010s CPU, 0.005s wall-clock]
Normalizing Datalog program...
Unbound effect variables: Adding @object predicate.
Normalizing Datalog program: [0.040s CPU, 0.041s wall-clock]
Preparing model... [0.030s CPU, 0.029s wall-clock]
Generated 1989 rules.
Computing model... [0.020s CPU, 0.026s wall-clock]
1839 relevant atoms
1853 auxiliary atoms
3692 final queue length
7146 total queue pushes
Completing instantiation... [0.070s CPU, 0.070s wall-clock]
Instantiating: [0.180s CPU, 0.174s wall-clock]
Computing fact groups...
Finding invariants...
161 initial candidates
Finding invariants: [20.900s CPU, 20.909s wall-clock]
Checking invariant weight... [0.000s CPU, 0.001s wall-clock]
Instantiating groups... [0.000s CPU, 0.000s wall-clock]
Collecting mutex groups... [0.000s CPU, 0.000s wall-clock]
Choosing groups...
1086 uncovered facts
Choosing groups: [0.000s CPU, 0.001s wall-clock]
Building translation key... [0.010s CPU, 0.004s wall-clock]
Computing fact groups: [20.920s CPU, 20.925s wall-clock]
Building STRIPS to SAS dictionary... [0.000s CPU, 0.001s wall-clock]
Building dictionary for full mutex groups... [0.000s CPU, 0.001s wall-clock]
Building mutex information...
Building mutex information: [0.000s CPU, 0.001s wall-clock]
Translating task...
Processing axioms...
Simplifying axioms... [0.000s CPU, 0.000s wall-clock]
Processing axioms: [0.010s CPU, 0.005s wall-clock]
Translating task: [0.120s CPU, 0.117s wall-clock]
2930 effect conditions simplified
0 implied preconditions added
Detecting unreachable propositions...
0 operators removed
0 axioms removed
1564 propositions removed
Detecting unreachable propositions: [0.050s CPU, 0.051s wall-clock]
Reordering and filtering variables...
312 of 312 variables necessary.
59 of 69 mutex groups necessary.
613 of 613 operators necessary.
8 of 8 axiom rules necessary.
Reordering and filtering variables: [0.030s CPU, 0.027s wall-clock]
Translator variables: 312
Translator derived variables: 8
Translator facts: 632
Translator goal facts: 1
Translator mutex groups: 59
Translator total mutex groups size: 118
Translator operators: 613
Translator axioms: 8
Translator task size: 16717
Translator peak memory: 283748 KB
Writing output... [0.020s CPU, 0.016s wall-clock]
Done! [21.410s CPU, 21.417s wall-clock]

translate exit code: 0
INFO     Running search (release32).
INFO     search stdin: output.sas
INFO     search time limit: None
INFO     search memory limit: None
INFO     search command line string: /home/jsegovia/Desktop/automated-programming-framework-private/PLANNERS/fast-downward/builds/release32/bin/downward --evaluator 'hlm=lmcount(lm_factory=lm_rhw(reasonable_orders=true),transform=adapt_costs(one),pref=false)' --evaluator 'hff=ff(transform=adapt_costs(one))' --search 'lazy_greedy([hff,hlm],preferred=[hff,hlm],cost_type=one,reopen_closed=false)' --internal-plan-file sas_plan < output.sas
reading input... [t=1.9432e-05s]
done reading input! [t=0.0127184s]
Initializing landmarks count heuristic...
Initializing Exploration...
Generating landmarks using the RPG/SAS+ approach
approx. reasonable orders
approx. obedient reasonable orders
Removed 0 reasonable or obedient reasonable orders
Landmarks generation time: 0.0118089s
Discovered 15 landmarks, of which 0 are disjunctive and 0 are conjunctive 
43 edges
Simplifying 6340 unary operators... done! [5446 unary operators]
Initializing additive heuristic...
Initializing FF heuristic...
Building successor generator...done! [t=0.0307927s]
peak memory difference for successor generator creation: 0 KB
time for successor generation creation: 0.000196829s
Variables: 312
FactPairs: 632
Bytes per state: 40
Conducting lazy best first search, (real) bound = 2147483647
7 initial landmarks, 1 goal landmarks
New best heuristic value for lmcount(lm_factory = lm_rhw(reasonable_orders = true), transform = adapt_costs(one), pref = false): 8
New best heuristic value for ff(transform = adapt_costs(one)): 12
[g=0, 1 evaluated, 0 expanded, t=0.0309791s, 6276 KB]
Initial heuristic value for lmcount(lm_factory = lm_rhw(reasonable_orders = true), transform = adapt_costs(one), pref = false): 8
Initial heuristic value for ff(transform = adapt_costs(one)): 12
New best heuristic value for ff(transform = adapt_costs(one)): 8
[g=1, 2 evaluated, 1 expanded, t=0.0311474s, 6276 KB]
New best heuristic value for lmcount(lm_factory = lm_rhw(reasonable_orders = true), transform = adapt_costs(one), pref = false): 7
New best heuristic value for ff(transform = adapt_costs(one)): 7
[g=2, 3 evaluated, 2 expanded, t=0.0312834s, 6276 KB]
