INFO     Running translator.
INFO     translator stdin: None
INFO     translator time limit: None
INFO     translator memory limit: None
INFO     translator command line string: /usr/bin/python /home/jsegovia/Desktop/automated-programming-framework-private/PLANNERS/fast-downward/builds/release32/bin/translate/translate.py domain.pddl ins.pddl --sas-file output.sas
Parsing...
Parsing: [0.080s CPU, 0.077s wall-clock]
Normalizing task... [0.010s CPU, 0.005s wall-clock]
Instantiating...
Generating Datalog program... [0.000s CPU, 0.004s wall-clock]
Normalizing Datalog program...
Unbound effect variables: Adding @object predicate.
Normalizing Datalog program: [0.040s CPU, 0.039s wall-clock]
Preparing model... [0.020s CPU, 0.020s wall-clock]
Generated 1840 rules.
Computing model... [0.040s CPU, 0.046s wall-clock]
2929 relevant atoms
2381 auxiliary atoms
5310 final queue length
12740 total queue pushes
Completing instantiation... [0.120s CPU, 0.115s wall-clock]
Instantiating: [0.220s CPU, 0.227s wall-clock]
Computing fact groups...
Finding invariants...
161 initial candidates
Finding invariants: [25.990s CPU, 25.991s wall-clock]
Checking invariant weight... [0.000s CPU, 0.001s wall-clock]
Instantiating groups... [0.000s CPU, 0.000s wall-clock]
Collecting mutex groups... [0.000s CPU, 0.001s wall-clock]
Choosing groups...
1818 uncovered facts
Choosing groups: [0.010s CPU, 0.001s wall-clock]
Building translation key... [0.010s CPU, 0.007s wall-clock]
Computing fact groups: [26.020s CPU, 26.018s wall-clock]
Building STRIPS to SAS dictionary... [0.000s CPU, 0.002s wall-clock]
Building dictionary for full mutex groups... [0.000s CPU, 0.001s wall-clock]
Building mutex information...
Building mutex information: [0.010s CPU, 0.002s wall-clock]
Translating task...
Processing axioms...
Simplifying axioms... [0.000s CPU, 0.000s wall-clock]
Processing axioms: [0.000s CPU, 0.007s wall-clock]
Translating task: [0.520s CPU, 0.527s wall-clock]
3333 effect conditions simplified
0 implied preconditions added
Detecting unreachable propositions...
0 operators removed
0 axioms removed
2552 propositions removed
Detecting unreachable propositions: [0.150s CPU, 0.150s wall-clock]
Reordering and filtering variables...
550 of 550 variables necessary.
59 of 69 mutex groups necessary.
803 of 803 operators necessary.
8 of 8 axiom rules necessary.
Reordering and filtering variables: [0.120s CPU, 0.114s wall-clock]
Translator variables: 550
Translator derived variables: 8
Translator facts: 1108
Translator goal facts: 1
Translator mutex groups: 59
Translator total mutex groups size: 118
Translator operators: 803
Translator axioms: 8
Translator task size: 96296
Translator peak memory: 315484 KB
Writing output... [0.080s CPU, 0.073s wall-clock]
Done! [27.210s CPU, 27.204s wall-clock]

translate exit code: 0
INFO     Running search (release32).
INFO     search stdin: output.sas
INFO     search time limit: None
INFO     search memory limit: None
INFO     search command line string: /home/jsegovia/Desktop/automated-programming-framework-private/PLANNERS/fast-downward/builds/release32/bin/downward --evaluator 'hlm=lmcount(lm_factory=lm_rhw(reasonable_orders=true),transform=adapt_costs(one),pref=false)' --evaluator 'hff=ff(transform=adapt_costs(one))' --search 'lazy_greedy([hff,hlm],preferred=[hff,hlm],cost_type=one,reopen_closed=false)' --internal-plan-file sas_plan < output.sas
reading input... [t=2.1924e-05s]
done reading input! [t=0.0514295s]
Initializing landmarks count heuristic...
Initializing Exploration...
Generating landmarks using the RPG/SAS+ approach
approx. reasonable orders
approx. obedient reasonable orders
Removed 0 reasonable or obedient reasonable orders
Landmarks generation time: 0.0395695s
Discovered 15 landmarks, of which 0 are disjunctive and 0 are conjunctive 
44 edges
Simplifying 18690 unary operators... done! [17356 unary operators]
Initializing additive heuristic...
Initializing FF heuristic...
Building successor generator...done! [t=0.108828s]
peak memory difference for successor generator creation: 0 KB
time for successor generation creation: 0.000230417s
Variables: 550
FactPairs: 1108
Bytes per state: 72
Conducting lazy best first search, (real) bound = 2147483647
7 initial landmarks, 1 goal landmarks
New best heuristic value for lmcount(lm_factory = lm_rhw(reasonable_orders = true), transform = adapt_costs(one), pref = false): 8
New best heuristic value for ff(transform = adapt_costs(one)): 12
[g=0, 1 evaluated, 0 expanded, t=0.109281s, 11112 KB]
Initial heuristic value for lmcount(lm_factory = lm_rhw(reasonable_orders = true), transform = adapt_costs(one), pref = false): 8
Initial heuristic value for ff(transform = adapt_costs(one)): 12
New best heuristic value for ff(transform = adapt_costs(one)): 8
[g=1, 2 evaluated, 1 expanded, t=0.109725s, 11112 KB]
New best heuristic value for lmcount(lm_factory = lm_rhw(reasonable_orders = true), transform = adapt_costs(one), pref = false): 7
New best heuristic value for ff(transform = adapt_costs(one)): 7
[g=2, 3 evaluated, 2 expanded, t=0.110125s, 11112 KB]
