INFO     Running translator.
INFO     translator stdin: None
INFO     translator time limit: None
INFO     translator memory limit: None
INFO     translator command line string: /usr/bin/python /home/jsegovia/Desktop/automated-programming-framework-private/PLANNERS/fast-downward/builds/release32/bin/translate/translate.py domain.pddl ins.pddl --sas-file output.sas
Parsing...
Parsing: [0.060s CPU, 0.060s wall-clock]
Normalizing task... [0.010s CPU, 0.004s wall-clock]
Instantiating...
Generating Datalog program... [0.000s CPU, 0.003s wall-clock]
Normalizing Datalog program...
Normalizing Datalog program: [0.040s CPU, 0.035s wall-clock]
Preparing model... [0.010s CPU, 0.017s wall-clock]
Generated 1651 rules.
Computing model... [0.020s CPU, 0.017s wall-clock]
685 relevant atoms
1375 auxiliary atoms
2060 final queue length
4025 total queue pushes
Completing instantiation... [0.030s CPU, 0.031s wall-clock]
Instantiating: [0.100s CPU, 0.106s wall-clock]
Computing fact groups...
Finding invariants...
119 initial candidates
Finding invariants: [0.220s CPU, 0.225s wall-clock]
Checking invariant weight... [0.010s CPU, 0.000s wall-clock]
Instantiating groups... [0.000s CPU, 0.000s wall-clock]
Collecting mutex groups... [0.000s CPU, 0.000s wall-clock]
Choosing groups...
152 uncovered facts
Choosing groups: [0.000s CPU, 0.000s wall-clock]
Building translation key... [0.000s CPU, 0.001s wall-clock]
Computing fact groups: [0.230s CPU, 0.228s wall-clock]
Building STRIPS to SAS dictionary... [0.000s CPU, 0.000s wall-clock]
Building dictionary for full mutex groups... [0.000s CPU, 0.000s wall-clock]
Building mutex information...
Building mutex information: [0.000s CPU, 0.000s wall-clock]
Translating task...
Processing axioms...
Simplifying axioms... [0.000s CPU, 0.000s wall-clock]
Processing axioms: [0.000s CPU, 0.002s wall-clock]
Translating task: [0.050s CPU, 0.043s wall-clock]
400 effect conditions simplified
0 implied preconditions added
Detecting unreachable propositions...
0 operators removed
0 axioms removed
8 propositions removed
Detecting unreachable propositions: [0.010s CPU, 0.013s wall-clock]
Reordering and filtering variables...
155 of 156 variables necessary.
60 of 68 mutex groups necessary.
491 of 491 operators necessary.
0 of 0 axiom rules necessary.
Reordering and filtering variables: [0.010s CPU, 0.009s wall-clock]
Translator variables: 155
Translator derived variables: 0
Translator facts: 316
Translator goal facts: 1
Translator mutex groups: 60
Translator total mutex groups size: 121
Translator operators: 491
Translator axioms: 0
Translator task size: 6373
Translator peak memory: 47412 KB
Writing output... [0.010s CPU, 0.007s wall-clock]
Done! [0.480s CPU, 0.472s wall-clock]

translate exit code: 0
INFO     Running search (release32).
INFO     search stdin: output.sas
INFO     search time limit: None
INFO     search memory limit: None
INFO     search command line string: /home/jsegovia/Desktop/automated-programming-framework-private/PLANNERS/fast-downward/builds/release32/bin/downward --evaluator 'hlm=lmcount(lm_factory=lm_rhw(reasonable_orders=true),transform=adapt_costs(one),pref=false)' --evaluator 'hff=ff(transform=adapt_costs(one))' --search 'lazy_greedy([hff,hlm],preferred=[hff,hlm],cost_type=one,reopen_closed=false)' --internal-plan-file sas_plan < output.sas
reading input... [t=2.1505e-05s]
done reading input! [t=0.00512181s]
Initializing landmarks count heuristic...
Initializing Exploration...
Generating landmarks using the RPG/SAS+ approach
approx. reasonable orders
approx. obedient reasonable orders
Removed 0 reasonable or obedient reasonable orders
Landmarks generation time: 0.00407214s
Discovered 11 landmarks, of which 0 are disjunctive and 0 are conjunctive 
22 edges
Simplifying 2110 unary operators... done! [1436 unary operators]
Initializing additive heuristic...
Initializing FF heuristic...
Building successor generator...done! [t=0.0135287s]
peak memory difference for successor generator creation: 0 KB
time for successor generation creation: 0.000224312s
Variables: 155
FactPairs: 316
Bytes per state: 24
Conducting lazy best first search, (real) bound = 2147483647
5 initial landmarks, 1 goal landmarks
New best heuristic value for lmcount(lm_factory = lm_rhw(reasonable_orders = true), transform = adapt_costs(one), pref = false): 6
New best heuristic value for ff(transform = adapt_costs(one)): 10
[g=0, 1 evaluated, 0 expanded, t=0.0136961s, 5040 KB]
Initial heuristic value for lmcount(lm_factory = lm_rhw(reasonable_orders = true), transform = adapt_costs(one), pref = false): 6
Initial heuristic value for ff(transform = adapt_costs(one)): 10
New best heuristic value for ff(transform = adapt_costs(one)): 6
[g=1, 2 evaluated, 1 expanded, t=0.0138278s, 5040 KB]
New best heuristic value for lmcount(lm_factory = lm_rhw(reasonable_orders = true), transform = adapt_costs(one), pref = false): 5
New best heuristic value for ff(transform = adapt_costs(one)): 5
[g=2, 3 evaluated, 2 expanded, t=0.0139177s, 5040 KB]
New best heuristic value for ff(transform = adapt_costs(one)): 4
[g=16, 1790959 evaluated, 1237268 expanded, t=47.0641s, 256888 KB]
New best heuristic value for ff(transform = adapt_costs(one)): 3
[g=17, 1790960 evaluated, 1237269 expanded, t=47.0641s, 256888 KB]
New best heuristic value for lmcount(lm_factory = lm_rhw(reasonable_orders = true), transform = adapt_costs(one), pref = false): 4
[g=19, 1790962 evaluated, 1237271 expanded, t=47.0642s, 256888 KB]
New best heuristic value for ff(transform = adapt_costs(one)): 2
[g=37, 17294183 evaluated, 12716394 expanded, t=438.804s, 1930780 KB]
New best heuristic value for lmcount(lm_factory = lm_rhw(reasonable_orders = true), transform = adapt_costs(one), pref = false): 2
[g=38, 17294184 evaluated, 12716395 expanded, t=438.804s, 1930780 KB]
New best heuristic value for lmcount(lm_factory = lm_rhw(reasonable_orders = true), transform = adapt_costs(one), pref = false): 1
New best heuristic value for ff(transform = adapt_costs(one)): 1
[g=49, 17294195 evaluated, 12716406 expanded, t=438.805s, 1930780 KB]
Solution found!
Actual search time: 438.791s [t=438.805s]
program-assign-c-to-d-0 row-0 (1001)
check-assign-c-to-d-0-0 row-0 (0)
execute-assign-c-to-d-0-0 row-0 (1)
program-assign-a-to-c-1 row-0 (1001)
check-assign-a-to-c-0-1 row-0 (0)
execute-assign-a-to-c-0-1 row-0 (1)
program-dec-b-2 row-0 (1001)
check-dec-b-0-2 row-0 (0)
execute-dec-b-0-2 row-0 (1)
program-goto-assignment-3-0 b v0 row-0 (1001)
eval-cond-assignment-0-3 b v0 row-0 (1)
do-goto-0-3-0 row-0 (1)
check-assign-c-to-d-0-0 row-0 (0)
execute-assign-c-to-d-0-0 row-0 (1)
check-assign-a-to-c-0-1 row-0 (0)
execute-assign-a-to-c-0-1 row-0 (1)
check-dec-b-0-2 row-0 (0)
execute-dec-b-0-2 row-0 (1)
eval-cond-assignment-0-3 b v0 row-0 (1)
dont-goto-0-3-0 row-0 (1)
program-add-a-d-4 row-0 (1001)
check-add-a-d-0-4 row-0 (0)
execute-add-a-d-0-4 row-0 (1)
program-end-5 row-0 (1)
check-main-end-0-5 row-0 (0)
repeat-end-main-0-5 row-0 (0)
check-assign-c-to-d-0-0 row-0 (0)
execute-assign-c-to-d-0-0 row-0 (1)
check-assign-a-to-c-0-1 row-0 (0)
execute-assign-a-to-c-0-1 row-0 (1)
check-dec-b-0-2 row-0 (0)
execute-dec-b-0-2 row-0 (1)
eval-cond-assignment-0-3 b v0 row-0 (1)
dont-goto-0-3-0 row-0 (1)
check-add-a-d-0-4 row-0 (0)
execute-add-a-d-0-4 row-0 (1)
check-main-end-1-5 row-0 (0)
repeat-end-main-1-5 row-0 (0)
check-assign-c-to-d-0-0 row-0 (0)
execute-assign-c-to-d-0-0 row-0 (1)
check-assign-a-to-c-0-1 row-0 (0)
execute-assign-a-to-c-0-1 row-0 (1)
check-dec-b-0-2 row-0 (0)
execute-dec-b-0-2 row-0 (1)
eval-cond-assignment-0-3 b v0 row-0 (1)
dont-goto-0-3-0 row-0 (1)
check-add-a-d-0-4 row-0 (0)
execute-add-a-d-0-4 row-0 (1)
check-main-end-2-5 row-0 (0)
skip-2  (0)
Plan length: 50 step(s).
Plan cost: 5029
Expanded 12716407 state(s).
Reopened 0 state(s).
Evaluated 17294196 state(s).
Evaluations: 30010604
Generated 52079315 state(s).
Dead ends: 4577788 state(s).
Number of registered states: 17294196
Int hash set load factor: 17294196/33554432 = 0.515407
Int hash set resizes: 25
Search time: 438.791s
Total time: 438.805s
Solution found.
Peak memory: 1930780 KB

search exit code: 0
