INFO     Running translator.
INFO     translator stdin: None
INFO     translator time limit: None
INFO     translator memory limit: None
INFO     translator command line string: /usr/bin/python /home/jsegovia/Desktop/automated-programming-framework-private/PLANNERS/fast-downward/builds/release32/bin/translate/translate.py domain.pddl ins.pddl --sas-file output.sas
Parsing...
Parsing: [0.070s CPU, 0.067s wall-clock]
Normalizing task... [0.000s CPU, 0.005s wall-clock]
Instantiating...
Generating Datalog program... [0.000s CPU, 0.004s wall-clock]
Normalizing Datalog program...
Normalizing Datalog program: [0.040s CPU, 0.038s wall-clock]
Preparing model... [0.020s CPU, 0.019s wall-clock]
Generated 1879 rules.
Computing model... [0.040s CPU, 0.037s wall-clock]
1081 relevant atoms
2065 auxiliary atoms
3146 final queue length
10499 total queue pushes
Completing instantiation... [0.080s CPU, 0.084s wall-clock]
Instantiating: [0.190s CPU, 0.185s wall-clock]
Computing fact groups...
Finding invariants...
119 initial candidates
Finding invariants: [0.150s CPU, 0.150s wall-clock]
Checking invariant weight... [0.000s CPU, 0.000s wall-clock]
Instantiating groups... [0.000s CPU, 0.000s wall-clock]
Collecting mutex groups... [0.000s CPU, 0.000s wall-clock]
Choosing groups...
239 uncovered facts
Choosing groups: [0.000s CPU, 0.000s wall-clock]
Building translation key... [0.000s CPU, 0.001s wall-clock]
Computing fact groups: [0.150s CPU, 0.154s wall-clock]
Building STRIPS to SAS dictionary... [0.000s CPU, 0.000s wall-clock]
Building dictionary for full mutex groups... [0.000s CPU, 0.000s wall-clock]
Building mutex information...
Building mutex information: [0.000s CPU, 0.000s wall-clock]
Translating task...
Processing axioms...
Simplifying axioms... [0.000s CPU, 0.000s wall-clock]
Processing axioms: [0.000s CPU, 0.004s wall-clock]
Translating task: [0.450s CPU, 0.447s wall-clock]
480 effect conditions simplified
0 implied preconditions added
Detecting unreachable propositions...
0 operators removed
0 axioms removed
12 propositions removed
Detecting unreachable propositions: [0.150s CPU, 0.146s wall-clock]
Reordering and filtering variables...
240 of 241 variables necessary.
60 of 68 mutex groups necessary.
791 of 791 operators necessary.
0 of 0 axiom rules necessary.
Reordering and filtering variables: [0.060s CPU, 0.069s wall-clock]
Translator variables: 240
Translator derived variables: 0
Translator facts: 486
Translator goal facts: 1
Translator mutex groups: 60
Translator total mutex groups size: 121
Translator operators: 791
Translator axioms: 0
Translator task size: 90578
Translator peak memory: 64684 KB
Writing output... [0.070s CPU, 0.067s wall-clock]
Done! [1.150s CPU, 1.146s wall-clock]

translate exit code: 0
INFO     Running search (release32).
INFO     search stdin: output.sas
INFO     search time limit: None
INFO     search memory limit: None
INFO     search command line string: /home/jsegovia/Desktop/automated-programming-framework-private/PLANNERS/fast-downward/builds/release32/bin/downward --evaluator 'hlm=lmcount(lm_factory=lm_rhw(reasonable_orders=true),transform=adapt_costs(one),pref=false)' --evaluator 'hff=ff(transform=adapt_costs(one))' --search 'lazy_greedy([hff,hlm],preferred=[hff,hlm],cost_type=one,reopen_closed=false)' --internal-plan-file sas_plan < output.sas
reading input... [t=2.1649e-05s]
done reading input! [t=0.0467016s]
Initializing landmarks count heuristic...
Initializing Exploration...
Generating landmarks using the RPG/SAS+ approach
approx. reasonable orders
approx. obedient reasonable orders
Removed 0 reasonable or obedient reasonable orders
Landmarks generation time: 0.0291512s
Discovered 11 landmarks, of which 0 are disjunctive and 0 are conjunctive 
22 edges
Simplifying 15430 unary operators... done! [14096 unary operators]
Initializing additive heuristic...
Initializing FF heuristic...
Building successor generator...done! [t=0.0896738s]
peak memory difference for successor generator creation: 0 KB
time for successor generation creation: 0.000200823s
Variables: 240
FactPairs: 486
Bytes per state: 32
Conducting lazy best first search, (real) bound = 2147483647
5 initial landmarks, 1 goal landmarks
New best heuristic value for lmcount(lm_factory = lm_rhw(reasonable_orders = true), transform = adapt_costs(one), pref = false): 6
New best heuristic value for ff(transform = adapt_costs(one)): 10
[g=0, 1 evaluated, 0 expanded, t=0.0900398s, 9008 KB]
Initial heuristic value for lmcount(lm_factory = lm_rhw(reasonable_orders = true), transform = adapt_costs(one), pref = false): 6
Initial heuristic value for ff(transform = adapt_costs(one)): 10
New best heuristic value for ff(transform = adapt_costs(one)): 6
[g=1, 2 evaluated, 1 expanded, t=0.0903762s, 9008 KB]
New best heuristic value for lmcount(lm_factory = lm_rhw(reasonable_orders = true), transform = adapt_costs(one), pref = false): 5
New best heuristic value for ff(transform = adapt_costs(one)): 5
[g=2, 3 evaluated, 2 expanded, t=0.0906765s, 9008 KB]
New best heuristic value for ff(transform = adapt_costs(one)): 4
[g=7, 7339 evaluated, 4481 expanded, t=1.60227s, 9828 KB]
New best heuristic value for ff(transform = adapt_costs(one)): 3
[g=8, 7340 evaluated, 4482 expanded, t=1.60252s, 9828 KB]
New best heuristic value for lmcount(lm_factory = lm_rhw(reasonable_orders = true), transform = adapt_costs(one), pref = false): 4
[g=10, 7342 evaluated, 4484 expanded, t=1.60292s, 9828 KB]
New best heuristic value for ff(transform = adapt_costs(one)): 2
[g=59, 645685 evaluated, 514761 expanded, t=131.746s, 67128 KB]
New best heuristic value for lmcount(lm_factory = lm_rhw(reasonable_orders = true), transform = adapt_costs(one), pref = false): 2
[g=60, 645686 evaluated, 514762 expanded, t=131.746s, 67128 KB]
New best heuristic value for lmcount(lm_factory = lm_rhw(reasonable_orders = true), transform = adapt_costs(one), pref = false): 1
New best heuristic value for ff(transform = adapt_costs(one)): 1
[g=101, 645727 evaluated, 514803 expanded, t=131.753s, 67128 KB]
Solution found!
Actual search time: 131.664s [t=131.753s]
program-assign-c-to-d-0 row-0 (1001)
check-assign-c-to-d-0-0 row-0 (0)
execute-assign-c-to-d-0-0 row-0 (1)
program-assign-a-to-c-1 row-0 (1001)
check-assign-a-to-c-0-1 row-0 (0)
execute-assign-a-to-c-0-1 row-0 (1)
program-add-a-d-2 row-0 (1001)
check-add-a-d-0-2 row-0 (0)
execute-add-a-d-0-2 row-0 (1)
program-dec-b-3 row-0 (1001)
check-dec-b-0-3 row-0 (0)
execute-dec-b-0-3 row-0 (1)
program-goto-assignment-4-0 b v0 row-0 (1001)
eval-cond-assignment-0-4 b v0 row-0 (1)
dont-goto-0-4-0 row-0 (1)
program-end-5 row-0 (1)
check-main-end-0-5 row-0 (0)
repeat-end-main-0-5 row-0 (0)
check-assign-c-to-d-0-0 row-0 (0)
execute-assign-c-to-d-0-0 row-0 (1)
check-assign-a-to-c-0-1 row-0 (0)
execute-assign-a-to-c-0-1 row-0 (1)
check-add-a-d-0-2 row-0 (0)
execute-add-a-d-0-2 row-0 (1)
check-dec-b-0-3 row-0 (0)
execute-dec-b-0-3 row-0 (1)
eval-cond-assignment-0-4 b v0 row-0 (1)
do-goto-0-4-0 row-0 (1)
check-assign-c-to-d-0-0 row-0 (0)
execute-assign-c-to-d-0-0 row-0 (1)
check-assign-a-to-c-0-1 row-0 (0)
execute-assign-a-to-c-0-1 row-0 (1)
check-add-a-d-0-2 row-0 (0)
execute-add-a-d-0-2 row-0 (1)
check-dec-b-0-3 row-0 (0)
execute-dec-b-0-3 row-0 (1)
eval-cond-assignment-0-4 b v0 row-0 (1)
do-goto-0-4-0 row-0 (1)
check-assign-c-to-d-0-0 row-0 (0)
execute-assign-c-to-d-0-0 row-0 (1)
check-assign-a-to-c-0-1 row-0 (0)
execute-assign-a-to-c-0-1 row-0 (1)
check-add-a-d-0-2 row-0 (0)
execute-add-a-d-0-2 row-0 (1)
check-dec-b-0-3 row-0 (0)
execute-dec-b-0-3 row-0 (1)
eval-cond-assignment-0-4 b v0 row-0 (1)
do-goto-0-4-0 row-0 (1)
check-assign-c-to-d-0-0 row-0 (0)
execute-assign-c-to-d-0-0 row-0 (1)
check-assign-a-to-c-0-1 row-0 (0)
execute-assign-a-to-c-0-1 row-0 (1)
check-add-a-d-0-2 row-0 (0)
execute-add-a-d-0-2 row-0 (1)
check-dec-b-0-3 row-0 (0)
execute-dec-b-0-3 row-0 (1)
eval-cond-assignment-0-4 b v0 row-0 (1)
dont-goto-0-4-0 row-0 (1)
check-main-end-1-5 row-0 (0)
repeat-end-main-1-5 row-0 (0)
check-assign-c-to-d-0-0 row-0 (0)
execute-assign-c-to-d-0-0 row-0 (1)
check-assign-a-to-c-0-1 row-0 (0)
execute-assign-a-to-c-0-1 row-0 (1)
check-add-a-d-0-2 row-0 (0)
execute-add-a-d-0-2 row-0 (1)
check-dec-b-0-3 row-0 (0)
execute-dec-b-0-3 row-0 (1)
eval-cond-assignment-0-4 b v0 row-0 (1)
do-goto-0-4-0 row-0 (1)
check-assign-c-to-d-0-0 row-0 (0)
execute-assign-c-to-d-0-0 row-0 (1)
check-assign-a-to-c-0-1 row-0 (0)
execute-assign-a-to-c-0-1 row-0 (1)
check-add-a-d-0-2 row-0 (0)
execute-add-a-d-0-2 row-0 (1)
check-dec-b-0-3 row-0 (0)
execute-dec-b-0-3 row-0 (1)
eval-cond-assignment-0-4 b v0 row-0 (1)
do-goto-0-4-0 row-0 (1)
check-assign-c-to-d-0-0 row-0 (0)
execute-assign-c-to-d-0-0 row-0 (1)
check-assign-a-to-c-0-1 row-0 (0)
execute-assign-a-to-c-0-1 row-0 (1)
check-add-a-d-0-2 row-0 (0)
execute-add-a-d-0-2 row-0 (1)
check-dec-b-0-3 row-0 (0)
execute-dec-b-0-3 row-0 (1)
eval-cond-assignment-0-4 b v0 row-0 (1)
do-goto-0-4-0 row-0 (1)
check-assign-c-to-d-0-0 row-0 (0)
execute-assign-c-to-d-0-0 row-0 (1)
check-assign-a-to-c-0-1 row-0 (0)
execute-assign-a-to-c-0-1 row-0 (1)
check-add-a-d-0-2 row-0 (0)
execute-add-a-d-0-2 row-0 (1)
check-dec-b-0-3 row-0 (0)
execute-dec-b-0-3 row-0 (1)
eval-cond-assignment-0-4 b v0 row-0 (1)
dont-goto-0-4-0 row-0 (1)
check-main-end-2-5 row-0 (0)
skip-2  (0)
Plan length: 102 step(s).
Plan cost: 5060
Expanded 514804 state(s).
Reopened 0 state(s).
Evaluated 645728 state(s).
Evaluations: 1160533
Generated 1074802 state(s).
Dead ends: 130923 state(s).
Number of registered states: 645728
Int hash set load factor: 645728/1048576 = 0.615814
Int hash set resizes: 20
Search time: 131.664s
Total time: 131.753s
Solution found.
Peak memory: 67128 KB

search exit code: 0
