INFO     Running translator.
INFO     translator stdin: None
INFO     translator time limit: None
INFO     translator memory limit: None
INFO     translator command line string: /usr/bin/python /home/jsegovia/Desktop/automated-programming-framework-private/PLANNERS/fast-downward/builds/release32/bin/translate/translate.py domain.pddl ins.pddl --sas-file output.sas
Parsing...
Parsing: [0.080s CPU, 0.077s wall-clock]
Normalizing task... [0.000s CPU, 0.005s wall-clock]
Instantiating...
Generating Datalog program... [0.010s CPU, 0.004s wall-clock]
Normalizing Datalog program...
Unbound effect variables: Adding @object predicate.
Normalizing Datalog program: [0.030s CPU, 0.037s wall-clock]
Preparing model... [0.020s CPU, 0.020s wall-clock]
Generated 1759 rules.
Computing model... [0.050s CPU, 0.044s wall-clock]
2920 relevant atoms
2316 auxiliary atoms
5236 final queue length
12699 total queue pushes
Completing instantiation... [0.120s CPU, 0.126s wall-clock]
Instantiating: [0.230s CPU, 0.233s wall-clock]
Computing fact groups...
Finding invariants...
159 initial candidates
Finding invariants: [19.970s CPU, 19.954s wall-clock]
Checking invariant weight... [0.000s CPU, 0.001s wall-clock]
Instantiating groups... [0.000s CPU, 0.000s wall-clock]
Collecting mutex groups... [0.000s CPU, 0.001s wall-clock]
Choosing groups...
1818 uncovered facts
Choosing groups: [0.000s CPU, 0.001s wall-clock]
Building translation key... [0.000s CPU, 0.006s wall-clock]
Computing fact groups: [19.990s CPU, 19.980s wall-clock]
Building STRIPS to SAS dictionary... [0.000s CPU, 0.002s wall-clock]
Building dictionary for full mutex groups... [0.010s CPU, 0.002s wall-clock]
Building mutex information...
Building mutex information: [0.000s CPU, 0.002s wall-clock]
Translating task...
Processing axioms...
Simplifying axioms... [0.000s CPU, 0.000s wall-clock]
Processing axioms: [0.000s CPU, 0.008s wall-clock]
Translating task: [0.520s CPU, 0.528s wall-clock]
3629 effect conditions simplified
0 implied preconditions added
Detecting unreachable propositions...
0 operators removed
0 axioms removed
2556 propositions removed
Detecting unreachable propositions: [0.160s CPU, 0.150s wall-clock]
Reordering and filtering variables...
548 of 548 variables necessary.
60 of 68 mutex groups necessary.
794 of 794 operators necessary.
8 of 8 axiom rules necessary.
Reordering and filtering variables: [0.110s CPU, 0.113s wall-clock]
Translator variables: 548
Translator derived variables: 8
Translator facts: 1102
Translator goal facts: 1
Translator mutex groups: 60
Translator total mutex groups size: 121
Translator operators: 794
Translator axioms: 8
Translator task size: 95468
Translator peak memory: 316584 KB
Writing output... [0.070s CPU, 0.073s wall-clock]
Done! [21.180s CPU, 21.172s wall-clock]

translate exit code: 0
INFO     Running search (release32).
INFO     search stdin: output.sas
INFO     search time limit: None
INFO     search memory limit: None
INFO     search command line string: /home/jsegovia/Desktop/automated-programming-framework-private/PLANNERS/fast-downward/builds/release32/bin/downward --evaluator 'hlm=lmcount(lm_factory=lm_rhw(reasonable_orders=true),transform=adapt_costs(one),pref=false)' --evaluator 'hff=ff(transform=adapt_costs(one))' --search 'lazy_greedy([hff,hlm],preferred=[hff,hlm],cost_type=one,reopen_closed=false)' --internal-plan-file sas_plan < output.sas
reading input... [t=2.0746e-05s]
done reading input! [t=0.0513093s]
Initializing landmarks count heuristic...
Initializing Exploration...
Generating landmarks using the RPG/SAS+ approach
approx. reasonable orders
approx. obedient reasonable orders
Removed 0 reasonable or obedient reasonable orders
Landmarks generation time: 0.0383397s
Discovered 13 landmarks, of which 0 are disjunctive and 0 are conjunctive 
26 edges
Simplifying 18820 unary operators... done! [17486 unary operators]
Initializing additive heuristic...
Initializing FF heuristic...
Building successor generator...done! [t=0.104744s]
peak memory difference for successor generator creation: 0 KB
time for successor generation creation: 0.00022496s
Variables: 548
FactPairs: 1102
Bytes per state: 72
Conducting lazy best first search, (real) bound = 2147483647
7 initial landmarks, 1 goal landmarks
New best heuristic value for lmcount(lm_factory = lm_rhw(reasonable_orders = true), transform = adapt_costs(one), pref = false): 6
New best heuristic value for ff(transform = adapt_costs(one)): 10
[g=0, 1 evaluated, 0 expanded, t=0.105195s, 11140 KB]
Initial heuristic value for lmcount(lm_factory = lm_rhw(reasonable_orders = true), transform = adapt_costs(one), pref = false): 6
Initial heuristic value for ff(transform = adapt_costs(one)): 10
New best heuristic value for ff(transform = adapt_costs(one)): 6
[g=1, 2 evaluated, 1 expanded, t=0.105611s, 11140 KB]
New best heuristic value for lmcount(lm_factory = lm_rhw(reasonable_orders = true), transform = adapt_costs(one), pref = false): 5
New best heuristic value for ff(transform = adapt_costs(one)): 5
[g=2, 3 evaluated, 2 expanded, t=0.105979s, 11140 KB]
