INFO     Running translator.
INFO     translator stdin: None
INFO     translator time limit: None
INFO     translator memory limit: None
INFO     translator command line string: /usr/bin/python /home/jsegovia/Desktop/automated-programming-framework-private/PLANNERS/fast-downward/builds/release32/bin/translate/translate.py domain.pddl ins.pddl --sas-file output.sas
Parsing...
Parsing: [0.050s CPU, 0.059s wall-clock]
Normalizing task... [0.010s CPU, 0.004s wall-clock]
Instantiating...
Generating Datalog program... [0.000s CPU, 0.004s wall-clock]
Normalizing Datalog program...
Normalizing Datalog program: [0.030s CPU, 0.034s wall-clock]
Preparing model... [0.020s CPU, 0.016s wall-clock]
Generated 1544 rules.
Computing model... [0.030s CPU, 0.027s wall-clock]
1069 relevant atoms
2025 auxiliary atoms
3094 final queue length
10202 total queue pushes
Completing instantiation... [0.080s CPU, 0.082s wall-clock]
Instantiating: [0.160s CPU, 0.165s wall-clock]
Computing fact groups...
Finding invariants...
118 initial candidates
Finding invariants: [0.170s CPU, 0.167s wall-clock]
Checking invariant weight... [0.000s CPU, 0.000s wall-clock]
Instantiating groups... [0.000s CPU, 0.000s wall-clock]
Collecting mutex groups... [0.000s CPU, 0.000s wall-clock]
Choosing groups...
239 uncovered facts
Choosing groups: [0.000s CPU, 0.000s wall-clock]
Building translation key... [0.000s CPU, 0.001s wall-clock]
Computing fact groups: [0.170s CPU, 0.171s wall-clock]
Building STRIPS to SAS dictionary... [0.000s CPU, 0.000s wall-clock]
Building dictionary for full mutex groups... [0.000s CPU, 0.000s wall-clock]
Building mutex information...
Building mutex information: [0.000s CPU, 0.000s wall-clock]
Translating task...
Processing axioms...
Simplifying axioms... [0.000s CPU, 0.000s wall-clock]
Processing axioms: [0.010s CPU, 0.003s wall-clock]
Translating task: [0.440s CPU, 0.438s wall-clock]
435 effect conditions simplified
0 implied preconditions added
Detecting unreachable propositions...
0 operators removed
0 axioms removed
18 propositions removed
Detecting unreachable propositions: [0.140s CPU, 0.140s wall-clock]
Reordering and filtering variables...
237 of 238 variables necessary.
60 of 67 mutex groups necessary.
781 of 781 operators necessary.
0 of 0 axiom rules necessary.
Reordering and filtering variables: [0.070s CPU, 0.067s wall-clock]
Translator variables: 237
Translator derived variables: 0
Translator facts: 479
Translator goal facts: 1
Translator mutex groups: 60
Translator total mutex groups size: 120
Translator operators: 781
Translator axioms: 0
Translator task size: 87682
Translator peak memory: 63492 KB
Writing output... [0.070s CPU, 0.069s wall-clock]
Done! [1.110s CPU, 1.118s wall-clock]

translate exit code: 0
INFO     Running search (release32).
INFO     search stdin: output.sas
INFO     search time limit: None
INFO     search memory limit: None
INFO     search command line string: /home/jsegovia/Desktop/automated-programming-framework-private/PLANNERS/fast-downward/builds/release32/bin/downward --evaluator 'hlm=lmcount(lm_factory=lm_rhw(reasonable_orders=true),transform=adapt_costs(one),pref=false)' --evaluator 'hff=ff(transform=adapt_costs(one))' --search 'lazy_greedy([hff,hlm],preferred=[hff,hlm],cost_type=one,reopen_closed=false)' --internal-plan-file sas_plan < output.sas
reading input... [t=2.1844e-05s]
done reading input! [t=0.044949s]
Initializing landmarks count heuristic...
Initializing Exploration...
Generating landmarks using the RPG/SAS+ approach
approx. reasonable orders
approx. obedient reasonable orders
Removed 0 reasonable or obedient reasonable orders
Landmarks generation time: 0.0299652s
Discovered 10 landmarks, of which 0 are disjunctive and 0 are conjunctive 
16 edges
Simplifying 14810 unary operators... done! [13476 unary operators]
Initializing additive heuristic...
Initializing FF heuristic...
Building successor generator...done! [t=0.0872184s]
peak memory difference for successor generator creation: 0 KB
time for successor generation creation: 0.000197437s
Variables: 237
FactPairs: 479
Bytes per state: 32
Conducting lazy best first search, (real) bound = 2147483647
5 initial landmarks, 1 goal landmarks
New best heuristic value for lmcount(lm_factory = lm_rhw(reasonable_orders = true), transform = adapt_costs(one), pref = false): 5
New best heuristic value for ff(transform = adapt_costs(one)): 9
[g=0, 1 evaluated, 0 expanded, t=0.0875736s, 8904 KB]
Initial heuristic value for lmcount(lm_factory = lm_rhw(reasonable_orders = true), transform = adapt_costs(one), pref = false): 5
Initial heuristic value for ff(transform = adapt_costs(one)): 9
New best heuristic value for ff(transform = adapt_costs(one)): 5
[g=1, 2 evaluated, 1 expanded, t=0.087894s, 8904 KB]
New best heuristic value for lmcount(lm_factory = lm_rhw(reasonable_orders = true), transform = adapt_costs(one), pref = false): 4
New best heuristic value for ff(transform = adapt_costs(one)): 4
[g=2, 3 evaluated, 2 expanded, t=0.0881728s, 8904 KB]
