INFO     Running translator.
INFO     translator stdin: None
INFO     translator time limit: None
INFO     translator memory limit: None
INFO     translator command line string: /usr/bin/python /home/jsegovia/Desktop/automated-programming-framework-private/PLANNERS/fast-downward/builds/release32/bin/translate/translate.py domain.pddl ins.pddl --sas-file output.sas
Parsing...
Parsing: [0.070s CPU, 0.069s wall-clock]
Normalizing task... [0.010s CPU, 0.005s wall-clock]
Instantiating...
Generating Datalog program... [0.000s CPU, 0.004s wall-clock]
Normalizing Datalog program...
Normalizing Datalog program: [0.040s CPU, 0.038s wall-clock]
Preparing model... [0.020s CPU, 0.019s wall-clock]
Generated 1840 rules.
Computing model... [0.040s CPU, 0.038s wall-clock]
1088 relevant atoms
2100 auxiliary atoms
3188 final queue length
10443 total queue pushes
Completing instantiation... [0.080s CPU, 0.085s wall-clock]
Instantiating: [0.180s CPU, 0.187s wall-clock]
Computing fact groups...
Finding invariants...
120 initial candidates
Finding invariants: [0.650s CPU, 0.641s wall-clock]
Checking invariant weight... [0.000s CPU, 0.000s wall-clock]
Instantiating groups... [0.000s CPU, 0.000s wall-clock]
Collecting mutex groups... [0.000s CPU, 0.000s wall-clock]
Choosing groups...
239 uncovered facts
Choosing groups: [0.000s CPU, 0.000s wall-clock]
Building translation key... [0.000s CPU, 0.001s wall-clock]
Computing fact groups: [0.650s CPU, 0.645s wall-clock]
Building STRIPS to SAS dictionary... [0.000s CPU, 0.000s wall-clock]
Building dictionary for full mutex groups... [0.000s CPU, 0.000s wall-clock]
Building mutex information...
Building mutex information: [0.000s CPU, 0.000s wall-clock]
Translating task...
Processing axioms...
Simplifying axioms... [0.000s CPU, 0.000s wall-clock]
Processing axioms: [0.010s CPU, 0.004s wall-clock]
Translating task: [0.460s CPU, 0.463s wall-clock]
701 effect conditions simplified
0 implied preconditions added
Detecting unreachable propositions...
0 operators removed
0 axioms removed
8 propositions removed
Detecting unreachable propositions: [0.120s CPU, 0.128s wall-clock]
Reordering and filtering variables...
242 of 243 variables necessary.
59 of 68 mutex groups necessary.
799 of 799 operators necessary.
0 of 0 axiom rules necessary.
Reordering and filtering variables: [0.090s CPU, 0.087s wall-clock]
Translator variables: 242
Translator derived variables: 0
Translator facts: 491
Translator goal facts: 1
Translator mutex groups: 59
Translator total mutex groups size: 118
Translator operators: 799
Translator axioms: 0
Translator task size: 91848
Translator peak memory: 67632 KB
Writing output... [0.070s CPU, 0.068s wall-clock]
Done! [1.660s CPU, 1.657s wall-clock]

translate exit code: 0
INFO     Running search (release32).
INFO     search stdin: output.sas
INFO     search time limit: None
INFO     search memory limit: None
INFO     search command line string: /home/jsegovia/Desktop/automated-programming-framework-private/PLANNERS/fast-downward/builds/release32/bin/downward --evaluator 'hlm=lmcount(lm_factory=lm_rhw(reasonable_orders=true),transform=adapt_costs(one),pref=false)' --evaluator 'hff=ff(transform=adapt_costs(one))' --search 'lazy_greedy([hff,hlm],preferred=[hff,hlm],cost_type=one,reopen_closed=false)' --internal-plan-file sas_plan < output.sas
reading input... [t=2.2405e-05s]
done reading input! [t=0.0472566s]
Initializing landmarks count heuristic...
Initializing Exploration...
Generating landmarks using the RPG/SAS+ approach
approx. reasonable orders
approx. obedient reasonable orders
Removed 0 reasonable or obedient reasonable orders
Landmarks generation time: 0.0303691s
Discovered 12 landmarks, of which 0 are disjunctive and 0 are conjunctive 
29 edges
Simplifying 15776 unary operators... done! [14442 unary operators]
Initializing additive heuristic...
Initializing FF heuristic...
Building successor generator...done! [t=0.0920338s]
peak memory difference for successor generator creation: 0 KB
time for successor generation creation: 0.000231546s
Variables: 242
FactPairs: 491
Bytes per state: 32
Conducting lazy best first search, (real) bound = 2147483647
5 initial landmarks, 1 goal landmarks
New best heuristic value for lmcount(lm_factory = lm_rhw(reasonable_orders = true), transform = adapt_costs(one), pref = false): 7
New best heuristic value for ff(transform = adapt_costs(one)): 11
[g=0, 1 evaluated, 0 expanded, t=0.0924099s, 9060 KB]
Initial heuristic value for lmcount(lm_factory = lm_rhw(reasonable_orders = true), transform = adapt_costs(one), pref = false): 7
Initial heuristic value for ff(transform = adapt_costs(one)): 11
New best heuristic value for ff(transform = adapt_costs(one)): 7
[g=1, 2 evaluated, 1 expanded, t=0.092765s, 9060 KB]
New best heuristic value for lmcount(lm_factory = lm_rhw(reasonable_orders = true), transform = adapt_costs(one), pref = false): 6
New best heuristic value for ff(transform = adapt_costs(one)): 6
[g=2, 3 evaluated, 2 expanded, t=0.0930736s, 9060 KB]
