INFO     Running translator.
INFO     translator stdin: None
INFO     translator time limit: None
INFO     translator memory limit: None
INFO     translator command line string: /usr/bin/python /home/jsegovia/Desktop/automated-programming-framework-private/PLANNERS/fast-downward/builds/release32/bin/translate/translate.py domain.pddl ins.pddl --sas-file output.sas
Parsing...
Parsing: [0.080s CPU, 0.078s wall-clock]
Normalizing task... [0.000s CPU, 0.005s wall-clock]
Instantiating...
Generating Datalog program... [0.010s CPU, 0.005s wall-clock]
Normalizing Datalog program...
Normalizing Datalog program: [0.040s CPU, 0.043s wall-clock]
Preparing model... [0.030s CPU, 0.030s wall-clock]
Generated 2093 rules.
Computing model... [0.040s CPU, 0.033s wall-clock]
1105 relevant atoms
2145 auxiliary atoms
3250 final queue length
10673 total queue pushes
Completing instantiation... [0.100s CPU, 0.100s wall-clock]
Instantiating: [0.220s CPU, 0.214s wall-clock]
Computing fact groups...
Finding invariants...
121 initial candidates
Finding invariants: [0.450s CPU, 0.448s wall-clock]
Checking invariant weight... [0.000s CPU, 0.001s wall-clock]
Instantiating groups... [0.000s CPU, 0.000s wall-clock]
Collecting mutex groups... [0.000s CPU, 0.000s wall-clock]
Choosing groups...
239 uncovered facts
Choosing groups: [0.000s CPU, 0.000s wall-clock]
Building translation key... [0.000s CPU, 0.001s wall-clock]
Computing fact groups: [0.450s CPU, 0.452s wall-clock]
Building STRIPS to SAS dictionary... [0.000s CPU, 0.000s wall-clock]
Building dictionary for full mutex groups... [0.000s CPU, 0.000s wall-clock]
Building mutex information...
Building mutex information: [0.000s CPU, 0.000s wall-clock]
Translating task...
Processing axioms...
Simplifying axioms... [0.000s CPU, 0.000s wall-clock]
Processing axioms: [0.010s CPU, 0.004s wall-clock]
Translating task: [0.490s CPU, 0.484s wall-clock]
950 effect conditions simplified
0 implied preconditions added
Detecting unreachable propositions...
0 operators removed
0 axioms removed
8 propositions removed
Detecting unreachable propositions: [0.130s CPU, 0.132s wall-clock]
Reordering and filtering variables...
242 of 243 variables necessary.
60 of 70 mutex groups necessary.
811 of 811 operators necessary.
0 of 0 axiom rules necessary.
Reordering and filtering variables: [0.090s CPU, 0.090s wall-clock]
Translator variables: 242
Translator derived variables: 0
Translator facts: 492
Translator goal facts: 1
Translator mutex groups: 60
Translator total mutex groups size: 123
Translator operators: 811
Translator axioms: 0
Translator task size: 92288
Translator peak memory: 65892 KB
Writing output... [0.070s CPU, 0.068s wall-clock]
Done! [1.530s CPU, 1.530s wall-clock]

translate exit code: 0
INFO     Running search (release32).
INFO     search stdin: output.sas
INFO     search time limit: None
INFO     search memory limit: None
INFO     search command line string: /home/jsegovia/Desktop/automated-programming-framework-private/PLANNERS/fast-downward/builds/release32/bin/downward --evaluator 'hlm=lmcount(lm_factory=lm_rhw(reasonable_orders=true),transform=adapt_costs(one),pref=false)' --evaluator 'hff=ff(transform=adapt_costs(one))' --search 'lazy_greedy([hff,hlm],preferred=[hff,hlm],cost_type=one,reopen_closed=false)' --internal-plan-file sas_plan < output.sas
reading input... [t=2.1855e-05s]
done reading input! [t=0.0476369s]
Initializing landmarks count heuristic...
Initializing Exploration...
Generating landmarks using the RPG/SAS+ approach
approx. reasonable orders
approx. obedient reasonable orders
Removed 0 reasonable or obedient reasonable orders
Landmarks generation time: 0.0307219s
Discovered 13 landmarks, of which 0 are disjunctive and 0 are conjunctive 
36 edges
Simplifying 16120 unary operators... done! [14786 unary operators]
Initializing additive heuristic...
Initializing FF heuristic...
Building successor generator...done! [t=0.0950418s]
peak memory difference for successor generator creation: 0 KB
time for successor generation creation: 0.000241901s
Variables: 242
FactPairs: 492
Bytes per state: 32
Conducting lazy best first search, (real) bound = 2147483647
5 initial landmarks, 1 goal landmarks
New best heuristic value for lmcount(lm_factory = lm_rhw(reasonable_orders = true), transform = adapt_costs(one), pref = false): 8
New best heuristic value for ff(transform = adapt_costs(one)): 12
[g=0, 1 evaluated, 0 expanded, t=0.0954237s, 9096 KB]
Initial heuristic value for lmcount(lm_factory = lm_rhw(reasonable_orders = true), transform = adapt_costs(one), pref = false): 8
Initial heuristic value for ff(transform = adapt_costs(one)): 12
New best heuristic value for ff(transform = adapt_costs(one)): 8
[g=1, 2 evaluated, 1 expanded, t=0.0957785s, 9096 KB]
New best heuristic value for lmcount(lm_factory = lm_rhw(reasonable_orders = true), transform = adapt_costs(one), pref = false): 7
New best heuristic value for ff(transform = adapt_costs(one)): 7
[g=2, 3 evaluated, 2 expanded, t=0.0960894s, 9096 KB]
New best heuristic value for ff(transform = adapt_costs(one)): 6
[g=7, 7339 evaluated, 4481 expanded, t=1.69515s, 9904 KB]
New best heuristic value for ff(transform = adapt_costs(one)): 5
[g=8, 7340 evaluated, 4482 expanded, t=1.69541s, 9904 KB]
New best heuristic value for lmcount(lm_factory = lm_rhw(reasonable_orders = true), transform = adapt_costs(one), pref = false): 6
[g=10, 7342 evaluated, 4484 expanded, t=1.69585s, 9904 KB]
New best heuristic value for ff(transform = adapt_costs(one)): 4
[g=49, 1418122 evaluated, 972931 expanded, t=309.291s, 204800 KB]
New best heuristic value for lmcount(lm_factory = lm_rhw(reasonable_orders = true), transform = adapt_costs(one), pref = false): 5
[g=51, 1418124 evaluated, 972933 expanded, t=309.291s, 204800 KB]
New best heuristic value for ff(transform = adapt_costs(one)): 3
[g=71, 1418149 evaluated, 972956 expanded, t=309.298s, 204800 KB]
New best heuristic value for lmcount(lm_factory = lm_rhw(reasonable_orders = true), transform = adapt_costs(one), pref = false): 4
[g=73, 1418151 evaluated, 972958 expanded, t=309.298s, 204800 KB]
New best heuristic value for ff(transform = adapt_costs(one)): 2
[g=113, 1418195 evaluated, 973000 expanded, t=309.309s, 204800 KB]
New best heuristic value for lmcount(lm_factory = lm_rhw(reasonable_orders = true), transform = adapt_costs(one), pref = false): 2
[g=114, 1418196 evaluated, 973001 expanded, t=309.31s, 204800 KB]
New best heuristic value for lmcount(lm_factory = lm_rhw(reasonable_orders = true), transform = adapt_costs(one), pref = false): 1
New best heuristic value for ff(transform = adapt_costs(one)): 1
[g=125, 1418207 evaluated, 973012 expanded, t=309.312s, 204800 KB]
Solution found!
Actual search time: 309.217s [t=309.312s]
program-assign-c-to-d-0 row-0 (1001)
check-assign-c-to-d-0-0 row-0 (0)
execute-assign-c-to-d-0-0 row-0 (1)
program-assign-a-to-c-1 row-0 (1001)
check-assign-a-to-c-0-1 row-0 (0)
execute-assign-a-to-c-0-1 row-0 (1)
program-add-a-d-2 row-0 (1001)
check-add-a-d-0-2 row-0 (0)
execute-add-a-d-0-2 row-0 (1)
program-dec-b-3 row-0 (1001)
check-dec-b-0-3 row-0 (0)
execute-dec-b-0-3 row-0 (1)
program-goto-assignment-4-0 b v0 row-0 (1001)
eval-cond-assignment-0-4 b v0 row-0 (1)
dont-goto-0-4-0 row-0 (1)
program-end-5 row-0 (1)
check-main-end-0-5 row-0 (0)
repeat-end-main-0-5 row-0 (0)
check-assign-c-to-d-0-0 row-0 (0)
execute-assign-c-to-d-0-0 row-0 (1)
check-assign-a-to-c-0-1 row-0 (0)
execute-assign-a-to-c-0-1 row-0 (1)
check-add-a-d-0-2 row-0 (0)
execute-add-a-d-0-2 row-0 (1)
check-dec-b-0-3 row-0 (0)
execute-dec-b-0-3 row-0 (1)
eval-cond-assignment-0-4 b v0 row-0 (1)
do-goto-0-4-0 row-0 (1)
check-assign-c-to-d-0-0 row-0 (0)
execute-assign-c-to-d-0-0 row-0 (1)
check-assign-a-to-c-0-1 row-0 (0)
execute-assign-a-to-c-0-1 row-0 (1)
check-add-a-d-0-2 row-0 (0)
execute-add-a-d-0-2 row-0 (1)
check-dec-b-0-3 row-0 (0)
execute-dec-b-0-3 row-0 (1)
eval-cond-assignment-0-4 b v0 row-0 (1)
do-goto-0-4-0 row-0 (1)
check-assign-c-to-d-0-0 row-0 (0)
execute-assign-c-to-d-0-0 row-0 (1)
check-assign-a-to-c-0-1 row-0 (0)
execute-assign-a-to-c-0-1 row-0 (1)
check-add-a-d-0-2 row-0 (0)
execute-add-a-d-0-2 row-0 (1)
check-dec-b-0-3 row-0 (0)
execute-dec-b-0-3 row-0 (1)
eval-cond-assignment-0-4 b v0 row-0 (1)
dont-goto-0-4-0 row-0 (1)
check-main-end-1-5 row-0 (0)
repeat-end-main-1-5 row-0 (0)
check-assign-c-to-d-0-0 row-0 (0)
execute-assign-c-to-d-0-0 row-0 (1)
check-assign-a-to-c-0-1 row-0 (0)
execute-assign-a-to-c-0-1 row-0 (1)
check-add-a-d-0-2 row-0 (0)
execute-add-a-d-0-2 row-0 (1)
check-dec-b-0-3 row-0 (0)
execute-dec-b-0-3 row-0 (1)
eval-cond-assignment-0-4 b v0 row-0 (1)
do-goto-0-4-0 row-0 (1)
check-assign-c-to-d-0-0 row-0 (0)
execute-assign-c-to-d-0-0 row-0 (1)
check-assign-a-to-c-0-1 row-0 (0)
execute-assign-a-to-c-0-1 row-0 (1)
check-add-a-d-0-2 row-0 (0)
execute-add-a-d-0-2 row-0 (1)
check-dec-b-0-3 row-0 (0)
execute-dec-b-0-3 row-0 (1)
eval-cond-assignment-0-4 b v0 row-0 (1)
dont-goto-0-4-0 row-0 (1)
check-main-end-2-5 row-0 (0)
repeat-end-main-2-5 row-0 (0)
check-assign-c-to-d-0-0 row-0 (0)
execute-assign-c-to-d-0-0 row-0 (1)
check-assign-a-to-c-0-1 row-0 (0)
execute-assign-a-to-c-0-1 row-0 (1)
check-add-a-d-0-2 row-0 (0)
execute-add-a-d-0-2 row-0 (1)
check-dec-b-0-3 row-0 (0)
execute-dec-b-0-3 row-0 (1)
eval-cond-assignment-0-4 b v0 row-0 (1)
do-goto-0-4-0 row-0 (1)
check-assign-c-to-d-0-0 row-0 (0)
execute-assign-c-to-d-0-0 row-0 (1)
check-assign-a-to-c-0-1 row-0 (0)
execute-assign-a-to-c-0-1 row-0 (1)
check-add-a-d-0-2 row-0 (0)
execute-add-a-d-0-2 row-0 (1)
check-dec-b-0-3 row-0 (0)
execute-dec-b-0-3 row-0 (1)
eval-cond-assignment-0-4 b v0 row-0 (1)
do-goto-0-4-0 row-0 (1)
check-assign-c-to-d-0-0 row-0 (0)
execute-assign-c-to-d-0-0 row-0 (1)
check-assign-a-to-c-0-1 row-0 (0)
execute-assign-a-to-c-0-1 row-0 (1)
check-add-a-d-0-2 row-0 (0)
execute-add-a-d-0-2 row-0 (1)
check-dec-b-0-3 row-0 (0)
execute-dec-b-0-3 row-0 (1)
eval-cond-assignment-0-4 b v0 row-0 (1)
do-goto-0-4-0 row-0 (1)
check-assign-c-to-d-0-0 row-0 (0)
execute-assign-c-to-d-0-0 row-0 (1)
check-assign-a-to-c-0-1 row-0 (0)
execute-assign-a-to-c-0-1 row-0 (1)
check-add-a-d-0-2 row-0 (0)
execute-add-a-d-0-2 row-0 (1)
check-dec-b-0-3 row-0 (0)
execute-dec-b-0-3 row-0 (1)
eval-cond-assignment-0-4 b v0 row-0 (1)
dont-goto-0-4-0 row-0 (1)
check-main-end-3-5 row-0 (0)
repeat-end-main-3-5 row-0 (0)
check-assign-c-to-d-0-0 row-0 (0)
execute-assign-c-to-d-0-0 row-0 (1)
check-assign-a-to-c-0-1 row-0 (0)
execute-assign-a-to-c-0-1 row-0 (1)
check-add-a-d-0-2 row-0 (0)
execute-add-a-d-0-2 row-0 (1)
check-dec-b-0-3 row-0 (0)
execute-dec-b-0-3 row-0 (1)
eval-cond-assignment-0-4 b v0 row-0 (1)
dont-goto-0-4-0 row-0 (1)
check-main-end-4-5 row-0 (0)
skip-4  (0)
Plan length: 126 step(s).
Plan cost: 5072
Expanded 973013 state(s).
Reopened 0 state(s).
Evaluated 1418208 state(s).
Evaluations: 2391222
Generated 6447288 state(s).
Dead ends: 445194 state(s).
Number of registered states: 1418208
Int hash set load factor: 1418208/2097152 = 0.676254
Int hash set resizes: 21
Search time: 309.217s
Total time: 309.312s
Solution found.
Peak memory: 204800 KB

search exit code: 0
