INFO     Running translator.
INFO     translator stdin: None
INFO     translator time limit: None
INFO     translator memory limit: None
INFO     translator command line string: /usr/bin/python /home/jsegovia/Desktop/automated-programming-framework-private/PLANNERS/fast-downward/builds/release32/bin/translate/translate.py domain.pddl ins.pddl --sas-file output.sas
Parsing...
Parsing: [0.090s CPU, 0.087s wall-clock]
Normalizing task... [0.010s CPU, 0.006s wall-clock]
Instantiating...
Generating Datalog program... [0.000s CPU, 0.005s wall-clock]
Normalizing Datalog program...
Unbound effect variables: Adding @object predicate.
Normalizing Datalog program: [0.040s CPU, 0.041s wall-clock]
Preparing model... [0.020s CPU, 0.020s wall-clock]
Generated 1931 rules.
Computing model... [0.040s CPU, 0.046s wall-clock]
2934 relevant atoms
2386 auxiliary atoms
5320 final queue length
12813 total queue pushes
Completing instantiation... [0.130s CPU, 0.135s wall-clock]
Instantiating: [0.240s CPU, 0.251s wall-clock]
Computing fact groups...
Finding invariants...
161 initial candidates
Finding invariants: [17.980s CPU, 17.968s wall-clock]
Checking invariant weight... [0.000s CPU, 0.001s wall-clock]
Instantiating groups... [0.000s CPU, 0.000s wall-clock]
Collecting mutex groups... [0.000s CPU, 0.001s wall-clock]
Choosing groups...
1818 uncovered facts
Choosing groups: [0.000s CPU, 0.001s wall-clock]
Building translation key... [0.000s CPU, 0.007s wall-clock]
Computing fact groups: [18.000s CPU, 17.994s wall-clock]
Building STRIPS to SAS dictionary... [0.010s CPU, 0.002s wall-clock]
Building dictionary for full mutex groups... [0.000s CPU, 0.001s wall-clock]
Building mutex information...
Building mutex information: [0.000s CPU, 0.002s wall-clock]
Translating task...
Processing axioms...
Simplifying axioms... [0.000s CPU, 0.000s wall-clock]
Processing axioms: [0.010s CPU, 0.008s wall-clock]
Translating task: [0.520s CPU, 0.524s wall-clock]
4996 effect conditions simplified
0 implied preconditions added
Detecting unreachable propositions...
0 operators removed
0 axioms removed
2552 propositions removed
Detecting unreachable propositions: [0.140s CPU, 0.132s wall-clock]
Reordering and filtering variables...
550 of 550 variables necessary.
59 of 69 mutex groups necessary.
808 of 808 operators necessary.
8 of 8 axiom rules necessary.
Reordering and filtering variables: [0.100s CPU, 0.102s wall-clock]
Translator variables: 550
Translator derived variables: 8
Translator facts: 1108
Translator goal facts: 1
Translator mutex groups: 59
Translator total mutex groups size: 118
Translator operators: 808
Translator axioms: 8
Translator task size: 98071
Translator peak memory: 291384 KB
Writing output... [0.100s CPU, 0.093s wall-clock]
Done! [19.210s CPU, 19.202s wall-clock]

translate exit code: 0
INFO     Running search (release32).
INFO     search stdin: output.sas
INFO     search time limit: None
INFO     search memory limit: None
INFO     search command line string: /home/jsegovia/Desktop/automated-programming-framework-private/PLANNERS/fast-downward/builds/release32/bin/downward --evaluator 'hlm=lmcount(lm_factory=lm_rhw(reasonable_orders=true),transform=adapt_costs(one),pref=false)' --evaluator 'hff=ff(transform=adapt_costs(one))' --search 'lazy_greedy([hff,hlm],preferred=[hff,hlm],cost_type=one,reopen_closed=false)' --internal-plan-file sas_plan < output.sas
reading input... [t=2.1436e-05s]
done reading input! [t=0.0529525s]
Initializing landmarks count heuristic...
Initializing Exploration...
Generating landmarks using the RPG/SAS+ approach
approx. reasonable orders
approx. obedient reasonable orders
Removed 0 reasonable or obedient reasonable orders
Landmarks generation time: 0.04018s
Discovered 15 landmarks, of which 0 are disjunctive and 0 are conjunctive 
43 edges
Simplifying 20430 unary operators... done! [19096 unary operators]
Initializing additive heuristic...
Initializing FF heuristic...
Building successor generator...done! [t=0.111978s]
peak memory difference for successor generator creation: 0 KB
time for successor generation creation: 0.000243497s
Variables: 550
FactPairs: 1108
Bytes per state: 72
Conducting lazy best first search, (real) bound = 2147483647
7 initial landmarks, 1 goal landmarks
New best heuristic value for lmcount(lm_factory = lm_rhw(reasonable_orders = true), transform = adapt_costs(one), pref = false): 8
New best heuristic value for ff(transform = adapt_costs(one)): 12
[g=0, 1 evaluated, 0 expanded, t=0.112415s, 11308 KB]
Initial heuristic value for lmcount(lm_factory = lm_rhw(reasonable_orders = true), transform = adapt_costs(one), pref = false): 8
Initial heuristic value for ff(transform = adapt_costs(one)): 12
New best heuristic value for ff(transform = adapt_costs(one)): 8
[g=1, 2 evaluated, 1 expanded, t=0.112884s, 11308 KB]
New best heuristic value for lmcount(lm_factory = lm_rhw(reasonable_orders = true), transform = adapt_costs(one), pref = false): 7
New best heuristic value for ff(transform = adapt_costs(one)): 7
[g=2, 3 evaluated, 2 expanded, t=0.113282s, 11308 KB]
New best heuristic value for ff(transform = adapt_costs(one)): 6
[g=10, 251 evaluated, 250 expanded, t=0.196325s, 11308 KB]
New best heuristic value for ff(transform = adapt_costs(one)): 5
[g=11, 252 evaluated, 251 expanded, t=0.196703s, 11308 KB]
New best heuristic value for lmcount(lm_factory = lm_rhw(reasonable_orders = true), transform = adapt_costs(one), pref = false): 6
[g=13, 254 evaluated, 253 expanded, t=0.197376s, 11308 KB]
