INFO     Running translator.
INFO     translator stdin: None
INFO     translator time limit: None
INFO     translator memory limit: None
INFO     translator command line string: /usr/bin/python /home/jsegovia/Desktop/automated-programming-framework-private/PLANNERS/fast-downward/builds/release32/bin/translate/translate.py domain.pddl ins.pddl --sas-file output.sas
Parsing...
Parsing: [0.060s CPU, 0.073s wall-clock]
Normalizing task... [0.010s CPU, 0.005s wall-clock]
Instantiating...
Generating Datalog program... [0.000s CPU, 0.004s wall-clock]
Normalizing Datalog program...
Normalizing Datalog program: [0.040s CPU, 0.040s wall-clock]
Preparing model... [0.020s CPU, 0.020s wall-clock]
Generated 1977 rules.
Computing model... [0.040s CPU, 0.038s wall-clock]
1093 relevant atoms
2110 auxiliary atoms
3203 final queue length
10511 total queue pushes
Completing instantiation... [0.090s CPU, 0.087s wall-clock]
Instantiating: [0.200s CPU, 0.193s wall-clock]
Computing fact groups...
Finding invariants...
119 initial candidates
Finding invariants: [0.330s CPU, 0.335s wall-clock]
Checking invariant weight... [0.000s CPU, 0.000s wall-clock]
Instantiating groups... [0.000s CPU, 0.000s wall-clock]
Collecting mutex groups... [0.000s CPU, 0.000s wall-clock]
Choosing groups...
238 uncovered facts
Choosing groups: [0.000s CPU, 0.000s wall-clock]
Building translation key... [0.000s CPU, 0.001s wall-clock]
Computing fact groups: [0.340s CPU, 0.339s wall-clock]
Building STRIPS to SAS dictionary... [0.000s CPU, 0.000s wall-clock]
Building dictionary for full mutex groups... [0.000s CPU, 0.000s wall-clock]
Building mutex information...
Building mutex information: [0.000s CPU, 0.000s wall-clock]
Translating task...
Processing axioms...
Simplifying axioms... [0.000s CPU, 0.000s wall-clock]
Processing axioms: [0.000s CPU, 0.004s wall-clock]
Translating task: [0.450s CPU, 0.461s wall-clock]
730 effect conditions simplified
0 implied preconditions added
Detecting unreachable propositions...
0 operators removed
0 axioms removed
12 propositions removed
Detecting unreachable propositions: [0.130s CPU, 0.127s wall-clock]
Reordering and filtering variables...
239 of 240 variables necessary.
59 of 68 mutex groups necessary.
805 of 805 operators necessary.
0 of 0 axiom rules necessary.
Reordering and filtering variables: [0.070s CPU, 0.068s wall-clock]
Translator variables: 239
Translator derived variables: 0
Translator facts: 485
Translator goal facts: 1
Translator mutex groups: 59
Translator total mutex groups size: 118
Translator operators: 805
Translator axioms: 0
Translator task size: 90917
Translator peak memory: 65284 KB
Writing output... [0.070s CPU, 0.067s wall-clock]
Done! [1.330s CPU, 1.339s wall-clock]

translate exit code: 0
INFO     Running search (release32).
INFO     search stdin: output.sas
INFO     search time limit: None
INFO     search memory limit: None
INFO     search command line string: /home/jsegovia/Desktop/automated-programming-framework-private/PLANNERS/fast-downward/builds/release32/bin/downward --evaluator 'hlm=lmcount(lm_factory=lm_rhw(reasonable_orders=true),transform=adapt_costs(one),pref=false)' --evaluator 'hff=ff(transform=adapt_costs(one))' --search 'lazy_greedy([hff,hlm],preferred=[hff,hlm],cost_type=one,reopen_closed=false)' --internal-plan-file sas_plan < output.sas
reading input... [t=2.1473e-05s]
done reading input! [t=0.0465127s]
Initializing landmarks count heuristic...
Initializing Exploration...
Generating landmarks using the RPG/SAS+ approach
approx. reasonable orders
approx. obedient reasonable orders
Removed 0 reasonable or obedient reasonable orders
Landmarks generation time: 0.0282179s
Discovered 10 landmarks, of which 0 are disjunctive and 0 are conjunctive 
21 edges
Simplifying 15674 unary operators... done! [14340 unary operators]
Initializing additive heuristic...
Initializing FF heuristic...
Building successor generator...done! [t=0.0896475s]
peak memory difference for successor generator creation: 0 KB
time for successor generation creation: 0.000207858s
Variables: 239
FactPairs: 485
Bytes per state: 32
Conducting lazy best first search, (real) bound = 2147483647
4 initial landmarks, 1 goal landmarks
New best heuristic value for lmcount(lm_factory = lm_rhw(reasonable_orders = true), transform = adapt_costs(one), pref = false): 6
New best heuristic value for ff(transform = adapt_costs(one)): 11
[g=0, 1 evaluated, 0 expanded, t=0.0899982s, 9032 KB]
Initial heuristic value for lmcount(lm_factory = lm_rhw(reasonable_orders = true), transform = adapt_costs(one), pref = false): 6
Initial heuristic value for ff(transform = adapt_costs(one)): 11
New best heuristic value for ff(transform = adapt_costs(one)): 7
[g=1, 2 evaluated, 1 expanded, t=0.090324s, 9032 KB]
New best heuristic value for lmcount(lm_factory = lm_rhw(reasonable_orders = true), transform = adapt_costs(one), pref = false): 4
New best heuristic value for ff(transform = adapt_costs(one)): 6
[g=2, 3 evaluated, 2 expanded, t=0.0906078s, 9032 KB]
New best heuristic value for ff(transform = adapt_costs(one)): 5
[g=7, 7339 evaluated, 4481 expanded, t=1.54296s, 10044 KB]
New best heuristic value for ff(transform = adapt_costs(one)): 4
[g=8, 7340 evaluated, 4482 expanded, t=1.5432s, 10044 KB]
New best heuristic value for lmcount(lm_factory = lm_rhw(reasonable_orders = true), transform = adapt_costs(one), pref = false): 3
[g=10, 7342 evaluated, 4484 expanded, t=1.5436s, 10044 KB]
New best heuristic value for ff(transform = adapt_costs(one)): 3
[g=49, 1631658 evaluated, 1111326 expanded, t=326.542s, 242500 KB]
New best heuristic value for lmcount(lm_factory = lm_rhw(reasonable_orders = true), transform = adapt_costs(one), pref = false): 2
[g=51, 1631660 evaluated, 1111328 expanded, t=326.542s, 242500 KB]
New best heuristic value for ff(transform = adapt_costs(one)): 2
[g=71, 1631684 evaluated, 1111351 expanded, t=326.548s, 242500 KB]
New best heuristic value for lmcount(lm_factory = lm_rhw(reasonable_orders = true), transform = adapt_costs(one), pref = false): 1
[g=73, 1631686 evaluated, 1111353 expanded, t=326.549s, 242500 KB]
New best heuristic value for ff(transform = adapt_costs(one)): 1
[g=113, 1631728 evaluated, 1111394 expanded, t=326.558s, 242500 KB]
Solution found!
Actual search time: 326.468s [t=326.558s]
program-assign-c-to-d-0 row-0 (1001)
check-assign-c-to-d-0-0 row-0 (0)
execute-assign-c-to-d-0-0 row-0 (1)
program-assign-a-to-c-1 row-0 (1001)
check-assign-a-to-c-0-1 row-0 (0)
execute-assign-a-to-c-0-1 row-0 (1)
program-add-a-d-2 row-0 (1001)
check-add-a-d-0-2 row-0 (0)
execute-add-a-d-0-2 row-0 (1)
program-dec-b-3 row-0 (1001)
check-dec-b-0-3 row-0 (0)
execute-dec-b-0-3 row-0 (1)
program-goto-assignment-4-0 b v0 row-0 (1001)
eval-cond-assignment-0-4 b v0 row-0 (1)
dont-goto-0-4-0 row-0 (1)
program-end-5 row-0 (1)
check-main-end-0-5 row-0 (0)
repeat-end-main-0-5 row-0 (0)
check-assign-c-to-d-0-0 row-0 (0)
execute-assign-c-to-d-0-0 row-0 (1)
check-assign-a-to-c-0-1 row-0 (0)
execute-assign-a-to-c-0-1 row-0 (1)
check-add-a-d-0-2 row-0 (0)
execute-add-a-d-0-2 row-0 (1)
check-dec-b-0-3 row-0 (0)
execute-dec-b-0-3 row-0 (1)
eval-cond-assignment-0-4 b v0 row-0 (1)
do-goto-0-4-0 row-0 (1)
check-assign-c-to-d-0-0 row-0 (0)
execute-assign-c-to-d-0-0 row-0 (1)
check-assign-a-to-c-0-1 row-0 (0)
execute-assign-a-to-c-0-1 row-0 (1)
check-add-a-d-0-2 row-0 (0)
execute-add-a-d-0-2 row-0 (1)
check-dec-b-0-3 row-0 (0)
execute-dec-b-0-3 row-0 (1)
eval-cond-assignment-0-4 b v0 row-0 (1)
do-goto-0-4-0 row-0 (1)
check-assign-c-to-d-0-0 row-0 (0)
execute-assign-c-to-d-0-0 row-0 (1)
check-assign-a-to-c-0-1 row-0 (0)
execute-assign-a-to-c-0-1 row-0 (1)
check-add-a-d-0-2 row-0 (0)
execute-add-a-d-0-2 row-0 (1)
check-dec-b-0-3 row-0 (0)
execute-dec-b-0-3 row-0 (1)
eval-cond-assignment-0-4 b v0 row-0 (1)
dont-goto-0-4-0 row-0 (1)
check-main-end-1-5 row-0 (0)
repeat-end-main-1-5 row-0 (0)
check-assign-c-to-d-0-0 row-0 (0)
execute-assign-c-to-d-0-0 row-0 (1)
check-assign-a-to-c-0-1 row-0 (0)
execute-assign-a-to-c-0-1 row-0 (1)
check-add-a-d-0-2 row-0 (0)
execute-add-a-d-0-2 row-0 (1)
check-dec-b-0-3 row-0 (0)
execute-dec-b-0-3 row-0 (1)
eval-cond-assignment-0-4 b v0 row-0 (1)
do-goto-0-4-0 row-0 (1)
check-assign-c-to-d-0-0 row-0 (0)
execute-assign-c-to-d-0-0 row-0 (1)
check-assign-a-to-c-0-1 row-0 (0)
execute-assign-a-to-c-0-1 row-0 (1)
check-add-a-d-0-2 row-0 (0)
execute-add-a-d-0-2 row-0 (1)
check-dec-b-0-3 row-0 (0)
execute-dec-b-0-3 row-0 (1)
eval-cond-assignment-0-4 b v0 row-0 (1)
dont-goto-0-4-0 row-0 (1)
check-main-end-2-5 row-0 (0)
repeat-end-main-2-5 row-0 (0)
check-assign-c-to-d-0-0 row-0 (0)
execute-assign-c-to-d-0-0 row-0 (1)
check-assign-a-to-c-0-1 row-0 (0)
execute-assign-a-to-c-0-1 row-0 (1)
check-add-a-d-0-2 row-0 (0)
execute-add-a-d-0-2 row-0 (1)
check-dec-b-0-3 row-0 (0)
execute-dec-b-0-3 row-0 (1)
eval-cond-assignment-0-4 b v0 row-0 (1)
do-goto-0-4-0 row-0 (1)
check-assign-c-to-d-0-0 row-0 (0)
execute-assign-c-to-d-0-0 row-0 (1)
check-assign-a-to-c-0-1 row-0 (0)
execute-assign-a-to-c-0-1 row-0 (1)
check-add-a-d-0-2 row-0 (0)
execute-add-a-d-0-2 row-0 (1)
check-dec-b-0-3 row-0 (0)
execute-dec-b-0-3 row-0 (1)
eval-cond-assignment-0-4 b v0 row-0 (1)
do-goto-0-4-0 row-0 (1)
check-assign-c-to-d-0-0 row-0 (0)
execute-assign-c-to-d-0-0 row-0 (1)
check-assign-a-to-c-0-1 row-0 (0)
execute-assign-a-to-c-0-1 row-0 (1)
check-add-a-d-0-2 row-0 (0)
execute-add-a-d-0-2 row-0 (1)
check-dec-b-0-3 row-0 (0)
execute-dec-b-0-3 row-0 (1)
eval-cond-assignment-0-4 b v0 row-0 (1)
do-goto-0-4-0 row-0 (1)
check-assign-c-to-d-0-0 row-0 (0)
execute-assign-c-to-d-0-0 row-0 (1)
check-assign-a-to-c-0-1 row-0 (0)
execute-assign-a-to-c-0-1 row-0 (1)
check-add-a-d-0-2 row-0 (0)
execute-add-a-d-0-2 row-0 (1)
check-dec-b-0-3 row-0 (0)
execute-dec-b-0-3 row-0 (1)
eval-cond-assignment-0-4 b v0 row-0 (1)
dont-goto-0-4-0 row-0 (1)
check-main-end-3-5 row-0 (0)
repeat-end-main-3-5 row-0 (0)
Plan length: 114 step(s).
Plan cost: 5066
Expanded 1111395 state(s).
Reopened 0 state(s).
Evaluated 1631729 state(s).
Evaluations: 2743125
Generated 8052709 state(s).
Dead ends: 520333 state(s).
Number of registered states: 1631729
Int hash set load factor: 1631729/2097152 = 0.778069
Int hash set resizes: 21
Search time: 326.468s
Total time: 326.558s
Solution found.
Peak memory: 242500 KB

search exit code: 0
