INFO     Running translator.
INFO     translator stdin: None
INFO     translator time limit: None
INFO     translator memory limit: None
INFO     translator command line string: /usr/bin/python /home/jsegovia/Desktop/automated-programming-framework-private/PLANNERS/fast-downward/builds/release32/bin/translate/translate.py domain.pddl ins.pddl --sas-file output.sas
Parsing...
Parsing: [0.060s CPU, 0.059s wall-clock]
Normalizing task... [0.000s CPU, 0.004s wall-clock]
Instantiating...
Generating Datalog program... [0.010s CPU, 0.003s wall-clock]
Normalizing Datalog program...
Normalizing Datalog program: [0.030s CPU, 0.035s wall-clock]
Preparing model... [0.020s CPU, 0.017s wall-clock]
Generated 1609 rules.
Computing model... [0.020s CPU, 0.021s wall-clock]
1046 relevant atoms
1530 auxiliary atoms
2576 final queue length
5499 total queue pushes
Completing instantiation... [0.060s CPU, 0.063s wall-clock]
Instantiating: [0.140s CPU, 0.142s wall-clock]
Computing fact groups...
Finding invariants...
119 initial candidates
Finding invariants: [0.140s CPU, 0.140s wall-clock]
Checking invariant weight... [0.010s CPU, 0.000s wall-clock]
Instantiating groups... [0.000s CPU, 0.000s wall-clock]
Collecting mutex groups... [0.000s CPU, 0.000s wall-clock]
Choosing groups...
209 uncovered facts
Choosing groups: [0.000s CPU, 0.000s wall-clock]
Building translation key... [0.000s CPU, 0.001s wall-clock]
Computing fact groups: [0.150s CPU, 0.144s wall-clock]
Building STRIPS to SAS dictionary... [0.000s CPU, 0.000s wall-clock]
Building dictionary for full mutex groups... [0.000s CPU, 0.000s wall-clock]
Building mutex information...
Building mutex information: [0.000s CPU, 0.000s wall-clock]
Translating task...
Processing axioms...
Simplifying axioms... [0.000s CPU, 0.000s wall-clock]
Processing axioms: [0.000s CPU, 0.002s wall-clock]
Translating task: [0.050s CPU, 0.051s wall-clock]
330 effect conditions simplified
0 implied preconditions added
Detecting unreachable propositions...
0 operators removed
0 axioms removed
12 propositions removed
Detecting unreachable propositions: [0.020s CPU, 0.017s wall-clock]
Reordering and filtering variables...
210 of 211 variables necessary.
59 of 67 mutex groups necessary.
788 of 788 operators necessary.
0 of 0 axiom rules necessary.
Reordering and filtering variables: [0.010s CPU, 0.010s wall-clock]
Translator variables: 210
Translator derived variables: 0
Translator facts: 426
Translator goal facts: 1
Translator mutex groups: 59
Translator total mutex groups size: 118
Translator operators: 788
Translator axioms: 0
Translator task size: 7400
Translator peak memory: 47244 KB
Writing output... [0.010s CPU, 0.008s wall-clock]
Done! [0.440s CPU, 0.437s wall-clock]

translate exit code: 0
INFO     Running search (release32).
INFO     search stdin: output.sas
INFO     search time limit: None
INFO     search memory limit: None
INFO     search command line string: /home/jsegovia/Desktop/automated-programming-framework-private/PLANNERS/fast-downward/builds/release32/bin/downward --evaluator 'hlm=lmcount(lm_factory=lm_rhw(reasonable_orders=true),transform=adapt_costs(one),pref=false)' --evaluator 'hff=ff(transform=adapt_costs(one))' --search 'lazy_greedy([hff,hlm],preferred=[hff,hlm],cost_type=one,reopen_closed=false)' --internal-plan-file sas_plan < output.sas
reading input... [t=2.2184e-05s]
done reading input! [t=0.00679109s]
Initializing landmarks count heuristic...
Initializing Exploration...
Generating landmarks using the RPG/SAS+ approach
approx. reasonable orders
approx. obedient reasonable orders
Removed 0 reasonable or obedient reasonable orders
Landmarks generation time: 0.00483879s
Discovered 11 landmarks, of which 0 are disjunctive and 0 are conjunctive 
23 edges
Simplifying 2655 unary operators... done! [1321 unary operators]
Initializing additive heuristic...
Initializing FF heuristic...
Building successor generator...done! [t=0.0150344s]
peak memory difference for successor generator creation: 0 KB
time for successor generation creation: 0.000234353s
Variables: 210
FactPairs: 426
Bytes per state: 28
Conducting lazy best first search, (real) bound = 2147483647
5 initial landmarks, 1 goal landmarks
New best heuristic value for lmcount(lm_factory = lm_rhw(reasonable_orders = true), transform = adapt_costs(one), pref = false): 6
New best heuristic value for ff(transform = adapt_costs(one)): 10
[g=0, 1 evaluated, 0 expanded, t=0.0151696s, 5040 KB]
Initial heuristic value for lmcount(lm_factory = lm_rhw(reasonable_orders = true), transform = adapt_costs(one), pref = false): 6
Initial heuristic value for ff(transform = adapt_costs(one)): 10
New best heuristic value for ff(transform = adapt_costs(one)): 6
[g=1, 2 evaluated, 1 expanded, t=0.0152902s, 5040 KB]
New best heuristic value for lmcount(lm_factory = lm_rhw(reasonable_orders = true), transform = adapt_costs(one), pref = false): 5
New best heuristic value for ff(transform = adapt_costs(one)): 5
[g=2, 3 evaluated, 2 expanded, t=0.015359s, 5040 KB]
New best heuristic value for ff(transform = adapt_costs(one)): 4
[g=7, 7339 evaluated, 4481 expanded, t=0.210261s, 7344 KB]
New best heuristic value for ff(transform = adapt_costs(one)): 3
[g=8, 7340 evaluated, 4482 expanded, t=0.210327s, 7344 KB]
New best heuristic value for lmcount(lm_factory = lm_rhw(reasonable_orders = true), transform = adapt_costs(one), pref = false): 3
[g=9, 7341 evaluated, 4483 expanded, t=0.210372s, 7344 KB]
New best heuristic value for lmcount(lm_factory = lm_rhw(reasonable_orders = true), transform = adapt_costs(one), pref = false): 2
New best heuristic value for ff(transform = adapt_costs(one)): 2
[g=14, 7346 evaluated, 4488 expanded, t=0.210499s, 7344 KB]
New best heuristic value for lmcount(lm_factory = lm_rhw(reasonable_orders = true), transform = adapt_costs(one), pref = false): 1
New best heuristic value for ff(transform = adapt_costs(one)): 1
[g=20, 7352 evaluated, 4494 expanded, t=0.210664s, 7344 KB]
Solution found!
Actual search time: 0.19559s [t=0.210701s]
program-assign-a-to-c-0 row-0 (1001)
check-assign-a-to-c-0-0 row-0 (0)
execute-assign-a-to-c-0-0 row-0 (1)
program-dec-b-1 row-0 (1001)
check-dec-b-0-1 row-0 (0)
execute-dec-b-0-1 row-0 (1)
program-end-2 row-0 (1)
check-main-end-0-2 row-0 (0)
repeat-end-main-0-2 row-0 (0)
check-assign-a-to-c-0-0 row-0 (0)
execute-assign-a-to-c-0-0 row-0 (1)
check-dec-b-0-1 row-0 (0)
execute-dec-b-0-1 row-0 (1)
check-main-end-1-2 row-0 (0)
skip-1  (0)
check-assign-a-to-c-0-0 row-0 (0)
execute-assign-a-to-c-0-0 row-0 (1)
check-dec-b-0-1 row-0 (0)
execute-dec-b-0-1 row-0 (1)
check-main-end-2-2 row-0 (0)
skip-2  (0)
Plan length: 21 step(s).
Plan cost: 2009
Expanded 4495 state(s).
Reopened 0 state(s).
Evaluated 7353 state(s).
Evaluations: 11849
Generated 115058 state(s).
Dead ends: 2857 state(s).
Number of registered states: 7353
Int hash set load factor: 7353/16384 = 0.448792
Int hash set resizes: 14
Search time: 0.195603s
Total time: 0.210704s
Solution found.
Peak memory: 7344 KB

search exit code: 0
