INFO     Running translator.
INFO     translator stdin: None
INFO     translator time limit: None
INFO     translator memory limit: None
INFO     translator command line string: /usr/bin/python /home/jsegovia/Desktop/automated-programming-framework-private/PLANNERS/fast-downward/builds/release32/bin/translate/translate.py domain.pddl ins.pddl --sas-file output.sas
Parsing...
Parsing: [0.060s CPU, 0.069s wall-clock]
Normalizing task... [0.010s CPU, 0.005s wall-clock]
Instantiating...
Generating Datalog program... [0.000s CPU, 0.004s wall-clock]
Normalizing Datalog program...
Unbound effect variables: Adding @object predicate.
Normalizing Datalog program: [0.040s CPU, 0.036s wall-clock]
Preparing model... [0.020s CPU, 0.018s wall-clock]
Generated 1675 rules.
Computing model... [0.040s CPU, 0.044s wall-clock]
2915 relevant atoms
2311 auxiliary atoms
5226 final queue length
12615 total queue pushes
Completing instantiation... [0.110s CPU, 0.106s wall-clock]
Instantiating: [0.210s CPU, 0.210s wall-clock]
Computing fact groups...
Finding invariants...
159 initial candidates
Finding invariants: [18.150s CPU, 18.151s wall-clock]
Checking invariant weight... [0.000s CPU, 0.000s wall-clock]
Instantiating groups... [0.000s CPU, 0.000s wall-clock]
Collecting mutex groups... [0.000s CPU, 0.001s wall-clock]
Choosing groups...
1818 uncovered facts
Choosing groups: [0.000s CPU, 0.001s wall-clock]
Building translation key... [0.010s CPU, 0.007s wall-clock]
Computing fact groups: [18.170s CPU, 18.178s wall-clock]
Building STRIPS to SAS dictionary... [0.000s CPU, 0.002s wall-clock]
Building dictionary for full mutex groups... [0.000s CPU, 0.002s wall-clock]
Building mutex information...
Building mutex information: [0.010s CPU, 0.002s wall-clock]
Translating task...
Processing axioms...
Simplifying axioms... [0.000s CPU, 0.000s wall-clock]
Processing axioms: [0.000s CPU, 0.007s wall-clock]
Translating task: [0.480s CPU, 0.487s wall-clock]
2644 effect conditions simplified
0 implied preconditions added
Detecting unreachable propositions...
0 operators removed
0 axioms removed
2552 propositions removed
Detecting unreachable propositions: [0.180s CPU, 0.174s wall-clock]
Reordering and filtering variables...
550 of 550 variables necessary.
59 of 67 mutex groups necessary.
791 of 791 operators necessary.
8 of 8 axiom rules necessary.
Reordering and filtering variables: [0.090s CPU, 0.093s wall-clock]
Translator variables: 550
Translator derived variables: 8
Translator facts: 1106
Translator goal facts: 1
Translator mutex groups: 59
Translator total mutex groups size: 118
Translator operators: 791
Translator axioms: 8
Translator task size: 95460
Translator peak memory: 310860 KB
Writing output... [0.070s CPU, 0.072s wall-clock]
Done! [19.290s CPU, 19.298s wall-clock]

translate exit code: 0
INFO     Running search (release32).
INFO     search stdin: output.sas
INFO     search time limit: None
INFO     search memory limit: None
INFO     search command line string: /home/jsegovia/Desktop/automated-programming-framework-private/PLANNERS/fast-downward/builds/release32/bin/downward --evaluator 'hlm=lmcount(lm_factory=lm_rhw(reasonable_orders=true),transform=adapt_costs(one),pref=false)' --evaluator 'hff=ff(transform=adapt_costs(one))' --search 'lazy_greedy([hff,hlm],preferred=[hff,hlm],cost_type=one,reopen_closed=false)' --internal-plan-file sas_plan < output.sas
reading input... [t=1.9872e-05s]
done reading input! [t=0.0494475s]
Initializing landmarks count heuristic...
Initializing Exploration...
Generating landmarks using the RPG/SAS+ approach
approx. reasonable orders
approx. obedient reasonable orders
Removed 0 reasonable or obedient reasonable orders
Landmarks generation time: 0.0347798s
Discovered 13 landmarks, of which 0 are disjunctive and 0 are conjunctive 
27 edges
Simplifying 17966 unary operators... done! [16632 unary operators]
Initializing additive heuristic...
Initializing FF heuristic...
Building successor generator...done! [t=0.100382s]
peak memory difference for successor generator creation: 0 KB
time for successor generation creation: 0.00022254s
Variables: 550
FactPairs: 1106
Bytes per state: 72
Conducting lazy best first search, (real) bound = 2147483647
7 initial landmarks, 1 goal landmarks
New best heuristic value for lmcount(lm_factory = lm_rhw(reasonable_orders = true), transform = adapt_costs(one), pref = false): 6
New best heuristic value for ff(transform = adapt_costs(one)): 10
[g=0, 1 evaluated, 0 expanded, t=0.100814s, 11032 KB]
Initial heuristic value for lmcount(lm_factory = lm_rhw(reasonable_orders = true), transform = adapt_costs(one), pref = false): 6
Initial heuristic value for ff(transform = adapt_costs(one)): 10
New best heuristic value for ff(transform = adapt_costs(one)): 6
[g=1, 2 evaluated, 1 expanded, t=0.101222s, 11032 KB]
New best heuristic value for lmcount(lm_factory = lm_rhw(reasonable_orders = true), transform = adapt_costs(one), pref = false): 5
New best heuristic value for ff(transform = adapt_costs(one)): 5
[g=2, 3 evaluated, 2 expanded, t=0.101583s, 11032 KB]
