INFO     Running translator.
INFO     translator stdin: None
INFO     translator time limit: None
INFO     translator memory limit: None
INFO     translator command line string: /usr/bin/python /home/jsegovia/Desktop/automated-programming-framework-private/PLANNERS/fast-downward/builds/release32/bin/translate/translate.py domain.pddl ins.pddl --sas-file output.sas
Parsing...
Parsing: [0.070s CPU, 0.072s wall-clock]
Normalizing task... [0.000s CPU, 0.005s wall-clock]
Instantiating...
Generating Datalog program... [0.000s CPU, 0.004s wall-clock]
Normalizing Datalog program...
Normalizing Datalog program: [0.040s CPU, 0.039s wall-clock]
Preparing model... [0.020s CPU, 0.020s wall-clock]
Generated 1938 rules.
Computing model... [0.040s CPU, 0.038s wall-clock]
1093 relevant atoms
2105 auxiliary atoms
3198 final queue length
10538 total queue pushes
Completing instantiation... [0.090s CPU, 0.090s wall-clock]
Instantiating: [0.190s CPU, 0.195s wall-clock]
Computing fact groups...
Finding invariants...
120 initial candidates
Finding invariants: [0.260s CPU, 0.255s wall-clock]
Checking invariant weight... [0.000s CPU, 0.000s wall-clock]
Instantiating groups... [0.000s CPU, 0.000s wall-clock]
Collecting mutex groups... [0.000s CPU, 0.000s wall-clock]
Choosing groups...
239 uncovered facts
Choosing groups: [0.000s CPU, 0.000s wall-clock]
Building translation key... [0.000s CPU, 0.001s wall-clock]
Computing fact groups: [0.260s CPU, 0.260s wall-clock]
Building STRIPS to SAS dictionary... [0.000s CPU, 0.000s wall-clock]
Building dictionary for full mutex groups... [0.000s CPU, 0.000s wall-clock]
Building mutex information...
Building mutex information: [0.010s CPU, 0.000s wall-clock]
Translating task...
Processing axioms...
Simplifying axioms... [0.000s CPU, 0.000s wall-clock]
Processing axioms: [0.000s CPU, 0.004s wall-clock]
Translating task: [0.460s CPU, 0.463s wall-clock]
755 effect conditions simplified
0 implied preconditions added
Detecting unreachable propositions...
0 operators removed
0 axioms removed
8 propositions removed
Detecting unreachable propositions: [0.130s CPU, 0.127s wall-clock]
Reordering and filtering variables...
242 of 243 variables necessary.
60 of 69 mutex groups necessary.
801 of 801 operators necessary.
0 of 0 axiom rules necessary.
Reordering and filtering variables: [0.070s CPU, 0.070s wall-clock]
Translator variables: 242
Translator derived variables: 0
Translator facts: 491
Translator goal facts: 1
Translator mutex groups: 60
Translator total mutex groups size: 122
Translator operators: 801
Translator axioms: 0
Translator task size: 91956
Translator peak memory: 65360 KB
Writing output... [0.070s CPU, 0.068s wall-clock]
Done! [1.260s CPU, 1.265s wall-clock]

translate exit code: 0
INFO     Running search (release32).
INFO     search stdin: output.sas
INFO     search time limit: None
INFO     search memory limit: None
INFO     search command line string: /home/jsegovia/Desktop/automated-programming-framework-private/PLANNERS/fast-downward/builds/release32/bin/downward --evaluator 'hlm=lmcount(lm_factory=lm_rhw(reasonable_orders=true),transform=adapt_costs(one),pref=false)' --evaluator 'hff=ff(transform=adapt_costs(one))' --search 'lazy_greedy([hff,hlm],preferred=[hff,hlm],cost_type=one,reopen_closed=false)' --internal-plan-file sas_plan < output.sas
reading input... [t=1.8948e-05s]
done reading input! [t=0.0457822s]
Initializing landmarks count heuristic...
Initializing Exploration...
Generating landmarks using the RPG/SAS+ approach
approx. reasonable orders
approx. obedient reasonable orders
Removed 0 reasonable or obedient reasonable orders
Landmarks generation time: 0.0288526s
Discovered 12 landmarks, of which 0 are disjunctive and 0 are conjunctive 
28 edges
Simplifying 15865 unary operators... done! [14531 unary operators]
Initializing additive heuristic...
Initializing FF heuristic...
Building successor generator...done! [t=0.0897579s]
peak memory difference for successor generator creation: 0 KB
time for successor generation creation: 0.000205436s
Variables: 242
FactPairs: 491
Bytes per state: 32
Conducting lazy best first search, (real) bound = 2147483647
5 initial landmarks, 1 goal landmarks
New best heuristic value for lmcount(lm_factory = lm_rhw(reasonable_orders = true), transform = adapt_costs(one), pref = false): 7
New best heuristic value for ff(transform = adapt_costs(one)): 11
[g=0, 1 evaluated, 0 expanded, t=0.0901333s, 9068 KB]
Initial heuristic value for lmcount(lm_factory = lm_rhw(reasonable_orders = true), transform = adapt_costs(one), pref = false): 7
Initial heuristic value for ff(transform = adapt_costs(one)): 11
New best heuristic value for ff(transform = adapt_costs(one)): 7
[g=1, 2 evaluated, 1 expanded, t=0.0905056s, 9068 KB]
New best heuristic value for lmcount(lm_factory = lm_rhw(reasonable_orders = true), transform = adapt_costs(one), pref = false): 6
New best heuristic value for ff(transform = adapt_costs(one)): 6
[g=2, 3 evaluated, 2 expanded, t=0.0908142s, 9068 KB]
New best heuristic value for ff(transform = adapt_costs(one)): 5
[g=7, 7339 evaluated, 4481 expanded, t=1.67229s, 9880 KB]
New best heuristic value for ff(transform = adapt_costs(one)): 4
[g=8, 7340 evaluated, 4482 expanded, t=1.67254s, 9880 KB]
New best heuristic value for lmcount(lm_factory = lm_rhw(reasonable_orders = true), transform = adapt_costs(one), pref = false): 5
[g=10, 7342 evaluated, 4484 expanded, t=1.67296s, 9880 KB]
New best heuristic value for ff(transform = adapt_costs(one)): 3
[g=49, 1625300 evaluated, 1106487 expanded, t=349.057s, 244208 KB]
New best heuristic value for lmcount(lm_factory = lm_rhw(reasonable_orders = true), transform = adapt_costs(one), pref = false): 4
[g=51, 1625302 evaluated, 1106489 expanded, t=349.057s, 244208 KB]
New best heuristic value for ff(transform = adapt_costs(one)): 2
[g=91, 1625342 evaluated, 1106529 expanded, t=349.068s, 244208 KB]
New best heuristic value for lmcount(lm_factory = lm_rhw(reasonable_orders = true), transform = adapt_costs(one), pref = false): 2
[g=92, 1625343 evaluated, 1106530 expanded, t=349.068s, 244208 KB]
