INFO     Running translator.
INFO     translator stdin: None
INFO     translator time limit: None
INFO     translator memory limit: None
INFO     translator command line string: /usr/bin/python /home/jsegovia/Desktop/automated-programming-framework-private/PLANNERS/fast-downward/builds/release32/bin/translate/translate.py domain.pddl ins.pddl --sas-file output.sas
Parsing...
Parsing: [0.050s CPU, 0.050s wall-clock]
Normalizing task... [0.000s CPU, 0.003s wall-clock]
Instantiating...
Generating Datalog program... [0.000s CPU, 0.003s wall-clock]
Normalizing Datalog program...
Normalizing Datalog program: [0.040s CPU, 0.030s wall-clock]
Preparing model... [0.010s CPU, 0.015s wall-clock]
Generated 1398 rules.
Computing model... [0.020s CPU, 0.015s wall-clock]
664 relevant atoms
1300 auxiliary atoms
1964 final queue length
3810 total queue pushes
Completing instantiation... [0.020s CPU, 0.022s wall-clock]
Instantiating: [0.090s CPU, 0.087s wall-clock]
Computing fact groups...
Finding invariants...
111 initial candidates
Finding invariants: [0.050s CPU, 0.048s wall-clock]
Checking invariant weight... [0.000s CPU, 0.000s wall-clock]
Instantiating groups... [0.000s CPU, 0.000s wall-clock]
Collecting mutex groups... [0.000s CPU, 0.000s wall-clock]
Choosing groups...
139 uncovered facts
Choosing groups: [0.000s CPU, 0.000s wall-clock]
Building translation key... [0.000s CPU, 0.000s wall-clock]
Computing fact groups: [0.050s CPU, 0.051s wall-clock]
Building STRIPS to SAS dictionary... [0.000s CPU, 0.000s wall-clock]
Building dictionary for full mutex groups... [0.000s CPU, 0.000s wall-clock]
Building mutex information...
Building mutex information: [0.000s CPU, 0.000s wall-clock]
Translating task...
Processing axioms...
Simplifying axioms... [0.000s CPU, 0.000s wall-clock]
Processing axioms: [0.000s CPU, 0.001s wall-clock]
Translating task: [0.040s CPU, 0.041s wall-clock]
160 effect conditions simplified
0 implied preconditions added
Detecting unreachable propositions...
0 operators removed
0 axioms removed
6 propositions removed
Detecting unreachable propositions: [0.010s CPU, 0.011s wall-clock]
Reordering and filtering variables...
143 of 144 variables necessary.
59 of 69 mutex groups necessary.
475 of 475 operators necessary.
0 of 0 axiom rules necessary.
Reordering and filtering variables: [0.010s CPU, 0.006s wall-clock]
Translator variables: 143
Translator derived variables: 0
Translator facts: 295
Translator goal facts: 1
Translator mutex groups: 59
Translator total mutex groups size: 118
Translator operators: 475
Translator axioms: 0
Translator task size: 5456
Translator peak memory: 45332 KB
Writing output... [0.010s CPU, 0.006s wall-clock]
Done! [0.260s CPU, 0.257s wall-clock]

translate exit code: 0
INFO     Running search (release32).
INFO     search stdin: output.sas
INFO     search time limit: None
INFO     search memory limit: None
INFO     search command line string: /home/jsegovia/Desktop/automated-programming-framework-private/PLANNERS/fast-downward/builds/release32/bin/downward --evaluator 'hlm=lmcount(lm_factory=lm_rhw(reasonable_orders=true),transform=adapt_costs(one),pref=false)' --evaluator 'hff=ff(transform=adapt_costs(one))' --search 'lazy_greedy([hff,hlm],preferred=[hff,hlm],cost_type=one,reopen_closed=false)' --internal-plan-file sas_plan < output.sas
reading input... [t=2.2125e-05s]
done reading input! [t=0.00463338s]
Initializing landmarks count heuristic...
Initializing Exploration...
Generating landmarks using the RPG/SAS+ approach
approx. reasonable orders
approx. obedient reasonable orders
Removed 0 reasonable or obedient reasonable orders
Landmarks generation time: 0.00249544s
Discovered 6 landmarks, of which 0 are disjunctive and 0 are conjunctive 
6 edges
Simplifying 1739 unary operators... done! [1065 unary operators]
Initializing additive heuristic...
Initializing FF heuristic...
Building successor generator...done! [t=0.00910027s]
peak memory difference for successor generator creation: 0 KB
time for successor generation creation: 0.000137195s
Variables: 143
FactPairs: 295
Bytes per state: 20
Conducting lazy best first search, (real) bound = 2147483647
3 initial landmarks, 1 goal landmarks
New best heuristic value for lmcount(lm_factory = lm_rhw(reasonable_orders = true), transform = adapt_costs(one), pref = false): 3
New best heuristic value for ff(transform = adapt_costs(one)): 8
[g=0, 1 evaluated, 0 expanded, t=0.00920336s, 4964 KB]
Initial heuristic value for lmcount(lm_factory = lm_rhw(reasonable_orders = true), transform = adapt_costs(one), pref = false): 3
Initial heuristic value for ff(transform = adapt_costs(one)): 8
New best heuristic value for ff(transform = adapt_costs(one)): 4
[g=1, 2 evaluated, 1 expanded, t=0.00927413s, 4964 KB]
New best heuristic value for lmcount(lm_factory = lm_rhw(reasonable_orders = true), transform = adapt_costs(one), pref = false): 1
New best heuristic value for ff(transform = adapt_costs(one)): 3
[g=2, 3 evaluated, 2 expanded, t=0.00931807s, 4964 KB]
New best heuristic value for ff(transform = adapt_costs(one)): 2
[g=16, 1866708 evaluated, 1330235 expanded, t=37.0717s, 263564 KB]
New best heuristic value for ff(transform = adapt_costs(one)): 1
[g=17, 1866709 evaluated, 1330236 expanded, t=37.0718s, 263564 KB]
Solution found!
Actual search time: 37.0626s [t=37.0718s]
program-assign-a-to-c-0 row-0 (1001)
check-assign-a-to-c-0-0 row-0 (0)
execute-assign-a-to-c-0-0 row-0 (1)
program-assign-c-to-d-1 row-0 (1001)
check-assign-c-to-d-0-1 row-0 (0)
execute-assign-c-to-d-0-1 row-0 (1)
program-add-a-d-2 row-0 (1001)
check-add-a-d-0-2 row-0 (0)
execute-add-a-d-0-2 row-0 (1)
program-dec-b-3 row-0 (1001)
check-dec-b-0-3 row-0 (0)
execute-dec-b-0-3 row-0 (1)
program-dec-b-4 row-0 (1001)
check-dec-b-0-4 row-0 (0)
execute-dec-b-0-4 row-0 (1)
program-end-5 row-0 (1)
check-main-end-0-5 row-0 (0)
repeat-end-main-0-5 row-0 (0)
Plan length: 18 step(s).
Plan cost: 5011
Expanded 1330237 state(s).
Reopened 0 state(s).
Evaluated 1866710 state(s).
Evaluations: 3196948
Generated 8801505 state(s).
Dead ends: 536472 state(s).
Number of registered states: 1866710
Int hash set load factor: 1866710/4194304 = 0.445058
Int hash set resizes: 22
Search time: 37.0626s
Total time: 37.0718s
Solution found.
Peak memory: 263564 KB

search exit code: 0
