Domain: domain.pddl Problem: ins.pddl
Generating Datalog program... [0.000s CPU, 0.002s wall-clock]
Normalizing Datalog program...
Normalizing Datalog program: [0.020s CPU, 0.021s wall-clock]
Preparing model... [0.010s CPU, 0.009s wall-clock]
Generated 572 rules.
Computing model... [0.020s CPU, 0.020s wall-clock]
821 relevant atoms
1173 auxiliary atoms
1994 final queue length
3236 total queue pushes
Completing instantiation... [0.090s CPU, 0.090s wall-clock]
goal relaxed reachable: True
306 atoms
Computing fact groups...
Finding invariants...
99 initial candidates
Finding invariants: [0.020s CPU, 0.020s wall-clock]
Checking invariant weight... [0.000s CPU, 0.001s wall-clock]
Instantiating groups... [0.000s CPU, 0.001s wall-clock]
Collecting mutex groups... [0.000s CPU, 0.000s wall-clock]
Choosing groups...
214 uncovered facts
Choosing groups: [0.000s CPU, 0.001s wall-clock]
Building translation key... [0.000s CPU, 0.001s wall-clock]
Computing fact groups: [0.030s CPU, 0.026s wall-clock]
Deterministic 457 actions
4 negated fluents created
Invariants 256

 Match tree built with 457 nodes.

PDDL problem description loaded: 
	Domain: gripper
	Problem: gripper-4
	#Actions: 457
	#Fluents: 310
Goals found: 1
Goals_Edges found: 1
Starting search with BFWS-f5-landmarks...
--[35 / 0]--
--[35 / 1]--
--[34 / 0]--
--[34 / 1]--
--[32 / 0]--
--[32 / 2]--
--[32 / 5]--
--[32 / 6]--
--[30 / 0]--
--[30 / 1]--
--[30 / 2]--
--[30 / 6]--
--[28 / 0]--
--[28 / 1]--
--[28 / 2]--
--[28 / 6]--
--[26 / 0]--
--[26 / 1]--
--[26 / 2]--
--[25 / 0]--
--[25 / 1]--
--[25 / 2]--
--[23 / 0]--
--[23 / 1]--
--[23 / 2]--
--[23 / 5]--
--[23 / 6]--
--[22 / 0]--
--[20 / 0]--
--[20 / 1]--
--[20 / 2]--
--[19 / 0]--
--[19 / 1]--
--[19 / 2]--
--[18 / 0]--
--[18 / 1]--
--[18 / 2]--
--[17 / 0]--
--[15 / 0]--
--[11 / 0]--
--[11 / 2]--
--[11 / 15]--
--[10 / 0]--
--[9 / 0]--
--[9 / 1]--
--[9 / 2]--
--[9 / 15]--
--[6 / 0]--
--[0 / 0]--
Total time: 8.128
Nodes generated during search: 277949
Nodes expanded during search: 91852
Plan found with cost: 135
Fast-BFS search completed in 8.128 secs
