INFO     Running translator.
INFO     translator inputs: ['domain.pddl', 'ins.pddl']
INFO     translator arguments: []
Parsing...
Parsing: [0.090s CPU, 0.097s wall-clock]
Normalizing task... [0.010s CPU, 0.009s wall-clock]
Instantiating...
Generating Datalog program... [0.000s CPU, 0.007s wall-clock]
Normalizing Datalog program...
Unbound effect variables: Adding @object predicate.
Normalizing Datalog program: [0.060s CPU, 0.059s wall-clock]
Preparing model... [0.040s CPU, 0.039s wall-clock]
Generated 1777 rules.
Computing model... [0.030s CPU, 0.036s wall-clock]
1399 relevant atoms
1527 auxiliary atoms
2926 final queue length
4998 total queue pushes
Completing instantiation... [0.060s CPU, 0.063s wall-clock]
Instantiating: [0.200s CPU, 0.207s wall-clock]
Computing fact groups...
Finding invariants...
159 initial candidates
Finding invariants: [21.220s CPU, 21.439s wall-clock]
Checking invariant weight... [0.000s CPU, 0.001s wall-clock]
Instantiating groups... [0.000s CPU, 0.000s wall-clock]
Collecting mutex groups... [0.000s CPU, 0.000s wall-clock]
Choosing groups...
810 uncovered facts
Choosing groups: [0.000s CPU, 0.001s wall-clock]
Building translation key... [0.000s CPU, 0.005s wall-clock]
Computing fact groups: [21.240s CPU, 21.456s wall-clock]
Building STRIPS to SAS dictionary... [0.000s CPU, 0.002s wall-clock]
Building dictionary for full mutex groups... [0.000s CPU, 0.002s wall-clock]
Building mutex information...
Building mutex information: [0.000s CPU, 0.001s wall-clock]
Translating task...
Processing axioms...
Simplifying axioms... [0.000s CPU, 0.000s wall-clock]
Processing axioms: [0.010s CPU, 0.005s wall-clock]
Translating task: [0.090s CPU, 0.085s wall-clock]
1134 effect conditions simplified
0 implied preconditions added
Detecting unreachable propositions...
0 operators removed
1170 propositions removed
Detecting unreachable propositions: [0.020s CPU, 0.018s wall-clock]
Translator variables: 233
Translator derived variables: 8
Translator facts: 472
Translator goal facts: 1
Translator mutex groups: 68
Translator total mutex groups size: 138
Translator operators: 494
Translator axioms: 8
Translator task size: 7099
Translator peak memory: 165896 KB
Writing output... [0.010s CPU, 0.012s wall-clock]
Done! [21.660s CPU, 21.892s wall-clock]
INFO     Running preprocessor.
INFO     preprocessor input: output.sas
INFO     preprocessor arguments: []
Building causal graph...
The causal graph is not acyclic.
233 variables of 233 necessary
60 of 68 mutex groups necessary.
494 of 494 operators necessary.
8 of 8 axiom rules necessary.
Building domain transition graphs...
solveable in poly time 0
Building successor generator...
Preprocessor facts: 472
Preprocessor derived variables: 8
Preprocessor task size: 7082
Writing output...
done
INFO     Running search.
INFO     search input: output
INFO     search executable: /home/javi/Desktop/automated-programming-framework-private/PLANNERS/fast-downward/src/search/downward-release
INFO     search arguments: ['--if-unit-cost', '--heuristic', 'hlm,hff=lm_ff_syn(lm_rhw(reasonable_orders=true))', '--search', 'iterated([lazy_greedy([hff,hlm],preferred=[hff,hlm]),lazy_wastar([hff,hlm],preferred=[hff,hlm],w=5),lazy_wastar([hff,hlm],preferred=[hff,hlm],w=3),lazy_wastar([hff,hlm],preferred=[hff,hlm],w=2),lazy_wastar([hff,hlm],preferred=[hff,hlm],w=1)],repeat_last=true,continue_on_fail=true)', '--if-non-unit-cost', '--heuristic', 'hlm1,hff1=lm_ff_syn(lm_rhw(reasonable_orders=true,lm_cost_type=one,cost_type=one))', '--heuristic', 'hlm2,hff2=lm_ff_syn(lm_rhw(reasonable_orders=true,lm_cost_type=plusone,cost_type=plusone))', '--search', 'iterated([lazy_greedy([hff1,hlm1],preferred=[hff1,hlm1],cost_type=one,reopen_closed=false),lazy_greedy([hff2,hlm2],preferred=[hff2,hlm2],reopen_closed=false),lazy_wastar([hff2,hlm2],preferred=[hff2,hlm2],w=5),lazy_wastar([hff2,hlm2],preferred=[hff2,hlm2],w=3),lazy_wastar([hff2,hlm2],preferred=[hff2,hlm2],w=2),lazy_wastar([hff2,hlm2],preferred=[hff2,hlm2],w=1)],repeat_last=true,continue_on_fail=true)', '--always', '--internal-plan-file', 'sas_plan']
reading input... [t=0.00s]
Simplifying transitions... done!
done reading input! [t=0.02s]
building causal graph...done! [t=0.03s]
packing state variables...done! [t=0.03s]
Variables: 233
Facts: 472
Bytes per state: 32
done initalizing global data [t=0.03s]
Initializing Exploration...
Generating landmarks using the RPG/SAS+ approach
approx. reasonable orders
approx. obedient reasonable orders
Removed 0 reasonable or obedient reasonable orders
Landmarks generation time: 0.00s
Discovered 13 landmarks, of which 0 are disjunctive and 0 are conjunctive 
27 edges
Landmark graph: 
LM 2 NegatedAtom done-programming() (var145(232)->1) Achievers (0, 0)
		->_gn  LM 0 Atom done-programming() (var145(232)->0)(goal) Achievers (1, 1)

LM 0 Atom done-programming() (var145(232)->0)(goal) Achievers (1, 1)
		<-_gn  LM 5 Atom test-2() (var232(130)->2) Achievers (5, 5)
		<-_gn  LM 1 Atom checked() (var14(219)->0) Achievers (56, 45)
		<-_nat LM 10 Atom test-1() (var232(130)->1) Achievers (5, 5)
		<-_gn  LM 3 NegatedAtom holds() (var172(221)->1) Achievers (50, 45)
		<-_gn  LM 2 NegatedAtom done-programming() (var145(232)->1) Achievers (0, 0)
		<-_nat LM 9 Atom holds() (var172(221)->0) Achievers (55, 40)
		<-_gn  LM 4 Atom negex() (var213(108)->0) Achievers (5, 5)

LM 3 NegatedAtom holds() (var172(221)->1) Achievers (50, 45)
		->_r   LM 1 Atom checked() (var14(219)->0) Achievers (56, 45)
		->_gn  LM 9 Atom holds() (var172(221)->0) Achievers (55, 40)
		->_gn  LM 0 Atom done-programming() (var145(232)->0)(goal) Achievers (1, 1)

LM 9 Atom holds() (var172(221)->0) Achievers (55, 40)
		<-_gn  LM 7 NegatedAtom loop() (var212(137)->1) Achievers (11, 5)
		<-_gn  LM 3 NegatedAtom holds() (var172(221)->1) Achievers (50, 45)
		<-_gn  LM 6 NegatedAtom checked() (var14(219)->1) Achievers (50, 45)
		->_nat LM 0 Atom done-programming() (var145(232)->0)(goal) Achievers (1, 1)
		->_gn  LM 10 Atom test-1() (var232(130)->1) Achievers (5, 5)
		->_gn  LM 5 Atom test-2() (var232(130)->2) Achievers (5, 5)
		->_gn  LM 4 Atom negex() (var213(108)->0) Achievers (5, 5)

LM 6 NegatedAtom checked() (var14(219)->1) Achievers (50, 45)
		->_gn  LM 9 Atom holds() (var172(221)->0) Achievers (55, 40)
		->_gn  LM 1 Atom checked() (var14(219)->0) Achievers (56, 45)

LM 1 Atom checked() (var14(219)->0) Achievers (56, 45)
		<-_gn  LM 7 NegatedAtom loop() (var212(137)->1) Achievers (11, 5)
		<-_r   LM 3 NegatedAtom holds() (var172(221)->1) Achievers (50, 45)
		<-_gn  LM 6 NegatedAtom checked() (var14(219)->1) Achievers (50, 45)
		->_gn  LM 10 Atom test-1() (var232(130)->1) Achievers (5, 5)
		->_gn  LM 5 Atom test-2() (var232(130)->2) Achievers (5, 5)
		->_gn  LM 4 Atom negex() (var213(108)->0) Achievers (5, 5)
		->_gn  LM 0 Atom done-programming() (var145(232)->0)(goal) Achievers (1, 1)

LM 7 NegatedAtom loop() (var212(137)->1) Achievers (11, 5)
		->_gn  LM 9 Atom holds() (var172(221)->0) Achievers (55, 40)
		->_gn  LM 1 Atom checked() (var14(219)->0) Achievers (56, 45)

LM 5 Atom test-2() (var232(130)->2) Achievers (5, 5)
		<-_nat LM 12 Atom test-0() (var232(130)->0) Achievers (0, 0)
		<-_gn  LM 10 Atom test-1() (var232(130)->1) Achievers (5, 5)
		<-_gn  LM 9 Atom holds() (var172(221)->0) Achievers (55, 40)
		<-_gn  LM 8 NegatedAtom stored() (var228(46)->1) Achievers (1, 1)
		<-_gn  LM 1 Atom checked() (var14(219)->0) Achievers (56, 45)
		->_gn  LM 0 Atom done-programming() (var145(232)->0)(goal) Achievers (1, 1)

LM 10 Atom test-1() (var232(130)->1) Achievers (5, 5)
		<-_gn  LM 1 Atom checked() (var14(219)->0) Achievers (56, 45)
		<-_gn  LM 8 NegatedAtom stored() (var228(46)->1) Achievers (1, 1)
		<-_gn  LM 9 Atom holds() (var172(221)->0) Achievers (55, 40)
		<-_gn  LM 12 Atom test-0() (var232(130)->0) Achievers (0, 0)
		->_nat LM 0 Atom done-programming() (var145(232)->0)(goal) Achievers (1, 1)
		->_gn  LM 5 Atom test-2() (var232(130)->2) Achievers (5, 5)
		->_gn  LM 4 Atom negex() (var213(108)->0) Achievers (5, 5)

LM 12 Atom test-0() (var232(130)->0) Achievers (0, 0)
		->_gn  LM 10 Atom test-1() (var232(130)->1) Achievers (5, 5)
		->_nat LM 5 Atom test-2() (var232(130)->2) Achievers (5, 5)

LM 11 NegatedAtom negex() (var213(108)->1) Achievers (0, 0)
		->_gn  LM 4 Atom negex() (var213(108)->0) Achievers (5, 5)

LM 4 Atom negex() (var213(108)->0) Achievers (5, 5)
		<-_gn  LM 8 NegatedAtom stored() (var228(46)->1) Achievers (1, 1)
		<-_gn  LM 1 Atom checked() (var14(219)->0) Achievers (56, 45)
		<-_gn  LM 11 NegatedAtom negex() (var213(108)->1) Achievers (0, 0)
		<-_gn  LM 9 Atom holds() (var172(221)->0) Achievers (55, 40)
		<-_gn  LM 10 Atom test-1() (var232(130)->1) Achievers (5, 5)
		->_gn  LM 0 Atom done-programming() (var145(232)->0)(goal) Achievers (1, 1)

LM 8 NegatedAtom stored() (var228(46)->1) Achievers (1, 1)
		->_gn  LM 10 Atom test-1() (var232(130)->1) Achievers (5, 5)
		->_gn  LM 5 Atom test-2() (var232(130)->2) Achievers (5, 5)
		->_gn  LM 4 Atom negex() (var213(108)->0) Achievers (5, 5)

Landmark graph end.
Initializing LAMA-FF Synergy Object
Initializing landmarks count heuristic...
7 initial landmarks, 1 goal landmarks
Initializing Exploration...
Generating landmarks using the RPG/SAS+ approach
Switch from bucket-based to heap-based queue at key = 1002, num_pushes = 233
approx. reasonable orders
approx. obedient reasonable orders
Removed 0 reasonable or obedient reasonable orders
Landmarks generation time: 0.01s
Discovered 13 landmarks, of which 0 are disjunctive and 0 are conjunctive 
27 edges
Landmark graph: 
LM 2 NegatedAtom done-programming() (var145(232)->1) Achievers (0, 0)
		->_gn  LM 0 Atom done-programming() (var145(232)->0)(goal) Achievers (1, 1)

LM 0 Atom done-programming() (var145(232)->0)(goal) Achievers (1, 1)
		<-_nat LM 10 Atom test-1() (var232(130)->1) Achievers (5, 5)
		<-_nat LM 9 Atom holds() (var172(221)->0) Achievers (55, 40)
		<-_gn  LM 5 Atom test-2() (var232(130)->2) Achievers (5, 5)
		<-_gn  LM 2 NegatedAtom done-programming() (var145(232)->1) Achievers (0, 0)
		<-_gn  LM 1 Atom checked() (var14(219)->0) Achievers (56, 45)
		<-_gn  LM 4 Atom negex() (var213(108)->0) Achievers (5, 5)
		<-_gn  LM 3 NegatedAtom holds() (var172(221)->1) Achievers (50, 45)

LM 3 NegatedAtom holds() (var172(221)->1) Achievers (50, 45)
		->_gn  LM 9 Atom holds() (var172(221)->0) Achievers (55, 40)
		->_r   LM 1 Atom checked() (var14(219)->0) Achievers (56, 45)
		->_gn  LM 0 Atom done-programming() (var145(232)->0)(goal) Achievers (1, 1)

LM 9 Atom holds() (var172(221)->0) Achievers (55, 40)
		<-_gn  LM 7 NegatedAtom loop() (var212(137)->1) Achievers (11, 5)
		<-_gn  LM 3 NegatedAtom holds() (var172(221)->1) Achievers (50, 45)
		<-_gn  LM 6 NegatedAtom checked() (var14(219)->1) Achievers (50, 45)
		->_nat LM 0 Atom done-programming() (var145(232)->0)(goal) Achievers (1, 1)
		->_gn  LM 10 Atom test-1() (var232(130)->1) Achievers (5, 5)
		->_gn  LM 5 Atom test-2() (var232(130)->2) Achievers (5, 5)
		->_gn  LM 4 Atom negex() (var213(108)->0) Achievers (5, 5)

LM 6 NegatedAtom checked() (var14(219)->1) Achievers (50, 45)
		->_gn  LM 9 Atom holds() (var172(221)->0) Achievers (55, 40)
		->_gn  LM 1 Atom checked() (var14(219)->0) Achievers (56, 45)

LM 1 Atom checked() (var14(219)->0) Achievers (56, 45)
		<-_gn  LM 7 NegatedAtom loop() (var212(137)->1) Achievers (11, 5)
		<-_r   LM 3 NegatedAtom holds() (var172(221)->1) Achievers (50, 45)
		<-_gn  LM 6 NegatedAtom checked() (var14(219)->1) Achievers (50, 45)
		->_gn  LM 5 Atom test-2() (var232(130)->2) Achievers (5, 5)
		->_gn  LM 4 Atom negex() (var213(108)->0) Achievers (5, 5)
		->_gn  LM 10 Atom test-1() (var232(130)->1) Achievers (5, 5)
		->_gn  LM 0 Atom done-programming() (var145(232)->0)(goal) Achievers (1, 1)

LM 7 NegatedAtom loop() (var212(137)->1) Achievers (11, 5)
		->_gn  LM 9 Atom holds() (var172(221)->0) Achievers (55, 40)
		->_gn  LM 1 Atom checked() (var14(219)->0) Achievers (56, 45)

LM 5 Atom test-2() (var232(130)->2) Achievers (5, 5)
		<-_nat LM 12 Atom test-0() (var232(130)->0) Achievers (0, 0)
		<-_gn  LM 10 Atom test-1() (var232(130)->1) Achievers (5, 5)
		<-_gn  LM 8 NegatedAtom stored() (var228(46)->1) Achievers (1, 1)
		<-_gn  LM 1 Atom checked() (var14(219)->0) Achievers (56, 45)
		<-_gn  LM 9 Atom holds() (var172(221)->0) Achievers (55, 40)
		->_gn  LM 0 Atom done-programming() (var145(232)->0)(goal) Achievers (1, 1)

LM 10 Atom test-1() (var232(130)->1) Achievers (5, 5)
		<-_gn  LM 1 Atom checked() (var14(219)->0) Achievers (56, 45)
		<-_gn  LM 8 NegatedAtom stored() (var228(46)->1) Achievers (1, 1)
		<-_gn  LM 9 Atom holds() (var172(221)->0) Achievers (55, 40)
		<-_gn  LM 12 Atom test-0() (var232(130)->0) Achievers (0, 0)
		->_nat LM 0 Atom done-programming() (var145(232)->0)(goal) Achievers (1, 1)
		->_gn  LM 5 Atom test-2() (var232(130)->2) Achievers (5, 5)
		->_gn  LM 4 Atom negex() (var213(108)->0) Achievers (5, 5)

LM 12 Atom test-0() (var232(130)->0) Achievers (0, 0)
		->_gn  LM 10 Atom test-1() (var232(130)->1) Achievers (5, 5)
		->_nat LM 5 Atom test-2() (var232(130)->2) Achievers (5, 5)

LM 11 NegatedAtom negex() (var213(108)->1) Achievers (0, 0)
		->_gn  LM 4 Atom negex() (var213(108)->0) Achievers (5, 5)

LM 4 Atom negex() (var213(108)->0) Achievers (5, 5)
		<-_gn  LM 8 NegatedAtom stored() (var228(46)->1) Achievers (1, 1)
		<-_gn  LM 1 Atom checked() (var14(219)->0) Achievers (56, 45)
		<-_gn  LM 10 Atom test-1() (var232(130)->1) Achievers (5, 5)
		<-_gn  LM 11 NegatedAtom negex() (var213(108)->1) Achievers (0, 0)
		<-_gn  LM 9 Atom holds() (var172(221)->0) Achievers (55, 40)
		->_gn  LM 0 Atom done-programming() (var145(232)->0)(goal) Achievers (1, 1)

LM 8 NegatedAtom stored() (var228(46)->1) Achievers (1, 1)
		->_gn  LM 10 Atom test-1() (var232(130)->1) Achievers (5, 5)
		->_gn  LM 5 Atom test-2() (var232(130)->2) Achievers (5, 5)
		->_gn  LM 4 Atom negex() (var213(108)->0) Achievers (5, 5)

Landmark graph end.
Initializing LAMA-FF Synergy Object
Initializing landmarks count heuristic...
7 initial landmarks, 1 goal landmarks
Starting search: lazy_greedy(list(hff1, hlm1), preferred = list(hff1, hlm1), cost_type = one, reopen_closed = false)
Conducting lazy best first search, (real) bound = 2147483647
Best heuristic value: 6/10 [g=0, 1 evaluated, 0 expanded, t=0.04s, 5100 KB]
Best heuristic value: 6/8 [g=1, 2 evaluated, 1 expanded, t=0.04s, 5100 KB]
Best heuristic value: 6/7 [g=2, 3 evaluated, 2 expanded, t=0.04s, 5100 KB]
Best heuristic value: 6/6 [g=1, 6 evaluated, 5 expanded, t=0.04s, 5100 KB]
Best heuristic value: 5/5 [g=2, 7 evaluated, 6 expanded, t=0.04s, 5100 KB]
Best heuristic value: 5/4 [g=7, 5650 evaluated, 3727 expanded, t=0.52s, 6552 KB]
Best heuristic value: 5/3 [g=8, 5651 evaluated, 3728 expanded, t=0.52s, 6552 KB]
Best heuristic value: 4/3 [g=10, 5653 evaluated, 3730 expanded, t=0.52s, 6552 KB]
Switch from bucket-based to heap-based queue at key = 306, num_pushes = 290
Best heuristic value: 4/2 [g=39, 475879 evaluated, 374365 expanded, t=42.22s, 67620 KB]
Best heuristic value: 2/2 [g=40, 475880 evaluated, 374366 expanded, t=42.22s, 67620 KB]
Best heuristic value: 1/1 [g=61, 476468 evaluated, 374838 expanded, t=42.27s, 67620 KB]
Solution found!
Actual search time: 42.23s [t=42.27s]
program-assign-c-to-d-0 row-0 (1001)
check-assign-c-to-d-0-0 row-0 (0)
execute-assign-c-to-d-0-0 row-0 (1)
program-assign-a-to-c-1 row-0 (1001)
check-assign-a-to-c-0-1 row-0 (0)
execute-assign-a-to-c-0-1 row-0 (1)
program-add-a-d-2 row-0 (1001)
check-add-a-d-0-2 row-0 (0)
execute-add-a-d-0-2 row-0 (1)
program-dec-b-3 row-0 (1001)
check-dec-b-0-3 row-0 (0)
execute-dec-b-0-3 row-0 (1)
program-goto-assignment-4-0 b v0 row-0 (1001)
eval-cond-assignment-0-4 b v0 row-0 (1)
dont-goto-0-4-0 row-0 (1)
program-end-5 row-0 (1)
check-main-end-0-5 row-0 (0)
repeat-end-main-0-5 row-0 (0)
check-assign-c-to-d-0-0 row-0 (0)
execute-assign-c-to-d-0-0 row-0 (1)
check-assign-a-to-c-0-1 row-0 (0)
execute-assign-a-to-c-0-1 row-0 (1)
check-add-a-d-0-2 row-0 (0)
execute-add-a-d-0-2 row-0 (1)
check-dec-b-0-3 row-0 (0)
execute-dec-b-0-3 row-0 (1)
eval-cond-assignment-0-4 b v0 row-0 (1)
do-goto-0-4-0 row-0 (1)
check-assign-c-to-d-0-0 row-0 (0)
execute-assign-c-to-d-0-0 row-0 (1)
check-assign-a-to-c-0-1 row-0 (0)
execute-assign-a-to-c-0-1 row-0 (1)
check-add-a-d-0-2 row-0 (0)
execute-add-a-d-0-2 row-0 (1)
check-dec-b-0-3 row-0 (0)
execute-dec-b-0-3 row-0 (1)
eval-cond-assignment-0-4 b v0 row-0 (1)
dont-goto-0-4-0 row-0 (1)
check-main-end-1-5 row-0 (0)
repeat-end-main-1-5 row-0 (0)
check-assign-c-to-d-0-0 row-0 (0)
execute-assign-c-to-d-0-0 row-0 (1)
check-assign-a-to-c-0-1 row-0 (0)
execute-assign-a-to-c-0-1 row-0 (1)
check-add-a-d-0-2 row-0 (0)
execute-add-a-d-0-2 row-0 (1)
check-dec-b-0-3 row-0 (0)
execute-dec-b-0-3 row-0 (1)
eval-cond-assignment-0-4 b v0 row-0 (1)
do-goto-0-4-0 row-0 (1)
check-assign-c-to-d-0-0 row-0 (0)
execute-assign-c-to-d-0-0 row-0 (1)
check-assign-a-to-c-0-1 row-0 (0)
execute-assign-a-to-c-0-1 row-0 (1)
check-add-a-d-0-2 row-0 (0)
execute-add-a-d-0-2 row-0 (1)
check-dec-b-0-3 row-0 (0)
execute-dec-b-0-3 row-0 (1)
eval-cond-assignment-0-4 b v0 row-0 (1)
dont-goto-0-4-0 row-0 (1)
check-main-end-2-5 row-0 (0)
skip-2  (0)
Plan length: 62 step(s).
Plan cost: 5036
Initial state h value: 6/10.
Expanded 374839 state(s).
Reopened 0 state(s).
Evaluated 476469 state(s).
Evaluations: 952938
Generated 904412 state(s).
Dead ends: 101629 state(s).
Best solution cost so far: 5036
Solution found - keep searching
Starting search: lazy_greedy(list(hff2, hlm2), preferred = list(hff2, hlm2), reopen_closed = false)
Conducting lazy best first search, (real) bound = 5036
Best heuristic value: 6/4022 [g=0, 1 evaluated, 0 expanded, t=42.29s, 93736 KB]
Best heuristic value: 6/1013 [g=1001, 2 evaluated, 1 expanded, t=42.29s, 93736 KB]
Best heuristic value: 6/1011 [g=1002, 3 evaluated, 2 expanded, t=42.29s, 93736 KB]
Best heuristic value: 6/1009 [g=1003, 5 evaluated, 4 expanded, t=42.29s, 93736 KB]
Best heuristic value: 6/8 [g=2004, 7 evaluated, 6 expanded, t=42.29s, 93736 KB]
Best heuristic value: 5/7 [g=2004, 9 evaluated, 8 expanded, t=42.30s, 93736 KB]
Best heuristic value: 5/6 [g=2004, 6557 evaluated, 4446 expanded, t=42.89s, 95192 KB]
Best heuristic value: 5/4 [g=2005, 6558 evaluated, 4447 expanded, t=42.89s, 95192 KB]
Best heuristic value: 5/3 [g=2005, 6559 evaluated, 4448 expanded, t=42.89s, 95192 KB]
Best heuristic value: 4/3 [g=2005, 6561 evaluated, 4450 expanded, t=42.89s, 95192 KB]
