INFO     Running translator.
INFO     translator stdin: None
INFO     translator time limit: None
INFO     translator memory limit: None
INFO     translator command line string: /usr/bin/python /home/jsegovia/Desktop/automated-programming-framework-private/PLANNERS/fast-downward/builds/release32/bin/translate/translate.py domain.pddl ins.pddl --sas-file output.sas
Parsing...
Parsing: [0.020s CPU, 0.024s wall-clock]
Normalizing task... [0.000s CPU, 0.001s wall-clock]
Instantiating...
Generating Datalog program... [0.000s CPU, 0.001s wall-clock]
Normalizing Datalog program...
Normalizing Datalog program: [0.020s CPU, 0.014s wall-clock]
Preparing model... [0.000s CPU, 0.006s wall-clock]
Generated 622 rules.
Computing model... [0.010s CPU, 0.007s wall-clock]
357 relevant atoms
522 auxiliary atoms
879 final queue length
1743 total queue pushes
Completing instantiation... [0.010s CPU, 0.009s wall-clock]
Instantiating: [0.040s CPU, 0.038s wall-clock]
Computing fact groups...
Finding invariants...
73 initial candidates
Finding invariants: [0.290s CPU, 0.296s wall-clock]
Checking invariant weight... [0.000s CPU, 0.000s wall-clock]
Instantiating groups... [0.000s CPU, 0.000s wall-clock]
Collecting mutex groups... [0.000s CPU, 0.000s wall-clock]
Choosing groups...
59 uncovered facts
Choosing groups: [0.000s CPU, 0.000s wall-clock]
Building translation key... [0.000s CPU, 0.000s wall-clock]
Computing fact groups: [0.290s CPU, 0.298s wall-clock]
Building STRIPS to SAS dictionary... [0.000s CPU, 0.000s wall-clock]
Building dictionary for full mutex groups... [0.000s CPU, 0.000s wall-clock]
Building mutex information...
Building mutex information: [0.000s CPU, 0.000s wall-clock]
Translating task...
Processing axioms...
Simplifying axioms... [0.000s CPU, 0.000s wall-clock]
Processing axioms: [0.010s CPU, 0.001s wall-clock]
Translating task: [0.020s CPU, 0.014s wall-clock]
144 effect conditions simplified
0 implied preconditions added
Detecting unreachable propositions...
0 operators removed
0 axioms removed
6 propositions removed
Detecting unreachable propositions: [0.000s CPU, 0.005s wall-clock]
Reordering and filtering variables...
66 of 68 variables necessary.
24 of 29 mutex groups necessary.
214 of 214 operators necessary.
0 of 0 axiom rules necessary.
Reordering and filtering variables: [0.010s CPU, 0.003s wall-clock]
Translator variables: 66
Translator derived variables: 0
Translator facts: 180
Translator goal facts: 1
Translator mutex groups: 24
Translator total mutex groups size: 78
Translator operators: 214
Translator axioms: 0
Translator task size: 2226
Translator peak memory: 46312 KB
Writing output... [0.000s CPU, 0.003s wall-clock]
Done! [0.380s CPU, 0.387s wall-clock]

translate exit code: 0
INFO     Running search (release32).
INFO     search stdin: output.sas
INFO     search time limit: None
INFO     search memory limit: None
INFO     search command line string: /home/jsegovia/Desktop/automated-programming-framework-private/PLANNERS/fast-downward/builds/release32/bin/downward --evaluator 'hlm=lmcount(lm_factory=lm_rhw(reasonable_orders=true),transform=adapt_costs(one),pref=false)' --evaluator 'hff=ff(transform=adapt_costs(one))' --search 'lazy_greedy([hff,hlm],preferred=[hff,hlm],cost_type=one,reopen_closed=false)' --internal-plan-file sas_plan < output.sas
reading input... [t=1.8429e-05s]
done reading input! [t=0.0020141s]
Initializing landmarks count heuristic...
Initializing Exploration...
Generating landmarks using the RPG/SAS+ approach
approx. reasonable orders
approx. obedient reasonable orders
Removed 0 reasonable or obedient reasonable orders
Landmarks generation time: 0.00132816s
Discovered 10 landmarks, of which 0 are disjunctive and 0 are conjunctive 
16 edges
Simplifying 759 unary operators... done! [511 unary operators]
Initializing additive heuristic...
Initializing FF heuristic...
Building successor generator...done! [t=0.00488161s]
peak memory difference for successor generator creation: 0 KB
time for successor generation creation: 6.9121e-05s
Variables: 66
FactPairs: 180
Bytes per state: 12
Conducting lazy best first search, (real) bound = 2147483647
5 initial landmarks, 1 goal landmarks
New best heuristic value for lmcount(lm_factory = lm_rhw(reasonable_orders = true), transform = adapt_costs(one), pref = false): 5
New best heuristic value for ff(transform = adapt_costs(one)): 9
[g=0, 1 evaluated, 0 expanded, t=0.00497333s, 4656 KB]
Initial heuristic value for lmcount(lm_factory = lm_rhw(reasonable_orders = true), transform = adapt_costs(one), pref = false): 5
Initial heuristic value for ff(transform = adapt_costs(one)): 9
New best heuristic value for ff(transform = adapt_costs(one)): 7
[g=1, 2 evaluated, 1 expanded, t=0.00503631s, 4656 KB]
New best heuristic value for ff(transform = adapt_costs(one)): 6
[g=2, 3 evaluated, 2 expanded, t=0.00507433s, 4656 KB]
New best heuristic value for ff(transform = adapt_costs(one)): 5
[g=1, 7 evaluated, 5 expanded, t=0.00516216s, 4656 KB]
New best heuristic value for lmcount(lm_factory = lm_rhw(reasonable_orders = true), transform = adapt_costs(one), pref = false): 4
New best heuristic value for ff(transform = adapt_costs(one)): 4
[g=2, 8 evaluated, 6 expanded, t=0.00519891s, 4656 KB]
New best heuristic value for ff(transform = adapt_costs(one)): 3
[g=28, 7185 evaluated, 4793 expanded, t=0.08216s, 5232 KB]
New best heuristic value for ff(transform = adapt_costs(one)): 2
[g=29, 7186 evaluated, 4794 expanded, t=0.082223s, 5232 KB]
New best heuristic value for lmcount(lm_factory = lm_rhw(reasonable_orders = true), transform = adapt_costs(one), pref = false): 2
[g=30, 7187 evaluated, 4795 expanded, t=0.0822568s, 5232 KB]
New best heuristic value for lmcount(lm_factory = lm_rhw(reasonable_orders = true), transform = adapt_costs(one), pref = false): 1
New best heuristic value for ff(transform = adapt_costs(one)): 1
[g=49, 7206 evaluated, 4814 expanded, t=0.0824749s, 5232 KB]
Solution found!
Actual search time: 0.0775635s [t=0.0825056s]
program-visit-node-0 row-0 (1001)
check-visit-node-0-0 row-0 (0)
execute-visit-node-0-0 row-0 (1)
program-move-next-1 row-0 (1001)
check-move-next-0-1 row-0 (0)
execute-move-next-0-1 row-0 (1)
program-goto-visited-2-0 n1 row-0 (1001)
eval-cond-visited-0-2 n1 row-0 (1)
do-goto-0-2-0 row-0 (1)
check-visit-node-0-0 row-0 (0)
execute-visit-node-0-0 row-0 (1)
check-move-next-0-1 row-0 (0)
execute-move-next-0-1 row-0 (1)
eval-cond-visited-0-2 n1 row-0 (1)
do-goto-0-2-0 row-0 (1)
check-visit-node-0-0 row-0 (0)
execute-visit-node-0-0 row-0 (1)
check-move-next-0-1 row-0 (0)
execute-move-next-0-1 row-0 (1)
eval-cond-visited-0-2 n1 row-0 (1)
do-goto-0-2-0 row-0 (1)
check-visit-node-0-0 row-0 (0)
execute-visit-node-0-0 row-0 (1)
check-move-next-0-1 row-0 (0)
execute-move-next-0-1 row-0 (1)
eval-cond-visited-0-2 n1 row-0 (1)
dont-goto-0-2-0 row-0 (1)
program-end-3 row-0 (1)
check-main-end-0-3 row-0 (0)
repeat-end-main-0-3 row-0 (0)
check-visit-node-0-0 row-0 (0)
execute-visit-node-0-0 row-0 (1)
check-move-next-0-1 row-0 (0)
execute-move-next-0-1 row-0 (1)
eval-cond-visited-0-2 n1 row-0 (1)
do-goto-0-2-0 row-0 (1)
check-visit-node-0-0 row-0 (0)
execute-visit-node-0-0 row-0 (1)
check-move-next-0-1 row-0 (0)
execute-move-next-0-1 row-0 (1)
eval-cond-visited-0-2 n1 row-0 (1)
do-goto-0-2-0 row-0 (1)
check-visit-node-0-0 row-0 (0)
execute-visit-node-0-0 row-0 (1)
check-move-next-0-1 row-0 (0)
execute-move-next-0-1 row-0 (1)
eval-cond-visited-0-2 n1 row-0 (1)
dont-goto-0-2-0 row-0 (1)
check-main-end-1-3 row-0 (0)
skip-1  (0)
Plan length: 50 step(s).
Plan cost: 3032
Expanded 4815 state(s).
Reopened 0 state(s).
Evaluated 7207 state(s).
Evaluations: 12023
Generated 21288 state(s).
Dead ends: 2391 state(s).
Number of registered states: 7207
Int hash set load factor: 7207/8192 = 0.879761
Int hash set resizes: 13
Search time: 0.0775802s
Total time: 0.082508s
Solution found.
Peak memory: 5232 KB

search exit code: 0
