INFO     Running translator.
INFO     translator stdin: None
INFO     translator time limit: None
INFO     translator memory limit: None
INFO     translator command line string: /usr/bin/python /home/jsegovia/Desktop/automated-programming-framework-private/PLANNERS/fast-downward/builds/release32/bin/translate/translate.py domain.pddl ins.pddl --sas-file output.sas
Parsing...
Parsing: [0.030s CPU, 0.028s wall-clock]
Normalizing task... [0.000s CPU, 0.002s wall-clock]
Instantiating...
Generating Datalog program... [0.000s CPU, 0.002s wall-clock]
Normalizing Datalog program...
Normalizing Datalog program: [0.010s CPU, 0.015s wall-clock]
Preparing model... [0.010s CPU, 0.007s wall-clock]
Generated 682 rules.
Computing model... [0.010s CPU, 0.006s wall-clock]
277 relevant atoms
462 auxiliary atoms
739 final queue length
1234 total queue pushes
Completing instantiation... [0.000s CPU, 0.007s wall-clock]
Instantiating: [0.030s CPU, 0.037s wall-clock]
Computing fact groups...
Finding invariants...
73 initial candidates
Finding invariants: [0.440s CPU, 0.443s wall-clock]
Checking invariant weight... [0.000s CPU, 0.000s wall-clock]
Instantiating groups... [0.000s CPU, 0.000s wall-clock]
Collecting mutex groups... [0.000s CPU, 0.000s wall-clock]
Choosing groups...
49 uncovered facts
Choosing groups: [0.000s CPU, 0.000s wall-clock]
Building translation key... [0.000s CPU, 0.000s wall-clock]
Computing fact groups: [0.450s CPU, 0.445s wall-clock]
Building STRIPS to SAS dictionary... [0.000s CPU, 0.000s wall-clock]
Building dictionary for full mutex groups... [0.000s CPU, 0.000s wall-clock]
Building mutex information...
Building mutex information: [0.000s CPU, 0.000s wall-clock]
Translating task...
Processing axioms...
Simplifying axioms... [0.000s CPU, 0.000s wall-clock]
Processing axioms: [0.000s CPU, 0.001s wall-clock]
Translating task: [0.010s CPU, 0.012s wall-clock]
183 effect conditions simplified
0 implied preconditions added
Detecting unreachable propositions...
0 operators removed
0 axioms removed
6 propositions removed
Detecting unreachable propositions: [0.000s CPU, 0.005s wall-clock]
Reordering and filtering variables...
56 of 58 variables necessary.
23 of 29 mutex groups necessary.
168 of 168 operators necessary.
0 of 0 axiom rules necessary.
Reordering and filtering variables: [0.010s CPU, 0.003s wall-clock]
Translator variables: 56
Translator derived variables: 0
Translator facts: 143
Translator goal facts: 1
Translator mutex groups: 23
Translator total mutex groups size: 64
Translator operators: 168
Translator axioms: 0
Translator task size: 1742
Translator peak memory: 49972 KB
Writing output... [0.000s CPU, 0.002s wall-clock]
Done! [0.540s CPU, 0.534s wall-clock]

translate exit code: 0
INFO     Running search (release32).
INFO     search stdin: output.sas
INFO     search time limit: None
INFO     search memory limit: None
INFO     search command line string: /home/jsegovia/Desktop/automated-programming-framework-private/PLANNERS/fast-downward/builds/release32/bin/downward --evaluator 'hlm=lmcount(lm_factory=lm_rhw(reasonable_orders=true),transform=adapt_costs(one),pref=false)' --evaluator 'hff=ff(transform=adapt_costs(one))' --search 'lazy_greedy([hff,hlm],preferred=[hff,hlm],cost_type=one,reopen_closed=false)' --internal-plan-file sas_plan < output.sas
reading input... [t=1.905e-05s]
done reading input! [t=0.00158949s]
Initializing landmarks count heuristic...
Initializing Exploration...
Generating landmarks using the RPG/SAS+ approach
approx. reasonable orders
approx. obedient reasonable orders
Removed 0 reasonable or obedient reasonable orders
Landmarks generation time: 0.00101764s
Discovered 9 landmarks, of which 0 are disjunctive and 0 are conjunctive 
15 edges
Simplifying 626 unary operators... done! [456 unary operators]
Initializing additive heuristic...
Initializing FF heuristic...
Building successor generator...done! [t=0.00433914s]
peak memory difference for successor generator creation: 0 KB
time for successor generation creation: 6.3098e-05s
Variables: 56
FactPairs: 143
Bytes per state: 12
Conducting lazy best first search, (real) bound = 2147483647
4 initial landmarks, 1 goal landmarks
New best heuristic value for lmcount(lm_factory = lm_rhw(reasonable_orders = true), transform = adapt_costs(one), pref = false): 5
New best heuristic value for ff(transform = adapt_costs(one)): 10
[g=0, 1 evaluated, 0 expanded, t=0.00443106s, 4652 KB]
Initial heuristic value for lmcount(lm_factory = lm_rhw(reasonable_orders = true), transform = adapt_costs(one), pref = false): 5
Initial heuristic value for ff(transform = adapt_costs(one)): 10
New best heuristic value for ff(transform = adapt_costs(one)): 8
[g=1, 2 evaluated, 1 expanded, t=0.0044908s, 4652 KB]
New best heuristic value for ff(transform = adapt_costs(one)): 7
[g=2, 3 evaluated, 2 expanded, t=0.00452794s, 4652 KB]
New best heuristic value for ff(transform = adapt_costs(one)): 6
[g=1, 7 evaluated, 5 expanded, t=0.00460634s, 4652 KB]
New best heuristic value for lmcount(lm_factory = lm_rhw(reasonable_orders = true), transform = adapt_costs(one), pref = false): 3
New best heuristic value for ff(transform = adapt_costs(one)): 5
[g=2, 8 evaluated, 6 expanded, t=0.00464175s, 4652 KB]
New best heuristic value for ff(transform = adapt_costs(one)): 4
[g=22, 2470 evaluated, 1664 expanded, t=0.0303927s, 4792 KB]
New best heuristic value for ff(transform = adapt_costs(one)): 3
[g=23, 2471 evaluated, 1665 expanded, t=0.0304331s, 4792 KB]
New best heuristic value for lmcount(lm_factory = lm_rhw(reasonable_orders = true), transform = adapt_costs(one), pref = false): 2
[g=25, 2473 evaluated, 1667 expanded, t=0.0304804s, 4792 KB]
Completely explored state space -- no solution!
Actual search time: 0.0910433s [t=0.0954431s]
Expanded 4840 state(s).
Reopened 0 state(s).
Evaluated 10138 state(s).
Evaluations: 14978
Generated 12150 state(s).
Dead ends: 5298 state(s).
Number of registered states: 10138
Int hash set load factor: 10138/16384 = 0.618774
Int hash set resizes: 14
Search time: 0.0910624s
Total time: 0.0954457s
Search stopped without finding a solution.
Peak memory: 5232 KB

search exit code: 12
Driver aborting after search
