INFO     Running translator.
INFO     translator stdin: None
INFO     translator time limit: None
INFO     translator memory limit: None
INFO     translator command line string: /usr/bin/python /home/jsegovia/Desktop/automated-programming-framework-private/PLANNERS/fast-downward/builds/release32/bin/translate/translate.py domain.pddl ins.pddl --sas-file output.sas
Parsing...
Parsing: [0.040s CPU, 0.041s wall-clock]
Normalizing task... [0.010s CPU, 0.003s wall-clock]
Instantiating...
Generating Datalog program... [0.000s CPU, 0.002s wall-clock]
Normalizing Datalog program...
Unbound effect variables: Adding @object predicate.
Trivial rules: Converted to facts.
Normalizing Datalog program: [0.020s CPU, 0.017s wall-clock]
Preparing model... [0.000s CPU, 0.008s wall-clock]
Generated 825 rules.
Computing model... [0.010s CPU, 0.011s wall-clock]
691 relevant atoms
782 auxiliary atoms
1473 final queue length
2839 total queue pushes
Completing instantiation... [0.030s CPU, 0.021s wall-clock]
Instantiating: [0.060s CPU, 0.060s wall-clock]
Computing fact groups...
Finding invariants...
117 initial candidates
Finding invariants: [19.450s CPU, 19.463s wall-clock]
Checking invariant weight... [0.000s CPU, 0.000s wall-clock]
Instantiating groups... [0.000s CPU, 0.000s wall-clock]
Collecting mutex groups... [0.000s CPU, 0.000s wall-clock]
Choosing groups...
251 uncovered facts
Choosing groups: [0.000s CPU, 0.000s wall-clock]
Building translation key... [0.010s CPU, 0.001s wall-clock]
Computing fact groups: [19.460s CPU, 19.468s wall-clock]
Building STRIPS to SAS dictionary... [0.000s CPU, 0.000s wall-clock]
Building dictionary for full mutex groups... [0.000s CPU, 0.000s wall-clock]
Building mutex information...
Building mutex information: [0.000s CPU, 0.000s wall-clock]
Translating task...
Processing axioms...
Simplifying axioms... [0.000s CPU, 0.000s wall-clock]
Processing axioms: [0.000s CPU, 0.003s wall-clock]
Translating task: [0.030s CPU, 0.035s wall-clock]
1028 effect conditions simplified
0 implied preconditions added
Detecting unreachable propositions...
0 operators removed
0 axioms removed
100 propositions removed
Detecting unreachable propositions: [0.010s CPU, 0.011s wall-clock]
Reordering and filtering variables...
213 of 213 variables necessary.
23 of 30 mutex groups necessary.
253 of 253 operators necessary.
10 of 10 axiom rules necessary.
Reordering and filtering variables: [0.020s CPU, 0.012s wall-clock]
Translator variables: 213
Translator derived variables: 10
Translator facts: 485
Translator goal facts: 1
Translator mutex groups: 23
Translator total mutex groups size: 82
Translator operators: 253
Translator axioms: 10
Translator task size: 5164
Translator peak memory: 203268 KB
Writing output... [0.000s CPU, 0.006s wall-clock]
Done! [19.630s CPU, 19.638s wall-clock]

translate exit code: 0
INFO     Running search (release32).
INFO     search stdin: output.sas
INFO     search time limit: None
INFO     search memory limit: None
INFO     search command line string: /home/jsegovia/Desktop/automated-programming-framework-private/PLANNERS/fast-downward/builds/release32/bin/downward --evaluator 'hlm=lmcount(lm_factory=lm_rhw(reasonable_orders=true),transform=adapt_costs(one),pref=false)' --evaluator 'hff=ff(transform=adapt_costs(one))' --search 'lazy_greedy([hff,hlm],preferred=[hff,hlm],cost_type=one,reopen_closed=false)' --internal-plan-file sas_plan < output.sas
reading input... [t=2.1113e-05s]
done reading input! [t=0.00437963s]
Initializing landmarks count heuristic...
Initializing Exploration...
Generating landmarks using the RPG/SAS+ approach
approx. reasonable orders
approx. obedient reasonable orders
Removed 0 reasonable or obedient reasonable orders
Landmarks generation time: 0.00462379s
Discovered 14 landmarks, of which 0 are disjunctive and 0 are conjunctive 
35 edges
Simplifying 2103 unary operators... done! [1816 unary operators]
Initializing additive heuristic...
Initializing FF heuristic...
Building successor generator...done! [t=0.0127089s]
peak memory difference for successor generator creation: 0 KB
time for successor generation creation: 8.785e-05s
Variables: 213
FactPairs: 485
Bytes per state: 32
Conducting lazy best first search, (real) bound = 2147483647
7 initial landmarks, 1 goal landmarks
New best heuristic value for lmcount(lm_factory = lm_rhw(reasonable_orders = true), transform = adapt_costs(one), pref = false): 7
New best heuristic value for ff(transform = adapt_costs(one)): 11
[g=0, 1 evaluated, 0 expanded, t=0.012835s, 5028 KB]
Initial heuristic value for lmcount(lm_factory = lm_rhw(reasonable_orders = true), transform = adapt_costs(one), pref = false): 7
Initial heuristic value for ff(transform = adapt_costs(one)): 11
New best heuristic value for ff(transform = adapt_costs(one)): 9
[g=1, 2 evaluated, 1 expanded, t=0.0129381s, 5028 KB]
New best heuristic value for ff(transform = adapt_costs(one)): 8
[g=2, 3 evaluated, 2 expanded, t=0.0130138s, 5028 KB]
New best heuristic value for ff(transform = adapt_costs(one)): 7
[g=3, 4 evaluated, 3 expanded, t=0.0130934s, 5028 KB]
New best heuristic value for lmcount(lm_factory = lm_rhw(reasonable_orders = true), transform = adapt_costs(one), pref = false): 6
New best heuristic value for ff(transform = adapt_costs(one)): 6
[g=2, 9 evaluated, 8 expanded, t=0.0133658s, 5028 KB]
New best heuristic value for ff(transform = adapt_costs(one)): 5
[g=4, 13 evaluated, 12 expanded, t=0.0136287s, 5028 KB]
New best heuristic value for ff(transform = adapt_costs(one)): 4
[g=5, 14 evaluated, 13 expanded, t=0.0136965s, 5028 KB]
New best heuristic value for lmcount(lm_factory = lm_rhw(reasonable_orders = true), transform = adapt_costs(one), pref = false): 4
[g=6, 15 evaluated, 14 expanded, t=0.0137576s, 5028 KB]
New best heuristic value for lmcount(lm_factory = lm_rhw(reasonable_orders = true), transform = adapt_costs(one), pref = false): 3
New best heuristic value for ff(transform = adapt_costs(one)): 3
[g=9, 18 evaluated, 17 expanded, t=0.0139044s, 5028 KB]
New best heuristic value for lmcount(lm_factory = lm_rhw(reasonable_orders = true), transform = adapt_costs(one), pref = false): 2
New best heuristic value for ff(transform = adapt_costs(one)): 2
[g=13, 22 evaluated, 21 expanded, t=0.0140772s, 5028 KB]
New best heuristic value for lmcount(lm_factory = lm_rhw(reasonable_orders = true), transform = adapt_costs(one), pref = false): 1
New best heuristic value for ff(transform = adapt_costs(one)): 1
[g=20, 42 evaluated, 41 expanded, t=0.0148066s, 5028 KB]
Solution found!
Actual search time: 0.00207512s [t=0.0148456s]
program-goto-at-0-2 n1 row-0 (1001)
eval-cond-at-0-0 n1 row-0 (1)
dont-goto-0-0-2 row-0 (1)
program-visit-node-1 row-0 (1001)
check-visit-node-0-1 row-0 (0)
execute-visit-node-0-1 row-0 (1)
program-end-2 row-0 (1)
check-main-end-0-2 row-0 (0)
repeat-end-main-0-2 row-0 (0)
eval-cond-at-0-0 n1 row-0 (1)
do-goto-0-0-2 row-0 (1)
check-main-end-1-2 row-0 (0)
skip-1  (0)
eval-cond-at-0-0 n1 row-0 (1)
do-goto-0-0-2 row-0 (1)
check-main-end-2-2 row-0 (0)
skip-2  (0)
eval-cond-at-0-0 n1 row-0 (1)
do-goto-0-0-2 row-0 (1)
check-main-end-3-2 row-0 (0)
skip-3  (0)
Plan length: 21 step(s).
Plan cost: 2012
Expanded 42 state(s).
Reopened 0 state(s).
Evaluated 43 state(s).
Evaluations: 86
Generated 232 state(s).
Dead ends: 0 state(s).
Number of registered states: 43
Int hash set load factor: 43/64 = 0.671875
Int hash set resizes: 6
Search time: 0.00208653s
Total time: 0.0148479s
Solution found.
Peak memory: 5028 KB

search exit code: 0
