INFO     Running translator.
INFO     translator stdin: None
INFO     translator time limit: None
INFO     translator memory limit: None
INFO     translator command line string: /usr/bin/python /home/jsegovia/Desktop/automated-programming-framework-private/PLANNERS/fast-downward/builds/release32/bin/translate/translate.py domain.pddl ins.pddl --sas-file output.sas
Parsing...
Parsing: [0.050s CPU, 0.054s wall-clock]
Normalizing task... [0.010s CPU, 0.003s wall-clock]
Instantiating...
Generating Datalog program... [0.000s CPU, 0.002s wall-clock]
Normalizing Datalog program...
Unbound effect variables: Adding @object predicate.
Trivial rules: Converted to facts.
Normalizing Datalog program: [0.020s CPU, 0.018s wall-clock]
Preparing model... [0.010s CPU, 0.009s wall-clock]
Generated 889 rules.
Computing model... [0.010s CPU, 0.011s wall-clock]
703 relevant atoms
794 auxiliary atoms
1497 final queue length
2990 total queue pushes
Completing instantiation... [0.030s CPU, 0.030s wall-clock]
Instantiating: [0.070s CPU, 0.071s wall-clock]
Computing fact groups...
Finding invariants...
117 initial candidates
Finding invariants: [31.840s CPU, 31.866s wall-clock]
Checking invariant weight... [0.000s CPU, 0.000s wall-clock]
Instantiating groups... [0.000s CPU, 0.000s wall-clock]
Collecting mutex groups... [0.000s CPU, 0.000s wall-clock]
Choosing groups...
257 uncovered facts
Choosing groups: [0.000s CPU, 0.000s wall-clock]
Building translation key... [0.000s CPU, 0.001s wall-clock]
Computing fact groups: [31.840s CPU, 31.871s wall-clock]
Building STRIPS to SAS dictionary... [0.000s CPU, 0.000s wall-clock]
Building dictionary for full mutex groups... [0.000s CPU, 0.000s wall-clock]
Building mutex information...
Building mutex information: [0.000s CPU, 0.000s wall-clock]
Translating task...
Processing axioms...
Simplifying axioms... [0.000s CPU, 0.000s wall-clock]
Processing axioms: [0.010s CPU, 0.003s wall-clock]
Translating task: [0.050s CPU, 0.043s wall-clock]
1564 effect conditions simplified
0 implied preconditions added
Detecting unreachable propositions...
0 operators removed
0 axioms removed
100 propositions removed
Detecting unreachable propositions: [0.010s CPU, 0.014s wall-clock]
Reordering and filtering variables...
219 of 219 variables necessary.
24 of 31 mutex groups necessary.
256 of 256 operators necessary.
10 of 10 axiom rules necessary.
Reordering and filtering variables: [0.010s CPU, 0.014s wall-clock]
Translator variables: 219
Translator derived variables: 10
Translator facts: 497
Translator goal facts: 1
Translator mutex groups: 24
Translator total mutex groups size: 86
Translator operators: 256
Translator axioms: 10
Translator task size: 6581
Translator peak memory: 204784 KB
Writing output... [0.000s CPU, 0.007s wall-clock]
Done! [32.050s CPU, 32.080s wall-clock]

translate exit code: 0
INFO     Running search (release32).
INFO     search stdin: output.sas
INFO     search time limit: None
INFO     search memory limit: None
INFO     search command line string: /home/jsegovia/Desktop/automated-programming-framework-private/PLANNERS/fast-downward/builds/release32/bin/downward --evaluator 'hlm=lmcount(lm_factory=lm_rhw(reasonable_orders=true),transform=adapt_costs(one),pref=false)' --evaluator 'hff=ff(transform=adapt_costs(one))' --search 'lazy_greedy([hff,hlm],preferred=[hff,hlm],cost_type=one,reopen_closed=false)' --internal-plan-file sas_plan < output.sas
reading input... [t=2.1662e-05s]
done reading input! [t=0.00518784s]
Initializing landmarks count heuristic...
Initializing Exploration...
Generating landmarks using the RPG/SAS+ approach
approx. reasonable orders
approx. obedient reasonable orders
Removed 0 reasonable or obedient reasonable orders
Landmarks generation time: 0.00572274s
Discovered 14 landmarks, of which 0 are disjunctive and 0 are conjunctive 
34 edges
Simplifying 2793 unary operators... done! [2506 unary operators]
Initializing additive heuristic...
Initializing FF heuristic...
Building successor generator...done! [t=0.0148018s]
peak memory difference for successor generator creation: 0 KB
time for successor generation creation: 0.000111036s
Variables: 219
FactPairs: 497
Bytes per state: 32
Conducting lazy best first search, (real) bound = 2147483647
7 initial landmarks, 1 goal landmarks
New best heuristic value for lmcount(lm_factory = lm_rhw(reasonable_orders = true), transform = adapt_costs(one), pref = false): 7
New best heuristic value for ff(transform = adapt_costs(one)): 11
[g=0, 1 evaluated, 0 expanded, t=0.014966s, 5348 KB]
Initial heuristic value for lmcount(lm_factory = lm_rhw(reasonable_orders = true), transform = adapt_costs(one), pref = false): 7
Initial heuristic value for ff(transform = adapt_costs(one)): 11
New best heuristic value for ff(transform = adapt_costs(one)): 9
[g=1, 2 evaluated, 1 expanded, t=0.0151019s, 5348 KB]
New best heuristic value for ff(transform = adapt_costs(one)): 8
[g=2, 3 evaluated, 2 expanded, t=0.0152008s, 5348 KB]
New best heuristic value for ff(transform = adapt_costs(one)): 7
[g=1, 7 evaluated, 6 expanded, t=0.0154739s, 5348 KB]
New best heuristic value for lmcount(lm_factory = lm_rhw(reasonable_orders = true), transform = adapt_costs(one), pref = false): 6
New best heuristic value for ff(transform = adapt_costs(one)): 6
[g=2, 8 evaluated, 7 expanded, t=0.0155526s, 5348 KB]
New best heuristic value for ff(transform = adapt_costs(one)): 5
[g=46, 23521 evaluated, 23520 expanded, t=1.09187s, 7288 KB]
New best heuristic value for ff(transform = adapt_costs(one)): 4
[g=47, 23522 evaluated, 23521 expanded, t=1.09197s, 7288 KB]
New best heuristic value for lmcount(lm_factory = lm_rhw(reasonable_orders = true), transform = adapt_costs(one), pref = false): 5
[g=49, 24157 evaluated, 24156 expanded, t=1.12739s, 7288 KB]
Completely explored state space -- no solution!
Actual search time: 5.86155s [t=5.87643s]
Expanded 147132 state(s).
Reopened 0 state(s).
Evaluated 147132 state(s).
Evaluations: 294264
Generated 214174 state(s).
Dead ends: 0 state(s).
Number of registered states: 147132
Int hash set load factor: 147132/262144 = 0.561264
Int hash set resizes: 18
Search time: 5.86157s
Total time: 5.87643s
Search stopped without finding a solution.
Peak memory: 16252 KB

search exit code: 12
Driver aborting after search
