INFO     Running translator.
INFO     translator stdin: None
INFO     translator time limit: None
INFO     translator memory limit: None
INFO     translator command line string: /usr/bin/python /home/jsegovia/Desktop/automated-programming-framework-private/PLANNERS/fast-downward/builds/release32/bin/translate/translate.py domain.pddl ins.pddl --sas-file output.sas
Parsing...
Parsing: [0.030s CPU, 0.033s wall-clock]
Normalizing task... [0.000s CPU, 0.002s wall-clock]
Instantiating...
Generating Datalog program... [0.000s CPU, 0.002s wall-clock]
Normalizing Datalog program...
Normalizing Datalog program: [0.020s CPU, 0.018s wall-clock]
Preparing model... [0.010s CPU, 0.008s wall-clock]
Generated 772 rules.
Computing model... [0.010s CPU, 0.008s wall-clock]
415 relevant atoms
609 auxiliary atoms
1024 final queue length
2156 total queue pushes
Completing instantiation... [0.010s CPU, 0.014s wall-clock]
Instantiating: [0.050s CPU, 0.050s wall-clock]
Computing fact groups...
Finding invariants...
75 initial candidates
Finding invariants: [0.610s CPU, 0.605s wall-clock]
Checking invariant weight... [0.000s CPU, 0.000s wall-clock]
Instantiating groups... [0.000s CPU, 0.000s wall-clock]
Collecting mutex groups... [0.000s CPU, 0.000s wall-clock]
Choosing groups...
62 uncovered facts
Choosing groups: [0.000s CPU, 0.000s wall-clock]
Building translation key... [0.000s CPU, 0.000s wall-clock]
Computing fact groups: [0.610s CPU, 0.607s wall-clock]
Building STRIPS to SAS dictionary... [0.000s CPU, 0.000s wall-clock]
Building dictionary for full mutex groups... [0.000s CPU, 0.000s wall-clock]
Building mutex information...
Building mutex information: [0.000s CPU, 0.000s wall-clock]
Translating task...
Processing axioms...
Simplifying axioms... [0.000s CPU, 0.000s wall-clock]
Processing axioms: [0.000s CPU, 0.001s wall-clock]
Translating task: [0.020s CPU, 0.020s wall-clock]
354 effect conditions simplified
0 implied preconditions added
Detecting unreachable propositions...
0 operators removed
0 axioms removed
6 propositions removed
Detecting unreachable propositions: [0.010s CPU, 0.007s wall-clock]
Reordering and filtering variables...
69 of 71 variables necessary.
24 of 31 mutex groups necessary.
253 of 253 operators necessary.
0 of 0 axiom rules necessary.
Reordering and filtering variables: [0.000s CPU, 0.004s wall-clock]
Translator variables: 69
Translator derived variables: 0
Translator facts: 197
Translator goal facts: 1
Translator mutex groups: 24
Translator total mutex groups size: 86
Translator operators: 253
Translator axioms: 0
Translator task size: 2617
Translator peak memory: 57064 KB
Writing output... [0.000s CPU, 0.003s wall-clock]
Done! [0.720s CPU, 0.728s wall-clock]

translate exit code: 0
INFO     Running search (release32).
INFO     search stdin: output.sas
INFO     search time limit: None
INFO     search memory limit: None
INFO     search command line string: /home/jsegovia/Desktop/automated-programming-framework-private/PLANNERS/fast-downward/builds/release32/bin/downward --evaluator 'hlm=lmcount(lm_factory=lm_rhw(reasonable_orders=true),transform=adapt_costs(one),pref=false)' --evaluator 'hff=ff(transform=adapt_costs(one))' --search 'lazy_greedy([hff,hlm],preferred=[hff,hlm],cost_type=one,reopen_closed=false)' --internal-plan-file sas_plan < output.sas
reading input... [t=1.877e-05s]
done reading input! [t=0.00232855s]
Initializing landmarks count heuristic...
Initializing Exploration...
Generating landmarks using the RPG/SAS+ approach
approx. reasonable orders
approx. obedient reasonable orders
Removed 0 reasonable or obedient reasonable orders
Landmarks generation time: 0.00176616s
Discovered 12 landmarks, of which 0 are disjunctive and 0 are conjunctive 
28 edges
Simplifying 1047 unary operators... done! [760 unary operators]
Initializing additive heuristic...
Initializing FF heuristic...
Building successor generator...done! [t=0.0068053s]
peak memory difference for successor generator creation: 0 KB
time for successor generation creation: 8.4914e-05s
Variables: 69
FactPairs: 197
Bytes per state: 12
Conducting lazy best first search, (real) bound = 2147483647
5 initial landmarks, 1 goal landmarks
New best heuristic value for lmcount(lm_factory = lm_rhw(reasonable_orders = true), transform = adapt_costs(one), pref = false): 7
New best heuristic value for ff(transform = adapt_costs(one)): 11
[g=0, 1 evaluated, 0 expanded, t=0.00690405s, 4784 KB]
Initial heuristic value for lmcount(lm_factory = lm_rhw(reasonable_orders = true), transform = adapt_costs(one), pref = false): 7
Initial heuristic value for ff(transform = adapt_costs(one)): 11
New best heuristic value for ff(transform = adapt_costs(one)): 9
[g=1, 2 evaluated, 1 expanded, t=0.0069761s, 4784 KB]
New best heuristic value for ff(transform = adapt_costs(one)): 8
[g=2, 3 evaluated, 2 expanded, t=0.00701865s, 4784 KB]
New best heuristic value for ff(transform = adapt_costs(one)): 7
[g=1, 7 evaluated, 5 expanded, t=0.00712262s, 4784 KB]
New best heuristic value for lmcount(lm_factory = lm_rhw(reasonable_orders = true), transform = adapt_costs(one), pref = false): 6
New best heuristic value for ff(transform = adapt_costs(one)): 6
[g=2, 8 evaluated, 6 expanded, t=0.00716401s, 4784 KB]
New best heuristic value for ff(transform = adapt_costs(one)): 5
[g=10, 882 evaluated, 563 expanded, t=0.0216109s, 4784 KB]
New best heuristic value for ff(transform = adapt_costs(one)): 4
[g=11, 883 evaluated, 564 expanded, t=0.0216607s, 4784 KB]
New best heuristic value for lmcount(lm_factory = lm_rhw(reasonable_orders = true), transform = adapt_costs(one), pref = false): 5
[g=13, 885 evaluated, 566 expanded, t=0.0217176s, 4784 KB]
New best heuristic value for ff(transform = adapt_costs(one)): 3
[g=19, 891 evaluated, 572 expanded, t=0.0218302s, 4784 KB]
New best heuristic value for lmcount(lm_factory = lm_rhw(reasonable_orders = true), transform = adapt_costs(one), pref = false): 4
[g=21, 893 evaluated, 574 expanded, t=0.0218886s, 4784 KB]
Completely explored state space -- no solution!
Actual search time: 0.271322s [t=0.278194s]
Expanded 5973 state(s).
Reopened 0 state(s).
Evaluated 26254 state(s).
Evaluations: 32227
Generated 28998 state(s).
Dead ends: 20281 state(s).
Number of registered states: 26254
Int hash set load factor: 26254/32768 = 0.801208
Int hash set resizes: 15
Search time: 0.271345s
Total time: 0.278197s
Search stopped without finding a solution.
Peak memory: 6140 KB

search exit code: 12
Driver aborting after search
