INFO     Running translator.
INFO     translator stdin: None
INFO     translator time limit: None
INFO     translator memory limit: None
INFO     translator command line string: /usr/bin/python /home/jsegovia/Desktop/automated-programming-framework-private/PLANNERS/fast-downward/builds/release32/bin/translate/translate.py domain.pddl ins.pddl --sas-file output.sas
Parsing...
Parsing: [0.040s CPU, 0.033s wall-clock]
Normalizing task... [0.000s CPU, 0.002s wall-clock]
Instantiating...
Generating Datalog program... [0.000s CPU, 0.002s wall-clock]
Normalizing Datalog program...
Normalizing Datalog program: [0.020s CPU, 0.017s wall-clock]
Preparing model... [0.010s CPU, 0.008s wall-clock]
Generated 769 rules.
Computing model... [0.000s CPU, 0.008s wall-clock]
374 relevant atoms
573 auxiliary atoms
947 final queue length
1924 total queue pushes
Completing instantiation... [0.020s CPU, 0.012s wall-clock]
Instantiating: [0.050s CPU, 0.047s wall-clock]
Computing fact groups...
Finding invariants...
74 initial candidates
Finding invariants: [0.870s CPU, 0.878s wall-clock]
Checking invariant weight... [0.000s CPU, 0.000s wall-clock]
Instantiating groups... [0.000s CPU, 0.000s wall-clock]
Collecting mutex groups... [0.000s CPU, 0.000s wall-clock]
Choosing groups...
61 uncovered facts
Choosing groups: [0.000s CPU, 0.000s wall-clock]
Building translation key... [0.000s CPU, 0.000s wall-clock]
Computing fact groups: [0.870s CPU, 0.880s wall-clock]
Building STRIPS to SAS dictionary... [0.000s CPU, 0.000s wall-clock]
Building dictionary for full mutex groups... [0.000s CPU, 0.000s wall-clock]
Building mutex information...
Building mutex information: [0.000s CPU, 0.000s wall-clock]
Translating task...
Processing axioms...
Simplifying axioms... [0.000s CPU, 0.000s wall-clock]
Processing axioms: [0.000s CPU, 0.001s wall-clock]
Translating task: [0.020s CPU, 0.020s wall-clock]
351 effect conditions simplified
0 implied preconditions added
Detecting unreachable propositions...
0 operators removed
0 axioms removed
6 propositions removed
Detecting unreachable propositions: [0.010s CPU, 0.007s wall-clock]
Reordering and filtering variables...
68 of 70 variables necessary.
23 of 30 mutex groups necessary.
228 of 228 operators necessary.
0 of 0 axiom rules necessary.
Reordering and filtering variables: [0.000s CPU, 0.004s wall-clock]
Translator variables: 68
Translator derived variables: 0
Translator facts: 186
Translator goal facts: 1
Translator mutex groups: 23
Translator total mutex groups size: 76
Translator operators: 228
Translator axioms: 0
Translator task size: 2682
Translator peak memory: 61708 KB
Writing output... [0.010s CPU, 0.003s wall-clock]
Done! [1.000s CPU, 0.998s wall-clock]

translate exit code: 0
INFO     Running search (release32).
INFO     search stdin: output.sas
INFO     search time limit: None
INFO     search memory limit: None
INFO     search command line string: /home/jsegovia/Desktop/automated-programming-framework-private/PLANNERS/fast-downward/builds/release32/bin/downward --evaluator 'hlm=lmcount(lm_factory=lm_rhw(reasonable_orders=true),transform=adapt_costs(one),pref=false)' --evaluator 'hff=ff(transform=adapt_costs(one))' --search 'lazy_greedy([hff,hlm],preferred=[hff,hlm],cost_type=one,reopen_closed=false)' --internal-plan-file sas_plan < output.sas
reading input... [t=2.0077e-05s]
done reading input! [t=0.00230973s]
Initializing landmarks count heuristic...
Initializing Exploration...
Generating landmarks using the RPG/SAS+ approach
approx. reasonable orders
approx. obedient reasonable orders
Removed 0 reasonable or obedient reasonable orders
Landmarks generation time: 0.0015292s
Discovered 10 landmarks, of which 0 are disjunctive and 0 are conjunctive 
21 edges
Simplifying 1022 unary operators... done! [774 unary operators]
Initializing additive heuristic...
Initializing FF heuristic...
Building successor generator...done! [t=0.00683843s]
peak memory difference for successor generator creation: 0 KB
time for successor generation creation: 8.9929e-05s
Variables: 68
FactPairs: 186
Bytes per state: 12
Conducting lazy best first search, (real) bound = 2147483647
4 initial landmarks, 1 goal landmarks
New best heuristic value for lmcount(lm_factory = lm_rhw(reasonable_orders = true), transform = adapt_costs(one), pref = false): 6
New best heuristic value for ff(transform = adapt_costs(one)): 11
[g=0, 1 evaluated, 0 expanded, t=0.00694835s, 4652 KB]
Initial heuristic value for lmcount(lm_factory = lm_rhw(reasonable_orders = true), transform = adapt_costs(one), pref = false): 6
Initial heuristic value for ff(transform = adapt_costs(one)): 11
New best heuristic value for ff(transform = adapt_costs(one)): 9
[g=1, 2 evaluated, 1 expanded, t=0.00702541s, 4652 KB]
New best heuristic value for ff(transform = adapt_costs(one)): 8
[g=2, 3 evaluated, 2 expanded, t=0.00707471s, 4652 KB]
New best heuristic value for ff(transform = adapt_costs(one)): 7
[g=1, 7 evaluated, 5 expanded, t=0.00718965s, 4652 KB]
New best heuristic value for lmcount(lm_factory = lm_rhw(reasonable_orders = true), transform = adapt_costs(one), pref = false): 4
New best heuristic value for ff(transform = adapt_costs(one)): 6
[g=2, 8 evaluated, 6 expanded, t=0.00723657s, 4652 KB]
New best heuristic value for ff(transform = adapt_costs(one)): 5
[g=40, 4413 evaluated, 3241 expanded, t=0.0711601s, 5080 KB]
New best heuristic value for ff(transform = adapt_costs(one)): 4
[g=41, 4414 evaluated, 3242 expanded, t=0.0712064s, 5080 KB]
Completely explored state space -- no solution!
Actual search time: 0.436066s [t=0.442977s]
Expanded 17807 state(s).
Reopened 0 state(s).
Evaluated 34271 state(s).
Evaluations: 52078
Generated 41098 state(s).
Dead ends: 16464 state(s).
Number of registered states: 34271
Int hash set load factor: 34271/65536 = 0.522934
Int hash set resizes: 16
Search time: 0.436091s
Total time: 0.442981s
Search stopped without finding a solution.
Peak memory: 6936 KB

search exit code: 12
Driver aborting after search
