INFO     Running translator.
INFO     translator stdin: None
INFO     translator time limit: None
INFO     translator memory limit: None
INFO     translator command line string: /usr/bin/python /home/jsegovia/Desktop/automated-programming-framework-private/PLANNERS/fast-downward/builds/release32/bin/translate/translate.py domain.pddl ins.pddl --sas-file output.sas
Parsing...
Parsing: [0.060s CPU, 0.059s wall-clock]
Normalizing task... [0.010s CPU, 0.004s wall-clock]
Instantiating...
Generating Datalog program... [0.000s CPU, 0.002s wall-clock]
Normalizing Datalog program...
Unbound effect variables: Adding @object predicate.
Trivial rules: Converted to facts.
Normalizing Datalog program: [0.020s CPU, 0.019s wall-clock]
Preparing model... [0.010s CPU, 0.009s wall-clock]
Generated 912 rules.
Computing model... [0.010s CPU, 0.011s wall-clock]
694 relevant atoms
798 auxiliary atoms
1492 final queue length
2792 total queue pushes
Completing instantiation... [0.030s CPU, 0.031s wall-clock]
Instantiating: [0.070s CPU, 0.074s wall-clock]
Computing fact groups...
Finding invariants...
118 initial candidates
Finding invariants: [27.320s CPU, 27.322s wall-clock]
Checking invariant weight... [0.000s CPU, 0.000s wall-clock]
Instantiating groups... [0.000s CPU, 0.000s wall-clock]
Collecting mutex groups... [0.000s CPU, 0.000s wall-clock]
Choosing groups...
244 uncovered facts
Choosing groups: [0.000s CPU, 0.000s wall-clock]
Building translation key... [0.000s CPU, 0.001s wall-clock]
Computing fact groups: [27.320s CPU, 27.327s wall-clock]
Building STRIPS to SAS dictionary... [0.000s CPU, 0.000s wall-clock]
Building dictionary for full mutex groups... [0.000s CPU, 0.000s wall-clock]
Building mutex information...
Building mutex information: [0.000s CPU, 0.000s wall-clock]
Translating task...
Processing axioms...
Simplifying axioms... [0.000s CPU, 0.000s wall-clock]
Processing axioms: [0.000s CPU, 0.003s wall-clock]
Translating task: [0.050s CPU, 0.045s wall-clock]
2081 effect conditions simplified
0 implied preconditions added
Detecting unreachable propositions...
0 operators removed
0 axioms removed
99 propositions removed
Detecting unreachable propositions: [0.010s CPU, 0.014s wall-clock]
Reordering and filtering variables...
206 of 206 variables necessary.
23 of 30 mutex groups necessary.
263 of 263 operators necessary.
10 of 10 axiom rules necessary.
Reordering and filtering variables: [0.010s CPU, 0.014s wall-clock]
Translator variables: 206
Translator derived variables: 10
Translator facts: 472
Translator goal facts: 1
Translator mutex groups: 23
Translator total mutex groups size: 82
Translator operators: 263
Translator axioms: 10
Translator task size: 5729
Translator peak memory: 204540 KB
Writing output... [0.000s CPU, 0.006s wall-clock]
Done! [27.540s CPU, 27.546s wall-clock]

translate exit code: 0
INFO     Running search (release32).
INFO     search stdin: output.sas
INFO     search time limit: None
INFO     search memory limit: None
INFO     search command line string: /home/jsegovia/Desktop/automated-programming-framework-private/PLANNERS/fast-downward/builds/release32/bin/downward --evaluator 'hlm=lmcount(lm_factory=lm_rhw(reasonable_orders=true),transform=adapt_costs(one),pref=false)' --evaluator 'hff=ff(transform=adapt_costs(one))' --search 'lazy_greedy([hff,hlm],preferred=[hff,hlm],cost_type=one,reopen_closed=false)' --internal-plan-file sas_plan < output.sas
reading input... [t=2.1618e-05s]
done reading input! [t=0.00494611s]
Initializing landmarks count heuristic...
Initializing Exploration...
Generating landmarks using the RPG/SAS+ approach
approx. reasonable orders
approx. obedient reasonable orders
Removed 0 reasonable or obedient reasonable orders
Landmarks generation time: 0.00580516s
Discovered 16 landmarks, of which 0 are disjunctive and 0 are conjunctive 
43 edges
Simplifying 3087 unary operators... done! [2800 unary operators]
Initializing additive heuristic...
Initializing FF heuristic...
Building successor generator...done! [t=0.0146441s]
peak memory difference for successor generator creation: 0 KB
time for successor generation creation: 9.5134e-05s
Variables: 206
FactPairs: 472
Bytes per state: 32
Conducting lazy best first search, (real) bound = 2147483647
8 initial landmarks, 1 goal landmarks
New best heuristic value for lmcount(lm_factory = lm_rhw(reasonable_orders = true), transform = adapt_costs(one), pref = false): 8
New best heuristic value for ff(transform = adapt_costs(one)): 12
[g=0, 1 evaluated, 0 expanded, t=0.0147819s, 5224 KB]
Initial heuristic value for lmcount(lm_factory = lm_rhw(reasonable_orders = true), transform = adapt_costs(one), pref = false): 8
Initial heuristic value for ff(transform = adapt_costs(one)): 12
New best heuristic value for ff(transform = adapt_costs(one)): 11
[g=1, 2 evaluated, 1 expanded, t=0.0148946s, 5224 KB]
New best heuristic value for ff(transform = adapt_costs(one)): 9
[g=2, 3 evaluated, 2 expanded, t=0.014981s, 5224 KB]
New best heuristic value for ff(transform = adapt_costs(one)): 8
[g=3, 4 evaluated, 3 expanded, t=0.0150695s, 5224 KB]
New best heuristic value for lmcount(lm_factory = lm_rhw(reasonable_orders = true), transform = adapt_costs(one), pref = false): 7
New best heuristic value for ff(transform = adapt_costs(one)): 7
[g=2, 9 evaluated, 8 expanded, t=0.0153843s, 5224 KB]
New best heuristic value for ff(transform = adapt_costs(one)): 6
[g=10, 473 evaluated, 472 expanded, t=0.0398841s, 5224 KB]
New best heuristic value for ff(transform = adapt_costs(one)): 5
[g=11, 474 evaluated, 473 expanded, t=0.0399665s, 5224 KB]
New best heuristic value for lmcount(lm_factory = lm_rhw(reasonable_orders = true), transform = adapt_costs(one), pref = false): 6
[g=13, 476 evaluated, 475 expanded, t=0.0401s, 5224 KB]
Completely explored state space -- no solution!
Actual search time: 3.63163s [t=3.64634s]
Expanded 109687 state(s).
Reopened 0 state(s).
Evaluated 109687 state(s).
Evaluations: 219374
Generated 162238 state(s).
Dead ends: 0 state(s).
Number of registered states: 109687
Int hash set load factor: 109687/131072 = 0.836845
Int hash set resizes: 17
Search time: 3.63165s
Total time: 3.64635s
Search stopped without finding a solution.
Peak memory: 12692 KB

search exit code: 12
Driver aborting after search
