INFO     Running translator.
INFO     translator stdin: None
INFO     translator time limit: None
INFO     translator memory limit: None
INFO     translator command line string: /usr/bin/python /home/jsegovia/Desktop/automated-programming-framework-private/PLANNERS/fast-downward/builds/release32/bin/translate/translate.py domain.pddl ins.pddl --sas-file output.sas
Parsing...
Parsing: [0.040s CPU, 0.040s wall-clock]
Normalizing task... [0.000s CPU, 0.003s wall-clock]
Instantiating...
Generating Datalog program... [0.000s CPU, 0.002s wall-clock]
Normalizing Datalog program...
Normalizing Datalog program: [0.020s CPU, 0.020s wall-clock]
Preparing model... [0.010s CPU, 0.009s wall-clock]
Generated 877 rules.
Computing model... [0.010s CPU, 0.010s wall-clock]
427 relevant atoms
630 auxiliary atoms
1057 final queue length
2415 total queue pushes
Completing instantiation... [0.010s CPU, 0.017s wall-clock]
Instantiating: [0.050s CPU, 0.060s wall-clock]
Computing fact groups...
Finding invariants...
76 initial candidates
Finding invariants: [0.630s CPU, 0.633s wall-clock]
Checking invariant weight... [0.000s CPU, 0.000s wall-clock]
Instantiating groups... [0.000s CPU, 0.000s wall-clock]
Collecting mutex groups... [0.000s CPU, 0.000s wall-clock]
Choosing groups...
69 uncovered facts
Choosing groups: [0.010s CPU, 0.000s wall-clock]
Building translation key... [0.000s CPU, 0.000s wall-clock]
Computing fact groups: [0.640s CPU, 0.635s wall-clock]
Building STRIPS to SAS dictionary... [0.000s CPU, 0.000s wall-clock]
Building dictionary for full mutex groups... [0.000s CPU, 0.000s wall-clock]
Building mutex information...
Building mutex information: [0.000s CPU, 0.000s wall-clock]
Translating task...
Processing axioms...
Simplifying axioms... [0.000s CPU, 0.000s wall-clock]
Processing axioms: [0.000s CPU, 0.001s wall-clock]
Translating task: [0.020s CPU, 0.026s wall-clock]
515 effect conditions simplified
0 implied preconditions added
Detecting unreachable propositions...
0 operators removed
0 axioms removed
6 propositions removed
Detecting unreachable propositions: [0.010s CPU, 0.009s wall-clock]
Reordering and filtering variables...
76 of 78 variables necessary.
23 of 31 mutex groups necessary.
260 of 260 operators necessary.
0 of 0 axiom rules necessary.
Reordering and filtering variables: [0.010s CPU, 0.006s wall-clock]
Translator variables: 76
Translator derived variables: 0
Translator facts: 212
Translator goal facts: 1
Translator mutex groups: 23
Translator total mutex groups size: 82
Translator operators: 260
Translator axioms: 0
Translator task size: 3929
Translator peak memory: 59424 KB
Writing output... [0.000s CPU, 0.004s wall-clock]
Done! [0.770s CPU, 0.783s wall-clock]

translate exit code: 0
INFO     Running search (release32).
INFO     search stdin: output.sas
INFO     search time limit: None
INFO     search memory limit: None
INFO     search command line string: /home/jsegovia/Desktop/automated-programming-framework-private/PLANNERS/fast-downward/builds/release32/bin/downward --evaluator 'hlm=lmcount(lm_factory=lm_rhw(reasonable_orders=true),transform=adapt_costs(one),pref=false)' --evaluator 'hff=ff(transform=adapt_costs(one))' --search 'lazy_greedy([hff,hlm],preferred=[hff,hlm],cost_type=one,reopen_closed=false)' --internal-plan-file sas_plan < output.sas
reading input... [t=1.8386e-05s]
done reading input! [t=0.00295025s]
Initializing landmarks count heuristic...
Initializing Exploration...
Generating landmarks using the RPG/SAS+ approach
approx. reasonable orders
approx. obedient reasonable orders
Removed 0 reasonable or obedient reasonable orders
Landmarks generation time: 0.00267969s
Discovered 13 landmarks, of which 0 are disjunctive and 0 are conjunctive 
37 edges
Simplifying 1469 unary operators... done! [1182 unary operators]
Initializing additive heuristic...
Initializing FF heuristic...
Building successor generator...done! [t=0.00922726s]
peak memory difference for successor generator creation: 0 KB
time for successor generation creation: 0.000149874s
Variables: 76
FactPairs: 212
Bytes per state: 16
Conducting lazy best first search, (real) bound = 2147483647
5 initial landmarks, 1 goal landmarks
New best heuristic value for lmcount(lm_factory = lm_rhw(reasonable_orders = true), transform = adapt_costs(one), pref = false): 8
New best heuristic value for ff(transform = adapt_costs(one)): 12
[g=0, 1 evaluated, 0 expanded, t=0.00939977s, 4804 KB]
Initial heuristic value for lmcount(lm_factory = lm_rhw(reasonable_orders = true), transform = adapt_costs(one), pref = false): 8
Initial heuristic value for ff(transform = adapt_costs(one)): 12
New best heuristic value for ff(transform = adapt_costs(one)): 10
[g=1, 2 evaluated, 1 expanded, t=0.0095324s, 4804 KB]
New best heuristic value for ff(transform = adapt_costs(one)): 9
[g=2, 3 evaluated, 2 expanded, t=0.00961504s, 4804 KB]
New best heuristic value for ff(transform = adapt_costs(one)): 8
[g=1, 7 evaluated, 5 expanded, t=0.00982937s, 4804 KB]
New best heuristic value for lmcount(lm_factory = lm_rhw(reasonable_orders = true), transform = adapt_costs(one), pref = false): 7
New best heuristic value for ff(transform = adapt_costs(one)): 7
[g=2, 8 evaluated, 6 expanded, t=0.00991002s, 4804 KB]
New best heuristic value for ff(transform = adapt_costs(one)): 6
[g=4, 10 evaluated, 8 expanded, t=0.0100509s, 4804 KB]
New best heuristic value for ff(transform = adapt_costs(one)): 5
[g=5, 11 evaluated, 9 expanded, t=0.0101183s, 4804 KB]
New best heuristic value for lmcount(lm_factory = lm_rhw(reasonable_orders = true), transform = adapt_costs(one), pref = false): 6
[g=7, 13 evaluated, 11 expanded, t=0.0102164s, 4804 KB]
Completely explored state space -- no solution!
Actual search time: 0.413411s [t=0.422739s]
Expanded 8939 state(s).
Reopened 0 state(s).
Evaluated 29370 state(s).
Evaluations: 38309
Generated 33091 state(s).
Dead ends: 20431 state(s).
Number of registered states: 29370
Int hash set load factor: 29370/65536 = 0.448151
Int hash set resizes: 16
Search time: 0.413436s
Total time: 0.422742s
Search stopped without finding a solution.
Peak memory: 6932 KB

search exit code: 12
Driver aborting after search
