INFO     Running translator.
INFO     translator stdin: None
INFO     translator time limit: None
INFO     translator memory limit: None
INFO     translator command line string: /usr/bin/python /home/jsegovia/Desktop/automated-programming-framework-private/PLANNERS/fast-downward/builds/release32/bin/translate/translate.py domain.pddl ins.pddl --sas-file output.sas
Parsing...
Parsing: [0.030s CPU, 0.031s wall-clock]
Normalizing task... [0.010s CPU, 0.002s wall-clock]
Instantiating...
Generating Datalog program... [0.000s CPU, 0.002s wall-clock]
Normalizing Datalog program...
Normalizing Datalog program: [0.010s CPU, 0.017s wall-clock]
Preparing model... [0.010s CPU, 0.008s wall-clock]
Generated 781 rules.
Computing model... [0.010s CPU, 0.009s wall-clock]
425 relevant atoms
627 auxiliary atoms
1052 final queue length
2397 total queue pushes
Completing instantiation... [0.010s CPU, 0.013s wall-clock]
Instantiating: [0.040s CPU, 0.049s wall-clock]
Computing fact groups...
Finding invariants...
76 initial candidates
Finding invariants: [0.470s CPU, 0.467s wall-clock]
Checking invariant weight... [0.000s CPU, 0.000s wall-clock]
Instantiating groups... [0.000s CPU, 0.000s wall-clock]
Collecting mutex groups... [0.000s CPU, 0.000s wall-clock]
Choosing groups...
73 uncovered facts
Choosing groups: [0.000s CPU, 0.000s wall-clock]
Building translation key... [0.000s CPU, 0.000s wall-clock]
Computing fact groups: [0.470s CPU, 0.469s wall-clock]
Building STRIPS to SAS dictionary... [0.000s CPU, 0.000s wall-clock]
Building dictionary for full mutex groups... [0.000s CPU, 0.000s wall-clock]
Building mutex information...
Building mutex information: [0.000s CPU, 0.000s wall-clock]
Translating task...
Processing axioms...
Simplifying axioms... [0.000s CPU, 0.000s wall-clock]
Processing axioms: [0.000s CPU, 0.001s wall-clock]
Translating task: [0.030s CPU, 0.027s wall-clock]
356 effect conditions simplified
0 implied preconditions added
Detecting unreachable propositions...
0 operators removed
0 axioms removed
6 propositions removed
Detecting unreachable propositions: [0.010s CPU, 0.011s wall-clock]
Reordering and filtering variables...
80 of 82 variables necessary.
23 of 31 mutex groups necessary.
254 of 254 operators necessary.
0 of 0 axiom rules necessary.
Reordering and filtering variables: [0.010s CPU, 0.007s wall-clock]
Translator variables: 80
Translator derived variables: 0
Translator facts: 220
Translator goal facts: 1
Translator mutex groups: 23
Translator total mutex groups size: 82
Translator operators: 254
Translator axioms: 0
Translator task size: 5832
Translator peak memory: 55996 KB
Writing output... [0.000s CPU, 0.005s wall-clock]
Done! [0.600s CPU, 0.602s wall-clock]

translate exit code: 0
INFO     Running search (release32).
INFO     search stdin: output.sas
INFO     search time limit: None
INFO     search memory limit: None
INFO     search command line string: /home/jsegovia/Desktop/automated-programming-framework-private/PLANNERS/fast-downward/builds/release32/bin/downward --evaluator 'hlm=lmcount(lm_factory=lm_rhw(reasonable_orders=true),transform=adapt_costs(one),pref=false)' --evaluator 'hff=ff(transform=adapt_costs(one))' --search 'lazy_greedy([hff,hlm],preferred=[hff,hlm],cost_type=one,reopen_closed=false)' --internal-plan-file sas_plan < output.sas
reading input... [t=2.1616e-05s]
done reading input! [t=0.00385642s]
Initializing landmarks count heuristic...
Initializing Exploration...
Generating landmarks using the RPG/SAS+ approach
approx. reasonable orders
approx. obedient reasonable orders
Removed 0 reasonable or obedient reasonable orders
Landmarks generation time: 0.00376123s
Discovered 13 landmarks, of which 0 are disjunctive and 0 are conjunctive 
41 edges
Simplifying 1548 unary operators... done! [1261 unary operators]
Initializing additive heuristic...
Initializing FF heuristic...
Building successor generator...done! [t=0.0101783s]
peak memory difference for successor generator creation: 0 KB
time for successor generation creation: 0.000107484s
Variables: 80
FactPairs: 220
Bytes per state: 16
Conducting lazy best first search, (real) bound = 2147483647
5 initial landmarks, 1 goal landmarks
New best heuristic value for lmcount(lm_factory = lm_rhw(reasonable_orders = true), transform = adapt_costs(one), pref = false): 8
New best heuristic value for ff(transform = adapt_costs(one)): 12
[g=0, 1 evaluated, 0 expanded, t=0.0103103s, 4936 KB]
Initial heuristic value for lmcount(lm_factory = lm_rhw(reasonable_orders = true), transform = adapt_costs(one), pref = false): 8
Initial heuristic value for ff(transform = adapt_costs(one)): 12
New best heuristic value for ff(transform = adapt_costs(one)): 10
[g=1, 2 evaluated, 1 expanded, t=0.010408s, 4936 KB]
New best heuristic value for ff(transform = adapt_costs(one)): 9
[g=2, 3 evaluated, 2 expanded, t=0.0104743s, 4936 KB]
New best heuristic value for ff(transform = adapt_costs(one)): 8
[g=1, 7 evaluated, 5 expanded, t=0.0106439s, 4936 KB]
New best heuristic value for lmcount(lm_factory = lm_rhw(reasonable_orders = true), transform = adapt_costs(one), pref = false): 7
New best heuristic value for ff(transform = adapt_costs(one)): 7
[g=2, 8 evaluated, 6 expanded, t=0.0107079s, 4936 KB]
New best heuristic value for ff(transform = adapt_costs(one)): 6
[g=46, 5277 evaluated, 3993 expanded, t=0.133663s, 5244 KB]
New best heuristic value for ff(transform = adapt_costs(one)): 5
[g=47, 5278 evaluated, 3994 expanded, t=0.133718s, 5244 KB]
New best heuristic value for lmcount(lm_factory = lm_rhw(reasonable_orders = true), transform = adapt_costs(one), pref = false): 5
[g=48, 5279 evaluated, 3995 expanded, t=0.133767s, 5244 KB]
Completely explored state space -- no solution!
Actual search time: 1.079s [t=1.08926s]
Expanded 26150 state(s).
Reopened 0 state(s).
Evaluated 50663 state(s).
Evaluations: 76813
Generated 60554 state(s).
Dead ends: 24513 state(s).
Number of registered states: 50663
Int hash set load factor: 50663/65536 = 0.773056
Int hash set resizes: 16
Search time: 1.07902s
Total time: 1.08926s
Search stopped without finding a solution.
Peak memory: 8044 KB

search exit code: 12
Driver aborting after search
