INFO     Running translator.
INFO     translator stdin: None
INFO     translator time limit: None
INFO     translator memory limit: None
INFO     translator command line string: /usr/bin/python /home/jsegovia/Desktop/automated-programming-framework-private/PLANNERS/fast-downward/builds/release32/bin/translate/translate.py domain.pddl ins.pddl --sas-file output.sas
Parsing...
Parsing: [0.050s CPU, 0.044s wall-clock]
Normalizing task... [0.000s CPU, 0.003s wall-clock]
Instantiating...
Generating Datalog program... [0.000s CPU, 0.002s wall-clock]
Normalizing Datalog program...
Unbound effect variables: Adding @object predicate.
Trivial rules: Converted to facts.
Normalizing Datalog program: [0.020s CPU, 0.018s wall-clock]
Preparing model... [0.010s CPU, 0.009s wall-clock]
Generated 874 rules.
Computing model... [0.010s CPU, 0.010s wall-clock]
612 relevant atoms
745 auxiliary atoms
1357 final queue length
2509 total queue pushes
Completing instantiation... [0.020s CPU, 0.019s wall-clock]
Instantiating: [0.060s CPU, 0.059s wall-clock]
Computing fact groups...
Finding invariants...
118 initial candidates
Finding invariants: [26.730s CPU, 26.728s wall-clock]
Checking invariant weight... [0.000s CPU, 0.000s wall-clock]
Instantiating groups... [0.000s CPU, 0.000s wall-clock]
Collecting mutex groups... [0.000s CPU, 0.000s wall-clock]
Choosing groups...
225 uncovered facts
Choosing groups: [0.000s CPU, 0.000s wall-clock]
Building translation key... [0.000s CPU, 0.001s wall-clock]
Computing fact groups: [26.730s CPU, 26.732s wall-clock]
Building STRIPS to SAS dictionary... [0.000s CPU, 0.000s wall-clock]
Building dictionary for full mutex groups... [0.000s CPU, 0.000s wall-clock]
Building mutex information...
Building mutex information: [0.000s CPU, 0.000s wall-clock]
Translating task...
Processing axioms...
Simplifying axioms... [0.000s CPU, 0.000s wall-clock]
Processing axioms: [0.000s CPU, 0.002s wall-clock]
Translating task: [0.030s CPU, 0.033s wall-clock]
1043 effect conditions simplified
0 implied preconditions added
Detecting unreachable propositions...
0 operators removed
0 axioms removed
87 propositions removed
Detecting unreachable propositions: [0.020s CPU, 0.011s wall-clock]
Reordering and filtering variables...
193 of 193 variables necessary.
23 of 30 mutex groups necessary.
230 of 230 operators necessary.
10 of 10 axiom rules necessary.
Reordering and filtering variables: [0.010s CPU, 0.012s wall-clock]
Translator variables: 193
Translator derived variables: 10
Translator facts: 437
Translator goal facts: 1
Translator mutex groups: 23
Translator total mutex groups size: 76
Translator operators: 230
Translator axioms: 10
Translator task size: 5705
Translator peak memory: 203596 KB
Writing output... [0.010s CPU, 0.006s wall-clock]
Done! [26.910s CPU, 26.904s wall-clock]

translate exit code: 0
INFO     Running search (release32).
INFO     search stdin: output.sas
INFO     search time limit: None
INFO     search memory limit: None
INFO     search command line string: /home/jsegovia/Desktop/automated-programming-framework-private/PLANNERS/fast-downward/builds/release32/bin/downward --evaluator 'hlm=lmcount(lm_factory=lm_rhw(reasonable_orders=true),transform=adapt_costs(one),pref=false)' --evaluator 'hff=ff(transform=adapt_costs(one))' --search 'lazy_greedy([hff,hlm],preferred=[hff,hlm],cost_type=one,reopen_closed=false)' --internal-plan-file sas_plan < output.sas
reading input... [t=1.9692e-05s]
done reading input! [t=0.00455478s]
Initializing landmarks count heuristic...
Initializing Exploration...
Generating landmarks using the RPG/SAS+ approach
approx. reasonable orders
approx. obedient reasonable orders
Removed 0 reasonable or obedient reasonable orders
Landmarks generation time: 0.00714976s
Discovered 16 landmarks, of which 0 are disjunctive and 0 are conjunctive 
45 edges
Simplifying 2161 unary operators... done! [1913 unary operators]
Initializing additive heuristic...
Initializing FF heuristic...
Building successor generator...done! [t=0.0155747s]
peak memory difference for successor generator creation: 0 KB
time for successor generation creation: 9.5767e-05s
Variables: 193
FactPairs: 437
Bytes per state: 28
Conducting lazy best first search, (real) bound = 2147483647
8 initial landmarks, 1 goal landmarks
New best heuristic value for lmcount(lm_factory = lm_rhw(reasonable_orders = true), transform = adapt_costs(one), pref = false): 8
New best heuristic value for ff(transform = adapt_costs(one)): 12
[g=0, 1 evaluated, 0 expanded, t=0.0157232s, 5024 KB]
Initial heuristic value for lmcount(lm_factory = lm_rhw(reasonable_orders = true), transform = adapt_costs(one), pref = false): 8
Initial heuristic value for ff(transform = adapt_costs(one)): 12
New best heuristic value for ff(transform = adapt_costs(one)): 11
[g=1, 2 evaluated, 1 expanded, t=0.0158388s, 5024 KB]
New best heuristic value for ff(transform = adapt_costs(one)): 9
[g=2, 3 evaluated, 2 expanded, t=0.015928s, 5024 KB]
New best heuristic value for ff(transform = adapt_costs(one)): 8
[g=3, 4 evaluated, 3 expanded, t=0.016021s, 5024 KB]
New best heuristic value for lmcount(lm_factory = lm_rhw(reasonable_orders = true), transform = adapt_costs(one), pref = false): 7
New best heuristic value for ff(transform = adapt_costs(one)): 7
[g=2, 9 evaluated, 8 expanded, t=0.0163403s, 5024 KB]
New best heuristic value for ff(transform = adapt_costs(one)): 6
[g=34, 8309 evaluated, 8308 expanded, t=0.377424s, 5840 KB]
New best heuristic value for ff(transform = adapt_costs(one)): 5
[g=35, 8310 evaluated, 8309 expanded, t=0.377504s, 5840 KB]
New best heuristic value for lmcount(lm_factory = lm_rhw(reasonable_orders = true), transform = adapt_costs(one), pref = false): 5
[g=36, 8311 evaluated, 8310 expanded, t=0.37757s, 5840 KB]
New best heuristic value for lmcount(lm_factory = lm_rhw(reasonable_orders = true), transform = adapt_costs(one), pref = false): 4
New best heuristic value for ff(transform = adapt_costs(one)): 4
[g=73, 8348 evaluated, 8347 expanded, t=0.379366s, 5840 KB]
New best heuristic value for lmcount(lm_factory = lm_rhw(reasonable_orders = true), transform = adapt_costs(one), pref = false): 3
New best heuristic value for ff(transform = adapt_costs(one)): 3
[g=103, 8604 evaluated, 8603 expanded, t=0.390053s, 5840 KB]
New best heuristic value for lmcount(lm_factory = lm_rhw(reasonable_orders = true), transform = adapt_costs(one), pref = false): 2
New best heuristic value for ff(transform = adapt_costs(one)): 2
[g=127, 8759 evaluated, 8758 expanded, t=0.396386s, 5840 KB]
New best heuristic value for lmcount(lm_factory = lm_rhw(reasonable_orders = true), transform = adapt_costs(one), pref = false): 1
New best heuristic value for ff(transform = adapt_costs(one)): 1
[g=151, 8914 evaluated, 8913 expanded, t=0.402208s, 5840 KB]
Solution found!
Actual search time: 0.386628s [t=0.402274s]
program-visit-node-0 row-0 (1001)
check-visit-node-0-0 row-0 (0)
execute-visit-node-0-0 row-0 (1)
program-move-next-1 row-0 (1001)
check-move-next-0-1 row-0 (0)
execute-move-next-0-1 row-0 (1)
program-goto-visited-2-0 n5 row-0 (1001)
eval-cond-visited-0-2 n5 row-0 (1)
do-goto-0-2-0 row-0 (1)
check-visit-node-0-0 row-0 (0)
execute-visit-node-0-0 row-0 (1)
check-move-next-0-1 row-0 (0)
execute-move-next-0-1 row-0 (1)
eval-cond-visited-0-2 n5 row-0 (1)
do-goto-0-2-0 row-0 (1)
check-visit-node-0-0 row-0 (0)
execute-visit-node-0-0 row-0 (1)
check-move-next-0-1 row-0 (0)
execute-move-next-0-1 row-0 (1)
eval-cond-visited-0-2 n5 row-0 (1)
do-goto-0-2-0 row-0 (1)
check-visit-node-0-0 row-0 (0)
execute-visit-node-0-0 row-0 (1)
check-move-next-0-1 row-0 (0)
execute-move-next-0-1 row-0 (1)
eval-cond-visited-0-2 n5 row-0 (1)
do-goto-0-2-0 row-0 (1)
check-visit-node-0-0 row-0 (0)
execute-visit-node-0-0 row-0 (1)
check-move-next-0-1 row-0 (0)
execute-move-next-0-1 row-0 (1)
eval-cond-visited-0-2 n5 row-0 (1)
dont-goto-0-2-0 row-0 (1)
program-end-3 row-0 (1)
check-main-end-0-3 row-0 (0)
repeat-end-main-0-3 row-0 (0)
check-visit-node-0-0 row-0 (0)
execute-visit-node-0-0 row-0 (1)
check-move-next-0-1 row-0 (0)
execute-move-next-0-1 row-0 (1)
eval-cond-visited-0-2 n5 row-0 (1)
do-goto-0-2-0 row-0 (1)
check-visit-node-0-0 row-0 (0)
execute-visit-node-0-0 row-0 (1)
check-move-next-0-1 row-0 (0)
execute-move-next-0-1 row-0 (1)
eval-cond-visited-0-2 n5 row-0 (1)
do-goto-0-2-0 row-0 (1)
check-visit-node-0-0 row-0 (0)
execute-visit-node-0-0 row-0 (1)
check-move-next-0-1 row-0 (0)
execute-move-next-0-1 row-0 (1)
eval-cond-visited-0-2 n5 row-0 (1)
do-goto-0-2-0 row-0 (1)
check-visit-node-0-0 row-0 (0)
execute-visit-node-0-0 row-0 (1)
check-move-next-0-1 row-0 (0)
execute-move-next-0-1 row-0 (1)
eval-cond-visited-0-2 n5 row-0 (1)
do-goto-0-2-0 row-0 (1)
check-visit-node-0-0 row-0 (0)
execute-visit-node-0-0 row-0 (1)
check-move-next-0-1 row-0 (0)
execute-move-next-0-1 row-0 (1)
eval-cond-visited-0-2 n5 row-0 (1)
do-goto-0-2-0 row-0 (1)
check-visit-node-0-0 row-0 (0)
execute-visit-node-0-0 row-0 (1)
check-move-next-0-1 row-0 (0)
execute-move-next-0-1 row-0 (1)
eval-cond-visited-0-2 n5 row-0 (1)
dont-goto-0-2-0 row-0 (1)
check-main-end-1-3 row-0 (0)
skip-1  (0)
check-visit-node-0-0 row-0 (0)
execute-visit-node-0-0 row-0 (1)
check-move-next-0-1 row-0 (0)
execute-move-next-0-1 row-0 (1)
eval-cond-visited-0-2 n5 row-0 (1)
do-goto-0-2-0 row-0 (1)
check-visit-node-0-0 row-0 (0)
execute-visit-node-0-0 row-0 (1)
check-move-next-0-1 row-0 (0)
execute-move-next-0-1 row-0 (1)
eval-cond-visited-0-2 n5 row-0 (1)
do-goto-0-2-0 row-0 (1)
check-visit-node-0-0 row-0 (0)
execute-visit-node-0-0 row-0 (1)
check-move-next-0-1 row-0 (0)
execute-move-next-0-1 row-0 (1)
eval-cond-visited-0-2 n5 row-0 (1)
do-goto-0-2-0 row-0 (1)
check-visit-node-0-0 row-0 (0)
execute-visit-node-0-0 row-0 (1)
store  (0)
check-move-next-0-1 row-0 (0)
execute-move-next-0-1 row-0 (1)
eval-cond-visited-0-2 n5 row-0 (1)
do-goto-0-2-0 row-0 (1)
check-visit-node-0-0 row-0 (0)
execute-visit-node-0-0 row-0 (1)
compare  (0)
process  (0)
skip-2  (0)
check-visit-node-0-0 row-0 (0)
execute-visit-node-0-0 row-0 (1)
check-move-next-0-1 row-0 (0)
execute-move-next-0-1 row-0 (1)
eval-cond-visited-0-2 n5 row-0 (1)
do-goto-0-2-0 row-0 (1)
check-visit-node-0-0 row-0 (0)
execute-visit-node-0-0 row-0 (1)
check-move-next-0-1 row-0 (0)
execute-move-next-0-1 row-0 (1)
eval-cond-visited-0-2 n5 row-0 (1)
do-goto-0-2-0 row-0 (1)
check-visit-node-0-0 row-0 (0)
execute-visit-node-0-0 row-0 (1)
store  (0)
check-move-next-0-1 row-0 (0)
execute-move-next-0-1 row-0 (1)
eval-cond-visited-0-2 n5 row-0 (1)
do-goto-0-2-0 row-0 (1)
check-visit-node-0-0 row-0 (0)
execute-visit-node-0-0 row-0 (1)
compare  (0)
process  (0)
skip-3  (0)
check-visit-node-0-0 row-0 (0)
execute-visit-node-0-0 row-0 (1)
check-move-next-0-1 row-0 (0)
execute-move-next-0-1 row-0 (1)
eval-cond-visited-0-2 n5 row-0 (1)
do-goto-0-2-0 row-0 (1)
check-visit-node-0-0 row-0 (0)
execute-visit-node-0-0 row-0 (1)
check-move-next-0-1 row-0 (0)
execute-move-next-0-1 row-0 (1)
eval-cond-visited-0-2 n5 row-0 (1)
do-goto-0-2-0 row-0 (1)
check-visit-node-0-0 row-0 (0)
execute-visit-node-0-0 row-0 (1)
store  (0)
check-move-next-0-1 row-0 (0)
execute-move-next-0-1 row-0 (1)
eval-cond-visited-0-2 n5 row-0 (1)
do-goto-0-2-0 row-0 (1)
check-visit-node-0-0 row-0 (0)
execute-visit-node-0-0 row-0 (1)
compare  (0)
process  (0)
skip-4  (0)
Plan length: 152 step(s).
Plan cost: 3091
Expanded 8914 state(s).
Reopened 0 state(s).
Evaluated 8915 state(s).
Evaluations: 17830
Generated 27002 state(s).
Dead ends: 0 state(s).
Number of registered states: 8915
Int hash set load factor: 8915/16384 = 0.544128
Int hash set resizes: 14
Search time: 0.386642s
Total time: 0.402277s
Solution found.
Peak memory: 5840 KB

search exit code: 0
