INFO     Running translator.
INFO     translator stdin: None
INFO     translator time limit: None
INFO     translator memory limit: None
INFO     translator command line string: /usr/bin/python /home/jsegovia/Desktop/automated-programming-framework-private/PLANNERS/fast-downward/builds/release32/bin/translate/translate.py domain.pddl ins.pddl --sas-file output.sas
Parsing...
Parsing: [0.030s CPU, 0.035s wall-clock]
Normalizing task... [0.010s CPU, 0.002s wall-clock]
Instantiating...
Generating Datalog program... [0.000s CPU, 0.002s wall-clock]
Normalizing Datalog program...
Normalizing Datalog program: [0.020s CPU, 0.018s wall-clock]
Preparing model... [0.000s CPU, 0.009s wall-clock]
Generated 833 rules.
Computing model... [0.010s CPU, 0.008s wall-clock]
382 relevant atoms
591 auxiliary atoms
973 final queue length
2010 total queue pushes
Completing instantiation... [0.020s CPU, 0.013s wall-clock]
Instantiating: [0.050s CPU, 0.050s wall-clock]
Computing fact groups...
Finding invariants...
76 initial candidates
Finding invariants: [0.720s CPU, 0.713s wall-clock]
Checking invariant weight... [0.000s CPU, 0.000s wall-clock]
Instantiating groups... [0.000s CPU, 0.000s wall-clock]
Collecting mutex groups... [0.000s CPU, 0.000s wall-clock]
Choosing groups...
63 uncovered facts
Choosing groups: [0.000s CPU, 0.000s wall-clock]
Building translation key... [0.000s CPU, 0.000s wall-clock]
Computing fact groups: [0.720s CPU, 0.715s wall-clock]
Building STRIPS to SAS dictionary... [0.000s CPU, 0.000s wall-clock]
Building dictionary for full mutex groups... [0.000s CPU, 0.000s wall-clock]
Building mutex information...
Building mutex information: [0.000s CPU, 0.000s wall-clock]
Translating task...
Processing axioms...
Simplifying axioms... [0.000s CPU, 0.000s wall-clock]
Processing axioms: [0.000s CPU, 0.001s wall-clock]
Translating task: [0.020s CPU, 0.022s wall-clock]
472 effect conditions simplified
0 implied preconditions added
Detecting unreachable propositions...
0 operators removed
0 axioms removed
6 propositions removed
Detecting unreachable propositions: [0.010s CPU, 0.008s wall-clock]
Reordering and filtering variables...
70 of 72 variables necessary.
23 of 31 mutex groups necessary.
233 of 233 operators necessary.
0 of 0 axiom rules necessary.
Reordering and filtering variables: [0.000s CPU, 0.005s wall-clock]
Translator variables: 70
Translator derived variables: 0
Translator facts: 191
Translator goal facts: 1
Translator mutex groups: 23
Translator total mutex groups size: 76
Translator operators: 233
Translator axioms: 0
Translator task size: 3302
Translator peak memory: 57848 KB
Writing output... [0.010s CPU, 0.003s wall-clock]
Done! [0.850s CPU, 0.842s wall-clock]

translate exit code: 0
INFO     Running search (release32).
INFO     search stdin: output.sas
INFO     search time limit: None
INFO     search memory limit: None
INFO     search command line string: /home/jsegovia/Desktop/automated-programming-framework-private/PLANNERS/fast-downward/builds/release32/bin/downward --evaluator 'hlm=lmcount(lm_factory=lm_rhw(reasonable_orders=true),transform=adapt_costs(one),pref=false)' --evaluator 'hff=ff(transform=adapt_costs(one))' --search 'lazy_greedy([hff,hlm],preferred=[hff,hlm],cost_type=one,reopen_closed=false)' --internal-plan-file sas_plan < output.sas
reading input... [t=2.0272e-05s]
done reading input! [t=0.00262418s]
Initializing landmarks count heuristic...
Initializing Exploration...
Generating landmarks using the RPG/SAS+ approach
approx. reasonable orders
approx. obedient reasonable orders
Removed 0 reasonable or obedient reasonable orders
Landmarks generation time: 0.00209934s
Discovered 13 landmarks, of which 0 are disjunctive and 0 are conjunctive 
37 edges
Simplifying 1259 unary operators... done! [1011 unary operators]
Initializing additive heuristic...
Initializing FF heuristic...
Building successor generator...done! [t=0.00783547s]
peak memory difference for successor generator creation: 0 KB
time for successor generation creation: 8.2985e-05s
Variables: 70
FactPairs: 191
Bytes per state: 12
Conducting lazy best first search, (real) bound = 2147483647
5 initial landmarks, 1 goal landmarks
New best heuristic value for lmcount(lm_factory = lm_rhw(reasonable_orders = true), transform = adapt_costs(one), pref = false): 8
New best heuristic value for ff(transform = adapt_costs(one)): 12
[g=0, 1 evaluated, 0 expanded, t=0.00793507s, 4800 KB]
Initial heuristic value for lmcount(lm_factory = lm_rhw(reasonable_orders = true), transform = adapt_costs(one), pref = false): 8
Initial heuristic value for ff(transform = adapt_costs(one)): 12
New best heuristic value for ff(transform = adapt_costs(one)): 10
[g=1, 2 evaluated, 1 expanded, t=0.00800964s, 4800 KB]
New best heuristic value for ff(transform = adapt_costs(one)): 8
[g=3, 4 evaluated, 3 expanded, t=0.00808776s, 4800 KB]
New best heuristic value for lmcount(lm_factory = lm_rhw(reasonable_orders = true), transform = adapt_costs(one), pref = false): 7
New best heuristic value for ff(transform = adapt_costs(one)): 7
[g=2, 9 evaluated, 7 expanded, t=0.00823186s, 4800 KB]
New best heuristic value for ff(transform = adapt_costs(one)): 6
[g=34, 8175 evaluated, 5654 expanded, t=0.152186s, 5468 KB]
New best heuristic value for ff(transform = adapt_costs(one)): 5
[g=35, 8176 evaluated, 5655 expanded, t=0.152246s, 5468 KB]
Completely explored state space -- no solution!
Actual search time: 0.440246s [t=0.448147s]
Expanded 14130 state(s).
Reopened 0 state(s).
Evaluated 29158 state(s).
Evaluations: 43288
Generated 34756 state(s).
Dead ends: 15028 state(s).
Number of registered states: 29158
Int hash set load factor: 29158/65536 = 0.444916
Int hash set resizes: 16
Search time: 0.440268s
Total time: 0.44815s
Search stopped without finding a solution.
Peak memory: 6928 KB

search exit code: 12
Driver aborting after search
