INFO     Running translator.
INFO     translator stdin: None
INFO     translator time limit: None
INFO     translator memory limit: None
INFO     translator command line string: /usr/bin/python /home/jsegovia/Desktop/automated-programming-framework-private/PLANNERS/fast-downward/builds/release32/bin/translate/translate.py domain.pddl ins.pddl --sas-file output.sas
Parsing...
Parsing: [0.040s CPU, 0.044s wall-clock]
Normalizing task... [0.010s CPU, 0.003s wall-clock]
Instantiating...
Generating Datalog program... [0.000s CPU, 0.002s wall-clock]
Normalizing Datalog program...
Unbound effect variables: Adding @object predicate.
Trivial rules: Converted to facts.
Normalizing Datalog program: [0.020s CPU, 0.018s wall-clock]
Preparing model... [0.010s CPU, 0.009s wall-clock]
Generated 852 rules.
Computing model... [0.010s CPU, 0.010s wall-clock]
600 relevant atoms
730 auxiliary atoms
1330 final queue length
2344 total queue pushes
Completing instantiation... [0.010s CPU, 0.018s wall-clock]
Instantiating: [0.050s CPU, 0.057s wall-clock]
Computing fact groups...
Finding invariants...
118 initial candidates
Finding invariants: [27.530s CPU, 27.520s wall-clock]
Checking invariant weight... [0.000s CPU, 0.000s wall-clock]
Instantiating groups... [0.000s CPU, 0.000s wall-clock]
Collecting mutex groups... [0.000s CPU, 0.000s wall-clock]
Choosing groups...
213 uncovered facts
Choosing groups: [0.000s CPU, 0.000s wall-clock]
Building translation key... [0.000s CPU, 0.001s wall-clock]
Computing fact groups: [27.530s CPU, 27.524s wall-clock]
Building STRIPS to SAS dictionary... [0.000s CPU, 0.000s wall-clock]
Building dictionary for full mutex groups... [0.000s CPU, 0.000s wall-clock]
Building mutex information...
Building mutex information: [0.000s CPU, 0.000s wall-clock]
Translating task...
Processing axioms...
Simplifying axioms... [0.000s CPU, 0.000s wall-clock]
Processing axioms: [0.000s CPU, 0.002s wall-clock]
Translating task: [0.030s CPU, 0.030s wall-clock]
984 effect conditions simplified
0 implied preconditions added
Detecting unreachable propositions...
0 operators removed
0 axioms removed
87 propositions removed
Detecting unreachable propositions: [0.010s CPU, 0.010s wall-clock]
Reordering and filtering variables...
181 of 181 variables necessary.
23 of 30 mutex groups necessary.
230 of 230 operators necessary.
10 of 10 axiom rules necessary.
Reordering and filtering variables: [0.010s CPU, 0.010s wall-clock]
Translator variables: 181
Translator derived variables: 10
Translator facts: 413
Translator goal facts: 1
Translator mutex groups: 23
Translator total mutex groups size: 76
Translator operators: 230
Translator axioms: 10
Translator task size: 4193
Translator peak memory: 203324 KB
Writing output... [0.010s CPU, 0.005s wall-clock]
Done! [27.690s CPU, 27.684s wall-clock]

translate exit code: 0
INFO     Running search (release32).
INFO     search stdin: output.sas
INFO     search time limit: None
INFO     search memory limit: None
INFO     search command line string: /home/jsegovia/Desktop/automated-programming-framework-private/PLANNERS/fast-downward/builds/release32/bin/downward --evaluator 'hlm=lmcount(lm_factory=lm_rhw(reasonable_orders=true),transform=adapt_costs(one),pref=false)' --evaluator 'hff=ff(transform=adapt_costs(one))' --search 'lazy_greedy([hff,hlm],preferred=[hff,hlm],cost_type=one,reopen_closed=false)' --internal-plan-file sas_plan < output.sas
reading input... [t=2.1747e-05s]
done reading input! [t=0.00373148s]
Initializing landmarks count heuristic...
Initializing Exploration...
Generating landmarks using the RPG/SAS+ approach
approx. reasonable orders
approx. obedient reasonable orders
Removed 0 reasonable or obedient reasonable orders
Landmarks generation time: 0.00381237s
Discovered 16 landmarks, of which 0 are disjunctive and 0 are conjunctive 
44 edges
Simplifying 1840 unary operators... done! [1592 unary operators]
Initializing additive heuristic...
Initializing FF heuristic...
Building successor generator...done! [t=0.0104865s]
peak memory difference for successor generator creation: 0 KB
time for successor generation creation: 8.4822e-05s
Variables: 181
FactPairs: 413
Bytes per state: 28
Conducting lazy best first search, (real) bound = 2147483647
8 initial landmarks, 1 goal landmarks
New best heuristic value for lmcount(lm_factory = lm_rhw(reasonable_orders = true), transform = adapt_costs(one), pref = false): 8
New best heuristic value for ff(transform = adapt_costs(one)): 12
[g=0, 1 evaluated, 0 expanded, t=0.010603s, 4944 KB]
Initial heuristic value for lmcount(lm_factory = lm_rhw(reasonable_orders = true), transform = adapt_costs(one), pref = false): 8
Initial heuristic value for ff(transform = adapt_costs(one)): 12
New best heuristic value for ff(transform = adapt_costs(one)): 10
[g=1, 2 evaluated, 1 expanded, t=0.0106963s, 4944 KB]
New best heuristic value for ff(transform = adapt_costs(one)): 9
[g=2, 3 evaluated, 2 expanded, t=0.0107655s, 4944 KB]
New best heuristic value for ff(transform = adapt_costs(one)): 8
[g=3, 4 evaluated, 3 expanded, t=0.0108357s, 4944 KB]
New best heuristic value for lmcount(lm_factory = lm_rhw(reasonable_orders = true), transform = adapt_costs(one), pref = false): 7
New best heuristic value for ff(transform = adapt_costs(one)): 7
[g=2, 9 evaluated, 8 expanded, t=0.0111093s, 4944 KB]
New best heuristic value for ff(transform = adapt_costs(one)): 6
[g=4, 13 evaluated, 12 expanded, t=0.0113372s, 4944 KB]
New best heuristic value for ff(transform = adapt_costs(one)): 5
[g=5, 14 evaluated, 13 expanded, t=0.0113978s, 4944 KB]
New best heuristic value for lmcount(lm_factory = lm_rhw(reasonable_orders = true), transform = adapt_costs(one), pref = false): 5
[g=6, 15 evaluated, 14 expanded, t=0.0114531s, 4944 KB]
New best heuristic value for lmcount(lm_factory = lm_rhw(reasonable_orders = true), transform = adapt_costs(one), pref = false): 4
New best heuristic value for ff(transform = adapt_costs(one)): 4
[g=9, 18 evaluated, 17 expanded, t=0.0115859s, 4944 KB]
New best heuristic value for lmcount(lm_factory = lm_rhw(reasonable_orders = true), transform = adapt_costs(one), pref = false): 3
New best heuristic value for ff(transform = adapt_costs(one)): 3
[g=13, 22 evaluated, 21 expanded, t=0.0117444s, 4944 KB]
New best heuristic value for lmcount(lm_factory = lm_rhw(reasonable_orders = true), transform = adapt_costs(one), pref = false): 2
New best heuristic value for ff(transform = adapt_costs(one)): 2
[g=17, 26 evaluated, 25 expanded, t=0.0118942s, 4944 KB]
New best heuristic value for lmcount(lm_factory = lm_rhw(reasonable_orders = true), transform = adapt_costs(one), pref = false): 1
New best heuristic value for ff(transform = adapt_costs(one)): 1
[g=21, 30 evaluated, 29 expanded, t=0.0120267s, 4944 KB]
Solution found!
Actual search time: 0.00151667s [t=0.0120628s]
program-visit-node-0 row-0 (1001)
check-visit-node-0-0 row-0 (0)
execute-visit-node-0-0 row-0 (1)
program-end-1 row-0 (1)
check-main-end-0-1 row-0 (0)
repeat-end-main-0-1 row-0 (0)
check-visit-node-0-0 row-0 (0)
execute-visit-node-0-0 row-0 (1)
check-main-end-1-1 row-0 (0)
skip-1  (0)
check-visit-node-0-0 row-0 (0)
execute-visit-node-0-0 row-0 (1)
check-main-end-2-1 row-0 (0)
skip-2  (0)
check-visit-node-0-0 row-0 (0)
execute-visit-node-0-0 row-0 (1)
check-main-end-3-1 row-0 (0)
skip-3  (0)
check-visit-node-0-0 row-0 (0)
execute-visit-node-0-0 row-0 (1)
check-main-end-4-1 row-0 (0)
skip-4  (0)
Plan length: 22 step(s).
Plan cost: 1007
Expanded 30 state(s).
Reopened 0 state(s).
Evaluated 31 state(s).
Evaluations: 62
Generated 194 state(s).
Dead ends: 0 state(s).
Number of registered states: 31
Int hash set load factor: 31/32 = 0.96875
Int hash set resizes: 5
Search time: 0.00152822s
Total time: 0.0120652s
Solution found.
Peak memory: 4944 KB

search exit code: 0
