INFO     Running translator.
INFO     translator stdin: None
INFO     translator time limit: None
INFO     translator memory limit: None
INFO     translator command line string: /usr/bin/python /home/jsegovia/Desktop/automated-programming-framework-private/PLANNERS/fast-downward/builds/release32/bin/translate/translate.py domain.pddl ins.pddl --sas-file output.sas
Parsing...
Parsing: [0.040s CPU, 0.043s wall-clock]
Normalizing task... [0.000s CPU, 0.003s wall-clock]
Instantiating...
Generating Datalog program... [0.000s CPU, 0.002s wall-clock]
Normalizing Datalog program...
Unbound effect variables: Adding @object predicate.
Trivial rules: Converted to facts.
Normalizing Datalog program: [0.020s CPU, 0.016s wall-clock]
Preparing model... [0.010s CPU, 0.008s wall-clock]
Generated 786 rules.
Computing model... [0.010s CPU, 0.010s wall-clock]
687 relevant atoms
762 auxiliary atoms
1449 final queue length
2778 total queue pushes
Completing instantiation... [0.020s CPU, 0.024s wall-clock]
Instantiating: [0.060s CPU, 0.061s wall-clock]
Computing fact groups...
Finding invariants...
116 initial candidates
Finding invariants: [22.580s CPU, 22.588s wall-clock]
Checking invariant weight... [0.000s CPU, 0.000s wall-clock]
Instantiating groups... [0.000s CPU, 0.000s wall-clock]
Collecting mutex groups... [0.000s CPU, 0.000s wall-clock]
Choosing groups...
249 uncovered facts
Choosing groups: [0.000s CPU, 0.000s wall-clock]
Building translation key... [0.000s CPU, 0.001s wall-clock]
Computing fact groups: [22.600s CPU, 22.593s wall-clock]
Building STRIPS to SAS dictionary... [0.000s CPU, 0.000s wall-clock]
Building dictionary for full mutex groups... [0.000s CPU, 0.000s wall-clock]
Building mutex information...
Building mutex information: [0.000s CPU, 0.000s wall-clock]
Translating task...
Processing axioms...
Simplifying axioms... [0.000s CPU, 0.000s wall-clock]
Processing axioms: [0.000s CPU, 0.003s wall-clock]
Translating task: [0.030s CPU, 0.032s wall-clock]
1030 effect conditions simplified
0 implied preconditions added
Detecting unreachable propositions...
0 operators removed
0 axioms removed
100 propositions removed
Detecting unreachable propositions: [0.010s CPU, 0.011s wall-clock]
Reordering and filtering variables...
211 of 211 variables necessary.
24 of 30 mutex groups necessary.
250 of 250 operators necessary.
10 of 10 axiom rules necessary.
Reordering and filtering variables: [0.010s CPU, 0.012s wall-clock]
Translator variables: 211
Translator derived variables: 10
Translator facts: 480
Translator goal facts: 1
Translator mutex groups: 24
Translator total mutex groups size: 85
Translator operators: 250
Translator axioms: 10
Translator task size: 4865
Translator peak memory: 203544 KB
Writing output... [0.010s CPU, 0.005s wall-clock]
Done! [22.760s CPU, 22.761s wall-clock]

translate exit code: 0
INFO     Running search (release32).
INFO     search stdin: output.sas
INFO     search time limit: None
INFO     search memory limit: None
INFO     search command line string: /home/jsegovia/Desktop/automated-programming-framework-private/PLANNERS/fast-downward/builds/release32/bin/downward --evaluator 'hlm=lmcount(lm_factory=lm_rhw(reasonable_orders=true),transform=adapt_costs(one),pref=false)' --evaluator 'hff=ff(transform=adapt_costs(one))' --search 'lazy_greedy([hff,hlm],preferred=[hff,hlm],cost_type=one,reopen_closed=false)' --internal-plan-file sas_plan < output.sas
reading input... [t=2.1394e-05s]
done reading input! [t=0.00425476s]
Initializing landmarks count heuristic...
Initializing Exploration...
Generating landmarks using the RPG/SAS+ approach
approx. reasonable orders
approx. obedient reasonable orders
Removed 0 reasonable or obedient reasonable orders
Landmarks generation time: 0.00568578s
Discovered 13 landmarks, of which 0 are disjunctive and 0 are conjunctive 
27 edges
Simplifying 2041 unary operators... done! [1754 unary operators]
Initializing additive heuristic...
Initializing FF heuristic...
Building successor generator...done! [t=0.0129781s]
peak memory difference for successor generator creation: 0 KB
time for successor generation creation: 9.746e-05s
Variables: 211
FactPairs: 480
Bytes per state: 32
Conducting lazy best first search, (real) bound = 2147483647
7 initial landmarks, 1 goal landmarks
New best heuristic value for lmcount(lm_factory = lm_rhw(reasonable_orders = true), transform = adapt_costs(one), pref = false): 6
New best heuristic value for ff(transform = adapt_costs(one)): 10
[g=0, 1 evaluated, 0 expanded, t=0.0131167s, 4988 KB]
Initial heuristic value for lmcount(lm_factory = lm_rhw(reasonable_orders = true), transform = adapt_costs(one), pref = false): 6
Initial heuristic value for ff(transform = adapt_costs(one)): 10
New best heuristic value for ff(transform = adapt_costs(one)): 8
[g=1, 2 evaluated, 1 expanded, t=0.0132282s, 4988 KB]
New best heuristic value for ff(transform = adapt_costs(one)): 7
[g=2, 3 evaluated, 2 expanded, t=0.0133093s, 4988 KB]
New best heuristic value for ff(transform = adapt_costs(one)): 6
[g=1, 7 evaluated, 6 expanded, t=0.0135176s, 4988 KB]
New best heuristic value for lmcount(lm_factory = lm_rhw(reasonable_orders = true), transform = adapt_costs(one), pref = false): 5
New best heuristic value for ff(transform = adapt_costs(one)): 5
[g=2, 8 evaluated, 7 expanded, t=0.0135846s, 4988 KB]
New best heuristic value for ff(transform = adapt_costs(one)): 4
[g=46, 30954 evaluated, 30953 expanded, t=1.19361s, 8008 KB]
New best heuristic value for ff(transform = adapt_costs(one)): 3
[g=47, 30955 evaluated, 30954 expanded, t=1.1937s, 8008 KB]
New best heuristic value for lmcount(lm_factory = lm_rhw(reasonable_orders = true), transform = adapt_costs(one), pref = false): 4
[g=49, 31373 evaluated, 31372 expanded, t=1.21238s, 8008 KB]
Completely explored state space -- no solution!
Actual search time: 4.78045s [t=4.7935s]
Expanded 147114 state(s).
Reopened 0 state(s).
Evaluated 147114 state(s).
Evaluations: 294228
Generated 214153 state(s).
Dead ends: 0 state(s).
Number of registered states: 147114
Int hash set load factor: 147114/262144 = 0.561195
Int hash set resizes: 18
Search time: 4.78047s
Total time: 4.7935s
Search stopped without finding a solution.
Peak memory: 15912 KB

search exit code: 12
Driver aborting after search
