INFO     Running translator.
INFO     translator stdin: None
INFO     translator time limit: None
INFO     translator memory limit: None
INFO     translator command line string: /usr/bin/python /home/jsegovia/Desktop/automated-programming-framework-private/PLANNERS/fast-downward/builds/release32/bin/translate/translate.py domain.pddl ins.pddl --sas-file output.sas
Parsing...
Parsing: [0.050s CPU, 0.044s wall-clock]
Normalizing task... [0.000s CPU, 0.003s wall-clock]
Instantiating...
Generating Datalog program... [0.000s CPU, 0.002s wall-clock]
Normalizing Datalog program...
Unbound effect variables: Adding @object predicate.
Trivial rules: Converted to facts.
Normalizing Datalog program: [0.020s CPU, 0.017s wall-clock]
Preparing model... [0.010s CPU, 0.008s wall-clock]
Generated 810 rules.
Computing model... [0.010s CPU, 0.010s wall-clock]
685 relevant atoms
757 auxiliary atoms
1442 final queue length
2768 total queue pushes
Completing instantiation... [0.020s CPU, 0.023s wall-clock]
Instantiating: [0.060s CPU, 0.061s wall-clock]
Computing fact groups...
Finding invariants...
116 initial candidates
Finding invariants: [16.330s CPU, 16.347s wall-clock]
Checking invariant weight... [0.000s CPU, 0.000s wall-clock]
Instantiating groups... [0.000s CPU, 0.000s wall-clock]
Collecting mutex groups... [0.000s CPU, 0.000s wall-clock]
Choosing groups...
247 uncovered facts
Choosing groups: [0.000s CPU, 0.000s wall-clock]
Building translation key... [0.000s CPU, 0.001s wall-clock]
Computing fact groups: [16.340s CPU, 16.351s wall-clock]
Building STRIPS to SAS dictionary... [0.000s CPU, 0.000s wall-clock]
Building dictionary for full mutex groups... [0.000s CPU, 0.000s wall-clock]
Building mutex information...
Building mutex information: [0.000s CPU, 0.000s wall-clock]
Translating task...
Processing axioms...
Simplifying axioms... [0.000s CPU, 0.000s wall-clock]
Processing axioms: [0.000s CPU, 0.003s wall-clock]
Translating task: [0.030s CPU, 0.032s wall-clock]
1003 effect conditions simplified
0 implied preconditions added
Detecting unreachable propositions...
0 operators removed
0 axioms removed
100 propositions removed
Detecting unreachable propositions: [0.010s CPU, 0.011s wall-clock]
Reordering and filtering variables...
209 of 209 variables necessary.
24 of 30 mutex groups necessary.
250 of 250 operators necessary.
10 of 10 axiom rules necessary.
Reordering and filtering variables: [0.010s CPU, 0.012s wall-clock]
Translator variables: 209
Translator derived variables: 10
Translator facts: 476
Translator goal facts: 1
Translator mutex groups: 24
Translator total mutex groups size: 85
Translator operators: 250
Translator axioms: 10
Translator task size: 4981
Translator peak memory: 243120 KB
Writing output... [0.010s CPU, 0.005s wall-clock]
Done! [16.510s CPU, 16.521s wall-clock]

translate exit code: 0
INFO     Running search (release32).
INFO     search stdin: output.sas
INFO     search time limit: None
INFO     search memory limit: None
INFO     search command line string: /home/jsegovia/Desktop/automated-programming-framework-private/PLANNERS/fast-downward/builds/release32/bin/downward --evaluator 'hlm=lmcount(lm_factory=lm_rhw(reasonable_orders=true),transform=adapt_costs(one),pref=false)' --evaluator 'hff=ff(transform=adapt_costs(one))' --search 'lazy_greedy([hff,hlm],preferred=[hff,hlm],cost_type=one,reopen_closed=false)' --internal-plan-file sas_plan < output.sas
reading input... [t=2.8224e-05s]
done reading input! [t=0.00408457s]
Initializing landmarks count heuristic...
Initializing Exploration...
Generating landmarks using the RPG/SAS+ approach
approx. reasonable orders
approx. obedient reasonable orders
Removed 0 reasonable or obedient reasonable orders
Landmarks generation time: 0.00401509s
Discovered 13 landmarks, of which 0 are disjunctive and 0 are conjunctive 
26 edges
Simplifying 2039 unary operators... done! [1752 unary operators]
Initializing additive heuristic...
Initializing FF heuristic...
Building successor generator...done! [t=0.0105742s]
peak memory difference for successor generator creation: 0 KB
time for successor generation creation: 0.00012964s
Variables: 209
FactPairs: 476
Bytes per state: 32
Conducting lazy best first search, (real) bound = 2147483647
7 initial landmarks, 1 goal landmarks
New best heuristic value for lmcount(lm_factory = lm_rhw(reasonable_orders = true), transform = adapt_costs(one), pref = false): 6
New best heuristic value for ff(transform = adapt_costs(one)): 10
[g=0, 1 evaluated, 0 expanded, t=0.0107597s, 4988 KB]
Initial heuristic value for lmcount(lm_factory = lm_rhw(reasonable_orders = true), transform = adapt_costs(one), pref = false): 6
Initial heuristic value for ff(transform = adapt_costs(one)): 10
New best heuristic value for ff(transform = adapt_costs(one)): 8
[g=1, 2 evaluated, 1 expanded, t=0.0109102s, 4988 KB]
New best heuristic value for ff(transform = adapt_costs(one)): 7
[g=2, 3 evaluated, 2 expanded, t=0.0110192s, 4988 KB]
New best heuristic value for ff(transform = adapt_costs(one)): 6
[g=1, 7 evaluated, 6 expanded, t=0.0113262s, 4988 KB]
New best heuristic value for lmcount(lm_factory = lm_rhw(reasonable_orders = true), transform = adapt_costs(one), pref = false): 5
New best heuristic value for ff(transform = adapt_costs(one)): 5
[g=2, 8 evaluated, 7 expanded, t=0.011434s, 4988 KB]
New best heuristic value for ff(transform = adapt_costs(one)): 4
[g=28, 13715 evaluated, 13714 expanded, t=0.533501s, 6308 KB]
New best heuristic value for ff(transform = adapt_costs(one)): 3
[g=29, 13716 evaluated, 13715 expanded, t=0.533594s, 6308 KB]
New best heuristic value for lmcount(lm_factory = lm_rhw(reasonable_orders = true), transform = adapt_costs(one), pref = false): 4
[g=31, 13718 evaluated, 13717 expanded, t=0.533704s, 6308 KB]
Completely explored state space -- no solution!
Actual search time: 3.56365s [t=3.57433s]
Expanded 116752 state(s).
Reopened 0 state(s).
Evaluated 116752 state(s).
Evaluations: 233504
Generated 172811 state(s).
Dead ends: 0 state(s).
Number of registered states: 116752
Int hash set load factor: 116752/262144 = 0.445374
Int hash set resizes: 18
Search time: 3.56368s
Total time: 3.57433s
Search stopped without finding a solution.
Peak memory: 14824 KB

search exit code: 12
Driver aborting after search
