INFO     Running translator.
INFO     translator stdin: None
INFO     translator time limit: None
INFO     translator memory limit: None
INFO     translator command line string: /usr/bin/python /home/jsegovia/Desktop/automated-programming-framework-private/PLANNERS/fast-downward/builds/release32/bin/translate/translate.py domain.pddl ins.pddl --sas-file output.sas
Parsing...
Parsing: [0.030s CPU, 0.030s wall-clock]
Normalizing task... [0.000s CPU, 0.002s wall-clock]
Instantiating...
Generating Datalog program... [0.010s CPU, 0.002s wall-clock]
Normalizing Datalog program...
Normalizing Datalog program: [0.010s CPU, 0.017s wall-clock]
Preparing model... [0.010s CPU, 0.008s wall-clock]
Generated 709 rules.
Computing model... [0.010s CPU, 0.009s wall-clock]
407 relevant atoms
585 auxiliary atoms
992 final queue length
2103 total queue pushes
Completing instantiation... [0.010s CPU, 0.013s wall-clock]
Instantiating: [0.050s CPU, 0.049s wall-clock]
Computing fact groups...
Finding invariants...
74 initial candidates
Finding invariants: [0.240s CPU, 0.240s wall-clock]
Checking invariant weight... [0.000s CPU, 0.000s wall-clock]
Instantiating groups... [0.000s CPU, 0.000s wall-clock]
Collecting mutex groups... [0.000s CPU, 0.000s wall-clock]
Choosing groups...
62 uncovered facts
Choosing groups: [0.000s CPU, 0.000s wall-clock]
Building translation key... [0.000s CPU, 0.000s wall-clock]
Computing fact groups: [0.250s CPU, 0.242s wall-clock]
Building STRIPS to SAS dictionary... [0.000s CPU, 0.000s wall-clock]
Building dictionary for full mutex groups... [0.000s CPU, 0.000s wall-clock]
Building mutex information...
Building mutex information: [0.000s CPU, 0.000s wall-clock]
Translating task...
Processing axioms...
Simplifying axioms... [0.000s CPU, 0.000s wall-clock]
Processing axioms: [0.000s CPU, 0.001s wall-clock]
Translating task: [0.010s CPU, 0.017s wall-clock]
249 effect conditions simplified
0 implied preconditions added
Detecting unreachable propositions...
0 operators removed
0 axioms removed
6 propositions removed
Detecting unreachable propositions: [0.010s CPU, 0.006s wall-clock]
Reordering and filtering variables...
69 of 71 variables necessary.
24 of 30 mutex groups necessary.
247 of 247 operators necessary.
0 of 0 axiom rules necessary.
Reordering and filtering variables: [0.000s CPU, 0.004s wall-clock]
Translator variables: 69
Translator derived variables: 0
Translator facts: 196
Translator goal facts: 1
Translator mutex groups: 24
Translator total mutex groups size: 85
Translator operators: 247
Translator axioms: 0
Translator task size: 2465
Translator peak memory: 45976 KB
Writing output... [0.010s CPU, 0.003s wall-clock]
Done! [0.360s CPU, 0.355s wall-clock]

translate exit code: 0
INFO     Running search (release32).
INFO     search stdin: output.sas
INFO     search time limit: None
INFO     search memory limit: None
INFO     search command line string: /home/jsegovia/Desktop/automated-programming-framework-private/PLANNERS/fast-downward/builds/release32/bin/downward --evaluator 'hlm=lmcount(lm_factory=lm_rhw(reasonable_orders=true),transform=adapt_costs(one),pref=false)' --evaluator 'hff=ff(transform=adapt_costs(one))' --search 'lazy_greedy([hff,hlm],preferred=[hff,hlm],cost_type=one,reopen_closed=false)' --internal-plan-file sas_plan < output.sas
reading input... [t=2.1638e-05s]
done reading input! [t=0.00238474s]
Initializing landmarks count heuristic...
Initializing Exploration...
Generating landmarks using the RPG/SAS+ approach
approx. reasonable orders
approx. obedient reasonable orders
Removed 0 reasonable or obedient reasonable orders
Landmarks generation time: 0.00167448s
Discovered 11 landmarks, of which 0 are disjunctive and 0 are conjunctive 
21 edges
Simplifying 933 unary operators... done! [646 unary operators]
Initializing additive heuristic...
Initializing FF heuristic...
Building successor generator...done! [t=0.00628862s]
peak memory difference for successor generator creation: 0 KB
time for successor generation creation: 8.1725e-05s
Variables: 69
FactPairs: 196
Bytes per state: 12
Conducting lazy best first search, (real) bound = 2147483647
5 initial landmarks, 1 goal landmarks
New best heuristic value for lmcount(lm_factory = lm_rhw(reasonable_orders = true), transform = adapt_costs(one), pref = false): 6
New best heuristic value for ff(transform = adapt_costs(one)): 10
[g=0, 1 evaluated, 0 expanded, t=0.00638465s, 4652 KB]
Initial heuristic value for lmcount(lm_factory = lm_rhw(reasonable_orders = true), transform = adapt_costs(one), pref = false): 6
Initial heuristic value for ff(transform = adapt_costs(one)): 10
New best heuristic value for ff(transform = adapt_costs(one)): 8
[g=1, 2 evaluated, 1 expanded, t=0.00645381s, 4652 KB]
New best heuristic value for ff(transform = adapt_costs(one)): 7
[g=2, 3 evaluated, 2 expanded, t=0.00649473s, 4652 KB]
New best heuristic value for ff(transform = adapt_costs(one)): 6
[g=1, 7 evaluated, 5 expanded, t=0.00659336s, 4652 KB]
New best heuristic value for lmcount(lm_factory = lm_rhw(reasonable_orders = true), transform = adapt_costs(one), pref = false): 5
New best heuristic value for ff(transform = adapt_costs(one)): 5
[g=2, 8 evaluated, 6 expanded, t=0.00663311s, 4652 KB]
New best heuristic value for ff(transform = adapt_costs(one)): 4
[g=4, 10 evaluated, 8 expanded, t=0.00670129s, 4652 KB]
New best heuristic value for ff(transform = adapt_costs(one)): 3
[g=5, 11 evaluated, 9 expanded, t=0.00673477s, 4652 KB]
New best heuristic value for lmcount(lm_factory = lm_rhw(reasonable_orders = true), transform = adapt_costs(one), pref = false): 4
[g=7, 13 evaluated, 11 expanded, t=0.00678017s, 4652 KB]
New best heuristic value for ff(transform = adapt_costs(one)): 2
[g=19, 433 evaluated, 363 expanded, t=0.0125306s, 4652 KB]
New best heuristic value for lmcount(lm_factory = lm_rhw(reasonable_orders = true), transform = adapt_costs(one), pref = false): 2
[g=20, 434 evaluated, 364 expanded, t=0.0125719s, 4652 KB]
New best heuristic value for lmcount(lm_factory = lm_rhw(reasonable_orders = true), transform = adapt_costs(one), pref = false): 1
New best heuristic value for ff(transform = adapt_costs(one)): 1
[g=27, 441 evaluated, 371 expanded, t=0.0126757s, 4652 KB]
Solution found!
Actual search time: 0.00635577s [t=0.012706s]
program-visit-node-0 row-0 (1001)
check-visit-node-0-0 row-0 (0)
execute-visit-node-0-0 row-0 (1)
program-move-next-1 row-0 (1001)
check-move-next-0-1 row-0 (0)
execute-move-next-0-1 row-0 (1)
program-visit-node-2 row-0 (1001)
check-visit-node-0-2 row-0 (0)
execute-visit-node-0-2 row-0 (1)
program-end-3 row-0 (1)
check-main-end-0-3 row-0 (0)
repeat-end-main-0-3 row-0 (0)
check-visit-node-0-0 row-0 (0)
execute-visit-node-0-0 row-0 (1)
check-move-next-0-1 row-0 (0)
execute-move-next-0-1 row-0 (1)
check-visit-node-0-2 row-0 (0)
execute-visit-node-0-2 row-0 (1)
check-main-end-1-3 row-0 (0)
repeat-end-main-1-3 row-0 (0)
check-visit-node-0-0 row-0 (0)
execute-visit-node-0-0 row-0 (1)
check-move-next-0-1 row-0 (0)
execute-move-next-0-1 row-0 (1)
check-visit-node-0-2 row-0 (0)
execute-visit-node-0-2 row-0 (1)
check-main-end-2-3 row-0 (0)
skip-2  (0)
Plan length: 28 step(s).
Plan cost: 3013
Expanded 372 state(s).
Reopened 0 state(s).
Evaluated 442 state(s).
Evaluations: 815
Generated 1171 state(s).
Dead ends: 69 state(s).
Number of registered states: 442
Int hash set load factor: 442/512 = 0.863281
Int hash set resizes: 9
Search time: 0.00637418s
Total time: 0.0127086s
Solution found.
Peak memory: 4652 KB

search exit code: 0
