INFO     Running translator.
INFO     translator stdin: None
INFO     translator time limit: None
INFO     translator memory limit: None
INFO     translator command line string: /usr/bin/python /home/jsegovia/Desktop/automated-programming-framework-private/PLANNERS/fast-downward/builds/release32/bin/translate/translate.py domain.pddl ins.pddl --sas-file output.sas
Parsing...
Parsing: [0.050s CPU, 0.048s wall-clock]
Normalizing task... [0.000s CPU, 0.003s wall-clock]
Instantiating...
Generating Datalog program... [0.000s CPU, 0.002s wall-clock]
Normalizing Datalog program...
Unbound effect variables: Adding @object predicate.
Trivial rules: Converted to facts.
Normalizing Datalog program: [0.020s CPU, 0.018s wall-clock]
Preparing model... [0.010s CPU, 0.008s wall-clock]
Generated 857 rules.
Computing model... [0.010s CPU, 0.010s wall-clock]
600 relevant atoms
717 auxiliary atoms
1317 final queue length
2390 total queue pushes
Completing instantiation... [0.020s CPU, 0.021s wall-clock]
Instantiating: [0.060s CPU, 0.059s wall-clock]
Computing fact groups...
Finding invariants...
117 initial candidates
Finding invariants: [27.360s CPU, 27.365s wall-clock]
Checking invariant weight... [0.000s CPU, 0.000s wall-clock]
Instantiating groups... [0.000s CPU, 0.000s wall-clock]
Collecting mutex groups... [0.000s CPU, 0.000s wall-clock]
Choosing groups...
214 uncovered facts
Choosing groups: [0.000s CPU, 0.000s wall-clock]
Building translation key... [0.000s CPU, 0.001s wall-clock]
Computing fact groups: [27.370s CPU, 27.369s wall-clock]
Building STRIPS to SAS dictionary... [0.000s CPU, 0.000s wall-clock]
Building dictionary for full mutex groups... [0.000s CPU, 0.000s wall-clock]
Building mutex information...
Building mutex information: [0.000s CPU, 0.000s wall-clock]
Translating task...
Processing axioms...
Simplifying axioms... [0.000s CPU, 0.000s wall-clock]
Processing axioms: [0.000s CPU, 0.002s wall-clock]
Translating task: [0.030s CPU, 0.033s wall-clock]
1223 effect conditions simplified
0 implied preconditions added
Detecting unreachable propositions...
0 operators removed
0 axioms removed
88 propositions removed
Detecting unreachable propositions: [0.010s CPU, 0.011s wall-clock]
Reordering and filtering variables...
182 of 182 variables necessary.
23 of 30 mutex groups necessary.
229 of 229 operators necessary.
10 of 10 axiom rules necessary.
Reordering and filtering variables: [0.010s CPU, 0.011s wall-clock]
Translator variables: 182
Translator derived variables: 10
Translator facts: 414
Translator goal facts: 1
Translator mutex groups: 23
Translator total mutex groups size: 76
Translator operators: 229
Translator axioms: 10
Translator task size: 4619
Translator peak memory: 203612 KB
Writing output... [0.010s CPU, 0.005s wall-clock]
Done! [27.540s CPU, 27.541s wall-clock]

translate exit code: 0
INFO     Running search (release32).
INFO     search stdin: output.sas
INFO     search time limit: None
INFO     search memory limit: None
INFO     search command line string: /home/jsegovia/Desktop/automated-programming-framework-private/PLANNERS/fast-downward/builds/release32/bin/downward --evaluator 'hlm=lmcount(lm_factory=lm_rhw(reasonable_orders=true),transform=adapt_costs(one),pref=false)' --evaluator 'hff=ff(transform=adapt_costs(one))' --search 'lazy_greedy([hff,hlm],preferred=[hff,hlm],cost_type=one,reopen_closed=false)' --internal-plan-file sas_plan < output.sas
reading input... [t=2.1677e-05s]
done reading input! [t=0.0039427s]
Initializing landmarks count heuristic...
Initializing Exploration...
Generating landmarks using the RPG/SAS+ approach
approx. reasonable orders
approx. obedient reasonable orders
Removed 0 reasonable or obedient reasonable orders
Landmarks generation time: 0.00410093s
Discovered 14 landmarks, of which 0 are disjunctive and 0 are conjunctive 
34 edges
Simplifying 2147 unary operators... done! [1899 unary operators]
Initializing additive heuristic...
Initializing FF heuristic...
Building successor generator...done! [t=0.0110913s]
peak memory difference for successor generator creation: 0 KB
time for successor generation creation: 9.004e-05s
Variables: 182
FactPairs: 414
Bytes per state: 28
Conducting lazy best first search, (real) bound = 2147483647
7 initial landmarks, 1 goal landmarks
New best heuristic value for lmcount(lm_factory = lm_rhw(reasonable_orders = true), transform = adapt_costs(one), pref = false): 7
New best heuristic value for ff(transform = adapt_costs(one)): 11
[g=0, 1 evaluated, 0 expanded, t=0.0112259s, 5012 KB]
Initial heuristic value for lmcount(lm_factory = lm_rhw(reasonable_orders = true), transform = adapt_costs(one), pref = false): 7
Initial heuristic value for ff(transform = adapt_costs(one)): 11
New best heuristic value for ff(transform = adapt_costs(one)): 9
[g=1, 2 evaluated, 1 expanded, t=0.0113275s, 5012 KB]
New best heuristic value for ff(transform = adapt_costs(one)): 7
[g=3, 4 evaluated, 3 expanded, t=0.0114619s, 5012 KB]
New best heuristic value for lmcount(lm_factory = lm_rhw(reasonable_orders = true), transform = adapt_costs(one), pref = false): 6
New best heuristic value for ff(transform = adapt_costs(one)): 6
[g=2, 9 evaluated, 8 expanded, t=0.0117276s, 5012 KB]
New best heuristic value for ff(transform = adapt_costs(one)): 5
[g=22, 6428 evaluated, 6427 expanded, t=0.272151s, 5540 KB]
New best heuristic value for ff(transform = adapt_costs(one)): 4
[g=23, 6429 evaluated, 6428 expanded, t=0.272253s, 5540 KB]
New best heuristic value for lmcount(lm_factory = lm_rhw(reasonable_orders = true), transform = adapt_costs(one), pref = false): 5
[g=25, 6431 evaluated, 6430 expanded, t=0.272369s, 5540 KB]
Completely explored state space -- no solution!
Actual search time: 2.20447s [t=2.21563s]
Expanded 74953 state(s).
Reopened 0 state(s).
Evaluated 74953 state(s).
Evaluations: 149906
Generated 110927 state(s).
Dead ends: 0 state(s).
Number of registered states: 74953
Int hash set load factor: 74953/131072 = 0.571846
Int hash set resizes: 17
Search time: 2.20448s
Total time: 2.21563s
Search stopped without finding a solution.
Peak memory: 10084 KB

search exit code: 12
Driver aborting after search
