INFO     Running translator.
INFO     translator stdin: None
INFO     translator time limit: None
INFO     translator memory limit: None
INFO     translator command line string: /usr/bin/python /home/jsegovia/Desktop/automated-programming-framework-private/PLANNERS/fast-downward/builds/release32/bin/translate/translate.py domain.pddl ins.pddl --sas-file output.sas
Parsing...
Parsing: [0.030s CPU, 0.032s wall-clock]
Normalizing task... [0.010s CPU, 0.002s wall-clock]
Instantiating...
Generating Datalog program... [0.000s CPU, 0.002s wall-clock]
Normalizing Datalog program...
Normalizing Datalog program: [0.020s CPU, 0.018s wall-clock]
Preparing model... [0.010s CPU, 0.009s wall-clock]
Generated 794 rules.
Computing model... [0.010s CPU, 0.009s wall-clock]
420 relevant atoms
609 auxiliary atoms
1029 final queue length
2374 total queue pushes
Completing instantiation... [0.010s CPU, 0.014s wall-clock]
Instantiating: [0.050s CPU, 0.053s wall-clock]
Computing fact groups...
Finding invariants...
75 initial candidates
Finding invariants: [0.510s CPU, 0.521s wall-clock]
Checking invariant weight... [0.000s CPU, 0.000s wall-clock]
Instantiating groups... [0.000s CPU, 0.000s wall-clock]
Collecting mutex groups... [0.000s CPU, 0.000s wall-clock]
Choosing groups...
70 uncovered facts
Choosing groups: [0.000s CPU, 0.000s wall-clock]
Building translation key... [0.000s CPU, 0.000s wall-clock]
Computing fact groups: [0.510s CPU, 0.523s wall-clock]
Building STRIPS to SAS dictionary... [0.000s CPU, 0.000s wall-clock]
Building dictionary for full mutex groups... [0.000s CPU, 0.000s wall-clock]
Building mutex information...
Building mutex information: [0.000s CPU, 0.000s wall-clock]
Translating task...
Processing axioms...
Simplifying axioms... [0.000s CPU, 0.000s wall-clock]
Processing axioms: [0.010s CPU, 0.001s wall-clock]
Translating task: [0.030s CPU, 0.026s wall-clock]
372 effect conditions simplified
0 implied preconditions added
Detecting unreachable propositions...
0 operators removed
0 axioms removed
6 propositions removed
Detecting unreachable propositions: [0.010s CPU, 0.009s wall-clock]
Reordering and filtering variables...
77 of 79 variables necessary.
23 of 30 mutex groups necessary.
253 of 253 operators necessary.
0 of 0 axiom rules necessary.
Reordering and filtering variables: [0.000s CPU, 0.006s wall-clock]
Translator variables: 77
Translator derived variables: 0
Translator facts: 213
Translator goal facts: 1
Translator mutex groups: 23
Translator total mutex groups size: 82
Translator operators: 253
Translator axioms: 0
Translator task size: 3900
Translator peak memory: 53668 KB
Writing output... [0.000s CPU, 0.004s wall-clock]
Done! [0.650s CPU, 0.657s wall-clock]

translate exit code: 0
INFO     Running search (release32).
INFO     search stdin: output.sas
INFO     search time limit: None
INFO     search memory limit: None
INFO     search command line string: /home/jsegovia/Desktop/automated-programming-framework-private/PLANNERS/fast-downward/builds/release32/bin/downward --evaluator 'hlm=lmcount(lm_factory=lm_rhw(reasonable_orders=true),transform=adapt_costs(one),pref=false)' --evaluator 'hff=ff(transform=adapt_costs(one))' --search 'lazy_greedy([hff,hlm],preferred=[hff,hlm],cost_type=one,reopen_closed=false)' --internal-plan-file sas_plan < output.sas
reading input... [t=1.9776e-05s]
done reading input! [t=0.00315218s]
Initializing landmarks count heuristic...
Initializing Exploration...
Generating landmarks using the RPG/SAS+ approach
approx. reasonable orders
approx. obedient reasonable orders
Removed 0 reasonable or obedient reasonable orders
Landmarks generation time: 0.0031508s
Discovered 12 landmarks, of which 0 are disjunctive and 0 are conjunctive 
30 edges
Simplifying 1329 unary operators... done! [1042 unary operators]
Initializing additive heuristic...
Initializing FF heuristic...
Building successor generator...done! [t=0.00919024s]
peak memory difference for successor generator creation: 0 KB
time for successor generation creation: 8.4421e-05s
Variables: 77
FactPairs: 213
Bytes per state: 16
Conducting lazy best first search, (real) bound = 2147483647
5 initial landmarks, 1 goal landmarks
New best heuristic value for lmcount(lm_factory = lm_rhw(reasonable_orders = true), transform = adapt_costs(one), pref = false): 7
New best heuristic value for ff(transform = adapt_costs(one)): 11
[g=0, 1 evaluated, 0 expanded, t=0.00929626s, 4824 KB]
Initial heuristic value for lmcount(lm_factory = lm_rhw(reasonable_orders = true), transform = adapt_costs(one), pref = false): 7
Initial heuristic value for ff(transform = adapt_costs(one)): 11
New best heuristic value for ff(transform = adapt_costs(one)): 9
[g=1, 2 evaluated, 1 expanded, t=0.00937377s, 4824 KB]
New best heuristic value for ff(transform = adapt_costs(one)): 8
[g=2, 3 evaluated, 2 expanded, t=0.00942333s, 4824 KB]
New best heuristic value for ff(transform = adapt_costs(one)): 7
[g=1, 7 evaluated, 5 expanded, t=0.00954686s, 4824 KB]
New best heuristic value for lmcount(lm_factory = lm_rhw(reasonable_orders = true), transform = adapt_costs(one), pref = false): 6
New best heuristic value for ff(transform = adapt_costs(one)): 6
[g=2, 8 evaluated, 6 expanded, t=0.00959414s, 4824 KB]
New best heuristic value for ff(transform = adapt_costs(one)): 5
[g=28, 5862 evaluated, 3796 expanded, t=0.118785s, 5220 KB]
New best heuristic value for ff(transform = adapt_costs(one)): 4
[g=29, 5863 evaluated, 3797 expanded, t=0.118872s, 5220 KB]
New best heuristic value for lmcount(lm_factory = lm_rhw(reasonable_orders = true), transform = adapt_costs(one), pref = false): 5
[g=31, 5865 evaluated, 3799 expanded, t=0.118973s, 5220 KB]
Completely explored state space -- no solution!
Actual search time: 0.520383s [t=0.529641s]
Expanded 12601 state(s).
Reopened 0 state(s).
Evaluated 33086 state(s).
Evaluations: 45687
Generated 38321 state(s).
Dead ends: 20485 state(s).
Number of registered states: 33086
Int hash set load factor: 33086/65536 = 0.504852
Int hash set resizes: 16
Search time: 0.520408s
Total time: 0.529645s
Search stopped without finding a solution.
Peak memory: 7204 KB

search exit code: 12
Driver aborting after search
