INFO     Running translator.
INFO     translator stdin: None
INFO     translator time limit: None
INFO     translator memory limit: None
INFO     translator command line string: /usr/bin/python /home/jsegovia/Desktop/automated-programming-framework-private/PLANNERS/fast-downward/builds/release32/bin/translate/translate.py domain.pddl ins.pddl --sas-file output.sas
Parsing...
Parsing: [0.030s CPU, 0.030s wall-clock]
Normalizing task... [0.000s CPU, 0.002s wall-clock]
Instantiating...
Generating Datalog program... [0.000s CPU, 0.002s wall-clock]
Normalizing Datalog program...
Normalizing Datalog program: [0.020s CPU, 0.017s wall-clock]
Preparing model... [0.000s CPU, 0.008s wall-clock]
Generated 760 rules.
Computing model... [0.010s CPU, 0.007s wall-clock]
325 relevant atoms
522 auxiliary atoms
847 final queue length
1563 total queue pushes
Completing instantiation... [0.010s CPU, 0.009s wall-clock]
Instantiating: [0.040s CPU, 0.042s wall-clock]
Computing fact groups...
Finding invariants...
75 initial candidates
Finding invariants: [0.260s CPU, 0.261s wall-clock]
Checking invariant weight... [0.000s CPU, 0.000s wall-clock]
Instantiating groups... [0.000s CPU, 0.000s wall-clock]
Collecting mutex groups... [0.000s CPU, 0.000s wall-clock]
Choosing groups...
53 uncovered facts
Choosing groups: [0.000s CPU, 0.000s wall-clock]
Building translation key... [0.000s CPU, 0.000s wall-clock]
Computing fact groups: [0.260s CPU, 0.263s wall-clock]
Building STRIPS to SAS dictionary... [0.000s CPU, 0.000s wall-clock]
Building dictionary for full mutex groups... [0.000s CPU, 0.000s wall-clock]
Building mutex information...
Building mutex information: [0.000s CPU, 0.000s wall-clock]
Translating task...
Processing axioms...
Simplifying axioms... [0.000s CPU, 0.000s wall-clock]
Processing axioms: [0.000s CPU, 0.001s wall-clock]
Translating task: [0.020s CPU, 0.015s wall-clock]
244 effect conditions simplified
0 implied preconditions added
Detecting unreachable propositions...
0 operators removed
0 axioms removed
6 propositions removed
Detecting unreachable propositions: [0.000s CPU, 0.006s wall-clock]
Reordering and filtering variables...
60 of 62 variables necessary.
23 of 30 mutex groups necessary.
199 of 199 operators necessary.
0 of 0 axiom rules necessary.
Reordering and filtering variables: [0.010s CPU, 0.003s wall-clock]
Translator variables: 60
Translator derived variables: 0
Translator facts: 161
Translator goal facts: 1
Translator mutex groups: 23
Translator total mutex groups size: 70
Translator operators: 199
Translator axioms: 0
Translator task size: 1998
Translator peak memory: 47408 KB
Writing output... [0.000s CPU, 0.002s wall-clock]
Done! [0.360s CPU, 0.365s wall-clock]

translate exit code: 0
INFO     Running search (release32).
INFO     search stdin: output.sas
INFO     search time limit: None
INFO     search memory limit: None
INFO     search command line string: /home/jsegovia/Desktop/automated-programming-framework-private/PLANNERS/fast-downward/builds/release32/bin/downward --evaluator 'hlm=lmcount(lm_factory=lm_rhw(reasonable_orders=true),transform=adapt_costs(one),pref=false)' --evaluator 'hff=ff(transform=adapt_costs(one))' --search 'lazy_greedy([hff,hlm],preferred=[hff,hlm],cost_type=one,reopen_closed=false)' --internal-plan-file sas_plan < output.sas
reading input... [t=2.0014e-05s]
done reading input! [t=0.00187608s]
Initializing landmarks count heuristic...
Initializing Exploration...
Generating landmarks using the RPG/SAS+ approach
approx. reasonable orders
approx. obedient reasonable orders
Removed 0 reasonable or obedient reasonable orders
Landmarks generation time: 0.00145s
Discovered 12 landmarks, of which 0 are disjunctive and 0 are conjunctive 
29 edges
Simplifying 792 unary operators... done! [583 unary operators]
Initializing additive heuristic...
Initializing FF heuristic...
Building successor generator...done! [t=0.00536881s]
peak memory difference for successor generator creation: 0 KB
time for successor generation creation: 7.4805e-05s
Variables: 60
FactPairs: 161
Bytes per state: 12
Conducting lazy best first search, (real) bound = 2147483647
5 initial landmarks, 1 goal landmarks
New best heuristic value for lmcount(lm_factory = lm_rhw(reasonable_orders = true), transform = adapt_costs(one), pref = false): 7
New best heuristic value for ff(transform = adapt_costs(one)): 11
[g=0, 1 evaluated, 0 expanded, t=0.00546196s, 4652 KB]
Initial heuristic value for lmcount(lm_factory = lm_rhw(reasonable_orders = true), transform = adapt_costs(one), pref = false): 7
Initial heuristic value for ff(transform = adapt_costs(one)): 11
New best heuristic value for ff(transform = adapt_costs(one)): 9
[g=1, 2 evaluated, 1 expanded, t=0.00552577s, 4652 KB]
New best heuristic value for ff(transform = adapt_costs(one)): 8
[g=2, 3 evaluated, 2 expanded, t=0.00556549s, 4652 KB]
New best heuristic value for ff(transform = adapt_costs(one)): 7
[g=1, 7 evaluated, 5 expanded, t=0.00565581s, 4652 KB]
New best heuristic value for lmcount(lm_factory = lm_rhw(reasonable_orders = true), transform = adapt_costs(one), pref = false): 6
New best heuristic value for ff(transform = adapt_costs(one)): 6
[g=2, 8 evaluated, 6 expanded, t=0.0056939s, 4652 KB]
New best heuristic value for ff(transform = adapt_costs(one)): 5
[g=4, 10 evaluated, 8 expanded, t=0.00575551s, 4652 KB]
New best heuristic value for ff(transform = adapt_costs(one)): 4
[g=5, 11 evaluated, 9 expanded, t=0.00580504s, 4652 KB]
New best heuristic value for lmcount(lm_factory = lm_rhw(reasonable_orders = true), transform = adapt_costs(one), pref = false): 5
[g=7, 13 evaluated, 11 expanded, t=0.00587466s, 4652 KB]
Completely explored state space -- no solution!
Actual search time: 0.15099s [t=0.156424s]
Expanded 6533 state(s).
Reopened 0 state(s).
Evaluated 14958 state(s).
Evaluations: 21491
Generated 17527 state(s).
Dead ends: 8425 state(s).
Number of registered states: 14958
Int hash set load factor: 14958/16384 = 0.912964
Int hash set resizes: 14
Search time: 0.151013s
Total time: 0.156427s
Search stopped without finding a solution.
Peak memory: 5460 KB

search exit code: 12
Driver aborting after search
