INFO     Running translator.
INFO     translator stdin: None
INFO     translator time limit: None
INFO     translator memory limit: None
INFO     translator command line string: /usr/bin/python /home/jsegovia/Desktop/automated-programming-framework-private/PLANNERS/fast-downward/builds/release32/bin/translate/translate.py domain.pddl ins.pddl --sas-file output.sas
Parsing...
Parsing: [0.020s CPU, 0.031s wall-clock]
Normalizing task... [0.010s CPU, 0.002s wall-clock]
Instantiating...
Generating Datalog program... [0.000s CPU, 0.002s wall-clock]
Normalizing Datalog program...
Normalizing Datalog program: [0.020s CPU, 0.017s wall-clock]
Preparing model... [0.000s CPU, 0.008s wall-clock]
Generated 780 rules.
Computing model... [0.010s CPU, 0.008s wall-clock]
415 relevant atoms
606 auxiliary atoms
1021 final queue length
2227 total queue pushes
Completing instantiation... [0.010s CPU, 0.013s wall-clock]
Instantiating: [0.040s CPU, 0.048s wall-clock]
Computing fact groups...
Finding invariants...
75 initial candidates
Finding invariants: [0.410s CPU, 0.412s wall-clock]
Checking invariant weight... [0.000s CPU, 0.000s wall-clock]
Instantiating groups... [0.000s CPU, 0.000s wall-clock]
Collecting mutex groups... [0.000s CPU, 0.000s wall-clock]
Choosing groups...
65 uncovered facts
Choosing groups: [0.000s CPU, 0.000s wall-clock]
Building translation key... [0.010s CPU, 0.000s wall-clock]
Computing fact groups: [0.420s CPU, 0.414s wall-clock]
Building STRIPS to SAS dictionary... [0.000s CPU, 0.000s wall-clock]
Building dictionary for full mutex groups... [0.000s CPU, 0.000s wall-clock]
Building mutex information...
Building mutex information: [0.000s CPU, 0.000s wall-clock]
Translating task...
Processing axioms...
Simplifying axioms... [0.000s CPU, 0.000s wall-clock]
Processing axioms: [0.000s CPU, 0.001s wall-clock]
Translating task: [0.020s CPU, 0.022s wall-clock]
344 effect conditions simplified
0 implied preconditions added
Detecting unreachable propositions...
0 operators removed
0 axioms removed
6 propositions removed
Detecting unreachable propositions: [0.010s CPU, 0.008s wall-clock]
Reordering and filtering variables...
72 of 74 variables necessary.
23 of 30 mutex groups necessary.
253 of 253 operators necessary.
0 of 0 axiom rules necessary.
Reordering and filtering variables: [0.000s CPU, 0.005s wall-clock]
Translator variables: 72
Translator derived variables: 0
Translator facts: 203
Translator goal facts: 1
Translator mutex groups: 23
Translator total mutex groups size: 82
Translator operators: 253
Translator axioms: 0
Translator task size: 3111
Translator peak memory: 48472 KB
Writing output... [0.000s CPU, 0.004s wall-clock]
Done! [0.520s CPU, 0.535s wall-clock]

translate exit code: 0
INFO     Running search (release32).
INFO     search stdin: output.sas
INFO     search time limit: None
INFO     search memory limit: None
INFO     search command line string: /home/jsegovia/Desktop/automated-programming-framework-private/PLANNERS/fast-downward/builds/release32/bin/downward --evaluator 'hlm=lmcount(lm_factory=lm_rhw(reasonable_orders=true),transform=adapt_costs(one),pref=false)' --evaluator 'hff=ff(transform=adapt_costs(one))' --search 'lazy_greedy([hff,hlm],preferred=[hff,hlm],cost_type=one,reopen_closed=false)' --internal-plan-file sas_plan < output.sas
reading input... [t=1.8263e-05s]
done reading input! [t=0.00261759s]
Initializing landmarks count heuristic...
Initializing Exploration...
Generating landmarks using the RPG/SAS+ approach
approx. reasonable orders
approx. obedient reasonable orders
Removed 0 reasonable or obedient reasonable orders
Landmarks generation time: 0.00250044s
Discovered 12 landmarks, of which 0 are disjunctive and 0 are conjunctive 
30 edges
Simplifying 1158 unary operators... done! [871 unary operators]
Initializing additive heuristic...
Initializing FF heuristic...
Building successor generator...done! [t=0.00801077s]
peak memory difference for successor generator creation: 0 KB
time for successor generation creation: 0.00010405s
Variables: 72
FactPairs: 203
Bytes per state: 12
Conducting lazy best first search, (real) bound = 2147483647
5 initial landmarks, 1 goal landmarks
New best heuristic value for lmcount(lm_factory = lm_rhw(reasonable_orders = true), transform = adapt_costs(one), pref = false): 7
New best heuristic value for ff(transform = adapt_costs(one)): 11
[g=0, 1 evaluated, 0 expanded, t=0.00813325s, 4788 KB]
Initial heuristic value for lmcount(lm_factory = lm_rhw(reasonable_orders = true), transform = adapt_costs(one), pref = false): 7
Initial heuristic value for ff(transform = adapt_costs(one)): 11
New best heuristic value for ff(transform = adapt_costs(one)): 9
[g=1, 2 evaluated, 1 expanded, t=0.00820653s, 4788 KB]
New best heuristic value for ff(transform = adapt_costs(one)): 8
[g=2, 3 evaluated, 2 expanded, t=0.00825223s, 4788 KB]
New best heuristic value for ff(transform = adapt_costs(one)): 7
[g=1, 7 evaluated, 5 expanded, t=0.0084018s, 4788 KB]
New best heuristic value for lmcount(lm_factory = lm_rhw(reasonable_orders = true), transform = adapt_costs(one), pref = false): 6
New best heuristic value for ff(transform = adapt_costs(one)): 6
[g=2, 8 evaluated, 6 expanded, t=0.00844516s, 4788 KB]
New best heuristic value for ff(transform = adapt_costs(one)): 5
[g=10, 628 evaluated, 356 expanded, t=0.0188654s, 4788 KB]
New best heuristic value for ff(transform = adapt_costs(one)): 4
[g=11, 629 evaluated, 357 expanded, t=0.0189172s, 4788 KB]
New best heuristic value for lmcount(lm_factory = lm_rhw(reasonable_orders = true), transform = adapt_costs(one), pref = false): 5
[g=13, 631 evaluated, 359 expanded, t=0.0189828s, 4788 KB]
Completely explored state space -- no solution!
Actual search time: 0.301527s [t=0.309625s]
Expanded 5977 state(s).
Reopened 0 state(s).
Evaluated 26258 state(s).
Evaluations: 32235
Generated 29004 state(s).
Dead ends: 20281 state(s).
Number of registered states: 26258
Int hash set load factor: 26258/32768 = 0.801331
Int hash set resizes: 15
Search time: 0.301551s
Total time: 0.309628s
Search stopped without finding a solution.
Peak memory: 6260 KB

search exit code: 12
Driver aborting after search
