INFO     Running translator.
INFO     translator stdin: None
INFO     translator time limit: None
INFO     translator memory limit: None
INFO     translator command line string: /usr/bin/python /home/jsegovia/Desktop/automated-programming-framework-private/PLANNERS/fast-downward/builds/release32/bin/translate/translate.py domain.pddl ins.pddl --sas-file output.sas
Parsing...
Parsing: [0.080s CPU, 0.069s wall-clock]
Normalizing task... [0.000s CPU, 0.004s wall-clock]
Instantiating...
Generating Datalog program... [0.000s CPU, 0.003s wall-clock]
Normalizing Datalog program...
Unbound effect variables: Adding @object predicate.
Trivial rules: Converted to facts.
Normalizing Datalog program: [0.020s CPU, 0.021s wall-clock]
Preparing model... [0.010s CPU, 0.011s wall-clock]
Generated 968 rules.
Computing model... [0.020s CPU, 0.012s wall-clock]
705 relevant atoms
809 auxiliary atoms
1514 final queue length
2973 total queue pushes
Completing instantiation... [0.040s CPU, 0.038s wall-clock]
Instantiating: [0.090s CPU, 0.087s wall-clock]
Computing fact groups...
Finding invariants...
118 initial candidates
Finding invariants: [14.920s CPU, 14.925s wall-clock]
Checking invariant weight... [0.000s CPU, 0.000s wall-clock]
Instantiating groups... [0.000s CPU, 0.000s wall-clock]
Collecting mutex groups... [0.000s CPU, 0.000s wall-clock]
Choosing groups...
251 uncovered facts
Choosing groups: [0.000s CPU, 0.000s wall-clock]
Building translation key... [0.000s CPU, 0.001s wall-clock]
Computing fact groups: [14.920s CPU, 14.929s wall-clock]
Building STRIPS to SAS dictionary... [0.000s CPU, 0.000s wall-clock]
Building dictionary for full mutex groups... [0.000s CPU, 0.000s wall-clock]
Building mutex information...
Building mutex information: [0.000s CPU, 0.000s wall-clock]
Translating task...
Processing axioms...
Simplifying axioms... [0.000s CPU, 0.000s wall-clock]
Processing axioms: [0.010s CPU, 0.004s wall-clock]
Translating task: [0.050s CPU, 0.049s wall-clock]
1999 effect conditions simplified
0 implied preconditions added
Detecting unreachable propositions...
0 operators removed
0 axioms removed
100 propositions removed
Detecting unreachable propositions: [0.020s CPU, 0.016s wall-clock]
Reordering and filtering variables...
213 of 213 variables necessary.
24 of 32 mutex groups necessary.
262 of 262 operators necessary.
10 of 10 axiom rules necessary.
Reordering and filtering variables: [0.020s CPU, 0.015s wall-clock]
Translator variables: 213
Translator derived variables: 10
Translator facts: 486
Translator goal facts: 1
Translator mutex groups: 24
Translator total mutex groups size: 87
Translator operators: 262
Translator axioms: 10
Translator task size: 6658
Translator peak memory: 210712 KB
Writing output... [0.000s CPU, 0.007s wall-clock]
Done! [15.180s CPU, 15.180s wall-clock]

translate exit code: 0
INFO     Running search (release32).
INFO     search stdin: output.sas
INFO     search time limit: None
INFO     search memory limit: None
INFO     search command line string: /home/jsegovia/Desktop/automated-programming-framework-private/PLANNERS/fast-downward/builds/release32/bin/downward --evaluator 'hlm=lmcount(lm_factory=lm_rhw(reasonable_orders=true),transform=adapt_costs(one),pref=false)' --evaluator 'hff=ff(transform=adapt_costs(one))' --search 'lazy_greedy([hff,hlm],preferred=[hff,hlm],cost_type=one,reopen_closed=false)' --internal-plan-file sas_plan < output.sas
reading input... [t=1.8887e-05s]
done reading input! [t=0.00519571s]
Initializing landmarks count heuristic...
Initializing Exploration...
Generating landmarks using the RPG/SAS+ approach
approx. reasonable orders
approx. obedient reasonable orders
Removed 0 reasonable or obedient reasonable orders
Landmarks generation time: 0.00610593s
Discovered 15 landmarks, of which 0 are disjunctive and 0 are conjunctive 
43 edges
Simplifying 3174 unary operators... done! [2887 unary operators]
Initializing additive heuristic...
Initializing FF heuristic...
Building successor generator...done! [t=0.0144769s]
peak memory difference for successor generator creation: 0 KB
time for successor generation creation: 0.000115699s
Variables: 213
FactPairs: 486
Bytes per state: 32
Conducting lazy best first search, (real) bound = 2147483647
7 initial landmarks, 1 goal landmarks
New best heuristic value for lmcount(lm_factory = lm_rhw(reasonable_orders = true), transform = adapt_costs(one), pref = false): 8
New best heuristic value for ff(transform = adapt_costs(one)): 12
[g=0, 1 evaluated, 0 expanded, t=0.014647s, 5388 KB]
Initial heuristic value for lmcount(lm_factory = lm_rhw(reasonable_orders = true), transform = adapt_costs(one), pref = false): 8
Initial heuristic value for ff(transform = adapt_costs(one)): 12
New best heuristic value for ff(transform = adapt_costs(one)): 10
[g=1, 2 evaluated, 1 expanded, t=0.0147886s, 5388 KB]
New best heuristic value for ff(transform = adapt_costs(one)): 9
[g=2, 3 evaluated, 2 expanded, t=0.0148954s, 5388 KB]
New best heuristic value for ff(transform = adapt_costs(one)): 8
[g=1, 7 evaluated, 6 expanded, t=0.0152038s, 5388 KB]
New best heuristic value for lmcount(lm_factory = lm_rhw(reasonable_orders = true), transform = adapt_costs(one), pref = false): 7
New best heuristic value for ff(transform = adapt_costs(one)): 7
[g=2, 8 evaluated, 7 expanded, t=0.0153069s, 5388 KB]
New best heuristic value for ff(transform = adapt_costs(one)): 6
[g=28, 5990 evaluated, 5989 expanded, t=0.319312s, 5784 KB]
New best heuristic value for ff(transform = adapt_costs(one)): 5
[g=29, 5991 evaluated, 5990 expanded, t=0.319403s, 5784 KB]
New best heuristic value for lmcount(lm_factory = lm_rhw(reasonable_orders = true), transform = adapt_costs(one), pref = false): 6
[g=31, 5993 evaluated, 5992 expanded, t=0.319547s, 5784 KB]
Completely explored state space -- no solution!
Actual search time: 4.44761s [t=4.46217s]
Expanded 116728 state(s).
Reopened 0 state(s).
Evaluated 116728 state(s).
Evaluations: 233456
Generated 172783 state(s).
Dead ends: 0 state(s).
Number of registered states: 116728
Int hash set load factor: 116728/262144 = 0.445282
Int hash set resizes: 18
Search time: 4.44763s
Total time: 4.46217s
Search stopped without finding a solution.
Peak memory: 15116 KB

search exit code: 12
Driver aborting after search
