INFO     Running translator.
INFO     translator stdin: None
INFO     translator time limit: None
INFO     translator memory limit: None
INFO     translator command line string: /usr/bin/python /home/jsegovia/Desktop/automated-programming-framework-private/PLANNERS/fast-downward/builds/release32/bin/translate/translate.py domain.pddl ins.pddl --sas-file output.sas
Parsing...
Parsing: [0.040s CPU, 0.040s wall-clock]
Normalizing task... [0.000s CPU, 0.003s wall-clock]
Instantiating...
Generating Datalog program... [0.010s CPU, 0.002s wall-clock]
Normalizing Datalog program...
Normalizing Datalog program: [0.010s CPU, 0.020s wall-clock]
Preparing model... [0.010s CPU, 0.010s wall-clock]
Generated 883 rules.
Computing model... [0.010s CPU, 0.008s wall-clock]
343 relevant atoms
552 auxiliary atoms
895 final queue length
1788 total queue pushes
Completing instantiation... [0.020s CPU, 0.014s wall-clock]
Instantiating: [0.060s CPU, 0.054s wall-clock]
Computing fact groups...
Finding invariants...
76 initial candidates
Finding invariants: [0.270s CPU, 0.266s wall-clock]
Checking invariant weight... [0.000s CPU, 0.000s wall-clock]
Instantiating groups... [0.000s CPU, 0.000s wall-clock]
Collecting mutex groups... [0.000s CPU, 0.000s wall-clock]
Choosing groups...
60 uncovered facts
Choosing groups: [0.000s CPU, 0.000s wall-clock]
Building translation key... [0.000s CPU, 0.000s wall-clock]
Computing fact groups: [0.270s CPU, 0.268s wall-clock]
Building STRIPS to SAS dictionary... [0.000s CPU, 0.000s wall-clock]
Building dictionary for full mutex groups... [0.000s CPU, 0.000s wall-clock]
Building mutex information...
Building mutex information: [0.000s CPU, 0.000s wall-clock]
Translating task...
Processing axioms...
Simplifying axioms... [0.000s CPU, 0.000s wall-clock]
Processing axioms: [0.000s CPU, 0.001s wall-clock]
Translating task: [0.030s CPU, 0.025s wall-clock]
384 effect conditions simplified
0 implied preconditions added
Detecting unreachable propositions...
0 operators removed
0 axioms removed
6 propositions removed
Detecting unreachable propositions: [0.000s CPU, 0.007s wall-clock]
Reordering and filtering variables...
67 of 69 variables necessary.
24 of 32 mutex groups necessary.
205 of 205 operators necessary.
0 of 0 axiom rules necessary.
Reordering and filtering variables: [0.010s CPU, 0.005s wall-clock]
Translator variables: 67
Translator derived variables: 0
Translator facts: 176
Translator goal facts: 1
Translator mutex groups: 24
Translator total mutex groups size: 75
Translator operators: 205
Translator axioms: 0
Translator task size: 3090
Translator peak memory: 49160 KB
Writing output... [0.000s CPU, 0.003s wall-clock]
Done! [0.410s CPU, 0.407s wall-clock]

translate exit code: 0
INFO     Running search (release32).
INFO     search stdin: output.sas
INFO     search time limit: None
INFO     search memory limit: None
INFO     search command line string: /home/jsegovia/Desktop/automated-programming-framework-private/PLANNERS/fast-downward/builds/release32/bin/downward --evaluator 'hlm=lmcount(lm_factory=lm_rhw(reasonable_orders=true),transform=adapt_costs(one),pref=false)' --evaluator 'hff=ff(transform=adapt_costs(one))' --search 'lazy_greedy([hff,hlm],preferred=[hff,hlm],cost_type=one,reopen_closed=false)' --internal-plan-file sas_plan < output.sas
reading input... [t=1.9554e-05s]
done reading input! [t=0.00235187s]
Initializing landmarks count heuristic...
Initializing Exploration...
Generating landmarks using the RPG/SAS+ approach
approx. reasonable orders
approx. obedient reasonable orders
Removed 0 reasonable or obedient reasonable orders
Landmarks generation time: 0.00229584s
Discovered 13 landmarks, of which 0 are disjunctive and 0 are conjunctive 
36 edges
Simplifying 1116 unary operators... done! [907 unary operators]
Initializing additive heuristic...
Initializing FF heuristic...
Building successor generator...done! [t=0.00780574s]
peak memory difference for successor generator creation: 0 KB
time for successor generation creation: 8.6233e-05s
Variables: 67
FactPairs: 176
Bytes per state: 12
Conducting lazy best first search, (real) bound = 2147483647
5 initial landmarks, 1 goal landmarks
New best heuristic value for lmcount(lm_factory = lm_rhw(reasonable_orders = true), transform = adapt_costs(one), pref = false): 8
New best heuristic value for ff(transform = adapt_costs(one)): 12
[g=0, 1 evaluated, 0 expanded, t=0.00792207s, 4724 KB]
Initial heuristic value for lmcount(lm_factory = lm_rhw(reasonable_orders = true), transform = adapt_costs(one), pref = false): 8
Initial heuristic value for ff(transform = adapt_costs(one)): 12
New best heuristic value for ff(transform = adapt_costs(one)): 10
[g=1, 2 evaluated, 1 expanded, t=0.00800283s, 4724 KB]
New best heuristic value for ff(transform = adapt_costs(one)): 9
[g=2, 3 evaluated, 2 expanded, t=0.00805539s, 4724 KB]
New best heuristic value for ff(transform = adapt_costs(one)): 8
[g=1, 7 evaluated, 5 expanded, t=0.00817746s, 4724 KB]
New best heuristic value for lmcount(lm_factory = lm_rhw(reasonable_orders = true), transform = adapt_costs(one), pref = false): 7
New best heuristic value for ff(transform = adapt_costs(one)): 7
[g=2, 8 evaluated, 6 expanded, t=0.00822748s, 4724 KB]
New best heuristic value for ff(transform = adapt_costs(one)): 6
[g=28, 6602 evaluated, 4043 expanded, t=0.108988s, 5136 KB]
New best heuristic value for ff(transform = adapt_costs(one)): 5
[g=29, 6603 evaluated, 4044 expanded, t=0.109038s, 5136 KB]
New best heuristic value for lmcount(lm_factory = lm_rhw(reasonable_orders = true), transform = adapt_costs(one), pref = false): 6
[g=31, 6605 evaluated, 4046 expanded, t=0.109099s, 5136 KB]
Completely explored state space -- no solution!
Actual search time: 0.249293s [t=0.257171s]
Expanded 8701 state(s).
Reopened 0 state(s).
Evaluated 18032 state(s).
Evaluations: 26733
Generated 21554 state(s).
Dead ends: 9331 state(s).
Number of registered states: 18032
Int hash set load factor: 18032/32768 = 0.550293
Int hash set resizes: 15
Search time: 0.249315s
Total time: 0.257174s
Search stopped without finding a solution.
Peak memory: 5804 KB

search exit code: 12
Driver aborting after search
