INFO     Running translator.
INFO     translator stdin: None
INFO     translator time limit: None
INFO     translator memory limit: None
INFO     translator command line string: /usr/bin/python /home/jsegovia/Desktop/automated-programming-framework-private/PLANNERS/fast-downward/builds/release32/bin/translate/translate.py domain.pddl ins.pddl --sas-file output.sas
Parsing...
Parsing: [0.070s CPU, 0.068s wall-clock]
Normalizing task... [0.000s CPU, 0.004s wall-clock]
Instantiating...
Generating Datalog program... [0.010s CPU, 0.003s wall-clock]
Normalizing Datalog program...
Unbound effect variables: Adding @object predicate.
Trivial rules: Converted to facts.
Normalizing Datalog program: [0.010s CPU, 0.021s wall-clock]
Preparing model... [0.010s CPU, 0.010s wall-clock]
Generated 960 rules.
Computing model... [0.020s CPU, 0.012s wall-clock]
699 relevant atoms
803 auxiliary atoms
1502 final queue length
2863 total queue pushes
Completing instantiation... [0.040s CPU, 0.039s wall-clock]
Instantiating: [0.090s CPU, 0.086s wall-clock]
Computing fact groups...
Finding invariants...
118 initial candidates
Finding invariants: [24.950s CPU, 24.945s wall-clock]
Checking invariant weight... [0.000s CPU, 0.000s wall-clock]
Instantiating groups... [0.000s CPU, 0.000s wall-clock]
Collecting mutex groups... [0.000s CPU, 0.000s wall-clock]
Choosing groups...
246 uncovered facts
Choosing groups: [0.000s CPU, 0.000s wall-clock]
Building translation key... [0.000s CPU, 0.001s wall-clock]
Computing fact groups: [24.950s CPU, 24.949s wall-clock]
Building STRIPS to SAS dictionary... [0.000s CPU, 0.000s wall-clock]
Building dictionary for full mutex groups... [0.000s CPU, 0.000s wall-clock]
Building mutex information...
Building mutex information: [0.000s CPU, 0.000s wall-clock]
Translating task...
Processing axioms...
Simplifying axioms... [0.000s CPU, 0.000s wall-clock]
Processing axioms: [0.000s CPU, 0.003s wall-clock]
Translating task: [0.050s CPU, 0.052s wall-clock]
2553 effect conditions simplified
0 implied preconditions added
Detecting unreachable propositions...
0 operators removed
0 axioms removed
99 propositions removed
Detecting unreachable propositions: [0.020s CPU, 0.015s wall-clock]
Reordering and filtering variables...
208 of 208 variables necessary.
23 of 30 mutex groups necessary.
266 of 266 operators necessary.
10 of 10 axiom rules necessary.
Reordering and filtering variables: [0.010s CPU, 0.015s wall-clock]
Translator variables: 208
Translator derived variables: 10
Translator facts: 476
Translator goal facts: 1
Translator mutex groups: 23
Translator total mutex groups size: 82
Translator operators: 266
Translator axioms: 10
Translator task size: 6509
Translator peak memory: 205400 KB
Writing output... [0.010s CPU, 0.007s wall-clock]
Done! [25.200s CPU, 25.199s wall-clock]

translate exit code: 0
INFO     Running search (release32).
INFO     search stdin: output.sas
INFO     search time limit: None
INFO     search memory limit: None
INFO     search command line string: /home/jsegovia/Desktop/automated-programming-framework-private/PLANNERS/fast-downward/builds/release32/bin/downward --evaluator 'hlm=lmcount(lm_factory=lm_rhw(reasonable_orders=true),transform=adapt_costs(one),pref=false)' --evaluator 'hff=ff(transform=adapt_costs(one))' --search 'lazy_greedy([hff,hlm],preferred=[hff,hlm],cost_type=one,reopen_closed=false)' --internal-plan-file sas_plan < output.sas
reading input... [t=1.9898e-05s]
done reading input! [t=0.0053656s]
Initializing landmarks count heuristic...
Initializing Exploration...
Generating landmarks using the RPG/SAS+ approach
approx. reasonable orders
approx. obedient reasonable orders
Removed 0 reasonable or obedient reasonable orders
Landmarks generation time: 0.00804366s
Discovered 16 landmarks, of which 0 are disjunctive and 0 are conjunctive 
43 edges
Simplifying 3646 unary operators... done! [3359 unary operators]
Initializing additive heuristic...
Initializing FF heuristic...
Building successor generator...done! [t=0.0178958s]
peak memory difference for successor generator creation: 0 KB
time for successor generation creation: 9.9302e-05s
Variables: 208
FactPairs: 476
Bytes per state: 32
Conducting lazy best first search, (real) bound = 2147483647
8 initial landmarks, 1 goal landmarks
New best heuristic value for lmcount(lm_factory = lm_rhw(reasonable_orders = true), transform = adapt_costs(one), pref = false): 8
New best heuristic value for ff(transform = adapt_costs(one)): 12
[g=0, 1 evaluated, 0 expanded, t=0.0180362s, 5296 KB]
Initial heuristic value for lmcount(lm_factory = lm_rhw(reasonable_orders = true), transform = adapt_costs(one), pref = false): 8
Initial heuristic value for ff(transform = adapt_costs(one)): 12
New best heuristic value for ff(transform = adapt_costs(one)): 10
[g=1, 2 evaluated, 1 expanded, t=0.0181502s, 5296 KB]
New best heuristic value for ff(transform = adapt_costs(one)): 9
[g=2, 3 evaluated, 2 expanded, t=0.0182348s, 5296 KB]
New best heuristic value for ff(transform = adapt_costs(one)): 8
[g=1, 7 evaluated, 6 expanded, t=0.0184876s, 5296 KB]
New best heuristic value for lmcount(lm_factory = lm_rhw(reasonable_orders = true), transform = adapt_costs(one), pref = false): 7
New best heuristic value for ff(transform = adapt_costs(one)): 7
[g=2, 8 evaluated, 7 expanded, t=0.0185708s, 5296 KB]
New best heuristic value for ff(transform = adapt_costs(one)): 6
[g=4, 10 evaluated, 9 expanded, t=0.0187362s, 5296 KB]
New best heuristic value for ff(transform = adapt_costs(one)): 5
[g=5, 11 evaluated, 10 expanded, t=0.0188341s, 5296 KB]
New best heuristic value for lmcount(lm_factory = lm_rhw(reasonable_orders = true), transform = adapt_costs(one), pref = false): 6
[g=7, 13 evaluated, 12 expanded, t=0.0189876s, 5296 KB]
New best heuristic value for ff(transform = adapt_costs(one)): 4
[g=37, 3169 evaluated, 3168 expanded, t=0.198654s, 5296 KB]
New best heuristic value for lmcount(lm_factory = lm_rhw(reasonable_orders = true), transform = adapt_costs(one), pref = false): 5
[g=39, 3171 evaluated, 3170 expanded, t=0.198799s, 5296 KB]
Completely explored state space -- no solution!
Actual search time: 4.183s [t=4.20097s]
Expanded 113613 state(s).
Reopened 0 state(s).
Evaluated 113613 state(s).
Evaluations: 227226
Generated 167379 state(s).
Dead ends: 0 state(s).
Number of registered states: 113613
Int hash set load factor: 113613/131072 = 0.866798
Int hash set resizes: 17
Search time: 4.18302s
Total time: 4.20097s
Search stopped without finding a solution.
Peak memory: 13016 KB

search exit code: 12
Driver aborting after search
