INFO     Running translator.
INFO     translator stdin: None
INFO     translator time limit: None
INFO     translator memory limit: None
INFO     translator command line string: /usr/bin/python /home/jsegovia/Desktop/automated-programming-framework-private/PLANNERS/fast-downward/builds/release32/bin/translate/translate.py domain.pddl ins.pddl --sas-file output.sas
Parsing...
Parsing: [0.030s CPU, 0.031s wall-clock]
Normalizing task... [0.010s CPU, 0.002s wall-clock]
Instantiating...
Generating Datalog program... [0.000s CPU, 0.002s wall-clock]
Normalizing Datalog program...
Normalizing Datalog program: [0.020s CPU, 0.017s wall-clock]
Preparing model... [0.000s CPU, 0.008s wall-clock]
Generated 763 rules.
Computing model... [0.010s CPU, 0.006s wall-clock]
287 relevant atoms
501 auxiliary atoms
788 final queue length
1313 total queue pushes
Completing instantiation... [0.010s CPU, 0.008s wall-clock]
Instantiating: [0.040s CPU, 0.041s wall-clock]
Computing fact groups...
Finding invariants...
76 initial candidates
Finding invariants: [1.580s CPU, 1.589s wall-clock]
Checking invariant weight... [0.000s CPU, 0.000s wall-clock]
Instantiating groups... [0.000s CPU, 0.000s wall-clock]
Collecting mutex groups... [0.000s CPU, 0.000s wall-clock]
Choosing groups...
49 uncovered facts
Choosing groups: [0.000s CPU, 0.000s wall-clock]
Building translation key... [0.000s CPU, 0.000s wall-clock]
Computing fact groups: [1.580s CPU, 1.591s wall-clock]
Building STRIPS to SAS dictionary... [0.000s CPU, 0.000s wall-clock]
Building dictionary for full mutex groups... [0.000s CPU, 0.000s wall-clock]
Building mutex information...
Building mutex information: [0.000s CPU, 0.000s wall-clock]
Translating task...
Processing axioms...
Simplifying axioms... [0.000s CPU, 0.000s wall-clock]
Processing axioms: [0.000s CPU, 0.001s wall-clock]
Translating task: [0.030s CPU, 0.013s wall-clock]
271 effect conditions simplified
0 implied preconditions added
Detecting unreachable propositions...
0 operators removed
0 axioms removed
6 propositions removed
Detecting unreachable propositions: [0.000s CPU, 0.005s wall-clock]
Reordering and filtering variables...
56 of 58 variables necessary.
23 of 31 mutex groups necessary.
176 of 176 operators necessary.
0 of 0 axiom rules necessary.
Reordering and filtering variables: [0.000s CPU, 0.003s wall-clock]
Translator variables: 56
Translator derived variables: 0
Translator facts: 145
Translator goal facts: 1
Translator mutex groups: 23
Translator total mutex groups size: 64
Translator operators: 176
Translator axioms: 0
Translator task size: 1779
Translator peak memory: 84936 KB
Writing output... [0.010s CPU, 0.002s wall-clock]
Done! [1.700s CPU, 1.690s wall-clock]

translate exit code: 0
INFO     Running search (release32).
INFO     search stdin: output.sas
INFO     search time limit: None
INFO     search memory limit: None
INFO     search command line string: /home/jsegovia/Desktop/automated-programming-framework-private/PLANNERS/fast-downward/builds/release32/bin/downward --evaluator 'hlm=lmcount(lm_factory=lm_rhw(reasonable_orders=true),transform=adapt_costs(one),pref=false)' --evaluator 'hff=ff(transform=adapt_costs(one))' --search 'lazy_greedy([hff,hlm],preferred=[hff,hlm],cost_type=one,reopen_closed=false)' --internal-plan-file sas_plan < output.sas
reading input... [t=2.0186e-05s]
done reading input! [t=0.00161385s]
Initializing landmarks count heuristic...
Initializing Exploration...
Generating landmarks using the RPG/SAS+ approach
approx. reasonable orders
approx. obedient reasonable orders
Removed 0 reasonable or obedient reasonable orders
Landmarks generation time: 0.00142621s
Discovered 13 landmarks, of which 0 are disjunctive and 0 are conjunctive 
38 edges
Simplifying 705 unary operators... done! [535 unary operators]
Initializing additive heuristic...
Initializing FF heuristic...
Building successor generator...done! [t=0.0049179s]
peak memory difference for successor generator creation: 0 KB
time for successor generation creation: 6.8747e-05s
Variables: 56
FactPairs: 145
Bytes per state: 12
Conducting lazy best first search, (real) bound = 2147483647
5 initial landmarks, 1 goal landmarks
New best heuristic value for lmcount(lm_factory = lm_rhw(reasonable_orders = true), transform = adapt_costs(one), pref = false): 8
New best heuristic value for ff(transform = adapt_costs(one)): 12
[g=0, 1 evaluated, 0 expanded, t=0.00500915s, 4660 KB]
Initial heuristic value for lmcount(lm_factory = lm_rhw(reasonable_orders = true), transform = adapt_costs(one), pref = false): 8
Initial heuristic value for ff(transform = adapt_costs(one)): 12
New best heuristic value for ff(transform = adapt_costs(one)): 10
[g=1, 2 evaluated, 1 expanded, t=0.00506935s, 4660 KB]
New best heuristic value for ff(transform = adapt_costs(one)): 8
[g=3, 4 evaluated, 3 expanded, t=0.00512796s, 4660 KB]
New best heuristic value for lmcount(lm_factory = lm_rhw(reasonable_orders = true), transform = adapt_costs(one), pref = false): 7
New best heuristic value for ff(transform = adapt_costs(one)): 7
[g=2, 9 evaluated, 7 expanded, t=0.00522965s, 4660 KB]
New best heuristic value for ff(transform = adapt_costs(one)): 6
[g=10, 338 evaluated, 226 expanded, t=0.0102683s, 4660 KB]
New best heuristic value for ff(transform = adapt_costs(one)): 5
[g=11, 339 evaluated, 227 expanded, t=0.01033s, 4660 KB]
New best heuristic value for lmcount(lm_factory = lm_rhw(reasonable_orders = true), transform = adapt_costs(one), pref = false): 6
[g=13, 341 evaluated, 229 expanded, t=0.0104011s, 4660 KB]
New best heuristic value for ff(transform = adapt_costs(one)): 4
[g=19, 347 evaluated, 235 expanded, t=0.0105409s, 4660 KB]
New best heuristic value for lmcount(lm_factory = lm_rhw(reasonable_orders = true), transform = adapt_costs(one), pref = false): 4
[g=20, 348 evaluated, 236 expanded, t=0.0105937s, 4660 KB]
New best heuristic value for lmcount(lm_factory = lm_rhw(reasonable_orders = true), transform = adapt_costs(one), pref = false): 3
New best heuristic value for ff(transform = adapt_costs(one)): 3
[g=27, 355 evaluated, 243 expanded, t=0.0107446s, 4660 KB]
New best heuristic value for lmcount(lm_factory = lm_rhw(reasonable_orders = true), transform = adapt_costs(one), pref = false): 2
New best heuristic value for ff(transform = adapt_costs(one)): 2
[g=35, 363 evaluated, 251 expanded, t=0.010908s, 4660 KB]
New best heuristic value for lmcount(lm_factory = lm_rhw(reasonable_orders = true), transform = adapt_costs(one), pref = false): 1
New best heuristic value for ff(transform = adapt_costs(one)): 1
[g=43, 371 evaluated, 259 expanded, t=0.0110553s, 4660 KB]
Solution found!
Actual search time: 0.00612305s [t=0.0111005s]
program-visit-node-0 row-0 (1001)
check-visit-node-0-0 row-0 (0)
execute-visit-node-0-0 row-0 (1)
program-move-next-1 row-0 (1001)
check-move-next-0-1 row-0 (0)
execute-move-next-0-1 row-0 (1)
program-visit-node-2 row-0 (1001)
check-visit-node-0-2 row-0 (0)
execute-visit-node-0-2 row-0 (1)
program-end-3 row-0 (1)
check-main-end-0-3 row-0 (0)
repeat-end-main-0-3 row-0 (0)
check-visit-node-0-0 row-0 (0)
execute-visit-node-0-0 row-0 (1)
check-move-next-0-1 row-0 (0)
execute-move-next-0-1 row-0 (1)
check-visit-node-0-2 row-0 (0)
execute-visit-node-0-2 row-0 (1)
check-main-end-1-3 row-0 (0)
repeat-end-main-1-3 row-0 (0)
check-visit-node-0-0 row-0 (0)
execute-visit-node-0-0 row-0 (1)
check-move-next-0-1 row-0 (0)
execute-move-next-0-1 row-0 (1)
check-visit-node-0-2 row-0 (0)
execute-visit-node-0-2 row-0 (1)
check-main-end-2-3 row-0 (0)
skip-2  (0)
check-visit-node-0-0 row-0 (0)
execute-visit-node-0-0 row-0 (1)
check-move-next-0-1 row-0 (0)
execute-move-next-0-1 row-0 (1)
check-visit-node-0-2 row-0 (0)
execute-visit-node-0-2 row-0 (1)
check-main-end-3-3 row-0 (0)
skip-3  (0)
check-visit-node-0-0 row-0 (0)
execute-visit-node-0-0 row-0 (1)
check-move-next-0-1 row-0 (0)
execute-move-next-0-1 row-0 (1)
check-visit-node-0-2 row-0 (0)
execute-visit-node-0-2 row-0 (1)
check-main-end-4-3 row-0 (0)
skip-4  (0)
Plan length: 44 step(s).
Plan cost: 3019
Expanded 260 state(s).
Reopened 0 state(s).
Evaluated 372 state(s).
Evaluations: 633
Generated 1455 state(s).
Dead ends: 111 state(s).
Number of registered states: 372
Int hash set load factor: 372/512 = 0.726562
Int hash set resizes: 9
Search time: 0.00614267s
Total time: 0.011104s
Solution found.
Peak memory: 4660 KB

search exit code: 0
