INFO     Running translator.
INFO     translator stdin: None
INFO     translator time limit: None
INFO     translator memory limit: None
INFO     translator command line string: /usr/bin/python /home/jsegovia/Desktop/automated-programming-framework-private/PLANNERS/fast-downward/builds/release32/bin/translate/translate.py domain.pddl ins.pddl --sas-file output.sas
Parsing...
Parsing: [0.040s CPU, 0.039s wall-clock]
Normalizing task... [0.000s CPU, 0.003s wall-clock]
Instantiating...
Generating Datalog program... [0.000s CPU, 0.002s wall-clock]
Normalizing Datalog program...
Normalizing Datalog program: [0.020s CPU, 0.019s wall-clock]
Preparing model... [0.010s CPU, 0.009s wall-clock]
Generated 899 rules.
Computing model... [0.010s CPU, 0.009s wall-clock]
430 relevant atoms
636 auxiliary atoms
1066 final queue length
2450 total queue pushes
Completing instantiation... [0.020s CPU, 0.016s wall-clock]
Instantiating: [0.060s CPU, 0.056s wall-clock]
Computing fact groups...
Finding invariants...
76 initial candidates
Finding invariants: [1.270s CPU, 1.270s wall-clock]
Checking invariant weight... [0.000s CPU, 0.000s wall-clock]
Instantiating groups... [0.000s CPU, 0.000s wall-clock]
Collecting mutex groups... [0.000s CPU, 0.000s wall-clock]
Choosing groups...
69 uncovered facts
Choosing groups: [0.000s CPU, 0.000s wall-clock]
Building translation key... [0.000s CPU, 0.000s wall-clock]
Computing fact groups: [1.270s CPU, 1.272s wall-clock]
Building STRIPS to SAS dictionary... [0.000s CPU, 0.000s wall-clock]
Building dictionary for full mutex groups... [0.000s CPU, 0.000s wall-clock]
Building mutex information...
Building mutex information: [0.000s CPU, 0.000s wall-clock]
Translating task...
Processing axioms...
Simplifying axioms... [0.000s CPU, 0.000s wall-clock]
Processing axioms: [0.000s CPU, 0.001s wall-clock]
Translating task: [0.030s CPU, 0.026s wall-clock]
492 effect conditions simplified
0 implied preconditions added
Detecting unreachable propositions...
0 operators removed
0 axioms removed
6 propositions removed
Detecting unreachable propositions: [0.010s CPU, 0.015s wall-clock]
Reordering and filtering variables...
76 of 78 variables necessary.
24 of 32 mutex groups necessary.
259 of 259 operators necessary.
0 of 0 axiom rules necessary.
Reordering and filtering variables: [0.010s CPU, 0.006s wall-clock]
Translator variables: 76
Translator derived variables: 0
Translator facts: 212
Translator goal facts: 1
Translator mutex groups: 24
Translator total mutex groups size: 87
Translator operators: 259
Translator axioms: 0
Translator task size: 3756
Translator peak memory: 76552 KB
Writing output... [0.000s CPU, 0.004s wall-clock]
Done! [1.420s CPU, 1.422s wall-clock]

translate exit code: 0
INFO     Running search (release32).
INFO     search stdin: output.sas
INFO     search time limit: None
INFO     search memory limit: None
INFO     search command line string: /home/jsegovia/Desktop/automated-programming-framework-private/PLANNERS/fast-downward/builds/release32/bin/downward --evaluator 'hlm=lmcount(lm_factory=lm_rhw(reasonable_orders=true),transform=adapt_costs(one),pref=false)' --evaluator 'hff=ff(transform=adapt_costs(one))' --search 'lazy_greedy([hff,hlm],preferred=[hff,hlm],cost_type=one,reopen_closed=false)' --internal-plan-file sas_plan < output.sas
reading input... [t=2.1969e-05s]
done reading input! [t=0.00319179s]
Initializing landmarks count heuristic...
Initializing Exploration...
Generating landmarks using the RPG/SAS+ approach
approx. reasonable orders
approx. obedient reasonable orders
Removed 0 reasonable or obedient reasonable orders
Landmarks generation time: 0.00275177s
Discovered 13 landmarks, of which 0 are disjunctive and 0 are conjunctive 
36 edges
Simplifying 1401 unary operators... done! [1114 unary operators]
Initializing additive heuristic...
Initializing FF heuristic...
Building successor generator...done! [t=0.00991498s]
peak memory difference for successor generator creation: 0 KB
time for successor generation creation: 8.9191e-05s
Variables: 76
FactPairs: 212
Bytes per state: 16
Conducting lazy best first search, (real) bound = 2147483647
5 initial landmarks, 1 goal landmarks
New best heuristic value for lmcount(lm_factory = lm_rhw(reasonable_orders = true), transform = adapt_costs(one), pref = false): 8
New best heuristic value for ff(transform = adapt_costs(one)): 12
[g=0, 1 evaluated, 0 expanded, t=0.0100226s, 4824 KB]
Initial heuristic value for lmcount(lm_factory = lm_rhw(reasonable_orders = true), transform = adapt_costs(one), pref = false): 8
Initial heuristic value for ff(transform = adapt_costs(one)): 12
New best heuristic value for ff(transform = adapt_costs(one)): 10
[g=1, 2 evaluated, 1 expanded, t=0.0101014s, 4824 KB]
New best heuristic value for ff(transform = adapt_costs(one)): 9
[g=2, 3 evaluated, 2 expanded, t=0.0101526s, 4824 KB]
New best heuristic value for ff(transform = adapt_costs(one)): 8
[g=1, 7 evaluated, 5 expanded, t=0.010277s, 4824 KB]
New best heuristic value for lmcount(lm_factory = lm_rhw(reasonable_orders = true), transform = adapt_costs(one), pref = false): 7
New best heuristic value for ff(transform = adapt_costs(one)): 7
[g=2, 8 evaluated, 6 expanded, t=0.0103252s, 4824 KB]
New best heuristic value for ff(transform = adapt_costs(one)): 6
[g=40, 13090 evaluated, 7841 expanded, t=0.249121s, 5928 KB]
New best heuristic value for ff(transform = adapt_costs(one)): 5
[g=41, 13091 evaluated, 7842 expanded, t=0.24918s, 5928 KB]
New best heuristic value for lmcount(lm_factory = lm_rhw(reasonable_orders = true), transform = adapt_costs(one), pref = false): 6
[g=43, 13093 evaluated, 7844 expanded, t=0.249251s, 5928 KB]
New best heuristic value for ff(transform = adapt_costs(one)): 4
[g=85, 13135 evaluated, 7886 expanded, t=0.250207s, 5928 KB]
Completely explored state space -- no solution!
Actual search time: 0.719349s [t=0.729329s]
Expanded 21499 state(s).
Reopened 0 state(s).
Evaluated 44176 state(s).
Evaluations: 65675
Generated 52519 state(s).
Dead ends: 22677 state(s).
Number of registered states: 44176
Int hash set load factor: 44176/65536 = 0.674072
Int hash set resizes: 16
Search time: 0.719369s
Total time: 0.729332s
Search stopped without finding a solution.
Peak memory: 7532 KB

search exit code: 12
Driver aborting after search
