INFO     Running translator.
INFO     translator stdin: None
INFO     translator time limit: None
INFO     translator memory limit: None
INFO     translator command line string: /usr/bin/python /home/jsegovia/Desktop/automated-programming-framework-private/PLANNERS/fast-downward/builds/release32/bin/translate/translate.py domain.pddl ins.pddl --sas-file output.sas
Parsing...
Parsing: [0.070s CPU, 0.070s wall-clock]
Normalizing task... [0.000s CPU, 0.005s wall-clock]
Instantiating...
Generating Datalog program... [0.000s CPU, 0.003s wall-clock]
Normalizing Datalog program...
Unbound effect variables: Adding @object predicate.
Trivial rules: Converted to facts.
Normalizing Datalog program: [0.020s CPU, 0.021s wall-clock]
Preparing model... [0.010s CPU, 0.010s wall-clock]
Generated 1008 rules.
Computing model... [0.010s CPU, 0.011s wall-clock]
711 relevant atoms
818 auxiliary atoms
1529 final queue length
3072 total queue pushes
Completing instantiation... [0.030s CPU, 0.038s wall-clock]
Instantiating: [0.080s CPU, 0.084s wall-clock]
Computing fact groups...
Finding invariants...
118 initial candidates
Finding invariants: [23.500s CPU, 23.496s wall-clock]
Checking invariant weight... [0.000s CPU, 0.000s wall-clock]
Instantiating groups... [0.000s CPU, 0.000s wall-clock]
Collecting mutex groups... [0.000s CPU, 0.000s wall-clock]
Choosing groups...
258 uncovered facts
Choosing groups: [0.000s CPU, 0.000s wall-clock]
Building translation key... [0.000s CPU, 0.001s wall-clock]
Computing fact groups: [23.500s CPU, 23.500s wall-clock]
Building STRIPS to SAS dictionary... [0.000s CPU, 0.000s wall-clock]
Building dictionary for full mutex groups... [0.000s CPU, 0.000s wall-clock]
Building mutex information...
Building mutex information: [0.000s CPU, 0.000s wall-clock]
Translating task...
Processing axioms...
Simplifying axioms... [0.000s CPU, 0.000s wall-clock]
Processing axioms: [0.000s CPU, 0.003s wall-clock]
Translating task: [0.060s CPU, 0.058s wall-clock]
2694 effect conditions simplified
0 implied preconditions added
Detecting unreachable propositions...
0 operators removed
0 axioms removed
99 propositions removed
Detecting unreachable propositions: [0.020s CPU, 0.018s wall-clock]
Reordering and filtering variables...
220 of 220 variables necessary.
23 of 30 mutex groups necessary.
266 of 266 operators necessary.
10 of 10 axiom rules necessary.
Reordering and filtering variables: [0.010s CPU, 0.017s wall-clock]
Translator variables: 220
Translator derived variables: 10
Translator facts: 500
Translator goal facts: 1
Translator mutex groups: 23
Translator total mutex groups size: 82
Translator operators: 266
Translator axioms: 10
Translator task size: 8261
Translator peak memory: 205688 KB
Writing output... [0.010s CPU, 0.009s wall-clock]
Done! [23.760s CPU, 23.764s wall-clock]

translate exit code: 0
INFO     Running search (release32).
INFO     search stdin: output.sas
INFO     search time limit: None
INFO     search memory limit: None
INFO     search command line string: /home/jsegovia/Desktop/automated-programming-framework-private/PLANNERS/fast-downward/builds/release32/bin/downward --evaluator 'hlm=lmcount(lm_factory=lm_rhw(reasonable_orders=true),transform=adapt_costs(one),pref=false)' --evaluator 'hff=ff(transform=adapt_costs(one))' --search 'lazy_greedy([hff,hlm],preferred=[hff,hlm],cost_type=one,reopen_closed=false)' --internal-plan-file sas_plan < output.sas
reading input... [t=1.9916e-05s]
done reading input! [t=0.00628566s]
Initializing landmarks count heuristic...
Initializing Exploration...
Generating landmarks using the RPG/SAS+ approach
approx. reasonable orders
approx. obedient reasonable orders
Removed 0 reasonable or obedient reasonable orders
Landmarks generation time: 0.00935701s
Discovered 16 landmarks, of which 0 are disjunctive and 0 are conjunctive 
43 edges
Simplifying 4081 unary operators... done! [3794 unary operators]
Initializing additive heuristic...
Initializing FF heuristic...
Building successor generator...done! [t=0.020191s]
peak memory difference for successor generator creation: 0 KB
time for successor generation creation: 9.6672e-05s
Variables: 220
FactPairs: 500
Bytes per state: 32
Conducting lazy best first search, (real) bound = 2147483647
8 initial landmarks, 1 goal landmarks
New best heuristic value for lmcount(lm_factory = lm_rhw(reasonable_orders = true), transform = adapt_costs(one), pref = false): 8
New best heuristic value for ff(transform = adapt_costs(one)): 12
[g=0, 1 evaluated, 0 expanded, t=0.0203412s, 5372 KB]
Initial heuristic value for lmcount(lm_factory = lm_rhw(reasonable_orders = true), transform = adapt_costs(one), pref = false): 8
Initial heuristic value for ff(transform = adapt_costs(one)): 12
New best heuristic value for ff(transform = adapt_costs(one)): 10
[g=1, 2 evaluated, 1 expanded, t=0.0204627s, 5372 KB]
New best heuristic value for ff(transform = adapt_costs(one)): 9
[g=2, 3 evaluated, 2 expanded, t=0.0205582s, 5372 KB]
New best heuristic value for ff(transform = adapt_costs(one)): 8
[g=1, 7 evaluated, 6 expanded, t=0.0208379s, 5372 KB]
New best heuristic value for lmcount(lm_factory = lm_rhw(reasonable_orders = true), transform = adapt_costs(one), pref = false): 7
New best heuristic value for ff(transform = adapt_costs(one)): 7
[g=2, 8 evaluated, 7 expanded, t=0.0209299s, 5372 KB]
New best heuristic value for ff(transform = adapt_costs(one)): 6
[g=34, 6504 evaluated, 6503 expanded, t=0.41131s, 5900 KB]
New best heuristic value for ff(transform = adapt_costs(one)): 5
[g=35, 6505 evaluated, 6504 expanded, t=0.411465s, 5900 KB]
New best heuristic value for lmcount(lm_factory = lm_rhw(reasonable_orders = true), transform = adapt_costs(one), pref = false): 6
[g=37, 6521 evaluated, 6520 expanded, t=0.412458s, 5900 KB]
Completely explored state space -- no solution!
Actual search time: 5.66366s [t=5.68392s]
Expanded 124567 state(s).
Reopened 0 state(s).
Evaluated 124567 state(s).
Evaluations: 249134
Generated 183754 state(s).
Dead ends: 0 state(s).
Number of registered states: 124567
Int hash set load factor: 124567/262144 = 0.475185
Int hash set resizes: 18
Search time: 5.66368s
Total time: 5.68393s
Search stopped without finding a solution.
Peak memory: 15320 KB

search exit code: 12
Driver aborting after search
