INFO     Running translator.
INFO     translator stdin: None
INFO     translator time limit: None
INFO     translator memory limit: None
INFO     translator command line string: /usr/bin/python /home/jsegovia/Desktop/automated-programming-framework-private/PLANNERS/fast-downward/builds/release32/bin/translate/translate.py domain.pddl ins.pddl --sas-file output.sas
Parsing...
Parsing: [0.050s CPU, 0.049s wall-clock]
Normalizing task... [0.000s CPU, 0.003s wall-clock]
Instantiating...
Generating Datalog program... [0.010s CPU, 0.002s wall-clock]
Normalizing Datalog program...
Unbound effect variables: Adding @object predicate.
Trivial rules: Converted to facts.
Normalizing Datalog program: [0.020s CPU, 0.018s wall-clock]
Preparing model... [0.000s CPU, 0.009s wall-clock]
Generated 874 rules.
Computing model... [0.010s CPU, 0.010s wall-clock]
691 relevant atoms
795 auxiliary atoms
1486 final queue length
2754 total queue pushes
Completing instantiation... [0.020s CPU, 0.026s wall-clock]
Instantiating: [0.070s CPU, 0.067s wall-clock]
Computing fact groups...
Finding invariants...
118 initial candidates
Finding invariants: [24.470s CPU, 24.472s wall-clock]
Checking invariant weight... [0.000s CPU, 0.000s wall-clock]
Instantiating groups... [0.000s CPU, 0.000s wall-clock]
Collecting mutex groups... [0.000s CPU, 0.000s wall-clock]
Choosing groups...
244 uncovered facts
Choosing groups: [0.010s CPU, 0.000s wall-clock]
Building translation key... [0.000s CPU, 0.001s wall-clock]
Computing fact groups: [24.480s CPU, 24.476s wall-clock]
Building STRIPS to SAS dictionary... [0.000s CPU, 0.000s wall-clock]
Building dictionary for full mutex groups... [0.000s CPU, 0.000s wall-clock]
Building mutex information...
Building mutex information: [0.000s CPU, 0.000s wall-clock]
Translating task...
Processing axioms...
Simplifying axioms... [0.000s CPU, 0.000s wall-clock]
Processing axioms: [0.000s CPU, 0.003s wall-clock]
Translating task: [0.040s CPU, 0.039s wall-clock]
1631 effect conditions simplified
0 implied preconditions added
Detecting unreachable propositions...
0 operators removed
0 axioms removed
99 propositions removed
Detecting unreachable propositions: [0.010s CPU, 0.012s wall-clock]
Reordering and filtering variables...
206 of 206 variables necessary.
23 of 30 mutex groups necessary.
260 of 260 operators necessary.
10 of 10 axiom rules necessary.
Reordering and filtering variables: [0.020s CPU, 0.012s wall-clock]
Translator variables: 206
Translator derived variables: 10
Translator facts: 472
Translator goal facts: 1
Translator mutex groups: 23
Translator total mutex groups size: 82
Translator operators: 260
Translator axioms: 10
Translator task size: 5234
Translator peak memory: 204212 KB
Writing output... [0.000s CPU, 0.006s wall-clock]
Done! [24.670s CPU, 24.668s wall-clock]

translate exit code: 0
INFO     Running search (release32).
INFO     search stdin: output.sas
INFO     search time limit: None
INFO     search memory limit: None
INFO     search command line string: /home/jsegovia/Desktop/automated-programming-framework-private/PLANNERS/fast-downward/builds/release32/bin/downward --evaluator 'hlm=lmcount(lm_factory=lm_rhw(reasonable_orders=true),transform=adapt_costs(one),pref=false)' --evaluator 'hff=ff(transform=adapt_costs(one))' --search 'lazy_greedy([hff,hlm],preferred=[hff,hlm],cost_type=one,reopen_closed=false)' --internal-plan-file sas_plan < output.sas
reading input... [t=2.1468e-05s]
done reading input! [t=0.00440337s]
Initializing landmarks count heuristic...
Initializing Exploration...
Generating landmarks using the RPG/SAS+ approach
approx. reasonable orders
approx. obedient reasonable orders
Removed 0 reasonable or obedient reasonable orders
Landmarks generation time: 0.00841178s
Discovered 16 landmarks, of which 0 are disjunctive and 0 are conjunctive 
44 edges
Simplifying 2604 unary operators... done! [2317 unary operators]
Initializing additive heuristic...
Initializing FF heuristic...
Building successor generator...done! [t=0.0168663s]
peak memory difference for successor generator creation: 0 KB
time for successor generation creation: 0.00010361s
Variables: 206
FactPairs: 472
Bytes per state: 32
Conducting lazy best first search, (real) bound = 2147483647
8 initial landmarks, 1 goal landmarks
New best heuristic value for lmcount(lm_factory = lm_rhw(reasonable_orders = true), transform = adapt_costs(one), pref = false): 8
New best heuristic value for ff(transform = adapt_costs(one)): 12
[g=0, 1 evaluated, 0 expanded, t=0.017017s, 5296 KB]
Initial heuristic value for lmcount(lm_factory = lm_rhw(reasonable_orders = true), transform = adapt_costs(one), pref = false): 8
Initial heuristic value for ff(transform = adapt_costs(one)): 12
New best heuristic value for ff(transform = adapt_costs(one)): 10
[g=1, 2 evaluated, 1 expanded, t=0.0171371s, 5296 KB]
New best heuristic value for ff(transform = adapt_costs(one)): 9
[g=2, 3 evaluated, 2 expanded, t=0.0172281s, 5296 KB]
New best heuristic value for ff(transform = adapt_costs(one)): 8
[g=3, 4 evaluated, 3 expanded, t=0.0173217s, 5296 KB]
New best heuristic value for lmcount(lm_factory = lm_rhw(reasonable_orders = true), transform = adapt_costs(one), pref = false): 7
New best heuristic value for ff(transform = adapt_costs(one)): 7
[g=2, 9 evaluated, 8 expanded, t=0.0176519s, 5296 KB]
New best heuristic value for ff(transform = adapt_costs(one)): 6
[g=10, 473 evaluated, 472 expanded, t=0.0416744s, 5296 KB]
New best heuristic value for ff(transform = adapt_costs(one)): 5
[g=11, 474 evaluated, 473 expanded, t=0.0417606s, 5296 KB]
New best heuristic value for lmcount(lm_factory = lm_rhw(reasonable_orders = true), transform = adapt_costs(one), pref = false): 6
[g=13, 476 evaluated, 475 expanded, t=0.0418888s, 5296 KB]
New best heuristic value for ff(transform = adapt_costs(one)): 4
[g=19, 482 evaluated, 481 expanded, t=0.0422118s, 5296 KB]
New best heuristic value for lmcount(lm_factory = lm_rhw(reasonable_orders = true), transform = adapt_costs(one), pref = false): 4
[g=20, 483 evaluated, 482 expanded, t=0.0422778s, 5296 KB]
New best heuristic value for lmcount(lm_factory = lm_rhw(reasonable_orders = true), transform = adapt_costs(one), pref = false): 3
New best heuristic value for ff(transform = adapt_costs(one)): 3
[g=27, 490 evaluated, 489 expanded, t=0.0426309s, 5296 KB]
New best heuristic value for lmcount(lm_factory = lm_rhw(reasonable_orders = true), transform = adapt_costs(one), pref = false): 2
New best heuristic value for ff(transform = adapt_costs(one)): 2
[g=35, 498 evaluated, 497 expanded, t=0.0430085s, 5296 KB]
New best heuristic value for lmcount(lm_factory = lm_rhw(reasonable_orders = true), transform = adapt_costs(one), pref = false): 1
New best heuristic value for ff(transform = adapt_costs(one)): 1
[g=43, 506 evaluated, 505 expanded, t=0.0433463s, 5296 KB]
Solution found!
Actual search time: 0.0264516s [t=0.0433875s]
program-visit-node-0 row-0 (1001)
check-visit-node-0-0 row-0 (0)
execute-visit-node-0-0 row-0 (1)
program-move-next-1 row-0 (1001)
check-move-next-0-1 row-0 (0)
execute-move-next-0-1 row-0 (1)
program-visit-node-2 row-0 (1001)
check-visit-node-0-2 row-0 (0)
execute-visit-node-0-2 row-0 (1)
program-end-3 row-0 (1)
check-main-end-0-3 row-0 (0)
repeat-end-main-0-3 row-0 (0)
check-visit-node-0-0 row-0 (0)
execute-visit-node-0-0 row-0 (1)
check-move-next-0-1 row-0 (0)
execute-move-next-0-1 row-0 (1)
check-visit-node-0-2 row-0 (0)
execute-visit-node-0-2 row-0 (1)
check-main-end-1-3 row-0 (0)
repeat-end-main-1-3 row-0 (0)
check-visit-node-0-0 row-0 (0)
execute-visit-node-0-0 row-0 (1)
check-move-next-0-1 row-0 (0)
execute-move-next-0-1 row-0 (1)
check-visit-node-0-2 row-0 (0)
execute-visit-node-0-2 row-0 (1)
check-main-end-2-3 row-0 (0)
skip-2  (0)
check-visit-node-0-0 row-0 (0)
execute-visit-node-0-0 row-0 (1)
check-move-next-0-1 row-0 (0)
execute-move-next-0-1 row-0 (1)
check-visit-node-0-2 row-0 (0)
execute-visit-node-0-2 row-0 (1)
check-main-end-3-3 row-0 (0)
skip-3  (0)
check-visit-node-0-0 row-0 (0)
execute-visit-node-0-0 row-0 (1)
check-move-next-0-1 row-0 (0)
execute-move-next-0-1 row-0 (1)
check-visit-node-0-2 row-0 (0)
execute-visit-node-0-2 row-0 (1)
check-main-end-4-3 row-0 (0)
skip-4  (0)
Plan length: 44 step(s).
Plan cost: 3019
Expanded 506 state(s).
Reopened 0 state(s).
Evaluated 507 state(s).
Evaluations: 1014
Generated 2889 state(s).
Dead ends: 0 state(s).
Number of registered states: 507
Int hash set load factor: 507/512 = 0.990234
Int hash set resizes: 9
Search time: 0.0264643s
Total time: 0.04339s
Solution found.
Peak memory: 5296 KB

search exit code: 0
