INFO     Running translator.
INFO     translator stdin: None
INFO     translator time limit: None
INFO     translator memory limit: None
INFO     translator command line string: /usr/bin/python /home/jsegovia/Desktop/automated-programming-framework-private/PLANNERS/fast-downward/builds/release32/bin/translate/translate.py domain.pddl ins.pddl --sas-file output.sas
Parsing...
Parsing: [0.030s CPU, 0.025s wall-clock]
Normalizing task... [0.000s CPU, 0.002s wall-clock]
Instantiating...
Generating Datalog program... [0.000s CPU, 0.002s wall-clock]
Normalizing Datalog program...
Normalizing Datalog program: [0.020s CPU, 0.014s wall-clock]
Preparing model... [0.000s CPU, 0.007s wall-clock]
Generated 598 rules.
Computing model... [0.010s CPU, 0.007s wall-clock]
356 relevant atoms
522 auxiliary atoms
878 final queue length
1705 total queue pushes
Completing instantiation... [0.010s CPU, 0.010s wall-clock]
Instantiating: [0.040s CPU, 0.040s wall-clock]
Computing fact groups...
Finding invariants...
73 initial candidates
Finding invariants: [0.280s CPU, 0.280s wall-clock]
Checking invariant weight... [0.000s CPU, 0.000s wall-clock]
Instantiating groups... [0.000s CPU, 0.000s wall-clock]
Collecting mutex groups... [0.000s CPU, 0.000s wall-clock]
Choosing groups...
58 uncovered facts
Choosing groups: [0.000s CPU, 0.000s wall-clock]
Building translation key... [0.000s CPU, 0.000s wall-clock]
Computing fact groups: [0.280s CPU, 0.282s wall-clock]
Building STRIPS to SAS dictionary... [0.000s CPU, 0.000s wall-clock]
Building dictionary for full mutex groups... [0.000s CPU, 0.000s wall-clock]
Building mutex information...
Building mutex information: [0.000s CPU, 0.000s wall-clock]
Translating task...
Processing axioms...
Simplifying axioms... [0.000s CPU, 0.000s wall-clock]
Processing axioms: [0.000s CPU, 0.001s wall-clock]
Translating task: [0.010s CPU, 0.014s wall-clock]
159 effect conditions simplified
0 implied preconditions added
Detecting unreachable propositions...
0 operators removed
0 axioms removed
6 propositions removed
Detecting unreachable propositions: [0.010s CPU, 0.006s wall-clock]
Reordering and filtering variables...
65 of 67 variables necessary.
24 of 29 mutex groups necessary.
214 of 214 operators necessary.
0 of 0 axiom rules necessary.
Reordering and filtering variables: [0.000s CPU, 0.003s wall-clock]
Translator variables: 65
Translator derived variables: 0
Translator facts: 178
Translator goal facts: 1
Translator mutex groups: 24
Translator total mutex groups size: 78
Translator operators: 214
Translator axioms: 0
Translator task size: 2148
Translator peak memory: 45988 KB
Writing output... [0.000s CPU, 0.002s wall-clock]
Done! [0.370s CPU, 0.375s wall-clock]

translate exit code: 0
INFO     Running search (release32).
INFO     search stdin: output.sas
INFO     search time limit: None
INFO     search memory limit: None
INFO     search command line string: /home/jsegovia/Desktop/automated-programming-framework-private/PLANNERS/fast-downward/builds/release32/bin/downward --evaluator 'hlm=lmcount(lm_factory=lm_rhw(reasonable_orders=true),transform=adapt_costs(one),pref=false)' --evaluator 'hff=ff(transform=adapt_costs(one))' --search 'lazy_greedy([hff,hlm],preferred=[hff,hlm],cost_type=one,reopen_closed=false)' --internal-plan-file sas_plan < output.sas
reading input... [t=1.8263e-05s]
done reading input! [t=0.00193202s]
Initializing landmarks count heuristic...
Initializing Exploration...
Generating landmarks using the RPG/SAS+ approach
approx. reasonable orders
approx. obedient reasonable orders
Removed 0 reasonable or obedient reasonable orders
Landmarks generation time: 0.00132147s
Discovered 10 landmarks, of which 0 are disjunctive and 0 are conjunctive 
16 edges
Simplifying 741 unary operators... done! [493 unary operators]
Initializing additive heuristic...
Initializing FF heuristic...
Building successor generator...done! [t=0.00478789s]
peak memory difference for successor generator creation: 0 KB
time for successor generation creation: 7.1057e-05s
Variables: 65
FactPairs: 178
Bytes per state: 12
Conducting lazy best first search, (real) bound = 2147483647
5 initial landmarks, 1 goal landmarks
New best heuristic value for lmcount(lm_factory = lm_rhw(reasonable_orders = true), transform = adapt_costs(one), pref = false): 5
New best heuristic value for ff(transform = adapt_costs(one)): 9
[g=0, 1 evaluated, 0 expanded, t=0.00487913s, 4652 KB]
Initial heuristic value for lmcount(lm_factory = lm_rhw(reasonable_orders = true), transform = adapt_costs(one), pref = false): 5
Initial heuristic value for ff(transform = adapt_costs(one)): 9
New best heuristic value for ff(transform = adapt_costs(one)): 7
[g=1, 2 evaluated, 1 expanded, t=0.00494477s, 4652 KB]
New best heuristic value for ff(transform = adapt_costs(one)): 6
[g=2, 3 evaluated, 2 expanded, t=0.00498351s, 4652 KB]
New best heuristic value for ff(transform = adapt_costs(one)): 5
[g=1, 7 evaluated, 5 expanded, t=0.00507251s, 4652 KB]
New best heuristic value for lmcount(lm_factory = lm_rhw(reasonable_orders = true), transform = adapt_costs(one), pref = false): 4
New best heuristic value for ff(transform = adapt_costs(one)): 4
[g=2, 8 evaluated, 6 expanded, t=0.00511077s, 4652 KB]
New best heuristic value for ff(transform = adapt_costs(one)): 3
[g=40, 18780 evaluated, 12094 expanded, t=0.198848s, 6020 KB]
New best heuristic value for ff(transform = adapt_costs(one)): 2
[g=41, 18781 evaluated, 12095 expanded, t=0.198907s, 6020 KB]
New best heuristic value for lmcount(lm_factory = lm_rhw(reasonable_orders = true), transform = adapt_costs(one), pref = false): 2
[g=42, 18782 evaluated, 12096 expanded, t=0.19894s, 6020 KB]
Completely explored state space -- no solution!
Actual search time: 0.339609s [t=0.344458s]
Expanded 17827 state(s).
Reopened 0 state(s).
Evaluated 34290 state(s).
Evaluations: 52117
Generated 41121 state(s).
Dead ends: 16463 state(s).
Number of registered states: 34290
Int hash set load factor: 34290/65536 = 0.523224
Int hash set resizes: 16
Search time: 0.339628s
Total time: 0.344461s
Search stopped without finding a solution.
Peak memory: 6944 KB

search exit code: 12
Driver aborting after search
