INFO     Running translator.
INFO     translator stdin: None
INFO     translator time limit: None
INFO     translator memory limit: None
INFO     translator command line string: /usr/bin/python /home/jsegovia/Desktop/automated-programming-framework-private/PLANNERS/fast-downward/builds/release32/bin/translate/translate.py domain.pddl ins.pddl --sas-file output.sas
Parsing...
Parsing: [0.020s CPU, 0.019s wall-clock]
Normalizing task... [0.000s CPU, 0.001s wall-clock]
Instantiating...
Generating Datalog program... [0.000s CPU, 0.001s wall-clock]
Normalizing Datalog program...
Normalizing Datalog program: [0.020s CPU, 0.012s wall-clock]
Preparing model... [0.000s CPU, 0.006s wall-clock]
Generated 516 rules.
Computing model... [0.010s CPU, 0.004s wall-clock]
217 relevant atoms
372 auxiliary atoms
589 final queue length
859 total queue pushes
Completing instantiation... [0.000s CPU, 0.004s wall-clock]
Instantiating: [0.030s CPU, 0.027s wall-clock]
Computing fact groups...
Finding invariants...
65 initial candidates
Finding invariants: [0.020s CPU, 0.017s wall-clock]
Checking invariant weight... [0.000s CPU, 0.000s wall-clock]
Instantiating groups... [0.000s CPU, 0.000s wall-clock]
Collecting mutex groups... [0.000s CPU, 0.000s wall-clock]
Choosing groups...
35 uncovered facts
Choosing groups: [0.000s CPU, 0.000s wall-clock]
Building translation key... [0.000s CPU, 0.000s wall-clock]
Computing fact groups: [0.020s CPU, 0.019s wall-clock]
Building STRIPS to SAS dictionary... [0.000s CPU, 0.000s wall-clock]
Building dictionary for full mutex groups... [0.000s CPU, 0.000s wall-clock]
Building mutex information...
Building mutex information: [0.000s CPU, 0.000s wall-clock]
Translating task...
Processing axioms...
Simplifying axioms... [0.000s CPU, 0.000s wall-clock]
Processing axioms: [0.000s CPU, 0.000s wall-clock]
Translating task: [0.010s CPU, 0.007s wall-clock]
51 effect conditions simplified
0 implied preconditions added
Detecting unreachable propositions...
0 operators removed
0 axioms removed
6 propositions removed
Detecting unreachable propositions: [0.000s CPU, 0.003s wall-clock]
Reordering and filtering variables...
42 of 44 variables necessary.
23 of 31 mutex groups necessary.
129 of 129 operators necessary.
0 of 0 axiom rules necessary.
Reordering and filtering variables: [0.000s CPU, 0.001s wall-clock]
Translator variables: 42
Translator derived variables: 0
Translator facts: 107
Translator goal facts: 1
Translator mutex groups: 23
Translator total mutex groups size: 58
Translator operators: 129
Translator axioms: 0
Translator task size: 1062
Translator peak memory: 40768 KB
Writing output... [0.000s CPU, 0.001s wall-clock]
Done! [0.080s CPU, 0.079s wall-clock]

translate exit code: 0
INFO     Running search (release32).
INFO     search stdin: output.sas
INFO     search time limit: None
INFO     search memory limit: None
INFO     search command line string: /home/jsegovia/Desktop/automated-programming-framework-private/PLANNERS/fast-downward/builds/release32/bin/downward --evaluator 'hlm=lmcount(lm_factory=lm_rhw(reasonable_orders=true),transform=adapt_costs(one),pref=false)' --evaluator 'hff=ff(transform=adapt_costs(one))' --search 'lazy_greedy([hff,hlm],preferred=[hff,hlm],cost_type=one,reopen_closed=false)' --internal-plan-file sas_plan < output.sas
reading input... [t=1.9092e-05s]
done reading input! [t=0.00105612s]
Initializing landmarks count heuristic...
Initializing Exploration...
Generating landmarks using the RPG/SAS+ approach
approx. reasonable orders
approx. obedient reasonable orders
Removed 0 reasonable or obedient reasonable orders
Landmarks generation time: 0.000524168s
Discovered 6 landmarks, of which 0 are disjunctive and 0 are conjunctive 
6 edges
Simplifying 338 unary operators... done! [207 unary operators]
Initializing additive heuristic...
Initializing FF heuristic...
Building successor generator...done! [t=0.00237002s]
peak memory difference for successor generator creation: 0 KB
time for successor generation creation: 4.7948e-05s
Variables: 42
FactPairs: 107
Bytes per state: 8
Conducting lazy best first search, (real) bound = 2147483647
3 initial landmarks, 1 goal landmarks
New best heuristic value for lmcount(lm_factory = lm_rhw(reasonable_orders = true), transform = adapt_costs(one), pref = false): 3
New best heuristic value for ff(transform = adapt_costs(one)): 8
[g=0, 1 evaluated, 0 expanded, t=0.00245332s, 4520 KB]
Initial heuristic value for lmcount(lm_factory = lm_rhw(reasonable_orders = true), transform = adapt_costs(one), pref = false): 3
Initial heuristic value for ff(transform = adapt_costs(one)): 8
New best heuristic value for ff(transform = adapt_costs(one)): 6
[g=1, 2 evaluated, 1 expanded, t=0.00250164s, 4520 KB]
New best heuristic value for ff(transform = adapt_costs(one)): 5
[g=2, 3 evaluated, 2 expanded, t=0.00253406s, 4520 KB]
New best heuristic value for ff(transform = adapt_costs(one)): 4
[g=3, 4 evaluated, 3 expanded, t=0.00256354s, 4520 KB]
New best heuristic value for lmcount(lm_factory = lm_rhw(reasonable_orders = true), transform = adapt_costs(one), pref = false): 1
New best heuristic value for ff(transform = adapt_costs(one)): 3
[g=2, 9 evaluated, 7 expanded, t=0.00262531s, 4520 KB]
New best heuristic value for ff(transform = adapt_costs(one)): 2
[g=22, 2886 evaluated, 2010 expanded, t=0.0207141s, 4792 KB]
New best heuristic value for ff(transform = adapt_costs(one)): 1
[g=23, 2887 evaluated, 2011 expanded, t=0.0207559s, 4792 KB]
Solution found!
Actual search time: 0.0183571s [t=0.020785s]
program-visit-node-0 row-0 (1001)
check-visit-node-0-0 row-0 (0)
execute-visit-node-0-0 row-0 (1)
program-move-next-1 row-0 (1001)
check-move-next-0-1 row-0 (0)
execute-move-next-0-1 row-0 (1)
program-goto-visited-2-0 n2 row-0 (1001)
eval-cond-visited-0-2 n2 row-0 (1)
do-goto-0-2-0 row-0 (1)
check-visit-node-0-0 row-0 (0)
execute-visit-node-0-0 row-0 (1)
check-move-next-0-1 row-0 (0)
execute-move-next-0-1 row-0 (1)
eval-cond-visited-0-2 n2 row-0 (1)
do-goto-0-2-0 row-0 (1)
check-visit-node-0-0 row-0 (0)
execute-visit-node-0-0 row-0 (1)
check-move-next-0-1 row-0 (0)
execute-move-next-0-1 row-0 (1)
eval-cond-visited-0-2 n2 row-0 (1)
dont-goto-0-2-0 row-0 (1)
program-end-3 row-0 (1)
check-main-end-0-3 row-0 (0)
repeat-end-main-0-3 row-0 (0)
Plan length: 24 step(s).
Plan cost: 3016
Expanded 2012 state(s).
Reopened 0 state(s).
Evaluated 2888 state(s).
Evaluations: 4901
Generated 6079 state(s).
Dead ends: 875 state(s).
Number of registered states: 2888
Int hash set load factor: 2888/4096 = 0.705078
Int hash set resizes: 12
Search time: 0.0183751s
Total time: 0.0207874s
Solution found.
Peak memory: 4792 KB

search exit code: 0
