INFO     Running translator.
INFO     translator stdin: None
INFO     translator time limit: None
INFO     translator memory limit: None
INFO     translator command line string: /usr/bin/python /home/jsegovia/Desktop/automated-programming-framework-private/PLANNERS/fast-downward/builds/release32/bin/translate/translate.py domain.pddl ins.pddl --sas-file output.sas
Parsing...
Parsing: [0.030s CPU, 0.033s wall-clock]
Normalizing task... [0.000s CPU, 0.002s wall-clock]
Instantiating...
Generating Datalog program... [0.000s CPU, 0.002s wall-clock]
Normalizing Datalog program...
Normalizing Datalog program: [0.020s CPU, 0.017s wall-clock]
Preparing model... [0.010s CPU, 0.008s wall-clock]
Generated 803 rules.
Computing model... [0.010s CPU, 0.008s wall-clock]
425 relevant atoms
630 auxiliary atoms
1055 final queue length
2377 total queue pushes
Completing instantiation... [0.010s CPU, 0.014s wall-clock]
Instantiating: [0.050s CPU, 0.051s wall-clock]
Computing fact groups...
Finding invariants...
76 initial candidates
Finding invariants: [0.700s CPU, 0.704s wall-clock]
Checking invariant weight... [0.000s CPU, 0.000s wall-clock]
Instantiating groups... [0.000s CPU, 0.000s wall-clock]
Collecting mutex groups... [0.000s CPU, 0.000s wall-clock]
Choosing groups...
70 uncovered facts
Choosing groups: [0.000s CPU, 0.000s wall-clock]
Building translation key... [0.000s CPU, 0.000s wall-clock]
Computing fact groups: [0.700s CPU, 0.706s wall-clock]
Building STRIPS to SAS dictionary... [0.000s CPU, 0.000s wall-clock]
Building dictionary for full mutex groups... [0.000s CPU, 0.000s wall-clock]
Building mutex information...
Building mutex information: [0.000s CPU, 0.000s wall-clock]
Translating task...
Processing axioms...
Simplifying axioms... [0.000s CPU, 0.000s wall-clock]
Processing axioms: [0.000s CPU, 0.001s wall-clock]
Translating task: [0.030s CPU, 0.024s wall-clock]
456 effect conditions simplified
0 implied preconditions added
Detecting unreachable propositions...
0 operators removed
0 axioms removed
6 propositions removed
Detecting unreachable propositions: [0.010s CPU, 0.008s wall-clock]
Reordering and filtering variables...
77 of 79 variables necessary.
23 of 31 mutex groups necessary.
257 of 257 operators necessary.
0 of 0 axiom rules necessary.
Reordering and filtering variables: [0.000s CPU, 0.005s wall-clock]
Translator variables: 77
Translator derived variables: 0
Translator facts: 214
Translator goal facts: 1
Translator mutex groups: 23
Translator total mutex groups size: 82
Translator operators: 257
Translator axioms: 0
Translator task size: 3759
Translator peak memory: 62252 KB
Writing output... [0.000s CPU, 0.004s wall-clock]
Done! [0.820s CPU, 0.835s wall-clock]

translate exit code: 0
INFO     Running search (release32).
INFO     search stdin: output.sas
INFO     search time limit: None
INFO     search memory limit: None
INFO     search command line string: /home/jsegovia/Desktop/automated-programming-framework-private/PLANNERS/fast-downward/builds/release32/bin/downward --evaluator 'hlm=lmcount(lm_factory=lm_rhw(reasonable_orders=true),transform=adapt_costs(one),pref=false)' --evaluator 'hff=ff(transform=adapt_costs(one))' --search 'lazy_greedy([hff,hlm],preferred=[hff,hlm],cost_type=one,reopen_closed=false)' --internal-plan-file sas_plan < output.sas
reading input... [t=2.1449e-05s]
done reading input! [t=0.00295213s]
Initializing landmarks count heuristic...
Initializing Exploration...
Generating landmarks using the RPG/SAS+ approach
approx. reasonable orders
approx. obedient reasonable orders
Removed 0 reasonable or obedient reasonable orders
Landmarks generation time: 0.00316637s
Discovered 13 landmarks, of which 0 are disjunctive and 0 are conjunctive 
39 edges
Simplifying 1350 unary operators... done! [1063 unary operators]
Initializing additive heuristic...
Initializing FF heuristic...
Building successor generator...done! [t=0.00899964s]
peak memory difference for successor generator creation: 0 KB
time for successor generation creation: 8.4334e-05s
Variables: 77
FactPairs: 214
Bytes per state: 16
Conducting lazy best first search, (real) bound = 2147483647
5 initial landmarks, 1 goal landmarks
New best heuristic value for lmcount(lm_factory = lm_rhw(reasonable_orders = true), transform = adapt_costs(one), pref = false): 8
New best heuristic value for ff(transform = adapt_costs(one)): 12
[g=0, 1 evaluated, 0 expanded, t=0.00910237s, 4832 KB]
Initial heuristic value for lmcount(lm_factory = lm_rhw(reasonable_orders = true), transform = adapt_costs(one), pref = false): 8
Initial heuristic value for ff(transform = adapt_costs(one)): 12
New best heuristic value for ff(transform = adapt_costs(one)): 10
[g=1, 2 evaluated, 1 expanded, t=0.00917635s, 4832 KB]
New best heuristic value for ff(transform = adapt_costs(one)): 9
[g=2, 3 evaluated, 2 expanded, t=0.00922559s, 4832 KB]
New best heuristic value for ff(transform = adapt_costs(one)): 8
[g=1, 7 evaluated, 5 expanded, t=0.00934471s, 4832 KB]
New best heuristic value for lmcount(lm_factory = lm_rhw(reasonable_orders = true), transform = adapt_costs(one), pref = false): 7
New best heuristic value for ff(transform = adapt_costs(one)): 7
[g=2, 8 evaluated, 6 expanded, t=0.00939108s, 4832 KB]
New best heuristic value for ff(transform = adapt_costs(one)): 6
[g=46, 13540 evaluated, 8796 expanded, t=0.26602s, 5948 KB]
New best heuristic value for ff(transform = adapt_costs(one)): 5
[g=47, 13541 evaluated, 8797 expanded, t=0.26609s, 5948 KB]
Completely explored state space -- no solution!
Actual search time: 0.906373s [t=0.915439s]
Expanded 26124 state(s).
Reopened 0 state(s).
Evaluated 50638 state(s).
Evaluations: 76762
Generated 60524 state(s).
Dead ends: 24514 state(s).
Number of registered states: 50638
Int hash set load factor: 50638/65536 = 0.772675
Int hash set resizes: 16
Search time: 0.906398s
Total time: 0.915442s
Search stopped without finding a solution.
Peak memory: 7960 KB

search exit code: 12
Driver aborting after search
