INFO     Running translator.
INFO     translator stdin: None
INFO     translator time limit: None
INFO     translator memory limit: None
INFO     translator command line string: /usr/bin/python /home/jsegovia/Desktop/automated-programming-framework-private/PLANNERS/fast-downward/builds/release32/bin/translate/translate.py domain.pddl ins.pddl --sas-file output.sas
Parsing...
Parsing: [0.060s CPU, 0.056s wall-clock]
Normalizing task... [0.000s CPU, 0.003s wall-clock]
Instantiating...
Generating Datalog program... [0.000s CPU, 0.003s wall-clock]
Normalizing Datalog program...
Unbound effect variables: Adding @object predicate.
Trivial rules: Converted to facts.
Normalizing Datalog program: [0.020s CPU, 0.018s wall-clock]
Preparing model... [0.010s CPU, 0.009s wall-clock]
Generated 945 rules.
Computing model... [0.010s CPU, 0.011s wall-clock]
705 relevant atoms
796 auxiliary atoms
1501 final queue length
3025 total queue pushes
Completing instantiation... [0.030s CPU, 0.031s wall-clock]
Instantiating: [0.070s CPU, 0.073s wall-clock]
Computing fact groups...
Finding invariants...
117 initial candidates
Finding invariants: [23.020s CPU, 23.015s wall-clock]
Checking invariant weight... [0.000s CPU, 0.000s wall-clock]
Instantiating groups... [0.000s CPU, 0.000s wall-clock]
Collecting mutex groups... [0.000s CPU, 0.000s wall-clock]
Choosing groups...
259 uncovered facts
Choosing groups: [0.000s CPU, 0.000s wall-clock]
Building translation key... [0.000s CPU, 0.001s wall-clock]
Computing fact groups: [23.020s CPU, 23.019s wall-clock]
Building STRIPS to SAS dictionary... [0.000s CPU, 0.000s wall-clock]
Building dictionary for full mutex groups... [0.000s CPU, 0.000s wall-clock]
Building mutex information...
Building mutex information: [0.000s CPU, 0.000s wall-clock]
Translating task...
Processing axioms...
Simplifying axioms... [0.000s CPU, 0.000s wall-clock]
Processing axioms: [0.010s CPU, 0.003s wall-clock]
Translating task: [0.050s CPU, 0.045s wall-clock]
1540 effect conditions simplified
0 implied preconditions added
Detecting unreachable propositions...
0 operators removed
0 axioms removed
100 propositions removed
Detecting unreachable propositions: [0.010s CPU, 0.016s wall-clock]
Reordering and filtering variables...
221 of 221 variables necessary.
24 of 31 mutex groups necessary.
256 of 256 operators necessary.
10 of 10 axiom rules necessary.
Reordering and filtering variables: [0.020s CPU, 0.015s wall-clock]
Translator variables: 221
Translator derived variables: 10
Translator facts: 501
Translator goal facts: 1
Translator mutex groups: 24
Translator total mutex groups size: 86
Translator operators: 256
Translator axioms: 10
Translator task size: 7662
Translator peak memory: 204792 KB
Writing output... [0.010s CPU, 0.007s wall-clock]
Done! [23.240s CPU, 23.238s wall-clock]

translate exit code: 0
INFO     Running search (release32).
INFO     search stdin: output.sas
INFO     search time limit: None
INFO     search memory limit: None
INFO     search command line string: /home/jsegovia/Desktop/automated-programming-framework-private/PLANNERS/fast-downward/builds/release32/bin/downward --evaluator 'hlm=lmcount(lm_factory=lm_rhw(reasonable_orders=true),transform=adapt_costs(one),pref=false)' --evaluator 'hff=ff(transform=adapt_costs(one))' --search 'lazy_greedy([hff,hlm],preferred=[hff,hlm],cost_type=one,reopen_closed=false)' --internal-plan-file sas_plan < output.sas
reading input... [t=2.1153e-05s]
done reading input! [t=0.00572836s]
Initializing landmarks count heuristic...
Initializing Exploration...
Generating landmarks using the RPG/SAS+ approach
approx. reasonable orders
approx. obedient reasonable orders
Removed 0 reasonable or obedient reasonable orders
Landmarks generation time: 0.00647179s
Discovered 14 landmarks, of which 0 are disjunctive and 0 are conjunctive 
34 edges
Simplifying 2948 unary operators... done! [2661 unary operators]
Initializing additive heuristic...
Initializing FF heuristic...
Building successor generator...done! [t=0.0159043s]
peak memory difference for successor generator creation: 0 KB
time for successor generation creation: 0.000119192s
Variables: 221
FactPairs: 501
Bytes per state: 32
Conducting lazy best first search, (real) bound = 2147483647
7 initial landmarks, 1 goal landmarks
New best heuristic value for lmcount(lm_factory = lm_rhw(reasonable_orders = true), transform = adapt_costs(one), pref = false): 7
New best heuristic value for ff(transform = adapt_costs(one)): 11
[g=0, 1 evaluated, 0 expanded, t=0.0160841s, 5384 KB]
Initial heuristic value for lmcount(lm_factory = lm_rhw(reasonable_orders = true), transform = adapt_costs(one), pref = false): 7
Initial heuristic value for ff(transform = adapt_costs(one)): 11
New best heuristic value for ff(transform = adapt_costs(one)): 9
[g=1, 2 evaluated, 1 expanded, t=0.016234s, 5384 KB]
New best heuristic value for ff(transform = adapt_costs(one)): 8
[g=2, 3 evaluated, 2 expanded, t=0.0163445s, 5384 KB]
New best heuristic value for ff(transform = adapt_costs(one)): 7
[g=1, 7 evaluated, 6 expanded, t=0.0166694s, 5384 KB]
New best heuristic value for lmcount(lm_factory = lm_rhw(reasonable_orders = true), transform = adapt_costs(one), pref = false): 6
New best heuristic value for ff(transform = adapt_costs(one)): 6
[g=2, 8 evaluated, 7 expanded, t=0.0167781s, 5384 KB]
New best heuristic value for ff(transform = adapt_costs(one)): 5
[g=34, 14270 evaluated, 14269 expanded, t=0.675647s, 6488 KB]
New best heuristic value for ff(transform = adapt_costs(one)): 4
[g=35, 14271 evaluated, 14270 expanded, t=0.675758s, 6488 KB]
New best heuristic value for lmcount(lm_factory = lm_rhw(reasonable_orders = true), transform = adapt_costs(one), pref = false): 5
[g=37, 14273 evaluated, 14272 expanded, t=0.675891s, 6488 KB]
Completely explored state space -- no solution!
Actual search time: 4.87424s [t=4.89023s]
Expanded 124585 state(s).
Reopened 0 state(s).
Evaluated 124585 state(s).
Evaluations: 249170
Generated 183774 state(s).
Dead ends: 0 state(s).
Number of registered states: 124585
Int hash set load factor: 124585/262144 = 0.475254
Int hash set resizes: 18
Search time: 4.87426s
Total time: 4.89023s
Search stopped without finding a solution.
Peak memory: 15244 KB

search exit code: 12
Driver aborting after search
