INFO     Running translator.
INFO     translator stdin: None
INFO     translator time limit: None
INFO     translator memory limit: None
INFO     translator command line string: /usr/bin/python /home/jsegovia/Desktop/automated-programming-framework-private/PLANNERS/fast-downward/builds/release32/bin/translate/translate.py domain.pddl ins.pddl --sas-file output.sas
Parsing...
Parsing: [0.040s CPU, 0.036s wall-clock]
Normalizing task... [0.000s CPU, 0.002s wall-clock]
Instantiating...
Generating Datalog program... [0.000s CPU, 0.002s wall-clock]
Normalizing Datalog program...
Unbound effect variables: Adding @object predicate.
Trivial rules: Converted to facts.
Normalizing Datalog program: [0.020s CPU, 0.016s wall-clock]
Preparing model... [0.010s CPU, 0.007s wall-clock]
Generated 742 rules.
Computing model... [0.000s CPU, 0.008s wall-clock]
504 relevant atoms
624 auxiliary atoms
1128 final queue length
1885 total queue pushes
Completing instantiation... [0.020s CPU, 0.013s wall-clock]
Instantiating: [0.050s CPU, 0.047s wall-clock]
Computing fact groups...
Finding invariants...
116 initial candidates
Finding invariants: [19.650s CPU, 19.655s wall-clock]
Checking invariant weight... [0.000s CPU, 0.000s wall-clock]
Instantiating groups... [0.000s CPU, 0.000s wall-clock]
Collecting mutex groups... [0.000s CPU, 0.000s wall-clock]
Choosing groups...
181 uncovered facts
Choosing groups: [0.000s CPU, 0.000s wall-clock]
Building translation key... [0.000s CPU, 0.001s wall-clock]
Computing fact groups: [19.660s CPU, 19.658s wall-clock]
Building STRIPS to SAS dictionary... [0.000s CPU, 0.000s wall-clock]
Building dictionary for full mutex groups... [0.000s CPU, 0.000s wall-clock]
Building mutex information...
Building mutex information: [0.000s CPU, 0.000s wall-clock]
Translating task...
Processing axioms...
Simplifying axioms... [0.000s CPU, 0.000s wall-clock]
Processing axioms: [0.000s CPU, 0.002s wall-clock]
Translating task: [0.020s CPU, 0.024s wall-clock]
595 effect conditions simplified
0 implied preconditions added
Detecting unreachable propositions...
0 operators removed
0 axioms removed
76 propositions removed
Detecting unreachable propositions: [0.010s CPU, 0.008s wall-clock]
Reordering and filtering variables...
155 of 155 variables necessary.
23 of 29 mutex groups necessary.
195 of 195 operators necessary.
10 of 10 axiom rules necessary.
Reordering and filtering variables: [0.010s CPU, 0.009s wall-clock]
Translator variables: 155
Translator derived variables: 10
Translator facts: 350
Translator goal facts: 1
Translator mutex groups: 23
Translator total mutex groups size: 70
Translator operators: 195
Translator axioms: 10
Translator task size: 3237
Translator peak memory: 225272 KB
Writing output... [0.000s CPU, 0.004s wall-clock]
Done! [19.790s CPU, 19.789s wall-clock]

translate exit code: 0
INFO     Running search (release32).
INFO     search stdin: output.sas
INFO     search time limit: None
INFO     search memory limit: None
INFO     search command line string: /home/jsegovia/Desktop/automated-programming-framework-private/PLANNERS/fast-downward/builds/release32/bin/downward --evaluator 'hlm=lmcount(lm_factory=lm_rhw(reasonable_orders=true),transform=adapt_costs(one),pref=false)' --evaluator 'hff=ff(transform=adapt_costs(one))' --search 'lazy_greedy([hff,hlm],preferred=[hff,hlm],cost_type=one,reopen_closed=false)' --internal-plan-file sas_plan < output.sas
reading input... [t=2.0296e-05s]
done reading input! [t=0.00289112s]
Initializing landmarks count heuristic...
Initializing Exploration...
Generating landmarks using the RPG/SAS+ approach
approx. reasonable orders
approx. obedient reasonable orders
Removed 0 reasonable or obedient reasonable orders
Landmarks generation time: 0.00268666s
Discovered 13 landmarks, of which 0 are disjunctive and 0 are conjunctive 
27 edges
Simplifying 1299 unary operators... done! [1090 unary operators]
Initializing additive heuristic...
Initializing FF heuristic...
Building successor generator...done! [t=0.00778924s]
peak memory difference for successor generator creation: 0 KB
time for successor generation creation: 7.3849e-05s
Variables: 155
FactPairs: 350
Bytes per state: 24
Conducting lazy best first search, (real) bound = 2147483647
7 initial landmarks, 1 goal landmarks
New best heuristic value for lmcount(lm_factory = lm_rhw(reasonable_orders = true), transform = adapt_costs(one), pref = false): 6
New best heuristic value for ff(transform = adapt_costs(one)): 10
[g=0, 1 evaluated, 0 expanded, t=0.00790011s, 4928 KB]
Initial heuristic value for lmcount(lm_factory = lm_rhw(reasonable_orders = true), transform = adapt_costs(one), pref = false): 6
Initial heuristic value for ff(transform = adapt_costs(one)): 10
New best heuristic value for ff(transform = adapt_costs(one)): 8
[g=1, 2 evaluated, 1 expanded, t=0.00798021s, 4928 KB]
New best heuristic value for ff(transform = adapt_costs(one)): 7
[g=2, 3 evaluated, 2 expanded, t=0.00803626s, 4928 KB]
New best heuristic value for ff(transform = adapt_costs(one)): 6
[g=1, 7 evaluated, 6 expanded, t=0.00818368s, 4928 KB]
New best heuristic value for lmcount(lm_factory = lm_rhw(reasonable_orders = true), transform = adapt_costs(one), pref = false): 5
New best heuristic value for ff(transform = adapt_costs(one)): 5
[g=2, 8 evaluated, 7 expanded, t=0.00823785s, 4928 KB]
New best heuristic value for ff(transform = adapt_costs(one)): 4
[g=10, 676 evaluated, 675 expanded, t=0.0291081s, 4928 KB]
New best heuristic value for ff(transform = adapt_costs(one)): 3
[g=11, 677 evaluated, 676 expanded, t=0.0291752s, 4928 KB]
New best heuristic value for lmcount(lm_factory = lm_rhw(reasonable_orders = true), transform = adapt_costs(one), pref = false): 3
[g=12, 678 evaluated, 677 expanded, t=0.0292282s, 4928 KB]
New best heuristic value for lmcount(lm_factory = lm_rhw(reasonable_orders = true), transform = adapt_costs(one), pref = false): 2
New best heuristic value for ff(transform = adapt_costs(one)): 2
[g=19, 685 evaluated, 684 expanded, t=0.0294765s, 4928 KB]
New best heuristic value for lmcount(lm_factory = lm_rhw(reasonable_orders = true), transform = adapt_costs(one), pref = false): 1
New best heuristic value for ff(transform = adapt_costs(one)): 1
[g=57, 4917 evaluated, 4916 expanded, t=0.152421s, 5192 KB]
Solution found!
Actual search time: 0.144635s [t=0.152487s]
program-visit-node-0 row-0 (1001)
check-visit-node-0-0 row-0 (0)
execute-visit-node-0-0 row-0 (1)
program-move-next-1 row-0 (1001)
check-move-next-0-1 row-0 (0)
execute-move-next-0-1 row-0 (1)
program-goto-visited-2-0 n2 row-0 (1001)
eval-cond-visited-0-2 n2 row-0 (1)
do-goto-0-2-0 row-0 (1)
check-visit-node-0-0 row-0 (0)
execute-visit-node-0-0 row-0 (1)
check-move-next-0-1 row-0 (0)
execute-move-next-0-1 row-0 (1)
eval-cond-visited-0-2 n2 row-0 (1)
dont-goto-0-2-0 row-0 (1)
program-end-3 row-0 (1)
check-main-end-0-3 row-0 (0)
repeat-end-main-0-3 row-0 (0)
check-visit-node-0-0 row-0 (0)
execute-visit-node-0-0 row-0 (1)
check-move-next-0-1 row-0 (0)
execute-move-next-0-1 row-0 (1)
eval-cond-visited-0-2 n2 row-0 (1)
do-goto-0-2-0 row-0 (1)
check-visit-node-0-0 row-0 (0)
execute-visit-node-0-0 row-0 (1)
check-move-next-0-1 row-0 (0)
execute-move-next-0-1 row-0 (1)
eval-cond-visited-0-2 n2 row-0 (1)
dont-goto-0-2-0 row-0 (1)
check-main-end-1-3 row-0 (0)
skip-1  (0)
check-visit-node-0-0 row-0 (0)
execute-visit-node-0-0 row-0 (1)
check-move-next-0-1 row-0 (0)
execute-move-next-0-1 row-0 (1)
eval-cond-visited-0-2 n2 row-0 (1)
do-goto-0-2-0 row-0 (1)
check-visit-node-0-0 row-0 (0)
execute-visit-node-0-0 row-0 (1)
check-move-next-0-1 row-0 (0)
execute-move-next-0-1 row-0 (1)
eval-cond-visited-0-2 n2 row-0 (1)
do-goto-0-2-0 row-0 (1)
check-visit-node-0-0 row-0 (0)
execute-visit-node-0-0 row-0 (1)
check-move-next-0-1 row-0 (0)
execute-move-next-0-1 row-0 (1)
eval-cond-visited-0-2 n2 row-0 (1)
do-goto-0-2-0 row-0 (1)
check-visit-node-0-0 row-0 (0)
execute-visit-node-0-0 row-0 (1)
check-move-next-0-1 row-0 (0)
execute-move-next-0-1 row-0 (1)
eval-cond-visited-0-2 n2 row-0 (1)
dont-goto-0-2-0 row-0 (1)
check-main-end-2-3 row-0 (0)
skip-2  (0)
Plan length: 58 step(s).
Plan cost: 3036
Expanded 4917 state(s).
Reopened 0 state(s).
Evaluated 4918 state(s).
Evaluations: 9836
Generated 14636 state(s).
Dead ends: 0 state(s).
Number of registered states: 4918
Int hash set load factor: 4918/8192 = 0.600342
Int hash set resizes: 13
Search time: 0.144647s
Total time: 0.152489s
Solution found.
Peak memory: 5192 KB

search exit code: 0
