INFO     Running translator.
INFO     translator stdin: None
INFO     translator time limit: None
INFO     translator memory limit: None
INFO     translator command line string: /usr/bin/python /home/jsegovia/Desktop/automated-programming-framework-private/PLANNERS/fast-downward/builds/release32/bin/translate/translate.py domain.pddl ins.pddl --sas-file output.sas
Parsing...
Parsing: [0.050s CPU, 0.049s wall-clock]
Normalizing task... [0.000s CPU, 0.003s wall-clock]
Instantiating...
Generating Datalog program... [0.000s CPU, 0.003s wall-clock]
Normalizing Datalog program...
Normalizing Datalog program: [0.040s CPU, 0.034s wall-clock]
Preparing model... [0.010s CPU, 0.015s wall-clock]
Generated 1403 rules.
Computing model... [0.010s CPU, 0.011s wall-clock]
408 relevant atoms
880 auxiliary atoms
1288 final queue length
1763 total queue pushes
Completing instantiation... [0.010s CPU, 0.009s wall-clock]
Instantiating: [0.070s CPU, 0.074s wall-clock]
Computing fact groups...
Finding invariants...
111 initial candidates
Finding invariants: [0.060s CPU, 0.052s wall-clock]
Checking invariant weight... [0.000s CPU, 0.000s wall-clock]
Instantiating groups... [0.000s CPU, 0.000s wall-clock]
Collecting mutex groups... [0.000s CPU, 0.000s wall-clock]
Choosing groups...
58 uncovered facts
Choosing groups: [0.000s CPU, 0.000s wall-clock]
Building translation key... [0.000s CPU, 0.000s wall-clock]
Computing fact groups: [0.060s CPU, 0.055s wall-clock]
Building STRIPS to SAS dictionary... [0.000s CPU, 0.000s wall-clock]
Building dictionary for full mutex groups... [0.000s CPU, 0.000s wall-clock]
Building mutex information...
Building mutex information: [0.000s CPU, 0.000s wall-clock]
Translating task...
Processing axioms...
Simplifying axioms... [0.000s CPU, 0.000s wall-clock]
Processing axioms: [0.000s CPU, 0.001s wall-clock]
Translating task: [0.020s CPU, 0.015s wall-clock]
90 effect conditions simplified
0 implied preconditions added
Detecting unreachable propositions...
0 operators removed
0 axioms removed
6 propositions removed
Detecting unreachable propositions: [0.000s CPU, 0.006s wall-clock]
Reordering and filtering variables...
70 of 73 variables necessary.
54 of 64 mutex groups necessary.
285 of 285 operators necessary.
0 of 0 axiom rules necessary.
Reordering and filtering variables: [0.000s CPU, 0.003s wall-clock]
Translator variables: 70
Translator derived variables: 0
Translator facts: 164
Translator goal facts: 1
Translator mutex groups: 54
Translator total mutex groups size: 118
Translator operators: 285
Translator axioms: 0
Translator task size: 2117
Translator peak memory: 44880 KB
Writing output... [0.010s CPU, 0.003s wall-clock]
Done! [0.210s CPU, 0.209s wall-clock]

translate exit code: 0
INFO     Running search (release32).
INFO     search stdin: output.sas
INFO     search time limit: None
INFO     search memory limit: None
INFO     search command line string: /home/jsegovia/Desktop/automated-programming-framework-private/PLANNERS/fast-downward/builds/release32/bin/downward --evaluator 'hlm=lmcount(lm_factory=lm_rhw(reasonable_orders=true),transform=adapt_costs(one),pref=false)' --evaluator 'hff=ff(transform=adapt_costs(one))' --search 'lazy_greedy([hff,hlm],preferred=[hff,hlm],cost_type=one,reopen_closed=false)' --internal-plan-file sas_plan < output.sas
reading input... [t=1.9772e-05s]
done reading input! [t=0.00222567s]
Initializing landmarks count heuristic...
Initializing Exploration...
Generating landmarks using the RPG/SAS+ approach
approx. reasonable orders
approx. obedient reasonable orders
Removed 0 reasonable or obedient reasonable orders
Landmarks generation time: 0.000991321s
Discovered 6 landmarks, of which 0 are disjunctive and 0 are conjunctive 
6 edges
Simplifying 724 unary operators... done! [335 unary operators]
Initializing additive heuristic...
Initializing FF heuristic...
Building successor generator...done! [t=0.00442986s]
peak memory difference for successor generator creation: 0 KB
time for successor generation creation: 9.8247e-05s
Variables: 70
FactPairs: 164
Bytes per state: 12
Conducting lazy best first search, (real) bound = 2147483647
3 initial landmarks, 1 goal landmarks
New best heuristic value for lmcount(lm_factory = lm_rhw(reasonable_orders = true), transform = adapt_costs(one), pref = false): 3
New best heuristic value for ff(transform = adapt_costs(one)): 8
[g=0, 1 evaluated, 0 expanded, t=0.00452424s, 4672 KB]
Initial heuristic value for lmcount(lm_factory = lm_rhw(reasonable_orders = true), transform = adapt_costs(one), pref = false): 3
Initial heuristic value for ff(transform = adapt_costs(one)): 8
New best heuristic value for ff(transform = adapt_costs(one)): 6
[g=1, 2 evaluated, 1 expanded, t=0.00458544s, 4672 KB]
New best heuristic value for ff(transform = adapt_costs(one)): 5
[g=2, 3 evaluated, 2 expanded, t=0.00462414s, 4672 KB]
New best heuristic value for ff(transform = adapt_costs(one)): 4
[g=3, 4 evaluated, 3 expanded, t=0.00465942s, 4672 KB]
New best heuristic value for lmcount(lm_factory = lm_rhw(reasonable_orders = true), transform = adapt_costs(one), pref = false): 1
New best heuristic value for ff(transform = adapt_costs(one)): 3
[g=2, 9 evaluated, 7 expanded, t=0.0047441s, 4672 KB]
New best heuristic value for ff(transform = adapt_costs(one)): 2
[g=4, 716 evaluated, 523 expanded, t=0.0124831s, 4772 KB]
New best heuristic value for ff(transform = adapt_costs(one)): 1
[g=5, 717 evaluated, 524 expanded, t=0.0125297s, 4772 KB]
Solution found!
Actual search time: 0.0080632s [t=0.0125605s]
program-inc-0 row-0 (1001)
check-inc-0-0 row-0 (0)
execute-inc-0-0 row-0 (1)
program-end-1 row-0 (1)
check-main-end-0-1 row-0 (0)
repeat-end-main-0-1 row-0 (0)
Plan length: 6 step(s).
Plan cost: 1003
Expanded 525 state(s).
Reopened 0 state(s).
Evaluated 718 state(s).
Evaluations: 1244
Generated 5173 state(s).
Dead ends: 192 state(s).
Number of registered states: 718
Int hash set load factor: 718/1024 = 0.701172
Int hash set resizes: 10
Search time: 0.00808225s
Total time: 0.012563s
Solution found.
Peak memory: 4772 KB

search exit code: 0
