INFO     Running translator.
INFO     translator stdin: None
INFO     translator time limit: None
INFO     translator memory limit: None
INFO     translator command line string: /usr/bin/python /home/jsegovia/Desktop/automated-programming-framework-private/PLANNERS/fast-downward/builds/release32/bin/translate/translate.py domain.pddl ins.pddl --sas-file output.sas
Parsing...
Parsing: [0.110s CPU, 0.105s wall-clock]
Normalizing task... [0.000s CPU, 0.007s wall-clock]
Instantiating...
Generating Datalog program... [0.010s CPU, 0.005s wall-clock]
Normalizing Datalog program...
Unbound effect variables: Adding @object predicate.
Trivial rules: Converted to facts.
Normalizing Datalog program: [0.040s CPU, 0.041s wall-clock]
Preparing model... [0.030s CPU, 0.028s wall-clock]
Generated 1964 rules.
Computing model... [0.030s CPU, 0.023s wall-clock]
1313 relevant atoms
1711 auxiliary atoms
3024 final queue length
5598 total queue pushes
Completing instantiation... [0.050s CPU, 0.052s wall-clock]
Instantiating: [0.160s CPU, 0.151s wall-clock]
Computing fact groups...
Finding invariants...
173 initial candidates
Finding invariants: [30.250s CPU, 30.251s wall-clock]
Checking invariant weight... [0.000s CPU, 0.001s wall-clock]
Instantiating groups... [0.000s CPU, 0.000s wall-clock]
Collecting mutex groups... [0.000s CPU, 0.000s wall-clock]
Choosing groups...
375 uncovered facts
Choosing groups: [0.000s CPU, 0.001s wall-clock]
Building translation key... [0.010s CPU, 0.001s wall-clock]
Computing fact groups: [30.260s CPU, 30.258s wall-clock]
Building STRIPS to SAS dictionary... [0.000s CPU, 0.000s wall-clock]
Building dictionary for full mutex groups... [0.000s CPU, 0.000s wall-clock]
Building mutex information...
Building mutex information: [0.000s CPU, 0.001s wall-clock]
Translating task...
Processing axioms...
Simplifying axioms... [0.000s CPU, 0.000s wall-clock]
Processing axioms: [0.000s CPU, 0.005s wall-clock]
Translating task: [0.080s CPU, 0.080s wall-clock]
2389 effect conditions simplified
0 implied preconditions added
Detecting unreachable propositions...
0 operators removed
0 axioms removed
304 propositions removed
Detecting unreachable propositions: [0.020s CPU, 0.025s wall-clock]
Reordering and filtering variables...
241 of 241 variables necessary.
55 of 64 mutex groups necessary.
689 of 689 operators necessary.
13 of 13 axiom rules necessary.
Reordering and filtering variables: [0.020s CPU, 0.019s wall-clock]
Translator variables: 241
Translator derived variables: 13
Translator facts: 579
Translator goal facts: 1
Translator mutex groups: 55
Translator total mutex groups size: 172
Translator operators: 689
Translator axioms: 13
Translator task size: 9994
Translator peak memory: 208920 KB
Writing output... [0.020s CPU, 0.011s wall-clock]
Done! [30.670s CPU, 30.661s wall-clock]

translate exit code: 0
INFO     Running search (release32).
INFO     search stdin: output.sas
INFO     search time limit: None
INFO     search memory limit: None
INFO     search command line string: /home/jsegovia/Desktop/automated-programming-framework-private/PLANNERS/fast-downward/builds/release32/bin/downward --evaluator 'hlm=lmcount(lm_factory=lm_rhw(reasonable_orders=true),transform=adapt_costs(one),pref=false)' --evaluator 'hff=ff(transform=adapt_costs(one))' --search 'lazy_greedy([hff,hlm],preferred=[hff,hlm],cost_type=one,reopen_closed=false)' --internal-plan-file sas_plan < output.sas
reading input... [t=2.0259e-05s]
done reading input! [t=0.00826972s]
Initializing landmarks count heuristic...
Initializing Exploration...
Generating landmarks using the RPG/SAS+ approach
approx. reasonable orders
approx. obedient reasonable orders
Removed 0 reasonable or obedient reasonable orders
Landmarks generation time: 0.00810546s
Discovered 14 landmarks, of which 0 are disjunctive and 0 are conjunctive 
34 edges
Simplifying 4708 unary operators... done! [3594 unary operators]
Initializing additive heuristic...
Initializing FF heuristic...
Building successor generator...done! [t=0.0203203s]
peak memory difference for successor generator creation: 0 KB
time for successor generation creation: 0.000173358s
Variables: 241
FactPairs: 579
Bytes per state: 36
Conducting lazy best first search, (real) bound = 2147483647
7 initial landmarks, 1 goal landmarks
New best heuristic value for lmcount(lm_factory = lm_rhw(reasonable_orders = true), transform = adapt_costs(one), pref = false): 7
New best heuristic value for ff(transform = adapt_costs(one)): 11
[g=0, 1 evaluated, 0 expanded, t=0.0204703s, 5752 KB]
Initial heuristic value for lmcount(lm_factory = lm_rhw(reasonable_orders = true), transform = adapt_costs(one), pref = false): 7
Initial heuristic value for ff(transform = adapt_costs(one)): 11
New best heuristic value for ff(transform = adapt_costs(one)): 9
[g=1, 2 evaluated, 1 expanded, t=0.0206046s, 5752 KB]
New best heuristic value for ff(transform = adapt_costs(one)): 8
[g=2, 3 evaluated, 2 expanded, t=0.0206941s, 5752 KB]
New best heuristic value for ff(transform = adapt_costs(one)): 7
[g=1, 7 evaluated, 6 expanded, t=0.0210169s, 5752 KB]
New best heuristic value for lmcount(lm_factory = lm_rhw(reasonable_orders = true), transform = adapt_costs(one), pref = false): 6
New best heuristic value for ff(transform = adapt_costs(one)): 6
[g=2, 8 evaluated, 7 expanded, t=0.0211081s, 5752 KB]
New best heuristic value for ff(transform = adapt_costs(one)): 5
[g=10, 70630 evaluated, 70629 expanded, t=4.24646s, 18888 KB]
New best heuristic value for ff(transform = adapt_costs(one)): 4
[g=11, 70632 evaluated, 70631 expanded, t=4.24663s, 18888 KB]
New best heuristic value for lmcount(lm_factory = lm_rhw(reasonable_orders = true), transform = adapt_costs(one), pref = false): 5
[g=13, 70634 evaluated, 70633 expanded, t=4.24677s, 18888 KB]
New best heuristic value for ff(transform = adapt_costs(one)): 3
[g=19, 70640 evaluated, 70639 expanded, t=4.24713s, 18888 KB]
New best heuristic value for lmcount(lm_factory = lm_rhw(reasonable_orders = true), transform = adapt_costs(one), pref = false): 4
[g=21, 70642 evaluated, 70641 expanded, t=4.24727s, 18888 KB]
New best heuristic value for ff(transform = adapt_costs(one)): 2
[g=67, 706111 evaluated, 706110 expanded, t=42.2799s, 146188 KB]
New best heuristic value for lmcount(lm_factory = lm_rhw(reasonable_orders = true), transform = adapt_costs(one), pref = false): 2
[g=68, 706112 evaluated, 706111 expanded, t=42.28s, 146188 KB]
New best heuristic value for lmcount(lm_factory = lm_rhw(reasonable_orders = true), transform = adapt_costs(one), pref = false): 1
New best heuristic value for ff(transform = adapt_costs(one)): 1
[g=93, 706137 evaluated, 706136 expanded, t=42.2812s, 146188 KB]
Solution found!
Actual search time: 42.2609s [t=42.2813s]
program-goto-white-cell-0-2 i6 row-0 (1001)
eval-cond-white-cell-0-0 i6 row-0 (1)
do-goto-0-0-2 row-0 (1)
program-inc-2 row-0 (1001)
check-inc-0-2 row-0 (0)
execute-inc-0-2 row-0 (1)
program-paint-3 row-0 (1001)
check-paint-0-3 row-0 (0)
execute-paint-0-3 row-0 (1)
program-goto-last-cell-4-1 row-0 (1001)
eval-cond-last-cell-0-4 row-0 (1)
do-goto-0-4-1 row-0 (1)
program-inc-1 row-0 (1001)
check-inc-0-1 row-0 (0)
execute-inc-0-1 row-0 (1)
check-inc-0-2 row-0 (0)
execute-inc-0-2 row-0 (1)
check-paint-0-3 row-0 (0)
execute-paint-0-3 row-0 (1)
eval-cond-last-cell-0-4 row-0 (1)
dont-goto-0-4-1 row-0 (1)
program-end-5 row-0 (1)
check-main-end-0-5 row-0 (0)
repeat-end-main-0-5 row-0 (0)
eval-cond-white-cell-0-0 i6 row-0 (1)
do-goto-0-0-2 row-0 (1)
check-inc-0-2 row-0 (0)
execute-inc-0-2 row-0 (1)
check-paint-0-3 row-0 (0)
execute-paint-0-3 row-0 (1)
eval-cond-last-cell-0-4 row-0 (1)
dont-goto-0-4-1 row-0 (1)
check-main-end-1-5 row-0 (0)
repeat-end-main-1-5 row-0 (0)
eval-cond-white-cell-0-0 i6 row-0 (1)
do-goto-0-0-2 row-0 (1)
check-inc-0-2 row-0 (0)
execute-inc-0-2 row-0 (1)
check-paint-0-3 row-0 (0)
execute-paint-0-3 row-0 (1)
eval-cond-last-cell-0-4 row-0 (1)
do-goto-0-4-1 row-0 (1)
check-inc-0-1 row-0 (0)
execute-inc-0-1 row-0 (1)
check-inc-0-2 row-0 (0)
execute-inc-0-2 row-0 (1)
check-paint-0-3 row-0 (0)
execute-paint-0-3 row-0 (1)
eval-cond-last-cell-0-4 row-0 (1)
do-goto-0-4-1 row-0 (1)
check-inc-0-1 row-0 (0)
execute-inc-0-1 row-0 (1)
check-inc-0-2 row-0 (0)
execute-inc-0-2 row-0 (1)
check-paint-0-3 row-0 (0)
execute-paint-0-3 row-0 (1)
eval-cond-last-cell-0-4 row-0 (1)
do-goto-0-4-1 row-0 (1)
check-inc-0-1 row-0 (0)
execute-inc-0-1 row-0 (1)
check-inc-0-2 row-0 (0)
execute-inc-0-2 row-0 (1)
check-paint-0-3 row-0 (0)
execute-paint-0-3 row-0 (1)
eval-cond-last-cell-0-4 row-0 (1)
dont-goto-0-4-1 row-0 (1)
check-main-end-2-5 row-0 (0)
repeat-end-main-2-5 row-0 (0)
eval-cond-white-cell-0-0 i6 row-0 (1)
do-goto-0-0-2 row-0 (1)
check-inc-0-2 row-0 (0)
execute-inc-0-2 row-0 (1)
check-paint-0-3 row-0 (0)
execute-paint-0-3 row-0 (1)
eval-cond-last-cell-0-4 row-0 (1)
do-goto-0-4-1 row-0 (1)
check-inc-0-1 row-0 (0)
execute-inc-0-1 row-0 (1)
check-inc-0-2 row-0 (0)
execute-inc-0-2 row-0 (1)
check-paint-0-3 row-0 (0)
execute-paint-0-3 row-0 (1)
eval-cond-last-cell-0-4 row-0 (1)
do-goto-0-4-1 row-0 (1)
check-inc-0-1 row-0 (0)
execute-inc-0-1 row-0 (1)
check-inc-0-2 row-0 (0)
execute-inc-0-2 row-0 (1)
check-paint-0-3 row-0 (0)
execute-paint-0-3 row-0 (1)
eval-cond-last-cell-0-4 row-0 (1)
dont-goto-0-4-1 row-0 (1)
check-main-end-3-5 row-0 (0)
skip-3  (0)
Plan length: 94 step(s).
Plan cost: 5060
Expanded 706137 state(s).
Reopened 0 state(s).
Evaluated 706138 state(s).
Evaluations: 1412276
Generated 5671019 state(s).
Dead ends: 0 state(s).
Number of registered states: 706138
Int hash set load factor: 706138/1048576 = 0.673426
Int hash set resizes: 20
Search time: 42.2609s
Total time: 42.2813s
Solution found.
Peak memory: 146188 KB

search exit code: 0
