INFO     Running translator.
INFO     translator stdin: None
INFO     translator time limit: None
INFO     translator memory limit: None
INFO     translator command line string: /usr/bin/python /home/jsegovia/Desktop/automated-programming-framework-private/PLANNERS/fast-downward/builds/release32/bin/translate/translate.py domain.pddl ins.pddl --sas-file output.sas
Parsing...
Parsing: [0.070s CPU, 0.075s wall-clock]
Normalizing task... [0.010s CPU, 0.005s wall-clock]
Instantiating...
Generating Datalog program... [0.000s CPU, 0.005s wall-clock]
Normalizing Datalog program...
Normalizing Datalog program: [0.040s CPU, 0.043s wall-clock]
Preparing model... [0.030s CPU, 0.020s wall-clock]
Generated 1903 rules.
Computing model... [0.030s CPU, 0.030s wall-clock]
1034 relevant atoms
1630 auxiliary atoms
2664 final queue length
5655 total queue pushes
Completing instantiation... [0.040s CPU, 0.036s wall-clock]
Instantiating: [0.140s CPU, 0.137s wall-clock]
Computing fact groups...
Finding invariants...
122 initial candidates
Finding invariants: [11.570s CPU, 11.568s wall-clock]
Checking invariant weight... [0.000s CPU, 0.001s wall-clock]
Instantiating groups... [0.000s CPU, 0.000s wall-clock]
Collecting mutex groups... [0.000s CPU, 0.000s wall-clock]
Choosing groups...
95 uncovered facts
Choosing groups: [0.000s CPU, 0.001s wall-clock]
Building translation key... [0.000s CPU, 0.000s wall-clock]
Computing fact groups: [11.570s CPU, 11.572s wall-clock]
Building STRIPS to SAS dictionary... [0.000s CPU, 0.000s wall-clock]
Building dictionary for full mutex groups... [0.000s CPU, 0.000s wall-clock]
Building mutex information...
Building mutex information: [0.000s CPU, 0.000s wall-clock]
Translating task...
Processing axioms...
Simplifying axioms... [0.000s CPU, 0.000s wall-clock]
Processing axioms: [0.000s CPU, 0.003s wall-clock]
Translating task: [0.070s CPU, 0.069s wall-clock]
794 effect conditions simplified
0 implied preconditions added
Detecting unreachable propositions...
0 operators removed
0 axioms removed
8 propositions removed
Detecting unreachable propositions: [0.020s CPU, 0.021s wall-clock]
Reordering and filtering variables...
106 of 109 variables necessary.
54 of 64 mutex groups necessary.
770 of 770 operators necessary.
0 of 0 axiom rules necessary.
Reordering and filtering variables: [0.010s CPU, 0.010s wall-clock]
Translator variables: 106
Translator derived variables: 0
Translator facts: 325
Translator goal facts: 1
Translator mutex groups: 54
Translator total mutex groups size: 178
Translator operators: 770
Translator axioms: 0
Translator task size: 6699
Translator peak memory: 359296 KB
Writing output... [0.010s CPU, 0.008s wall-clock]
Done! [11.900s CPU, 11.899s wall-clock]

translate exit code: 0
INFO     Running search (release32).
INFO     search stdin: output.sas
INFO     search time limit: None
INFO     search memory limit: None
INFO     search command line string: /home/jsegovia/Desktop/automated-programming-framework-private/PLANNERS/fast-downward/builds/release32/bin/downward --evaluator 'hlm=lmcount(lm_factory=lm_rhw(reasonable_orders=true),transform=adapt_costs(one),pref=false)' --evaluator 'hff=ff(transform=adapt_costs(one))' --search 'lazy_greedy([hff,hlm],preferred=[hff,hlm],cost_type=one,reopen_closed=false)' --internal-plan-file sas_plan < output.sas
reading input... [t=1.9598e-05s]
done reading input! [t=0.00604421s]
Initializing landmarks count heuristic...
Initializing Exploration...
Generating landmarks using the RPG/SAS+ approach
approx. reasonable orders
approx. obedient reasonable orders
Removed 0 reasonable or obedient reasonable orders
Landmarks generation time: 0.00479728s
Discovered 13 landmarks, of which 0 are disjunctive and 0 are conjunctive 
38 edges
Simplifying 2889 unary operators... done! [1630 unary operators]
Initializing additive heuristic...
Initializing FF heuristic...
Building successor generator...done! [t=0.0160811s]
peak memory difference for successor generator creation: 0 KB
time for successor generation creation: 0.000181421s
Variables: 106
FactPairs: 325
Bytes per state: 20
Conducting lazy best first search, (real) bound = 2147483647
5 initial landmarks, 1 goal landmarks
New best heuristic value for lmcount(lm_factory = lm_rhw(reasonable_orders = true), transform = adapt_costs(one), pref = false): 8
New best heuristic value for ff(transform = adapt_costs(one)): 12
[g=0, 1 evaluated, 0 expanded, t=0.0162023s, 5108 KB]
Initial heuristic value for lmcount(lm_factory = lm_rhw(reasonable_orders = true), transform = adapt_costs(one), pref = false): 8
Initial heuristic value for ff(transform = adapt_costs(one)): 12
New best heuristic value for ff(transform = adapt_costs(one)): 10
[g=1, 2 evaluated, 1 expanded, t=0.0163088s, 5108 KB]
New best heuristic value for ff(transform = adapt_costs(one)): 9
[g=2, 3 evaluated, 2 expanded, t=0.0163671s, 5108 KB]
New best heuristic value for ff(transform = adapt_costs(one)): 8
[g=1, 7 evaluated, 5 expanded, t=0.0165377s, 5108 KB]
New best heuristic value for lmcount(lm_factory = lm_rhw(reasonable_orders = true), transform = adapt_costs(one), pref = false): 7
New best heuristic value for ff(transform = adapt_costs(one)): 7
[g=2, 8 evaluated, 6 expanded, t=0.016595s, 5108 KB]
