INFO     Running translator.
INFO     translator stdin: None
INFO     translator time limit: None
INFO     translator memory limit: None
INFO     translator command line string: /usr/bin/python /home/jsegovia/Desktop/automated-programming-framework-private/PLANNERS/fast-downward/builds/release32/bin/translate/translate.py domain.pddl ins.pddl --sas-file output.sas
Parsing...
Parsing: [0.080s CPU, 0.076s wall-clock]
Normalizing task... [0.000s CPU, 0.005s wall-clock]
Instantiating...
Generating Datalog program... [0.010s CPU, 0.005s wall-clock]
Normalizing Datalog program...
Normalizing Datalog program: [0.040s CPU, 0.043s wall-clock]
Preparing model... [0.020s CPU, 0.021s wall-clock]
Generated 1927 rules.
Computing model... [0.030s CPU, 0.031s wall-clock]
1034 relevant atoms
1630 auxiliary atoms
2664 final queue length
5671 total queue pushes
Completing instantiation... [0.040s CPU, 0.036s wall-clock]
Instantiating: [0.140s CPU, 0.139s wall-clock]
Computing fact groups...
Finding invariants...
122 initial candidates
Finding invariants: [1.360s CPU, 1.356s wall-clock]
Checking invariant weight... [0.000s CPU, 0.000s wall-clock]
Instantiating groups... [0.000s CPU, 0.001s wall-clock]
Collecting mutex groups... [0.000s CPU, 0.000s wall-clock]
Choosing groups...
95 uncovered facts
Choosing groups: [0.000s CPU, 0.000s wall-clock]
Building translation key... [0.000s CPU, 0.000s wall-clock]
Computing fact groups: [1.370s CPU, 1.360s wall-clock]
Building STRIPS to SAS dictionary... [0.000s CPU, 0.000s wall-clock]
Building dictionary for full mutex groups... [0.000s CPU, 0.000s wall-clock]
Building mutex information...
Building mutex information: [0.000s CPU, 0.000s wall-clock]
Translating task...
Processing axioms...
Simplifying axioms... [0.000s CPU, 0.000s wall-clock]
Processing axioms: [0.000s CPU, 0.003s wall-clock]
Translating task: [0.070s CPU, 0.069s wall-clock]
770 effect conditions simplified
0 implied preconditions added
Detecting unreachable propositions...
0 operators removed
0 axioms removed
8 propositions removed
Detecting unreachable propositions: [0.020s CPU, 0.021s wall-clock]
Reordering and filtering variables...
106 of 109 variables necessary.
54 of 64 mutex groups necessary.
770 of 770 operators necessary.
0 of 0 axiom rules necessary.
Reordering and filtering variables: [0.010s CPU, 0.010s wall-clock]
Translator variables: 106
Translator derived variables: 0
Translator facts: 325
Translator goal facts: 1
Translator mutex groups: 54
Translator total mutex groups size: 178
Translator operators: 770
Translator axioms: 0
Translator task size: 6714
Translator peak memory: 74788 KB
Writing output... [0.010s CPU, 0.008s wall-clock]
Done! [1.700s CPU, 1.691s wall-clock]

translate exit code: 0
INFO     Running search (release32).
INFO     search stdin: output.sas
INFO     search time limit: None
INFO     search memory limit: None
INFO     search command line string: /home/jsegovia/Desktop/automated-programming-framework-private/PLANNERS/fast-downward/builds/release32/bin/downward --evaluator 'hlm=lmcount(lm_factory=lm_rhw(reasonable_orders=true),transform=adapt_costs(one),pref=false)' --evaluator 'hff=ff(transform=adapt_costs(one))' --search 'lazy_greedy([hff,hlm],preferred=[hff,hlm],cost_type=one,reopen_closed=false)' --internal-plan-file sas_plan < output.sas
reading input... [t=1.8679e-05s]
done reading input! [t=0.00601798s]
Initializing landmarks count heuristic...
Initializing Exploration...
Generating landmarks using the RPG/SAS+ approach
approx. reasonable orders
approx. obedient reasonable orders
Removed 0 reasonable or obedient reasonable orders
Landmarks generation time: 0.00421592s
Discovered 13 landmarks, of which 0 are disjunctive and 0 are conjunctive 
37 edges
Simplifying 2889 unary operators... done! [1630 unary operators]
Initializing additive heuristic...
Initializing FF heuristic...
Building successor generator...done! [t=0.0153685s]
peak memory difference for successor generator creation: 0 KB
time for successor generation creation: 0.000179536s
Variables: 106
FactPairs: 325
Bytes per state: 20
Conducting lazy best first search, (real) bound = 2147483647
5 initial landmarks, 1 goal landmarks
New best heuristic value for lmcount(lm_factory = lm_rhw(reasonable_orders = true), transform = adapt_costs(one), pref = false): 8
New best heuristic value for ff(transform = adapt_costs(one)): 12
[g=0, 1 evaluated, 0 expanded, t=0.0154869s, 5144 KB]
Initial heuristic value for lmcount(lm_factory = lm_rhw(reasonable_orders = true), transform = adapt_costs(one), pref = false): 8
Initial heuristic value for ff(transform = adapt_costs(one)): 12
New best heuristic value for ff(transform = adapt_costs(one)): 10
[g=1, 2 evaluated, 1 expanded, t=0.0155938s, 5144 KB]
New best heuristic value for ff(transform = adapt_costs(one)): 9
[g=2, 3 evaluated, 2 expanded, t=0.0156526s, 5144 KB]
New best heuristic value for ff(transform = adapt_costs(one)): 8
[g=1, 7 evaluated, 5 expanded, t=0.0158486s, 5144 KB]
New best heuristic value for lmcount(lm_factory = lm_rhw(reasonable_orders = true), transform = adapt_costs(one), pref = false): 7
New best heuristic value for ff(transform = adapt_costs(one)): 7
[g=2, 8 evaluated, 6 expanded, t=0.015906s, 5144 KB]
New best heuristic value for ff(transform = adapt_costs(one)): 6
[g=13, 706196 evaluated, 489493 expanded, t=19.4755s, 154404 KB]
New best heuristic value for ff(transform = adapt_costs(one)): 5
[g=14, 706198 evaluated, 489494 expanded, t=19.4756s, 154404 KB]
New best heuristic value for lmcount(lm_factory = lm_rhw(reasonable_orders = true), transform = adapt_costs(one), pref = false): 6
[g=16, 706200 evaluated, 489496 expanded, t=19.4756s, 154404 KB]
New best heuristic value for ff(transform = adapt_costs(one)): 4
[g=48, 7791642 evaluated, 5177106 expanded, t=202.454s, 1536916 KB]
New best heuristic value for lmcount(lm_factory = lm_rhw(reasonable_orders = true), transform = adapt_costs(one), pref = false): 5
[g=50, 7791644 evaluated, 5177108 expanded, t=202.454s, 1536916 KB]
New best heuristic value for ff(transform = adapt_costs(one)): 3
[g=66, 7791660 evaluated, 5177124 expanded, t=202.455s, 1536916 KB]
New best heuristic value for lmcount(lm_factory = lm_rhw(reasonable_orders = true), transform = adapt_costs(one), pref = false): 3
[g=67, 7791661 evaluated, 5177125 expanded, t=202.455s, 1536916 KB]
New best heuristic value for lmcount(lm_factory = lm_rhw(reasonable_orders = true), transform = adapt_costs(one), pref = false): 2
New best heuristic value for ff(transform = adapt_costs(one)): 2
[g=76, 7791670 evaluated, 5177134 expanded, t=202.455s, 1536916 KB]
New best heuristic value for lmcount(lm_factory = lm_rhw(reasonable_orders = true), transform = adapt_costs(one), pref = false): 1
New best heuristic value for ff(transform = adapt_costs(one)): 1
[g=110, 7791704 evaluated, 5177168 expanded, t=202.456s, 1536916 KB]
Solution found!
Actual search time: 202.44s [t=202.456s]
program-inc-0 row-0 (1001)
check-inc-0-0 row-0 (0)
execute-inc-0-0 row-0 (1)
program-paint-1 row-0 (1001)
check-paint-0-1 row-0 (0)
execute-paint-0-1 row-0 (1)
program-inc-2 row-0 (1001)
check-inc-0-2 row-0 (0)
execute-inc-0-2 row-0 (1)
program-goto-last-cell-3-0 row-0 (1001)
eval-cond-last-cell-0-3 row-0 (1)
do-goto-0-3-0 row-0 (1)
check-inc-0-0 row-0 (0)
execute-inc-0-0 row-0 (1)
check-paint-0-1 row-0 (0)
execute-paint-0-1 row-0 (1)
check-inc-0-2 row-0 (0)
execute-inc-0-2 row-0 (1)
eval-cond-last-cell-0-3 row-0 (1)
dont-goto-0-3-0 row-0 (1)
program-end-4 row-0 (1)
check-main-end-0-4 row-0 (0)
repeat-end-main-0-4 row-0 (0)
check-inc-0-0 row-0 (0)
execute-inc-0-0 row-0 (1)
check-paint-0-1 row-0 (0)
execute-paint-0-1 row-0 (1)
check-inc-0-2 row-0 (0)
execute-inc-0-2 row-0 (1)
eval-cond-last-cell-0-3 row-0 (1)
do-goto-0-3-0 row-0 (1)
check-inc-0-0 row-0 (0)
execute-inc-0-0 row-0 (1)
check-paint-0-1 row-0 (0)
execute-paint-0-1 row-0 (1)
check-inc-0-2 row-0 (0)
execute-inc-0-2 row-0 (1)
eval-cond-last-cell-0-3 row-0 (1)
do-goto-0-3-0 row-0 (1)
check-inc-0-0 row-0 (0)
execute-inc-0-0 row-0 (1)
check-paint-0-1 row-0 (0)
execute-paint-0-1 row-0 (1)
check-inc-0-2 row-0 (0)
execute-inc-0-2 row-0 (1)
eval-cond-last-cell-0-3 row-0 (1)
dont-goto-0-3-0 row-0 (1)
check-main-end-1-4 row-0 (0)
repeat-end-main-1-4 row-0 (0)
check-inc-0-0 row-0 (0)
execute-inc-0-0 row-0 (1)
check-paint-0-1 row-0 (0)
execute-paint-0-1 row-0 (1)
check-inc-0-2 row-0 (0)
execute-inc-0-2 row-0 (1)
eval-cond-last-cell-0-3 row-0 (1)
do-goto-0-3-0 row-0 (1)
check-inc-0-0 row-0 (0)
execute-inc-0-0 row-0 (1)
check-paint-0-1 row-0 (0)
execute-paint-0-1 row-0 (1)
check-inc-0-2 row-0 (0)
execute-inc-0-2 row-0 (1)
eval-cond-last-cell-0-3 row-0 (1)
dont-goto-0-3-0 row-0 (1)
check-main-end-2-4 row-0 (0)
repeat-end-main-2-4 row-0 (0)
check-inc-0-0 row-0 (0)
execute-inc-0-0 row-0 (1)
check-paint-0-1 row-0 (0)
execute-paint-0-1 row-0 (1)
check-inc-0-2 row-0 (0)
execute-inc-0-2 row-0 (1)
eval-cond-last-cell-0-3 row-0 (1)
dont-goto-0-3-0 row-0 (1)
check-main-end-3-4 row-0 (0)
skip-3  (0)
check-inc-0-0 row-0 (0)
execute-inc-0-0 row-0 (1)
check-paint-0-1 row-0 (0)
execute-paint-0-1 row-0 (1)
check-inc-0-2 row-0 (0)
execute-inc-0-2 row-0 (1)
eval-cond-last-cell-0-3 row-0 (1)
do-goto-0-3-0 row-0 (1)
check-inc-0-0 row-0 (0)
execute-inc-0-0 row-0 (1)
check-paint-0-1 row-0 (0)
execute-paint-0-1 row-0 (1)
check-inc-0-2 row-0 (0)
execute-inc-0-2 row-0 (1)
eval-cond-last-cell-0-3 row-0 (1)
do-goto-0-3-0 row-0 (1)
check-inc-0-0 row-0 (0)
execute-inc-0-0 row-0 (1)
check-paint-0-1 row-0 (0)
execute-paint-0-1 row-0 (1)
check-inc-0-2 row-0 (0)
execute-inc-0-2 row-0 (1)
eval-cond-last-cell-0-3 row-0 (1)
do-goto-0-3-0 row-0 (1)
check-inc-0-0 row-0 (0)
execute-inc-0-0 row-0 (1)
check-paint-0-1 row-0 (0)
execute-paint-0-1 row-0 (1)
check-inc-0-2 row-0 (0)
execute-inc-0-2 row-0 (1)
eval-cond-last-cell-0-3 row-0 (1)
dont-goto-0-3-0 row-0 (1)
check-main-end-4-4 row-0 (0)
skip-4  (0)
Plan length: 111 step(s).
Plan cost: 4065
Expanded 5177169 state(s).
Reopened 0 state(s).
Evaluated 7791705 state(s).
Evaluations: 12968875
Generated 65317893 state(s).
Dead ends: 2614535 state(s).
Number of registered states: 7791705
Int hash set load factor: 7791705/16777216 = 0.464422
Int hash set resizes: 24
Search time: 202.44s
Total time: 202.456s
Solution found.
Peak memory: 1536916 KB

search exit code: 0
