INFO     Running translator.
INFO     translator stdin: None
INFO     translator time limit: None
INFO     translator memory limit: None
INFO     translator command line string: /usr/bin/python /home/jsegovia/Desktop/automated-programming-framework-private/PLANNERS/fast-downward/builds/release32/bin/translate/translate.py domain.pddl ins.pddl --sas-file output.sas
Parsing...
Parsing: [0.070s CPU, 0.069s wall-clock]
Normalizing task... [0.010s CPU, 0.005s wall-clock]
Instantiating...
Generating Datalog program... [0.000s CPU, 0.004s wall-clock]
Normalizing Datalog program...
Unbound effect variables: Adding @object predicate.
Trivial rules: Converted to facts.
Normalizing Datalog program: [0.040s CPU, 0.035s wall-clock]
Preparing model... [0.010s CPU, 0.017s wall-clock]
Generated 1642 rules.
Computing model... [0.020s CPU, 0.017s wall-clock]
989 relevant atoms
1383 auxiliary atoms
2372 final queue length
3840 total queue pushes
Completing instantiation... [0.030s CPU, 0.030s wall-clock]
Instantiating: [0.100s CPU, 0.105s wall-clock]
Computing fact groups...
Finding invariants...
171 initial candidates
Finding invariants: [19.880s CPU, 19.879s wall-clock]
Checking invariant weight... [0.000s CPU, 0.000s wall-clock]
Instantiating groups... [0.000s CPU, 0.001s wall-clock]
Collecting mutex groups... [0.000s CPU, 0.000s wall-clock]
Choosing groups...
295 uncovered facts
Choosing groups: [0.000s CPU, 0.000s wall-clock]
Building translation key... [0.000s CPU, 0.001s wall-clock]
Computing fact groups: [19.880s CPU, 19.884s wall-clock]
Building STRIPS to SAS dictionary... [0.000s CPU, 0.000s wall-clock]
Building dictionary for full mutex groups... [0.010s CPU, 0.000s wall-clock]
Building mutex information...
Building mutex information: [0.000s CPU, 0.000s wall-clock]
Translating task...
Processing axioms...
Simplifying axioms... [0.000s CPU, 0.000s wall-clock]
Processing axioms: [0.000s CPU, 0.003s wall-clock]
Translating task: [0.030s CPU, 0.039s wall-clock]
649 effect conditions simplified
0 implied preconditions added
Detecting unreachable propositions...
0 operators removed
0 axioms removed
252 propositions removed
Detecting unreachable propositions: [0.020s CPU, 0.016s wall-clock]
Reordering and filtering variables...
187 of 187 variables necessary.
55 of 62 mutex groups necessary.
519 of 519 operators necessary.
13 of 13 axiom rules necessary.
Reordering and filtering variables: [0.010s CPU, 0.011s wall-clock]
Translator variables: 187
Translator derived variables: 13
Translator facts: 439
Translator goal facts: 1
Translator mutex groups: 55
Translator total mutex groups size: 150
Translator operators: 519
Translator axioms: 13
Translator task size: 5399
Translator peak memory: 205512 KB
Writing output... [0.010s CPU, 0.006s wall-clock]
Done! [20.140s CPU, 20.137s wall-clock]

translate exit code: 0
INFO     Running search (release32).
INFO     search stdin: output.sas
INFO     search time limit: None
INFO     search memory limit: None
INFO     search command line string: /home/jsegovia/Desktop/automated-programming-framework-private/PLANNERS/fast-downward/builds/release32/bin/downward --evaluator 'hlm=lmcount(lm_factory=lm_rhw(reasonable_orders=true),transform=adapt_costs(one),pref=false)' --evaluator 'hff=ff(transform=adapt_costs(one))' --search 'lazy_greedy([hff,hlm],preferred=[hff,hlm],cost_type=one,reopen_closed=false)' --internal-plan-file sas_plan < output.sas
reading input... [t=1.8848e-05s]
done reading input! [t=0.00490069s]
Initializing landmarks count heuristic...
Initializing Exploration...
Generating landmarks using the RPG/SAS+ approach
approx. reasonable orders
approx. obedient reasonable orders
Removed 0 reasonable or obedient reasonable orders
Landmarks generation time: 0.00364641s
Discovered 12 landmarks, of which 0 are disjunctive and 0 are conjunctive 
20 edges
Simplifying 2174 unary operators... done! [1350 unary operators]
Initializing additive heuristic...
Initializing FF heuristic...
Building successor generator...done! [t=0.0110637s]
peak memory difference for successor generator creation: 0 KB
time for successor generation creation: 0.000142346s
Variables: 187
FactPairs: 439
Bytes per state: 28
Conducting lazy best first search, (real) bound = 2147483647
7 initial landmarks, 1 goal landmarks
New best heuristic value for lmcount(lm_factory = lm_rhw(reasonable_orders = true), transform = adapt_costs(one), pref = false): 5
New best heuristic value for ff(transform = adapt_costs(one)): 9
[g=0, 1 evaluated, 0 expanded, t=0.0111795s, 5124 KB]
Initial heuristic value for lmcount(lm_factory = lm_rhw(reasonable_orders = true), transform = adapt_costs(one), pref = false): 5
Initial heuristic value for ff(transform = adapt_costs(one)): 9
New best heuristic value for ff(transform = adapt_costs(one)): 7
[g=1, 2 evaluated, 1 expanded, t=0.0112748s, 5124 KB]
New best heuristic value for ff(transform = adapt_costs(one)): 6
[g=2, 3 evaluated, 2 expanded, t=0.0113335s, 5124 KB]
New best heuristic value for ff(transform = adapt_costs(one)): 5
[g=1, 7 evaluated, 6 expanded, t=0.0115041s, 5124 KB]
New best heuristic value for lmcount(lm_factory = lm_rhw(reasonable_orders = true), transform = adapt_costs(one), pref = false): 4
New best heuristic value for ff(transform = adapt_costs(one)): 4
[g=2, 8 evaluated, 7 expanded, t=0.0115612s, 5124 KB]
New best heuristic value for ff(transform = adapt_costs(one)): 3
[g=21, 7893547 evaluated, 7893546 expanded, t=263.02s, 1126536 KB]
New best heuristic value for ff(transform = adapt_costs(one)): 2
[g=22, 7893549 evaluated, 7893548 expanded, t=263.021s, 1126536 KB]
New best heuristic value for lmcount(lm_factory = lm_rhw(reasonable_orders = true), transform = adapt_costs(one), pref = false): 2
[g=23, 7893550 evaluated, 7893549 expanded, t=263.021s, 1126536 KB]
New best heuristic value for lmcount(lm_factory = lm_rhw(reasonable_orders = true), transform = adapt_costs(one), pref = false): 1
New best heuristic value for ff(transform = adapt_costs(one)): 1
[g=40, 7893737 evaluated, 7893736 expanded, t=263.027s, 1126536 KB]
Solution found!
Actual search time: 263.016s [t=263.027s]
program-inc-0 row-0 (1001)
check-inc-0-0 row-0 (0)
execute-inc-0-0 row-0 (1)
program-paint-1 row-0 (1001)
check-paint-0-1 row-0 (0)
execute-paint-0-1 row-0 (1)
program-inc-2 row-0 (1001)
check-inc-0-2 row-0 (0)
execute-inc-0-2 row-0 (1)
program-goto-last-cell-3-0 row-0 (1001)
eval-cond-last-cell-0-3 row-0 (1)
do-goto-0-3-0 row-0 (1)
check-inc-0-0 row-0 (0)
execute-inc-0-0 row-0 (1)
check-paint-0-1 row-0 (0)
execute-paint-0-1 row-0 (1)
check-inc-0-2 row-0 (0)
execute-inc-0-2 row-0 (1)
eval-cond-last-cell-0-3 row-0 (1)
dont-goto-0-3-0 row-0 (1)
program-end-4 row-0 (1)
check-main-end-0-4 row-0 (0)
repeat-end-main-0-4 row-0 (0)
check-inc-0-0 row-0 (0)
execute-inc-0-0 row-0 (1)
check-paint-0-1 row-0 (0)
execute-paint-0-1 row-0 (1)
check-inc-0-2 row-0 (0)
execute-inc-0-2 row-0 (1)
eval-cond-last-cell-0-3 row-0 (1)
do-goto-0-3-0 row-0 (1)
check-inc-0-0 row-0 (0)
execute-inc-0-0 row-0 (1)
check-paint-0-1 row-0 (0)
execute-paint-0-1 row-0 (1)
check-inc-0-2 row-0 (0)
execute-inc-0-2 row-0 (1)
eval-cond-last-cell-0-3 row-0 (1)
dont-goto-0-3-0 row-0 (1)
check-main-end-1-4 row-0 (0)
skip-1  (0)
Plan length: 41 step(s).
Plan cost: 4025
Expanded 7893737 state(s).
Reopened 0 state(s).
Evaluated 7893738 state(s).
Evaluations: 15787476
Generated 36358521 state(s).
Dead ends: 0 state(s).
Number of registered states: 7893738
Int hash set load factor: 7893738/16777216 = 0.470503
Int hash set resizes: 24
Search time: 263.016s
Total time: 263.027s
Solution found.
Peak memory: 1126536 KB

search exit code: 0
