INFO     Running translator.
INFO     translator stdin: None
INFO     translator time limit: None
INFO     translator memory limit: None
INFO     translator command line string: /usr/bin/python /home/jsegovia/Desktop/automated-programming-framework-private/PLANNERS/fast-downward/builds/release32/bin/translate/translate.py domain.pddl ins.pddl --sas-file output.sas
Parsing...
Parsing: [0.110s CPU, 0.114s wall-clock]
Normalizing task... [0.000s CPU, 0.008s wall-clock]
Instantiating...
Generating Datalog program... [0.010s CPU, 0.005s wall-clock]
Normalizing Datalog program...
Unbound effect variables: Adding @object predicate.
Trivial rules: Converted to facts.
Normalizing Datalog program: [0.040s CPU, 0.043s wall-clock]
Preparing model... [0.030s CPU, 0.028s wall-clock]
Generated 2120 rules.
Computing model... [0.020s CPU, 0.029s wall-clock]
1632 relevant atoms
1990 auxiliary atoms
3622 final queue length
7302 total queue pushes
Completing instantiation... [0.070s CPU, 0.076s wall-clock]
Instantiating: [0.180s CPU, 0.186s wall-clock]
Computing fact groups...
Finding invariants...
174 initial candidates
Finding invariants: [35.880s CPU, 35.877s wall-clock]
Checking invariant weight... [0.000s CPU, 0.001s wall-clock]
Instantiating groups... [0.000s CPU, 0.001s wall-clock]
Collecting mutex groups... [0.000s CPU, 0.000s wall-clock]
Choosing groups...
460 uncovered facts
Choosing groups: [0.000s CPU, 0.001s wall-clock]
Building translation key... [0.000s CPU, 0.002s wall-clock]
Computing fact groups: [35.890s CPU, 35.886s wall-clock]
Building STRIPS to SAS dictionary... [0.000s CPU, 0.001s wall-clock]
Building dictionary for full mutex groups... [0.000s CPU, 0.001s wall-clock]
Building mutex information...
Building mutex information: [0.000s CPU, 0.001s wall-clock]
Translating task...
Processing axioms...
Simplifying axioms... [0.000s CPU, 0.000s wall-clock]
Processing axioms: [0.010s CPU, 0.006s wall-clock]
Translating task: [0.130s CPU, 0.124s wall-clock]
4001 effect conditions simplified
0 implied preconditions added
Detecting unreachable propositions...
0 operators removed
0 axioms removed
363 propositions removed
Detecting unreachable propositions: [0.040s CPU, 0.034s wall-clock]
Reordering and filtering variables...
296 of 296 variables necessary.
54 of 63 mutex groups necessary.
848 of 848 operators necessary.
13 of 13 axiom rules necessary.
Reordering and filtering variables: [0.020s CPU, 0.028s wall-clock]
Translator variables: 296
Translator derived variables: 13
Translator facts: 720
Translator goal facts: 1
Translator mutex groups: 54
Translator total mutex groups size: 188
Translator operators: 848
Translator axioms: 13
Translator task size: 13311
Translator peak memory: 210632 KB
Writing output... [0.010s CPU, 0.015s wall-clock]
Done! [36.400s CPU, 36.399s wall-clock]

translate exit code: 0
INFO     Running search (release32).
INFO     search stdin: output.sas
INFO     search time limit: None
INFO     search memory limit: None
INFO     search command line string: /home/jsegovia/Desktop/automated-programming-framework-private/PLANNERS/fast-downward/builds/release32/bin/downward --evaluator 'hlm=lmcount(lm_factory=lm_rhw(reasonable_orders=true),transform=adapt_costs(one),pref=false)' --evaluator 'hff=ff(transform=adapt_costs(one))' --search 'lazy_greedy([hff,hlm],preferred=[hff,hlm],cost_type=one,reopen_closed=false)' --internal-plan-file sas_plan < output.sas
reading input... [t=2.1612e-05s]
done reading input! [t=0.0116795s]
Initializing landmarks count heuristic...
Initializing Exploration...
Generating landmarks using the RPG/SAS+ approach
approx. reasonable orders
approx. obedient reasonable orders
Removed 0 reasonable or obedient reasonable orders
Landmarks generation time: 0.0124455s
Discovered 16 landmarks, of which 0 are disjunctive and 0 are conjunctive 
43 edges
Simplifying 6891 unary operators... done! [5487 unary operators]
Initializing additive heuristic...
Initializing FF heuristic...
Building successor generator...done! [t=0.0310319s]
peak memory difference for successor generator creation: 0 KB
time for successor generation creation: 0.000203696s
Variables: 296
FactPairs: 720
Bytes per state: 44
Conducting lazy best first search, (real) bound = 2147483647
8 initial landmarks, 1 goal landmarks
New best heuristic value for lmcount(lm_factory = lm_rhw(reasonable_orders = true), transform = adapt_costs(one), pref = false): 8
New best heuristic value for ff(transform = adapt_costs(one)): 12
[g=0, 1 evaluated, 0 expanded, t=0.0312222s, 6276 KB]
Initial heuristic value for lmcount(lm_factory = lm_rhw(reasonable_orders = true), transform = adapt_costs(one), pref = false): 8
Initial heuristic value for ff(transform = adapt_costs(one)): 12
New best heuristic value for ff(transform = adapt_costs(one)): 11
[g=1, 2 evaluated, 1 expanded, t=0.031408s, 6276 KB]
New best heuristic value for ff(transform = adapt_costs(one)): 9
[g=2, 3 evaluated, 2 expanded, t=0.0315418s, 6276 KB]
New best heuristic value for ff(transform = adapt_costs(one)): 8
[g=3, 4 evaluated, 3 expanded, t=0.0316806s, 6276 KB]
New best heuristic value for lmcount(lm_factory = lm_rhw(reasonable_orders = true), transform = adapt_costs(one), pref = false): 7
New best heuristic value for ff(transform = adapt_costs(one)): 7
[g=2, 9 evaluated, 8 expanded, t=0.0322321s, 6276 KB]
