INFO     Running translator.
INFO     translator stdin: None
INFO     translator time limit: None
INFO     translator memory limit: None
INFO     translator command line string: /usr/bin/python /home/jsegovia/Desktop/automated-programming-framework-private/PLANNERS/fast-downward/builds/release32/bin/translate/translate.py domain.pddl ins.pddl --sas-file output.sas
Parsing...
Parsing: [0.090s CPU, 0.088s wall-clock]
Normalizing task... [0.000s CPU, 0.006s wall-clock]
Instantiating...
Generating Datalog program... [0.010s CPU, 0.004s wall-clock]
Normalizing Datalog program...
Unbound effect variables: Adding @object predicate.
Trivial rules: Converted to facts.
Normalizing Datalog program: [0.040s CPU, 0.038s wall-clock]
Preparing model... [0.010s CPU, 0.018s wall-clock]
Generated 1809 rules.
Computing model... [0.030s CPU, 0.030s wall-clock]
1299 relevant atoms
1669 auxiliary atoms
2968 final queue length
5391 total queue pushes
Completing instantiation... [0.040s CPU, 0.043s wall-clock]
Instantiating: [0.140s CPU, 0.136s wall-clock]
Computing fact groups...
Finding invariants...
172 initial candidates
Finding invariants: [27.260s CPU, 27.266s wall-clock]
Checking invariant weight... [0.000s CPU, 0.000s wall-clock]
Instantiating groups... [0.000s CPU, 0.000s wall-clock]
Collecting mutex groups... [0.000s CPU, 0.000s wall-clock]
Choosing groups...
373 uncovered facts
Choosing groups: [0.000s CPU, 0.001s wall-clock]
Building translation key... [0.000s CPU, 0.001s wall-clock]
Computing fact groups: [27.280s CPU, 27.272s wall-clock]
Building STRIPS to SAS dictionary... [0.000s CPU, 0.000s wall-clock]
Building dictionary for full mutex groups... [0.000s CPU, 0.000s wall-clock]
Building mutex information...
Building mutex information: [0.000s CPU, 0.001s wall-clock]
Translating task...
Processing axioms...
Simplifying axioms... [0.000s CPU, 0.000s wall-clock]
Processing axioms: [0.010s CPU, 0.004s wall-clock]
Translating task: [0.060s CPU, 0.062s wall-clock]
1629 effect conditions simplified
0 implied preconditions added
Detecting unreachable propositions...
0 operators removed
0 axioms removed
306 propositions removed
Detecting unreachable propositions: [0.030s CPU, 0.023s wall-clock]
Reordering and filtering variables...
238 of 238 variables necessary.
55 of 63 mutex groups necessary.
679 of 679 operators necessary.
13 of 13 axiom rules necessary.
Reordering and filtering variables: [0.010s CPU, 0.017s wall-clock]
Translator variables: 238
Translator derived variables: 13
Translator facts: 572
Translator goal facts: 1
Translator mutex groups: 55
Translator total mutex groups size: 171
Translator operators: 679
Translator axioms: 13
Translator task size: 8341
Translator peak memory: 207276 KB
Writing output... [0.010s CPU, 0.009s wall-clock]
Done! [27.630s CPU, 27.618s wall-clock]

translate exit code: 0
INFO     Running search (release32).
INFO     search stdin: output.sas
INFO     search time limit: None
INFO     search memory limit: None
INFO     search command line string: /home/jsegovia/Desktop/automated-programming-framework-private/PLANNERS/fast-downward/builds/release32/bin/downward --evaluator 'hlm=lmcount(lm_factory=lm_rhw(reasonable_orders=true),transform=adapt_costs(one),pref=false)' --evaluator 'hff=ff(transform=adapt_costs(one))' --search 'lazy_greedy([hff,hlm],preferred=[hff,hlm],cost_type=one,reopen_closed=false)' --internal-plan-file sas_plan < output.sas
reading input... [t=1.9831e-05s]
done reading input! [t=0.00723515s]
Initializing landmarks count heuristic...
Initializing Exploration...
Generating landmarks using the RPG/SAS+ approach
approx. reasonable orders
approx. obedient reasonable orders
Removed 0 reasonable or obedient reasonable orders
Landmarks generation time: 0.0103096s
Discovered 13 landmarks, of which 0 are disjunctive and 0 are conjunctive 
28 edges
Simplifying 3775 unary operators... done! [2661 unary operators]
Initializing additive heuristic...
Initializing FF heuristic...
Building successor generator...done! [t=0.0210083s]
peak memory difference for successor generator creation: 0 KB
time for successor generation creation: 0.000165902s
Variables: 238
FactPairs: 572
Bytes per state: 36
Conducting lazy best first search, (real) bound = 2147483647
7 initial landmarks, 1 goal landmarks
New best heuristic value for lmcount(lm_factory = lm_rhw(reasonable_orders = true), transform = adapt_costs(one), pref = false): 6
New best heuristic value for ff(transform = adapt_costs(one)): 10
[g=0, 1 evaluated, 0 expanded, t=0.0211474s, 5340 KB]
Initial heuristic value for lmcount(lm_factory = lm_rhw(reasonable_orders = true), transform = adapt_costs(one), pref = false): 6
Initial heuristic value for ff(transform = adapt_costs(one)): 10
New best heuristic value for ff(transform = adapt_costs(one)): 8
[g=1, 2 evaluated, 1 expanded, t=0.0212705s, 5340 KB]
New best heuristic value for ff(transform = adapt_costs(one)): 7
[g=2, 3 evaluated, 2 expanded, t=0.0213502s, 5340 KB]
New best heuristic value for ff(transform = adapt_costs(one)): 6
[g=1, 7 evaluated, 6 expanded, t=0.0215988s, 5340 KB]
New best heuristic value for lmcount(lm_factory = lm_rhw(reasonable_orders = true), transform = adapt_costs(one), pref = false): 5
New best heuristic value for ff(transform = adapt_costs(one)): 5
[g=2, 8 evaluated, 7 expanded, t=0.0216778s, 5340 KB]
New best heuristic value for ff(transform = adapt_costs(one)): 4
[g=13, 1086296 evaluated, 1086295 expanded, t=55.7415s, 226772 KB]
New best heuristic value for ff(transform = adapt_costs(one)): 3
[g=14, 1086298 evaluated, 1086297 expanded, t=55.7417s, 226772 KB]
New best heuristic value for lmcount(lm_factory = lm_rhw(reasonable_orders = true), transform = adapt_costs(one), pref = false): 4
[g=16, 1086302 evaluated, 1086301 expanded, t=55.7419s, 226772 KB]
New best heuristic value for ff(transform = adapt_costs(one)): 2
[g=24, 1086316 evaluated, 1086315 expanded, t=55.7426s, 226772 KB]
New best heuristic value for lmcount(lm_factory = lm_rhw(reasonable_orders = true), transform = adapt_costs(one), pref = false): 2
[g=25, 1086318 evaluated, 1086317 expanded, t=55.7427s, 226772 KB]
New best heuristic value for lmcount(lm_factory = lm_rhw(reasonable_orders = true), transform = adapt_costs(one), pref = false): 1
New best heuristic value for ff(transform = adapt_costs(one)): 1
[g=34, 1086327 evaluated, 1086326 expanded, t=55.7431s, 226772 KB]
Solution found!
Actual search time: 55.722s [t=55.7431s]
program-inc-0 row-0 (1001)
check-inc-0-0 row-0 (0)
execute-inc-0-0 row-0 (1)
program-paint-1 row-0 (1001)
check-paint-0-1 row-0 (0)
execute-paint-0-1 row-0 (1)
program-inc-2 row-0 (1001)
check-inc-0-2 row-0 (0)
execute-inc-0-2 row-0 (1)
program-inc-3 row-0 (1001)
check-inc-0-3 row-0 (0)
execute-inc-0-3 row-0 (1)
program-end-4 row-0 (1)
check-main-end-0-4 row-0 (0)
repeat-end-main-0-4 row-0 (0)
check-inc-0-0 row-0 (0)
execute-inc-0-0 row-0 (1)
check-paint-0-1 row-0 (0)
execute-paint-0-1 row-0 (1)
check-inc-0-2 row-0 (0)
execute-inc-0-2 row-0 (1)
check-inc-0-3 row-0 (0)
execute-inc-0-3 row-0 (1)
check-main-end-1-4 row-0 (0)
repeat-end-main-1-4 row-0 (0)
check-inc-0-0 row-0 (0)
execute-inc-0-0 row-0 (1)
check-paint-0-1 row-0 (0)
execute-paint-0-1 row-0 (1)
check-inc-0-2 row-0 (0)
execute-inc-0-2 row-0 (1)
check-inc-0-3 row-0 (0)
execute-inc-0-3 row-0 (1)
check-main-end-2-4 row-0 (0)
skip-2  (0)
Plan length: 35 step(s).
Plan cost: 4017
Expanded 1086327 state(s).
Reopened 0 state(s).
Evaluated 1086328 state(s).
Evaluations: 2172656
Generated 8731489 state(s).
Dead ends: 0 state(s).
Number of registered states: 1086328
Int hash set load factor: 1086328/2097152 = 0.518002
Int hash set resizes: 21
Search time: 55.7221s
Total time: 55.7431s
Solution found.
Peak memory: 226772 KB

search exit code: 0
