INFO     Running translator.
INFO     translator stdin: None
INFO     translator time limit: None
INFO     translator memory limit: None
INFO     translator command line string: /usr/bin/python /home/jsegovia/Desktop/automated-programming-framework-private/PLANNERS/fast-downward/builds/release32/bin/translate/translate.py domain.pddl ins.pddl --sas-file output.sas
Parsing...
Parsing: [0.060s CPU, 0.063s wall-clock]
Normalizing task... [0.010s CPU, 0.004s wall-clock]
Instantiating...
Generating Datalog program... [0.000s CPU, 0.004s wall-clock]
Normalizing Datalog program...
Normalizing Datalog program: [0.040s CPU, 0.038s wall-clock]
Preparing model... [0.010s CPU, 0.018s wall-clock]
Generated 1744 rules.
Computing model... [0.020s CPU, 0.017s wall-clock]
826 relevant atoms
1390 auxiliary atoms
2216 final queue length
4102 total queue pushes
Completing instantiation... [0.030s CPU, 0.028s wall-clock]
Instantiating: [0.100s CPU, 0.107s wall-clock]
Computing fact groups...
Finding invariants...
121 initial candidates
Finding invariants: [4.670s CPU, 4.671s wall-clock]
Checking invariant weight... [0.000s CPU, 0.001s wall-clock]
Instantiating groups... [0.000s CPU, 0.000s wall-clock]
Collecting mutex groups... [0.000s CPU, 0.000s wall-clock]
Choosing groups...
85 uncovered facts
Choosing groups: [0.000s CPU, 0.000s wall-clock]
Building translation key... [0.000s CPU, 0.000s wall-clock]
Computing fact groups: [4.670s CPU, 4.674s wall-clock]
Building STRIPS to SAS dictionary... [0.000s CPU, 0.000s wall-clock]
Building dictionary for full mutex groups... [0.010s CPU, 0.000s wall-clock]
Building mutex information...
Building mutex information: [0.000s CPU, 0.000s wall-clock]
Translating task...
Processing axioms...
Simplifying axioms... [0.000s CPU, 0.000s wall-clock]
Processing axioms: [0.000s CPU, 0.002s wall-clock]
Translating task: [0.040s CPU, 0.047s wall-clock]
475 effect conditions simplified
0 implied preconditions added
Detecting unreachable propositions...
0 operators removed
0 axioms removed
8 propositions removed
Detecting unreachable propositions: [0.020s CPU, 0.014s wall-clock]
Reordering and filtering variables...
96 of 99 variables necessary.
54 of 63 mutex groups necessary.
609 of 609 operators necessary.
0 of 0 axiom rules necessary.
Reordering and filtering variables: [0.000s CPU, 0.007s wall-clock]
Translator variables: 96
Translator derived variables: 0
Translator facts: 274
Translator goal facts: 1
Translator mutex groups: 54
Translator total mutex groups size: 158
Translator operators: 609
Translator axioms: 0
Translator task size: 5077
Translator peak memory: 161900 KB
Writing output... [0.010s CPU, 0.006s wall-clock]
Done! [4.920s CPU, 4.925s wall-clock]

translate exit code: 0
INFO     Running search (release32).
INFO     search stdin: output.sas
INFO     search time limit: None
INFO     search memory limit: None
INFO     search command line string: /home/jsegovia/Desktop/automated-programming-framework-private/PLANNERS/fast-downward/builds/release32/bin/downward --evaluator 'hlm=lmcount(lm_factory=lm_rhw(reasonable_orders=true),transform=adapt_costs(one),pref=false)' --evaluator 'hff=ff(transform=adapt_costs(one))' --search 'lazy_greedy([hff,hlm],preferred=[hff,hlm],cost_type=one,reopen_closed=false)' --internal-plan-file sas_plan < output.sas
reading input... [t=2.1453e-05s]
done reading input! [t=0.00468244s]
Initializing landmarks count heuristic...
Initializing Exploration...
Generating landmarks using the RPG/SAS+ approach
approx. reasonable orders
approx. obedient reasonable orders
Removed 0 reasonable or obedient reasonable orders
Landmarks generation time: 0.00290315s
Discovered 12 landmarks, of which 0 are disjunctive and 0 are conjunctive 
29 edges
Simplifying 2068 unary operators... done! [1099 unary operators]
Initializing additive heuristic...
Initializing FF heuristic...
Building successor generator...done! [t=0.0126132s]
peak memory difference for successor generator creation: 0 KB
time for successor generation creation: 0.000189821s
Variables: 96
FactPairs: 274
Bytes per state: 16
Conducting lazy best first search, (real) bound = 2147483647
5 initial landmarks, 1 goal landmarks
New best heuristic value for lmcount(lm_factory = lm_rhw(reasonable_orders = true), transform = adapt_costs(one), pref = false): 7
New best heuristic value for ff(transform = adapt_costs(one)): 11
[g=0, 1 evaluated, 0 expanded, t=0.0127422s, 5036 KB]
Initial heuristic value for lmcount(lm_factory = lm_rhw(reasonable_orders = true), transform = adapt_costs(one), pref = false): 7
Initial heuristic value for ff(transform = adapt_costs(one)): 11
New best heuristic value for ff(transform = adapt_costs(one)): 9
[g=1, 2 evaluated, 1 expanded, t=0.012851s, 5036 KB]
New best heuristic value for ff(transform = adapt_costs(one)): 8
[g=2, 3 evaluated, 2 expanded, t=0.0129102s, 5036 KB]
New best heuristic value for ff(transform = adapt_costs(one)): 7
[g=1, 7 evaluated, 5 expanded, t=0.0130808s, 5036 KB]
New best heuristic value for lmcount(lm_factory = lm_rhw(reasonable_orders = true), transform = adapt_costs(one), pref = false): 6
New best heuristic value for ff(transform = adapt_costs(one)): 6
[g=2, 8 evaluated, 6 expanded, t=0.0131319s, 5036 KB]
New best heuristic value for ff(transform = adapt_costs(one)): 5
[g=16, 543820 evaluated, 388560 expanded, t=11.1932s, 98784 KB]
New best heuristic value for ff(transform = adapt_costs(one)): 4
[g=17, 543821 evaluated, 388561 expanded, t=11.1933s, 98784 KB]
New best heuristic value for lmcount(lm_factory = lm_rhw(reasonable_orders = true), transform = adapt_costs(one), pref = false): 5
[g=21, 543825 evaluated, 388565 expanded, t=11.1934s, 98784 KB]
New best heuristic value for ff(transform = adapt_costs(one)): 3
[g=29, 543833 evaluated, 388573 expanded, t=11.1936s, 98784 KB]
New best heuristic value for lmcount(lm_factory = lm_rhw(reasonable_orders = true), transform = adapt_costs(one), pref = false): 3
[g=30, 543834 evaluated, 388574 expanded, t=11.1936s, 98784 KB]
New best heuristic value for lmcount(lm_factory = lm_rhw(reasonable_orders = true), transform = adapt_costs(one), pref = false): 2
New best heuristic value for ff(transform = adapt_costs(one)): 2
[g=41, 543845 evaluated, 388585 expanded, t=11.1938s, 98784 KB]
New best heuristic value for lmcount(lm_factory = lm_rhw(reasonable_orders = true), transform = adapt_costs(one), pref = false): 1
New best heuristic value for ff(transform = adapt_costs(one)): 1
[g=53, 543857 evaluated, 388597 expanded, t=11.194s, 98784 KB]
Solution found!
Actual search time: 11.1814s [t=11.1941s]
program-goto-at-0-2 i0 row-0 (1001)
eval-cond-at-0-0 i0 row-0 (1)
dont-goto-0-0-2 row-0 (1)
program-inc-1 row-0 (1001)
check-inc-0-1 row-0 (0)
execute-inc-0-1 row-0 (1)
program-paint-2 row-0 (1001)
check-paint-0-2 row-0 (0)
execute-paint-0-2 row-0 (1)
program-inc-3 row-0 (1001)
check-inc-0-3 row-0 (0)
execute-inc-0-3 row-0 (1)
program-inc-4 row-0 (1001)
check-inc-0-4 row-0 (0)
execute-inc-0-4 row-0 (1)
program-end-5 row-0 (1)
check-main-end-0-5 row-0 (0)
repeat-end-main-0-5 row-0 (0)
eval-cond-at-0-0 i0 row-0 (1)
dont-goto-0-0-2 row-0 (1)
check-inc-0-1 row-0 (0)
execute-inc-0-1 row-0 (1)
check-paint-0-2 row-0 (0)
execute-paint-0-2 row-0 (1)
check-inc-0-3 row-0 (0)
execute-inc-0-3 row-0 (1)
check-inc-0-4 row-0 (0)
execute-inc-0-4 row-0 (1)
check-main-end-1-5 row-0 (0)
repeat-end-main-1-5 row-0 (0)
eval-cond-at-0-0 i0 row-0 (1)
dont-goto-0-0-2 row-0 (1)
check-inc-0-1 row-0 (0)
execute-inc-0-1 row-0 (1)
check-paint-0-2 row-0 (0)
execute-paint-0-2 row-0 (1)
check-inc-0-3 row-0 (0)
execute-inc-0-3 row-0 (1)
check-inc-0-4 row-0 (0)
execute-inc-0-4 row-0 (1)
check-main-end-2-5 row-0 (0)
skip-2  (0)
eval-cond-at-0-0 i0 row-0 (1)
dont-goto-0-0-2 row-0 (1)
check-inc-0-1 row-0 (0)
execute-inc-0-1 row-0 (1)
check-paint-0-2 row-0 (0)
execute-paint-0-2 row-0 (1)
check-inc-0-3 row-0 (0)
execute-inc-0-3 row-0 (1)
check-inc-0-4 row-0 (0)
execute-inc-0-4 row-0 (1)
check-main-end-3-5 row-0 (0)
skip-3  (0)
Plan length: 54 step(s).
Plan cost: 5030
Expanded 388598 state(s).
Reopened 0 state(s).
Evaluated 543858 state(s).
Evaluations: 932457
Generated 3905579 state(s).
Dead ends: 155259 state(s).
Number of registered states: 543858
Int hash set load factor: 543858/1048576 = 0.518663
Int hash set resizes: 20
Search time: 11.1814s
Total time: 11.1941s
Solution found.
Peak memory: 98784 KB

search exit code: 0
