INFO     Running translator.
INFO     translator stdin: None
INFO     translator time limit: None
INFO     translator memory limit: None
INFO     translator command line string: /usr/bin/python /home/jsegovia/Desktop/automated-programming-framework-private/PLANNERS/fast-downward/builds/release32/bin/translate/translate.py domain.pddl ins.pddl --sas-file output.sas
Parsing...
Parsing: [0.060s CPU, 0.067s wall-clock]
Normalizing task... [0.010s CPU, 0.005s wall-clock]
Instantiating...
Generating Datalog program... [0.000s CPU, 0.004s wall-clock]
Normalizing Datalog program...
Unbound effect variables: Adding @object predicate.
Trivial rules: Converted to facts.
Normalizing Datalog program: [0.040s CPU, 0.035s wall-clock]
Preparing model... [0.010s CPU, 0.017s wall-clock]
Generated 1618 rules.
Computing model... [0.030s CPU, 0.024s wall-clock]
1597 relevant atoms
1871 auxiliary atoms
3468 final queue length
6672 total queue pushes
Completing instantiation... [0.050s CPU, 0.051s wall-clock]
Instantiating: [0.130s CPU, 0.132s wall-clock]
Computing fact groups...
Finding invariants...
171 initial candidates
Finding invariants: [25.060s CPU, 25.058s wall-clock]
Checking invariant weight... [0.010s CPU, 0.001s wall-clock]
Instantiating groups... [0.000s CPU, 0.001s wall-clock]
Collecting mutex groups... [0.000s CPU, 0.000s wall-clock]
Choosing groups...
455 uncovered facts
Choosing groups: [0.000s CPU, 0.001s wall-clock]
Building translation key... [0.000s CPU, 0.002s wall-clock]
Computing fact groups: [25.080s CPU, 25.067s wall-clock]
Building STRIPS to SAS dictionary... [0.000s CPU, 0.001s wall-clock]
Building dictionary for full mutex groups... [0.000s CPU, 0.001s wall-clock]
Building mutex information...
Building mutex information: [0.000s CPU, 0.001s wall-clock]
Translating task...
Processing axioms...
Simplifying axioms... [0.000s CPU, 0.000s wall-clock]
Processing axioms: [0.000s CPU, 0.004s wall-clock]
Translating task: [0.060s CPU, 0.062s wall-clock]
1209 effect conditions simplified
0 implied preconditions added
Detecting unreachable propositions...
0 operators removed
0 axioms removed
360 propositions removed
Detecting unreachable propositions: [0.020s CPU, 0.022s wall-clock]
Reordering and filtering variables...
293 of 293 variables necessary.
55 of 62 mutex groups necessary.
819 of 819 operators necessary.
13 of 13 axiom rules necessary.
Reordering and filtering variables: [0.020s CPU, 0.020s wall-clock]
Translator variables: 293
Translator derived variables: 13
Translator facts: 711
Translator goal facts: 1
Translator mutex groups: 55
Translator total mutex groups size: 190
Translator operators: 819
Translator axioms: 13
Translator task size: 8883
Translator peak memory: 206524 KB
Writing output... [0.010s CPU, 0.010s wall-clock]
Done! [25.390s CPU, 25.390s wall-clock]

translate exit code: 0
INFO     Running search (release32).
INFO     search stdin: output.sas
INFO     search time limit: None
INFO     search memory limit: None
INFO     search command line string: /home/jsegovia/Desktop/automated-programming-framework-private/PLANNERS/fast-downward/builds/release32/bin/downward --evaluator 'hlm=lmcount(lm_factory=lm_rhw(reasonable_orders=true),transform=adapt_costs(one),pref=false)' --evaluator 'hff=ff(transform=adapt_costs(one))' --search 'lazy_greedy([hff,hlm],preferred=[hff,hlm],cost_type=one,reopen_closed=false)' --internal-plan-file sas_plan < output.sas
reading input... [t=1.9977e-05s]
done reading input! [t=0.00803167s]
Initializing landmarks count heuristic...
Initializing Exploration...
Generating landmarks using the RPG/SAS+ approach
approx. reasonable orders
approx. obedient reasonable orders
Removed 0 reasonable or obedient reasonable orders
Landmarks generation time: 0.00638978s
Discovered 12 landmarks, of which 0 are disjunctive and 0 are conjunctive 
20 edges
Simplifying 3720 unary operators... done! [2316 unary operators]
Initializing additive heuristic...
Initializing FF heuristic...
Building successor generator...done! [t=0.0183822s]
peak memory difference for successor generator creation: 0 KB
time for successor generation creation: 0.000199938s
Variables: 293
FactPairs: 711
Bytes per state: 44
Conducting lazy best first search, (real) bound = 2147483647
7 initial landmarks, 1 goal landmarks
New best heuristic value for lmcount(lm_factory = lm_rhw(reasonable_orders = true), transform = adapt_costs(one), pref = false): 5
New best heuristic value for ff(transform = adapt_costs(one)): 9
[g=0, 1 evaluated, 0 expanded, t=0.0185298s, 5500 KB]
Initial heuristic value for lmcount(lm_factory = lm_rhw(reasonable_orders = true), transform = adapt_costs(one), pref = false): 5
Initial heuristic value for ff(transform = adapt_costs(one)): 9
New best heuristic value for ff(transform = adapt_costs(one)): 7
[g=1, 2 evaluated, 1 expanded, t=0.0186704s, 5500 KB]
New best heuristic value for ff(transform = adapt_costs(one)): 6
[g=2, 3 evaluated, 2 expanded, t=0.0187551s, 5500 KB]
New best heuristic value for ff(transform = adapt_costs(one)): 5
[g=1, 7 evaluated, 6 expanded, t=0.0190256s, 5500 KB]
New best heuristic value for lmcount(lm_factory = lm_rhw(reasonable_orders = true), transform = adapt_costs(one), pref = false): 4
New best heuristic value for ff(transform = adapt_costs(one)): 4
[g=2, 8 evaluated, 7 expanded, t=0.019107s, 5500 KB]
