INFO     Running translator.
INFO     translator stdin: None
INFO     translator time limit: None
INFO     translator memory limit: None
INFO     translator command line string: /usr/bin/python /home/jsegovia/Desktop/automated-programming-framework-private/PLANNERS/fast-downward/builds/release32/bin/translate/translate.py domain.pddl ins.pddl --sas-file output.sas
Parsing...
Parsing: [0.060s CPU, 0.064s wall-clock]
Normalizing task... [0.010s CPU, 0.005s wall-clock]
Instantiating...
Generating Datalog program... [0.000s CPU, 0.004s wall-clock]
Normalizing Datalog program...
Normalizing Datalog program: [0.050s CPU, 0.038s wall-clock]
Preparing model... [0.020s CPU, 0.018s wall-clock]
Generated 1786 rules.
Computing model... [0.010s CPU, 0.017s wall-clock]
729 relevant atoms
1290 auxiliary atoms
2019 final queue length
3581 total queue pushes
Completing instantiation... [0.030s CPU, 0.027s wall-clock]
Instantiating: [0.110s CPU, 0.107s wall-clock]
Computing fact groups...
Finding invariants...
121 initial candidates
Finding invariants: [1.610s CPU, 1.612s wall-clock]
Checking invariant weight... [0.000s CPU, 0.000s wall-clock]
Instantiating groups... [0.000s CPU, 0.000s wall-clock]
Collecting mutex groups... [0.000s CPU, 0.000s wall-clock]
Choosing groups...
81 uncovered facts
Choosing groups: [0.000s CPU, 0.000s wall-clock]
Building translation key... [0.000s CPU, 0.000s wall-clock]
Computing fact groups: [1.610s CPU, 1.615s wall-clock]
Building STRIPS to SAS dictionary... [0.000s CPU, 0.000s wall-clock]
Building dictionary for full mutex groups... [0.000s CPU, 0.000s wall-clock]
Building mutex information...
Building mutex information: [0.000s CPU, 0.000s wall-clock]
Translating task...
Processing axioms...
Simplifying axioms... [0.000s CPU, 0.000s wall-clock]
Processing axioms: [0.000s CPU, 0.002s wall-clock]
Translating task: [0.030s CPU, 0.035s wall-clock]
376 effect conditions simplified
0 implied preconditions added
Detecting unreachable propositions...
0 operators removed
0 axioms removed
10 propositions removed
Detecting unreachable propositions: [0.020s CPU, 0.012s wall-clock]
Reordering and filtering variables...
91 of 94 variables necessary.
54 of 63 mutex groups necessary.
534 of 534 operators necessary.
0 of 0 axiom rules necessary.
Reordering and filtering variables: [0.000s CPU, 0.006s wall-clock]
Translator variables: 91
Translator derived variables: 0
Translator facts: 249
Translator goal facts: 1
Translator mutex groups: 54
Translator total mutex groups size: 148
Translator operators: 534
Translator axioms: 0
Translator task size: 4427
Translator peak memory: 86808 KB
Writing output... [0.010s CPU, 0.005s wall-clock]
Done! [1.850s CPU, 1.852s wall-clock]

translate exit code: 0
INFO     Running search (release32).
INFO     search stdin: output.sas
INFO     search time limit: None
INFO     search memory limit: None
INFO     search command line string: /home/jsegovia/Desktop/automated-programming-framework-private/PLANNERS/fast-downward/builds/release32/bin/downward --evaluator 'hlm=lmcount(lm_factory=lm_rhw(reasonable_orders=true),transform=adapt_costs(one),pref=false)' --evaluator 'hff=ff(transform=adapt_costs(one))' --search 'lazy_greedy([hff,hlm],preferred=[hff,hlm],cost_type=one,reopen_closed=false)' --internal-plan-file sas_plan < output.sas
reading input... [t=2.1952e-05s]
done reading input! [t=0.0040437s]
Initializing landmarks count heuristic...
Initializing Exploration...
Generating landmarks using the RPG/SAS+ approach
approx. reasonable orders
approx. obedient reasonable orders
Removed 0 reasonable or obedient reasonable orders
Landmarks generation time: 0.00270548s
Discovered 12 landmarks, of which 0 are disjunctive and 0 are conjunctive 
29 edges
Simplifying 1778 unary operators... done! [954 unary operators]
Initializing additive heuristic...
Initializing FF heuristic...
Building successor generator...done! [t=0.0103615s]
peak memory difference for successor generator creation: 0 KB
time for successor generation creation: 0.000181352s
Variables: 91
FactPairs: 249
Bytes per state: 16
Conducting lazy best first search, (real) bound = 2147483647
5 initial landmarks, 1 goal landmarks
New best heuristic value for lmcount(lm_factory = lm_rhw(reasonable_orders = true), transform = adapt_costs(one), pref = false): 7
New best heuristic value for ff(transform = adapt_costs(one)): 11
[g=0, 1 evaluated, 0 expanded, t=0.0104911s, 4800 KB]
Initial heuristic value for lmcount(lm_factory = lm_rhw(reasonable_orders = true), transform = adapt_costs(one), pref = false): 7
Initial heuristic value for ff(transform = adapt_costs(one)): 11
New best heuristic value for ff(transform = adapt_costs(one)): 9
[g=1, 2 evaluated, 1 expanded, t=0.0106024s, 4800 KB]
New best heuristic value for ff(transform = adapt_costs(one)): 8
[g=2, 3 evaluated, 2 expanded, t=0.010663s, 4800 KB]
New best heuristic value for ff(transform = adapt_costs(one)): 7
[g=1, 7 evaluated, 5 expanded, t=0.0108205s, 4800 KB]
New best heuristic value for lmcount(lm_factory = lm_rhw(reasonable_orders = true), transform = adapt_costs(one), pref = false): 6
New best heuristic value for ff(transform = adapt_costs(one)): 6
[g=2, 8 evaluated, 6 expanded, t=0.0108784s, 4800 KB]
New best heuristic value for ff(transform = adapt_costs(one)): 5
[g=16, 426917 evaluated, 315768 expanded, t=8.08191s, 69796 KB]
New best heuristic value for ff(transform = adapt_costs(one)): 4
[g=17, 426918 evaluated, 315769 expanded, t=8.08198s, 69796 KB]
New best heuristic value for lmcount(lm_factory = lm_rhw(reasonable_orders = true), transform = adapt_costs(one), pref = false): 5
[g=21, 426923 evaluated, 315774 expanded, t=8.0821s, 69796 KB]
New best heuristic value for ff(transform = adapt_costs(one)): 3
[g=45, 4574610 evaluated, 3163530 expanded, t=79.9816s, 589468 KB]
New best heuristic value for lmcount(lm_factory = lm_rhw(reasonable_orders = true), transform = adapt_costs(one), pref = false): 3
[g=46, 4574611 evaluated, 3163531 expanded, t=79.9817s, 589468 KB]
New best heuristic value for lmcount(lm_factory = lm_rhw(reasonable_orders = true), transform = adapt_costs(one), pref = false): 2
New best heuristic value for ff(transform = adapt_costs(one)): 2
[g=65, 4574630 evaluated, 3163550 expanded, t=79.9821s, 589468 KB]
New best heuristic value for lmcount(lm_factory = lm_rhw(reasonable_orders = true), transform = adapt_costs(one), pref = false): 1
New best heuristic value for ff(transform = adapt_costs(one)): 1
[g=77, 4574642 evaluated, 3163562 expanded, t=79.9823s, 589468 KB]
Solution found!
Actual search time: 79.9719s [t=79.9823s]
program-goto-at-0-2 i0 row-0 (1001)
eval-cond-at-0-0 i0 row-0 (1)
dont-goto-0-0-2 row-0 (1)
program-inc-1 row-0 (1001)
check-inc-0-1 row-0 (0)
execute-inc-0-1 row-0 (1)
program-paint-2 row-0 (1001)
check-paint-0-2 row-0 (0)
execute-paint-0-2 row-0 (1)
program-inc-3 row-0 (1001)
check-inc-0-3 row-0 (0)
execute-inc-0-3 row-0 (1)
program-goto-last-cell-4-1 row-0 (1001)
eval-cond-last-cell-0-4 row-0 (1)
do-goto-0-4-1 row-0 (1)
check-inc-0-1 row-0 (0)
execute-inc-0-1 row-0 (1)
check-paint-0-2 row-0 (0)
execute-paint-0-2 row-0 (1)
check-inc-0-3 row-0 (0)
execute-inc-0-3 row-0 (1)
eval-cond-last-cell-0-4 row-0 (1)
dont-goto-0-4-1 row-0 (1)
program-end-5 row-0 (1)
check-main-end-0-5 row-0 (0)
repeat-end-main-0-5 row-0 (0)
eval-cond-at-0-0 i0 row-0 (1)
dont-goto-0-0-2 row-0 (1)
check-inc-0-1 row-0 (0)
execute-inc-0-1 row-0 (1)
check-paint-0-2 row-0 (0)
execute-paint-0-2 row-0 (1)
check-inc-0-3 row-0 (0)
execute-inc-0-3 row-0 (1)
eval-cond-last-cell-0-4 row-0 (1)
do-goto-0-4-1 row-0 (1)
check-inc-0-1 row-0 (0)
execute-inc-0-1 row-0 (1)
check-paint-0-2 row-0 (0)
execute-paint-0-2 row-0 (1)
check-inc-0-3 row-0 (0)
execute-inc-0-3 row-0 (1)
eval-cond-last-cell-0-4 row-0 (1)
dont-goto-0-4-1 row-0 (1)
check-main-end-1-5 row-0 (0)
repeat-end-main-1-5 row-0 (0)
eval-cond-at-0-0 i0 row-0 (1)
dont-goto-0-0-2 row-0 (1)
check-inc-0-1 row-0 (0)
execute-inc-0-1 row-0 (1)
check-paint-0-2 row-0 (0)
execute-paint-0-2 row-0 (1)
check-inc-0-3 row-0 (0)
execute-inc-0-3 row-0 (1)
eval-cond-last-cell-0-4 row-0 (1)
do-goto-0-4-1 row-0 (1)
check-inc-0-1 row-0 (0)
execute-inc-0-1 row-0 (1)
check-paint-0-2 row-0 (0)
execute-paint-0-2 row-0 (1)
check-inc-0-3 row-0 (0)
execute-inc-0-3 row-0 (1)
eval-cond-last-cell-0-4 row-0 (1)
dont-goto-0-4-1 row-0 (1)
check-main-end-2-5 row-0 (0)
skip-2  (0)
eval-cond-at-0-0 i0 row-0 (1)
dont-goto-0-0-2 row-0 (1)
check-inc-0-1 row-0 (0)
execute-inc-0-1 row-0 (1)
check-paint-0-2 row-0 (0)
execute-paint-0-2 row-0 (1)
check-inc-0-3 row-0 (0)
execute-inc-0-3 row-0 (1)
eval-cond-last-cell-0-4 row-0 (1)
dont-goto-0-4-1 row-0 (1)
check-main-end-3-5 row-0 (0)
skip-3  (0)
Plan length: 78 step(s).
Plan cost: 5049
Expanded 3163563 state(s).
Reopened 0 state(s).
Evaluated 4574643 state(s).
Evaluations: 7738207
Generated 20759368 state(s).
Dead ends: 1411079 state(s).
Number of registered states: 4574643
Int hash set load factor: 4574643/8388608 = 0.54534
Int hash set resizes: 23
Search time: 79.9719s
Total time: 79.9823s
Solution found.
Peak memory: 589468 KB

search exit code: 0
