INFO     Running translator.
INFO     translator stdin: None
INFO     translator time limit: None
INFO     translator memory limit: None
INFO     translator command line string: /usr/bin/python /home/jsegovia/Desktop/automated-programming-framework-private/PLANNERS/fast-downward/builds/release32/bin/translate/translate.py domain.pddl ins.pddl --sas-file output.sas
Parsing...
Parsing: [0.090s CPU, 0.093s wall-clock]
Normalizing task... [0.010s CPU, 0.007s wall-clock]
Instantiating...
Generating Datalog program... [0.000s CPU, 0.005s wall-clock]
Normalizing Datalog program...
Unbound effect variables: Adding @object predicate.
Trivial rules: Converted to facts.
Normalizing Datalog program: [0.040s CPU, 0.040s wall-clock]
Preparing model... [0.030s CPU, 0.026s wall-clock]
Generated 1923 rules.
Computing model... [0.020s CPU, 0.023s wall-clock]
1306 relevant atoms
1704 auxiliary atoms
3010 final queue length
5483 total queue pushes
Completing instantiation... [0.050s CPU, 0.045s wall-clock]
Instantiating: [0.140s CPU, 0.142s wall-clock]
Computing fact groups...
Finding invariants...
173 initial candidates
Finding invariants: [28.240s CPU, 28.246s wall-clock]
Checking invariant weight... [0.000s CPU, 0.001s wall-clock]
Instantiating groups... [0.000s CPU, 0.000s wall-clock]
Collecting mutex groups... [0.000s CPU, 0.000s wall-clock]
Choosing groups...
373 uncovered facts
Choosing groups: [0.010s CPU, 0.001s wall-clock]
Building translation key... [0.000s CPU, 0.001s wall-clock]
Computing fact groups: [28.250s CPU, 28.253s wall-clock]
Building STRIPS to SAS dictionary... [0.000s CPU, 0.000s wall-clock]
Building dictionary for full mutex groups... [0.000s CPU, 0.000s wall-clock]
Building mutex information...
Building mutex information: [0.000s CPU, 0.001s wall-clock]
Translating task...
Processing axioms...
Simplifying axioms... [0.010s CPU, 0.000s wall-clock]
Processing axioms: [0.010s CPU, 0.004s wall-clock]
Translating task: [0.070s CPU, 0.068s wall-clock]
2051 effect conditions simplified
0 implied preconditions added
Detecting unreachable propositions...
0 operators removed
0 axioms removed
306 propositions removed
Detecting unreachable propositions: [0.020s CPU, 0.025s wall-clock]
Reordering and filtering variables...
238 of 238 variables necessary.
54 of 63 mutex groups necessary.
687 of 687 operators necessary.
13 of 13 axiom rules necessary.
Reordering and filtering variables: [0.020s CPU, 0.019s wall-clock]
Translator variables: 238
Translator derived variables: 13
Translator facts: 573
Translator goal facts: 1
Translator mutex groups: 54
Translator total mutex groups size: 168
Translator operators: 687
Translator axioms: 13
Translator task size: 8914
Translator peak memory: 207984 KB
Writing output... [0.010s CPU, 0.010s wall-clock]
Done! [28.620s CPU, 28.621s wall-clock]

translate exit code: 0
INFO     Running search (release32).
INFO     search stdin: output.sas
INFO     search time limit: None
INFO     search memory limit: None
INFO     search command line string: /home/jsegovia/Desktop/automated-programming-framework-private/PLANNERS/fast-downward/builds/release32/bin/downward --evaluator 'hlm=lmcount(lm_factory=lm_rhw(reasonable_orders=true),transform=adapt_costs(one),pref=false)' --evaluator 'hff=ff(transform=adapt_costs(one))' --search 'lazy_greedy([hff,hlm],preferred=[hff,hlm],cost_type=one,reopen_closed=false)' --internal-plan-file sas_plan < output.sas
reading input... [t=2.2536e-05s]
done reading input! [t=0.00774322s]
Initializing landmarks count heuristic...
Initializing Exploration...
Generating landmarks using the RPG/SAS+ approach
approx. reasonable orders
approx. obedient reasonable orders
Removed 0 reasonable or obedient reasonable orders
Landmarks generation time: 0.00870385s
Discovered 14 landmarks, of which 0 are disjunctive and 0 are conjunctive 
35 edges
Simplifying 4265 unary operators... done! [3151 unary operators]
Initializing additive heuristic...
Initializing FF heuristic...
Building successor generator...done! [t=0.0209614s]
peak memory difference for successor generator creation: 0 KB
time for successor generation creation: 0.000176942s
Variables: 238
FactPairs: 573
Bytes per state: 36
Conducting lazy best first search, (real) bound = 2147483647
7 initial landmarks, 1 goal landmarks
New best heuristic value for lmcount(lm_factory = lm_rhw(reasonable_orders = true), transform = adapt_costs(one), pref = false): 7
New best heuristic value for ff(transform = adapt_costs(one)): 11
[g=0, 1 evaluated, 0 expanded, t=0.02111s, 5692 KB]
Initial heuristic value for lmcount(lm_factory = lm_rhw(reasonable_orders = true), transform = adapt_costs(one), pref = false): 7
Initial heuristic value for ff(transform = adapt_costs(one)): 11
New best heuristic value for ff(transform = adapt_costs(one)): 9
[g=1, 2 evaluated, 1 expanded, t=0.0212468s, 5692 KB]
New best heuristic value for ff(transform = adapt_costs(one)): 8
[g=2, 3 evaluated, 2 expanded, t=0.0213436s, 5692 KB]
New best heuristic value for ff(transform = adapt_costs(one)): 7
[g=3, 4 evaluated, 3 expanded, t=0.021443s, 5692 KB]
New best heuristic value for lmcount(lm_factory = lm_rhw(reasonable_orders = true), transform = adapt_costs(one), pref = false): 6
New best heuristic value for ff(transform = adapt_costs(one)): 6
[g=2, 9 evaluated, 8 expanded, t=0.021816s, 5692 KB]
New best heuristic value for ff(transform = adapt_costs(one)): 5
[g=16, 1666 evaluated, 1665 expanded, t=0.133043s, 5692 KB]
New best heuristic value for ff(transform = adapt_costs(one)): 4
[g=17, 1667 evaluated, 1666 expanded, t=0.133135s, 5692 KB]
New best heuristic value for lmcount(lm_factory = lm_rhw(reasonable_orders = true), transform = adapt_costs(one), pref = false): 5
[g=19, 1669 evaluated, 1668 expanded, t=0.133275s, 5692 KB]
New best heuristic value for ff(transform = adapt_costs(one)): 3
[g=45, 1751743 evaluated, 1751742 expanded, t=100.443s, 391240 KB]
New best heuristic value for lmcount(lm_factory = lm_rhw(reasonable_orders = true), transform = adapt_costs(one), pref = false): 3
[g=46, 1751744 evaluated, 1751743 expanded, t=100.443s, 391240 KB]
New best heuristic value for lmcount(lm_factory = lm_rhw(reasonable_orders = true), transform = adapt_costs(one), pref = false): 2
New best heuristic value for ff(transform = adapt_costs(one)): 2
[g=65, 1751763 evaluated, 1751762 expanded, t=100.444s, 391240 KB]
New best heuristic value for lmcount(lm_factory = lm_rhw(reasonable_orders = true), transform = adapt_costs(one), pref = false): 1
New best heuristic value for ff(transform = adapt_costs(one)): 1
[g=95, 1751793 evaluated, 1751792 expanded, t=100.445s, 391240 KB]
Solution found!
Actual search time: 100.424s [t=100.445s]
program-inc-0 row-0 (1001)
check-inc-0-0 row-0 (0)
execute-inc-0-0 row-0 (1)
program-paint-1 row-0 (1001)
check-paint-0-1 row-0 (0)
execute-paint-0-1 row-0 (1)
program-inc-2 row-0 (1001)
check-inc-0-2 row-0 (0)
execute-inc-0-2 row-0 (1)
program-goto-not-last-cell-3-5 row-0 (1001)
eval-cond-not-last-cell-0-3 row-0 (1)
do-goto-0-3-5 row-0 (1)
program-end-5 row-0 (1)
check-main-end-0-5 row-0 (0)
repeat-end-main-0-5 row-0 (0)
check-inc-0-0 row-0 (0)
execute-inc-0-0 row-0 (1)
check-paint-0-1 row-0 (0)
execute-paint-0-1 row-0 (1)
check-inc-0-2 row-0 (0)
execute-inc-0-2 row-0 (1)
eval-cond-not-last-cell-0-3 row-0 (1)
dont-goto-0-3-5 row-0 (1)
program-goto-at-4-0 i0 row-0 (1001)
eval-cond-at-0-4 i0 row-0 (1)
do-goto-0-4-0 row-0 (1)
check-inc-0-0 row-0 (0)
execute-inc-0-0 row-0 (1)
check-paint-0-1 row-0 (0)
execute-paint-0-1 row-0 (1)
check-inc-0-2 row-0 (0)
execute-inc-0-2 row-0 (1)
eval-cond-not-last-cell-0-3 row-0 (1)
dont-goto-0-3-5 row-0 (1)
eval-cond-at-0-4 i0 row-0 (1)
do-goto-0-4-0 row-0 (1)
check-inc-0-0 row-0 (0)
execute-inc-0-0 row-0 (1)
check-paint-0-1 row-0 (0)
execute-paint-0-1 row-0 (1)
check-inc-0-2 row-0 (0)
execute-inc-0-2 row-0 (1)
eval-cond-not-last-cell-0-3 row-0 (1)
do-goto-0-3-5 row-0 (1)
check-main-end-1-5 row-0 (0)
repeat-end-main-1-5 row-0 (0)
check-inc-0-0 row-0 (0)
execute-inc-0-0 row-0 (1)
check-paint-0-1 row-0 (0)
execute-paint-0-1 row-0 (1)
check-inc-0-2 row-0 (0)
execute-inc-0-2 row-0 (1)
eval-cond-not-last-cell-0-3 row-0 (1)
dont-goto-0-3-5 row-0 (1)
eval-cond-at-0-4 i0 row-0 (1)
do-goto-0-4-0 row-0 (1)
check-inc-0-0 row-0 (0)
execute-inc-0-0 row-0 (1)
check-paint-0-1 row-0 (0)
execute-paint-0-1 row-0 (1)
check-inc-0-2 row-0 (0)
execute-inc-0-2 row-0 (1)
eval-cond-not-last-cell-0-3 row-0 (1)
do-goto-0-3-5 row-0 (1)
check-main-end-2-5 row-0 (0)
skip-2  (0)
check-inc-0-0 row-0 (0)
execute-inc-0-0 row-0 (1)
check-paint-0-1 row-0 (0)
execute-paint-0-1 row-0 (1)
check-inc-0-2 row-0 (0)
execute-inc-0-2 row-0 (1)
eval-cond-not-last-cell-0-3 row-0 (1)
dont-goto-0-3-5 row-0 (1)
eval-cond-at-0-4 i0 row-0 (1)
do-goto-0-4-0 row-0 (1)
check-inc-0-0 row-0 (0)
execute-inc-0-0 row-0 (1)
check-paint-0-1 row-0 (0)
execute-paint-0-1 row-0 (1)
check-inc-0-2 row-0 (0)
execute-inc-0-2 row-0 (1)
eval-cond-not-last-cell-0-3 row-0 (1)
dont-goto-0-3-5 row-0 (1)
eval-cond-at-0-4 i0 row-0 (1)
do-goto-0-4-0 row-0 (1)
check-inc-0-0 row-0 (0)
execute-inc-0-0 row-0 (1)
check-paint-0-1 row-0 (0)
execute-paint-0-1 row-0 (1)
check-inc-0-2 row-0 (0)
execute-inc-0-2 row-0 (1)
eval-cond-not-last-cell-0-3 row-0 (1)
do-goto-0-3-5 row-0 (1)
check-main-end-3-5 row-0 (0)
skip-3  (0)
Plan length: 96 step(s).
Plan cost: 5061
Expanded 1751793 state(s).
Reopened 0 state(s).
Evaluated 1751794 state(s).
Evaluations: 3503588
Generated 15086279 state(s).
Dead ends: 0 state(s).
Number of registered states: 1751794
Int hash set load factor: 1751794/4194304 = 0.41766
Int hash set resizes: 22
Search time: 100.424s
Total time: 100.445s
Solution found.
Peak memory: 391240 KB

search exit code: 0
