INFO     Running translator.
INFO     translator stdin: None
INFO     translator time limit: None
INFO     translator memory limit: None
INFO     translator command line string: /usr/bin/python /home/jsegovia/Desktop/automated-programming-framework-private/PLANNERS/fast-downward/builds/release32/bin/translate/translate.py domain.pddl ins.pddl --sas-file output.sas
Parsing...
Parsing: [0.060s CPU, 0.066s wall-clock]
Normalizing task... [0.010s CPU, 0.005s wall-clock]
Instantiating...
Generating Datalog program... [0.000s CPU, 0.004s wall-clock]
Normalizing Datalog program...
Normalizing Datalog program: [0.030s CPU, 0.038s wall-clock]
Preparing model... [0.020s CPU, 0.018s wall-clock]
Generated 1818 rules.
Computing model... [0.030s CPU, 0.030s wall-clock]
1021 relevant atoms
1590 auxiliary atoms
2611 final queue length
5498 total queue pushes
Completing instantiation... [0.030s CPU, 0.032s wall-clock]
Instantiating: [0.110s CPU, 0.125s wall-clock]
Computing fact groups...
Finding invariants...
121 initial candidates
Finding invariants: [0.770s CPU, 0.758s wall-clock]
Checking invariant weight... [0.000s CPU, 0.000s wall-clock]
Instantiating groups... [0.000s CPU, 0.001s wall-clock]
Collecting mutex groups... [0.000s CPU, 0.000s wall-clock]
Choosing groups...
94 uncovered facts
Choosing groups: [0.000s CPU, 0.000s wall-clock]
Building translation key... [0.000s CPU, 0.000s wall-clock]
Computing fact groups: [0.770s CPU, 0.762s wall-clock]
Building STRIPS to SAS dictionary... [0.000s CPU, 0.000s wall-clock]
Building dictionary for full mutex groups... [0.000s CPU, 0.000s wall-clock]
Building mutex information...
Building mutex information: [0.000s CPU, 0.000s wall-clock]
Translating task...
Processing axioms...
Simplifying axioms... [0.000s CPU, 0.000s wall-clock]
Processing axioms: [0.000s CPU, 0.003s wall-clock]
Translating task: [0.060s CPU, 0.061s wall-clock]
528 effect conditions simplified
0 implied preconditions added
Detecting unreachable propositions...
0 operators removed
0 axioms removed
8 propositions removed
Detecting unreachable propositions: [0.020s CPU, 0.018s wall-clock]
Reordering and filtering variables...
105 of 108 variables necessary.
54 of 63 mutex groups necessary.
759 of 759 operators necessary.
0 of 0 axiom rules necessary.
Reordering and filtering variables: [0.010s CPU, 0.009s wall-clock]
Translator variables: 105
Translator derived variables: 0
Translator facts: 322
Translator goal facts: 1
Translator mutex groups: 54
Translator total mutex groups size: 178
Translator operators: 759
Translator axioms: 0
Translator task size: 6356
Translator peak memory: 61876 KB
Writing output... [0.010s CPU, 0.007s wall-clock]
Done! [1.050s CPU, 1.056s wall-clock]

translate exit code: 0
INFO     Running search (release32).
INFO     search stdin: output.sas
INFO     search time limit: None
INFO     search memory limit: None
INFO     search command line string: /home/jsegovia/Desktop/automated-programming-framework-private/PLANNERS/fast-downward/builds/release32/bin/downward --evaluator 'hlm=lmcount(lm_factory=lm_rhw(reasonable_orders=true),transform=adapt_costs(one),pref=false)' --evaluator 'hff=ff(transform=adapt_costs(one))' --search 'lazy_greedy([hff,hlm],preferred=[hff,hlm],cost_type=one,reopen_closed=false)' --internal-plan-file sas_plan < output.sas
reading input... [t=1.9716e-05s]
done reading input! [t=0.00565734s]
Initializing landmarks count heuristic...
Initializing Exploration...
Generating landmarks using the RPG/SAS+ approach
approx. reasonable orders
approx. obedient reasonable orders
Removed 0 reasonable or obedient reasonable orders
Landmarks generation time: 0.00356242s
Discovered 12 landmarks, of which 0 are disjunctive and 0 are conjunctive 
29 edges
Simplifying 2630 unary operators... done! [1371 unary operators]
Initializing additive heuristic...
Initializing FF heuristic...
Building successor generator...done! [t=0.0132126s]
peak memory difference for successor generator creation: 0 KB
time for successor generation creation: 0.000170171s
Variables: 105
FactPairs: 322
Bytes per state: 20
Conducting lazy best first search, (real) bound = 2147483647
5 initial landmarks, 1 goal landmarks
New best heuristic value for lmcount(lm_factory = lm_rhw(reasonable_orders = true), transform = adapt_costs(one), pref = false): 7
New best heuristic value for ff(transform = adapt_costs(one)): 11
[g=0, 1 evaluated, 0 expanded, t=0.0133229s, 5112 KB]
Initial heuristic value for lmcount(lm_factory = lm_rhw(reasonable_orders = true), transform = adapt_costs(one), pref = false): 7
Initial heuristic value for ff(transform = adapt_costs(one)): 11
New best heuristic value for ff(transform = adapt_costs(one)): 9
[g=1, 2 evaluated, 1 expanded, t=0.0134205s, 5112 KB]
New best heuristic value for ff(transform = adapt_costs(one)): 8
[g=2, 3 evaluated, 2 expanded, t=0.0134737s, 5112 KB]
New best heuristic value for ff(transform = adapt_costs(one)): 7
[g=1, 7 evaluated, 5 expanded, t=0.0136249s, 5112 KB]
New best heuristic value for lmcount(lm_factory = lm_rhw(reasonable_orders = true), transform = adapt_costs(one), pref = false): 6
New best heuristic value for ff(transform = adapt_costs(one)): 6
[g=2, 8 evaluated, 6 expanded, t=0.0136756s, 5112 KB]
New best heuristic value for ff(transform = adapt_costs(one)): 5
[g=4, 1034 evaluated, 738 expanded, t=0.0404671s, 5244 KB]
New best heuristic value for ff(transform = adapt_costs(one)): 4
[g=5, 1035 evaluated, 739 expanded, t=0.0405135s, 5244 KB]
New best heuristic value for lmcount(lm_factory = lm_rhw(reasonable_orders = true), transform = adapt_costs(one), pref = false): 5
[g=7, 1037 evaluated, 741 expanded, t=0.040573s, 5244 KB]
New best heuristic value for ff(transform = adapt_costs(one)): 3
[g=23, 13707 evaluated, 11397 expanded, t=0.327133s, 6876 KB]
New best heuristic value for lmcount(lm_factory = lm_rhw(reasonable_orders = true), transform = adapt_costs(one), pref = false): 3
[g=24, 13708 evaluated, 11398 expanded, t=0.327197s, 6876 KB]
New best heuristic value for lmcount(lm_factory = lm_rhw(reasonable_orders = true), transform = adapt_costs(one), pref = false): 2
New best heuristic value for ff(transform = adapt_costs(one)): 2
[g=35, 13719 evaluated, 11409 expanded, t=0.327429s, 6876 KB]
New best heuristic value for lmcount(lm_factory = lm_rhw(reasonable_orders = true), transform = adapt_costs(one), pref = false): 1
New best heuristic value for ff(transform = adapt_costs(one)): 1
[g=47, 13731 evaluated, 11421 expanded, t=0.327663s, 6876 KB]
Solution found!
Actual search time: 0.314422s [t=0.327697s]
program-inc-0 row-0 (1001)
check-inc-0-0 row-0 (0)
execute-inc-0-0 row-0 (1)
program-goto-not-last-cell-1-5 row-0 (1001)
eval-cond-not-last-cell-0-1 row-0 (1)
do-goto-0-1-5 row-0 (1)
program-end-5 row-0 (1)
check-main-end-0-5 row-0 (0)
repeat-end-main-0-5 row-0 (0)
check-inc-0-0 row-0 (0)
execute-inc-0-0 row-0 (1)
eval-cond-not-last-cell-0-1 row-0 (1)
dont-goto-0-1-5 row-0 (1)
program-paint-2 row-0 (1001)
check-paint-0-2 row-0 (0)
execute-paint-0-2 row-0 (1)
program-inc-3 row-0 (1001)
check-inc-0-3 row-0 (0)
execute-inc-0-3 row-0 (1)
program-inc-4 row-0 (1001)
check-inc-0-4 row-0 (0)
execute-inc-0-4 row-0 (1)
check-main-end-1-5 row-0 (0)
repeat-end-main-1-5 row-0 (0)
check-inc-0-0 row-0 (0)
execute-inc-0-0 row-0 (1)
eval-cond-not-last-cell-0-1 row-0 (1)
dont-goto-0-1-5 row-0 (1)
check-paint-0-2 row-0 (0)
execute-paint-0-2 row-0 (1)
check-inc-0-3 row-0 (0)
execute-inc-0-3 row-0 (1)
check-inc-0-4 row-0 (0)
execute-inc-0-4 row-0 (1)
check-main-end-2-5 row-0 (0)
skip-2  (0)
check-inc-0-0 row-0 (0)
execute-inc-0-0 row-0 (1)
eval-cond-not-last-cell-0-1 row-0 (1)
dont-goto-0-1-5 row-0 (1)
check-paint-0-2 row-0 (0)
execute-paint-0-2 row-0 (1)
check-inc-0-3 row-0 (0)
execute-inc-0-3 row-0 (1)
check-inc-0-4 row-0 (0)
execute-inc-0-4 row-0 (1)
check-main-end-3-5 row-0 (0)
skip-3  (0)
Plan length: 48 step(s).
Plan cost: 5027
Expanded 11422 state(s).
Reopened 0 state(s).
Evaluated 13732 state(s).
Evaluations: 25155
Generated 76150 state(s).
Dead ends: 2309 state(s).
Number of registered states: 13732
Int hash set load factor: 13732/16384 = 0.838135
Int hash set resizes: 14
Search time: 0.314438s
Total time: 0.3277s
Solution found.
Peak memory: 6876 KB

search exit code: 0
