INFO     Running translator.
INFO     translator stdin: None
INFO     translator time limit: None
INFO     translator memory limit: None
INFO     translator command line string: /usr/bin/python /home/jsegovia/Desktop/automated-programming-framework-private/PLANNERS/fast-downward/builds/release32/bin/translate/translate.py domain.pddl ins.pddl --sas-file output.sas
Parsing...
Parsing: [0.110s CPU, 0.124s wall-clock]
Normalizing task... [0.010s CPU, 0.009s wall-clock]
Instantiating...
Generating Datalog program... [0.010s CPU, 0.005s wall-clock]
Normalizing Datalog program...
Unbound effect variables: Adding @object predicate.
Trivial rules: Converted to facts.
Normalizing Datalog program: [0.040s CPU, 0.044s wall-clock]
Preparing model... [0.040s CPU, 0.029s wall-clock]
Generated 2119 rules.
Computing model... [0.020s CPU, 0.023s wall-clock]
1325 relevant atoms
1751 auxiliary atoms
3076 final queue length
5733 total queue pushes
Completing instantiation... [0.060s CPU, 0.062s wall-clock]
Instantiating: [0.170s CPU, 0.166s wall-clock]
Computing fact groups...
Finding invariants...
174 initial candidates
Finding invariants: [22.060s CPU, 22.055s wall-clock]
Checking invariant weight... [0.000s CPU, 0.001s wall-clock]
Instantiating groups... [0.000s CPU, 0.000s wall-clock]
Collecting mutex groups... [0.000s CPU, 0.000s wall-clock]
Choosing groups...
376 uncovered facts
Choosing groups: [0.000s CPU, 0.001s wall-clock]
Building translation key... [0.010s CPU, 0.001s wall-clock]
Computing fact groups: [22.070s CPU, 22.062s wall-clock]
Building STRIPS to SAS dictionary... [0.000s CPU, 0.000s wall-clock]
Building dictionary for full mutex groups... [0.000s CPU, 0.000s wall-clock]
Building mutex information...
Building mutex information: [0.000s CPU, 0.001s wall-clock]
Translating task...
Processing axioms...
Simplifying axioms... [0.000s CPU, 0.000s wall-clock]
Processing axioms: [0.010s CPU, 0.005s wall-clock]
Translating task: [0.110s CPU, 0.109s wall-clock]
3737 effect conditions simplified
0 implied preconditions added
Detecting unreachable propositions...
0 operators removed
0 axioms removed
305 propositions removed
Detecting unreachable propositions: [0.030s CPU, 0.029s wall-clock]
Reordering and filtering variables...
241 of 241 variables necessary.
54 of 63 mutex groups necessary.
703 of 703 operators necessary.
13 of 13 axiom rules necessary.
Reordering and filtering variables: [0.020s CPU, 0.022s wall-clock]
Translator variables: 241
Translator derived variables: 13
Translator facts: 580
Translator goal facts: 1
Translator mutex groups: 54
Translator total mutex groups size: 168
Translator operators: 703
Translator axioms: 13
Translator task size: 11505
Translator peak memory: 210320 KB
Writing output... [0.020s CPU, 0.013s wall-clock]
Done! [22.540s CPU, 22.540s wall-clock]

translate exit code: 0
INFO     Running search (release32).
INFO     search stdin: output.sas
INFO     search time limit: None
INFO     search memory limit: None
INFO     search command line string: /home/jsegovia/Desktop/automated-programming-framework-private/PLANNERS/fast-downward/builds/release32/bin/downward --evaluator 'hlm=lmcount(lm_factory=lm_rhw(reasonable_orders=true),transform=adapt_costs(one),pref=false)' --evaluator 'hff=ff(transform=adapt_costs(one))' --search 'lazy_greedy([hff,hlm],preferred=[hff,hlm],cost_type=one,reopen_closed=false)' --internal-plan-file sas_plan < output.sas
reading input... [t=2.282e-05s]
done reading input! [t=0.0109725s]
Initializing landmarks count heuristic...
Initializing Exploration...
Generating landmarks using the RPG/SAS+ approach
approx. reasonable orders
approx. obedient reasonable orders
Removed 0 reasonable or obedient reasonable orders
Landmarks generation time: 0.0129792s
Discovered 16 landmarks, of which 0 are disjunctive and 0 are conjunctive 
44 edges
Simplifying 6141 unary operators... done! [5027 unary operators]
Initializing additive heuristic...
Initializing FF heuristic...
Building successor generator...done! [t=0.0298539s]
peak memory difference for successor generator creation: 0 KB
time for successor generation creation: 0.000187948s
Variables: 241
FactPairs: 580
Bytes per state: 36
Conducting lazy best first search, (real) bound = 2147483647
8 initial landmarks, 1 goal landmarks
New best heuristic value for lmcount(lm_factory = lm_rhw(reasonable_orders = true), transform = adapt_costs(one), pref = false): 8
New best heuristic value for ff(transform = adapt_costs(one)): 12
[g=0, 1 evaluated, 0 expanded, t=0.0300218s, 6148 KB]
Initial heuristic value for lmcount(lm_factory = lm_rhw(reasonable_orders = true), transform = adapt_costs(one), pref = false): 8
Initial heuristic value for ff(transform = adapt_costs(one)): 12
New best heuristic value for ff(transform = adapt_costs(one)): 10
[g=1, 2 evaluated, 1 expanded, t=0.0301746s, 6148 KB]
New best heuristic value for ff(transform = adapt_costs(one)): 9
[g=2, 3 evaluated, 2 expanded, t=0.0302837s, 6148 KB]
New best heuristic value for ff(transform = adapt_costs(one)): 8
[g=1, 7 evaluated, 6 expanded, t=0.0306313s, 6148 KB]
New best heuristic value for lmcount(lm_factory = lm_rhw(reasonable_orders = true), transform = adapt_costs(one), pref = false): 7
New best heuristic value for ff(transform = adapt_costs(one)): 7
[g=2, 8 evaluated, 7 expanded, t=0.0307643s, 6148 KB]
New best heuristic value for ff(transform = adapt_costs(one)): 6
[g=16, 1687 evaluated, 1686 expanded, t=0.162011s, 6148 KB]
New best heuristic value for ff(transform = adapt_costs(one)): 5
[g=17, 1688 evaluated, 1687 expanded, t=0.162117s, 6148 KB]
New best heuristic value for lmcount(lm_factory = lm_rhw(reasonable_orders = true), transform = adapt_costs(one), pref = false): 6
[g=19, 1690 evaluated, 1689 expanded, t=0.162285s, 6148 KB]
New best heuristic value for ff(transform = adapt_costs(one)): 4
[g=45, 59883 evaluated, 59882 expanded, t=4.45187s, 16680 KB]
New best heuristic value for lmcount(lm_factory = lm_rhw(reasonable_orders = true), transform = adapt_costs(one), pref = false): 5
[g=47, 59885 evaluated, 59884 expanded, t=4.45207s, 16680 KB]
New best heuristic value for ff(transform = adapt_costs(one)): 3
[g=65, 59903 evaluated, 59902 expanded, t=4.45342s, 16680 KB]
New best heuristic value for lmcount(lm_factory = lm_rhw(reasonable_orders = true), transform = adapt_costs(one), pref = false): 4
[g=67, 59905 evaluated, 59904 expanded, t=4.45358s, 16680 KB]
New best heuristic value for ff(transform = adapt_costs(one)): 2
[g=95, 59933 evaluated, 59932 expanded, t=4.45562s, 16692 KB]
New best heuristic value for lmcount(lm_factory = lm_rhw(reasonable_orders = true), transform = adapt_costs(one), pref = false): 2
[g=96, 59934 evaluated, 59933 expanded, t=4.4557s, 16692 KB]
New best heuristic value for lmcount(lm_factory = lm_rhw(reasonable_orders = true), transform = adapt_costs(one), pref = false): 1
New best heuristic value for ff(transform = adapt_costs(one)): 1
[g=105, 59943 evaluated, 59942 expanded, t=4.45623s, 16692 KB]
Solution found!
Actual search time: 4.42636s [t=4.45628s]
program-inc-0 row-0 (1001)
check-inc-0-0 row-0 (0)
execute-inc-0-0 row-0 (1)
program-paint-1 row-0 (1001)
check-paint-0-1 row-0 (0)
execute-paint-0-1 row-0 (1)
program-inc-2 row-0 (1001)
check-inc-0-2 row-0 (0)
execute-inc-0-2 row-0 (1)
program-goto-not-last-cell-3-5 row-0 (1001)
eval-cond-not-last-cell-0-3 row-0 (1)
do-goto-0-3-5 row-0 (1)
program-end-5 row-0 (1)
check-main-end-0-5 row-0 (0)
repeat-end-main-0-5 row-0 (0)
check-inc-0-0 row-0 (0)
execute-inc-0-0 row-0 (1)
check-paint-0-1 row-0 (0)
execute-paint-0-1 row-0 (1)
check-inc-0-2 row-0 (0)
execute-inc-0-2 row-0 (1)
eval-cond-not-last-cell-0-3 row-0 (1)
dont-goto-0-3-5 row-0 (1)
program-goto-at-4-0 i0 row-0 (1001)
eval-cond-at-0-4 i0 row-0 (1)
do-goto-0-4-0 row-0 (1)
check-inc-0-0 row-0 (0)
execute-inc-0-0 row-0 (1)
check-paint-0-1 row-0 (0)
execute-paint-0-1 row-0 (1)
check-inc-0-2 row-0 (0)
execute-inc-0-2 row-0 (1)
eval-cond-not-last-cell-0-3 row-0 (1)
dont-goto-0-3-5 row-0 (1)
eval-cond-at-0-4 i0 row-0 (1)
do-goto-0-4-0 row-0 (1)
check-inc-0-0 row-0 (0)
execute-inc-0-0 row-0 (1)
check-paint-0-1 row-0 (0)
execute-paint-0-1 row-0 (1)
check-inc-0-2 row-0 (0)
execute-inc-0-2 row-0 (1)
eval-cond-not-last-cell-0-3 row-0 (1)
do-goto-0-3-5 row-0 (1)
check-main-end-1-5 row-0 (0)
repeat-end-main-1-5 row-0 (0)
check-inc-0-0 row-0 (0)
execute-inc-0-0 row-0 (1)
check-paint-0-1 row-0 (0)
execute-paint-0-1 row-0 (1)
check-inc-0-2 row-0 (0)
execute-inc-0-2 row-0 (1)
eval-cond-not-last-cell-0-3 row-0 (1)
dont-goto-0-3-5 row-0 (1)
eval-cond-at-0-4 i0 row-0 (1)
do-goto-0-4-0 row-0 (1)
check-inc-0-0 row-0 (0)
execute-inc-0-0 row-0 (1)
check-paint-0-1 row-0 (0)
execute-paint-0-1 row-0 (1)
check-inc-0-2 row-0 (0)
execute-inc-0-2 row-0 (1)
eval-cond-not-last-cell-0-3 row-0 (1)
do-goto-0-3-5 row-0 (1)
check-main-end-2-5 row-0 (0)
repeat-end-main-2-5 row-0 (0)
check-inc-0-0 row-0 (0)
execute-inc-0-0 row-0 (1)
check-paint-0-1 row-0 (0)
execute-paint-0-1 row-0 (1)
check-inc-0-2 row-0 (0)
execute-inc-0-2 row-0 (1)
eval-cond-not-last-cell-0-3 row-0 (1)
dont-goto-0-3-5 row-0 (1)
eval-cond-at-0-4 i0 row-0 (1)
do-goto-0-4-0 row-0 (1)
check-inc-0-0 row-0 (0)
execute-inc-0-0 row-0 (1)
check-paint-0-1 row-0 (0)
execute-paint-0-1 row-0 (1)
check-inc-0-2 row-0 (0)
execute-inc-0-2 row-0 (1)
eval-cond-not-last-cell-0-3 row-0 (1)
dont-goto-0-3-5 row-0 (1)
eval-cond-at-0-4 i0 row-0 (1)
do-goto-0-4-0 row-0 (1)
check-inc-0-0 row-0 (0)
execute-inc-0-0 row-0 (1)
check-paint-0-1 row-0 (0)
execute-paint-0-1 row-0 (1)
check-inc-0-2 row-0 (0)
execute-inc-0-2 row-0 (1)
eval-cond-not-last-cell-0-3 row-0 (1)
do-goto-0-3-5 row-0 (1)
check-main-end-3-5 row-0 (0)
repeat-end-main-3-5 row-0 (0)
check-inc-0-0 row-0 (0)
execute-inc-0-0 row-0 (1)
check-paint-0-1 row-0 (0)
execute-paint-0-1 row-0 (1)
check-inc-0-2 row-0 (0)
execute-inc-0-2 row-0 (1)
eval-cond-not-last-cell-0-3 row-0 (1)
do-goto-0-3-5 row-0 (1)
check-main-end-4-5 row-0 (0)
skip-4  (0)
Plan length: 106 step(s).
Plan cost: 5066
Expanded 59943 state(s).
Reopened 0 state(s).
Evaluated 59944 state(s).
Evaluations: 119888
Generated 409129 state(s).
Dead ends: 0 state(s).
Number of registered states: 59944
Int hash set load factor: 59944/131072 = 0.457336
Int hash set resizes: 17
Search time: 4.42637s
Total time: 4.45629s
Solution found.
Peak memory: 16692 KB

search exit code: 0
