INFO     Running translator.
INFO     translator stdin: None
INFO     translator time limit: None
INFO     translator memory limit: None
INFO     translator command line string: /usr/bin/python /home/jsegovia/Desktop/automated-programming-framework-private/PLANNERS/fast-downward/builds/release32/bin/translate/translate.py domain.pddl ins.pddl --sas-file output.sas
Parsing...
Parsing: [0.100s CPU, 0.099s wall-clock]
Normalizing task... [0.000s CPU, 0.006s wall-clock]
Instantiating...
Generating Datalog program... [0.010s CPU, 0.005s wall-clock]
Normalizing Datalog program...
Unbound effect variables: Adding @object predicate.
Trivial rules: Converted to facts.
Normalizing Datalog program: [0.040s CPU, 0.042s wall-clock]
Preparing model... [0.030s CPU, 0.029s wall-clock]
Generated 1983 rules.
Computing model... [0.030s CPU, 0.027s wall-clock]
1629 relevant atoms
1987 auxiliary atoms
3616 final queue length
7247 total queue pushes
Completing instantiation... [0.060s CPU, 0.063s wall-clock]
Instantiating: [0.170s CPU, 0.169s wall-clock]
Computing fact groups...
Finding invariants...
174 initial candidates
Finding invariants: [31.940s CPU, 31.937s wall-clock]
Checking invariant weight... [0.000s CPU, 0.000s wall-clock]
Instantiating groups... [0.000s CPU, 0.000s wall-clock]
Collecting mutex groups... [0.000s CPU, 0.000s wall-clock]
Choosing groups...
462 uncovered facts
Choosing groups: [0.000s CPU, 0.001s wall-clock]
Building translation key... [0.000s CPU, 0.002s wall-clock]
Computing fact groups: [31.950s CPU, 31.945s wall-clock]
Building STRIPS to SAS dictionary... [0.000s CPU, 0.001s wall-clock]
Building dictionary for full mutex groups... [0.000s CPU, 0.001s wall-clock]
Building mutex information...
Building mutex information: [0.000s CPU, 0.001s wall-clock]
Translating task...
Processing axioms...
Simplifying axioms... [0.000s CPU, 0.000s wall-clock]
Processing axioms: [0.010s CPU, 0.006s wall-clock]
Translating task: [0.110s CPU, 0.109s wall-clock]
3077 effect conditions simplified
0 implied preconditions added
Detecting unreachable propositions...
0 operators removed
0 axioms removed
359 propositions removed
Detecting unreachable propositions: [0.050s CPU, 0.049s wall-clock]
Reordering and filtering variables...
300 of 300 variables necessary.
54 of 63 mutex groups necessary.
843 of 843 operators necessary.
13 of 13 axiom rules necessary.
Reordering and filtering variables: [0.030s CPU, 0.027s wall-clock]
Translator variables: 300
Translator derived variables: 13
Translator facts: 728
Translator goal facts: 1
Translator mutex groups: 54
Translator total mutex groups size: 188
Translator operators: 843
Translator axioms: 13
Translator task size: 13891
Translator peak memory: 209212 KB
Writing output... [0.010s CPU, 0.015s wall-clock]
Done! [32.420s CPU, 32.425s wall-clock]

translate exit code: 0
INFO     Running search (release32).
INFO     search stdin: output.sas
INFO     search time limit: None
INFO     search memory limit: None
INFO     search command line string: /home/jsegovia/Desktop/automated-programming-framework-private/PLANNERS/fast-downward/builds/release32/bin/downward --evaluator 'hlm=lmcount(lm_factory=lm_rhw(reasonable_orders=true),transform=adapt_costs(one),pref=false)' --evaluator 'hff=ff(transform=adapt_costs(one))' --search 'lazy_greedy([hff,hlm],preferred=[hff,hlm],cost_type=one,reopen_closed=false)' --internal-plan-file sas_plan < output.sas
reading input... [t=2.1496e-05s]
done reading input! [t=0.0122894s]
Initializing landmarks count heuristic...
Initializing Exploration...
Generating landmarks using the RPG/SAS+ approach
approx. reasonable orders
approx. obedient reasonable orders
Removed 0 reasonable or obedient reasonable orders
Landmarks generation time: 0.0108058s
Discovered 16 landmarks, of which 0 are disjunctive and 0 are conjunctive 
43 edges
Simplifying 6066 unary operators... done! [4662 unary operators]
Initializing additive heuristic...
Initializing FF heuristic...
Building successor generator...done! [t=0.0298556s]
peak memory difference for successor generator creation: 0 KB
time for successor generation creation: 0.000200051s
Variables: 300
FactPairs: 728
Bytes per state: 44
Conducting lazy best first search, (real) bound = 2147483647
8 initial landmarks, 1 goal landmarks
New best heuristic value for lmcount(lm_factory = lm_rhw(reasonable_orders = true), transform = adapt_costs(one), pref = false): 8
New best heuristic value for ff(transform = adapt_costs(one)): 12
[g=0, 1 evaluated, 0 expanded, t=0.0300354s, 6220 KB]
Initial heuristic value for lmcount(lm_factory = lm_rhw(reasonable_orders = true), transform = adapt_costs(one), pref = false): 8
Initial heuristic value for ff(transform = adapt_costs(one)): 12
New best heuristic value for ff(transform = adapt_costs(one)): 11
[g=1, 2 evaluated, 1 expanded, t=0.0302086s, 6220 KB]
New best heuristic value for ff(transform = adapt_costs(one)): 9
[g=2, 3 evaluated, 2 expanded, t=0.030332s, 6220 KB]
New best heuristic value for ff(transform = adapt_costs(one)): 8
[g=3, 4 evaluated, 3 expanded, t=0.0304601s, 6220 KB]
New best heuristic value for lmcount(lm_factory = lm_rhw(reasonable_orders = true), transform = adapt_costs(one), pref = false): 7
New best heuristic value for ff(transform = adapt_costs(one)): 7
[g=2, 9 evaluated, 8 expanded, t=0.0309698s, 6220 KB]
New best heuristic value for ff(transform = adapt_costs(one)): 6
[g=10, 103207 evaluated, 103206 expanded, t=8.51723s, 34580 KB]
New best heuristic value for ff(transform = adapt_costs(one)): 5
[g=11, 103208 evaluated, 103207 expanded, t=8.51736s, 34580 KB]
New best heuristic value for lmcount(lm_factory = lm_rhw(reasonable_orders = true), transform = adapt_costs(one), pref = false): 6
[g=13, 103210 evaluated, 103209 expanded, t=8.51755s, 34580 KB]
New best heuristic value for ff(transform = adapt_costs(one)): 4
[g=19, 103216 evaluated, 103215 expanded, t=8.51804s, 34580 KB]
New best heuristic value for lmcount(lm_factory = lm_rhw(reasonable_orders = true), transform = adapt_costs(one), pref = false): 4
[g=20, 103217 evaluated, 103216 expanded, t=8.51814s, 34580 KB]
New best heuristic value for lmcount(lm_factory = lm_rhw(reasonable_orders = true), transform = adapt_costs(one), pref = false): 3
New best heuristic value for ff(transform = adapt_costs(one)): 3
[g=27, 103224 evaluated, 103223 expanded, t=8.51867s, 34580 KB]
New best heuristic value for lmcount(lm_factory = lm_rhw(reasonable_orders = true), transform = adapt_costs(one), pref = false): 2
New best heuristic value for ff(transform = adapt_costs(one)): 2
[g=35, 103232 evaluated, 103231 expanded, t=8.51927s, 34580 KB]
New best heuristic value for lmcount(lm_factory = lm_rhw(reasonable_orders = true), transform = adapt_costs(one), pref = false): 1
New best heuristic value for ff(transform = adapt_costs(one)): 1
[g=43, 103240 evaluated, 103239 expanded, t=8.51976s, 34580 KB]
Solution found!
Actual search time: 8.48988s [t=8.51981s]
program-inc-0 row-0 (1001)
check-inc-0-0 row-0 (0)
execute-inc-0-0 row-0 (1)
program-paint-1 row-0 (1001)
check-paint-0-1 row-0 (0)
execute-paint-0-1 row-0 (1)
program-inc-2 row-0 (1001)
check-inc-0-2 row-0 (0)
execute-inc-0-2 row-0 (1)
program-end-3 row-0 (1)
check-main-end-0-3 row-0 (0)
repeat-end-main-0-3 row-0 (0)
check-inc-0-0 row-0 (0)
execute-inc-0-0 row-0 (1)
check-paint-0-1 row-0 (0)
execute-paint-0-1 row-0 (1)
check-inc-0-2 row-0 (0)
execute-inc-0-2 row-0 (1)
check-main-end-1-3 row-0 (0)
repeat-end-main-1-3 row-0 (0)
check-inc-0-0 row-0 (0)
execute-inc-0-0 row-0 (1)
check-paint-0-1 row-0 (0)
execute-paint-0-1 row-0 (1)
check-inc-0-2 row-0 (0)
execute-inc-0-2 row-0 (1)
check-main-end-2-3 row-0 (0)
skip-2  (0)
check-inc-0-0 row-0 (0)
execute-inc-0-0 row-0 (1)
check-paint-0-1 row-0 (0)
execute-paint-0-1 row-0 (1)
check-inc-0-2 row-0 (0)
execute-inc-0-2 row-0 (1)
check-main-end-3-3 row-0 (0)
skip-3  (0)
check-inc-0-0 row-0 (0)
execute-inc-0-0 row-0 (1)
check-paint-0-1 row-0 (0)
execute-paint-0-1 row-0 (1)
check-inc-0-2 row-0 (0)
execute-inc-0-2 row-0 (1)
check-main-end-4-3 row-0 (0)
skip-4  (0)
Plan length: 44 step(s).
Plan cost: 3019
Expanded 103240 state(s).
Reopened 0 state(s).
Evaluated 103241 state(s).
Evaluations: 206482
Generated 1329252 state(s).
Dead ends: 0 state(s).
Number of registered states: 103241
Int hash set load factor: 103241/131072 = 0.787666
Int hash set resizes: 17
Search time: 8.4899s
Total time: 8.51981s
Solution found.
Peak memory: 34580 KB

search exit code: 0
