INFO     Running translator.
INFO     translator stdin: None
INFO     translator time limit: None
INFO     translator memory limit: None
INFO     translator command line string: /usr/bin/python /home/jsegovia/Desktop/automated-programming-framework-private/PLANNERS/fast-downward/builds/release32/bin/translate/translate.py domain.pddl ins.pddl --sas-file output.sas
Parsing...
Parsing: [0.080s CPU, 0.080s wall-clock]
Normalizing task... [0.010s CPU, 0.006s wall-clock]
Instantiating...
Generating Datalog program... [0.000s CPU, 0.005s wall-clock]
Normalizing Datalog program...
Normalizing Datalog program: [0.050s CPU, 0.042s wall-clock]
Preparing model... [0.030s CPU, 0.029s wall-clock]
Generated 2038 rules.
Computing model... [0.020s CPU, 0.025s wall-clock]
1136 relevant atoms
1735 auxiliary atoms
2871 final queue length
6487 total queue pushes
Completing instantiation... [0.040s CPU, 0.042s wall-clock]
Instantiating: [0.150s CPU, 0.146s wall-clock]
Computing fact groups...
Finding invariants...
122 initial candidates
Finding invariants: [11.940s CPU, 11.950s wall-clock]
Checking invariant weight... [0.010s CPU, 0.001s wall-clock]
Instantiating groups... [0.000s CPU, 0.000s wall-clock]
Collecting mutex groups... [0.000s CPU, 0.000s wall-clock]
Choosing groups...
99 uncovered facts
Choosing groups: [0.000s CPU, 0.001s wall-clock]
Building translation key... [0.000s CPU, 0.001s wall-clock]
Computing fact groups: [11.950s CPU, 11.954s wall-clock]
Building STRIPS to SAS dictionary... [0.000s CPU, 0.000s wall-clock]
Building dictionary for full mutex groups... [0.000s CPU, 0.000s wall-clock]
Building mutex information...
Building mutex information: [0.000s CPU, 0.000s wall-clock]
Translating task...
Processing axioms...
Simplifying axioms... [0.000s CPU, 0.000s wall-clock]
Processing axioms: [0.010s CPU, 0.003s wall-clock]
Translating task: [0.080s CPU, 0.074s wall-clock]
835 effect conditions simplified
0 implied preconditions added
Detecting unreachable propositions...
0 operators removed
0 axioms removed
8 propositions removed
Detecting unreachable propositions: [0.020s CPU, 0.022s wall-clock]
Reordering and filtering variables...
110 of 113 variables necessary.
55 of 65 mutex groups necessary.
846 of 846 operators necessary.
0 of 0 axiom rules necessary.
Reordering and filtering variables: [0.010s CPU, 0.011s wall-clock]
Translator variables: 110
Translator derived variables: 0
Translator facts: 348
Translator goal facts: 1
Translator mutex groups: 55
Translator total mutex groups size: 193
Translator operators: 846
Translator axioms: 0
Translator task size: 7402
Translator peak memory: 267308 KB
Writing output... [0.010s CPU, 0.008s wall-clock]
Done! [12.310s CPU, 12.304s wall-clock]

translate exit code: 0
INFO     Running search (release32).
INFO     search stdin: output.sas
INFO     search time limit: None
INFO     search memory limit: None
INFO     search command line string: /home/jsegovia/Desktop/automated-programming-framework-private/PLANNERS/fast-downward/builds/release32/bin/downward --evaluator 'hlm=lmcount(lm_factory=lm_rhw(reasonable_orders=true),transform=adapt_costs(one),pref=false)' --evaluator 'hff=ff(transform=adapt_costs(one))' --search 'lazy_greedy([hff,hlm],preferred=[hff,hlm],cost_type=one,reopen_closed=false)' --internal-plan-file sas_plan < output.sas
reading input... [t=2.249e-05s]
done reading input! [t=0.00676031s]
Initializing landmarks count heuristic...
Initializing Exploration...
Generating landmarks using the RPG/SAS+ approach
approx. reasonable orders
approx. obedient reasonable orders
Removed 0 reasonable or obedient reasonable orders
Landmarks generation time: 0.00739205s
Discovered 13 landmarks, of which 0 are disjunctive and 0 are conjunctive 
36 edges
Simplifying 3215 unary operators... done! [1811 unary operators]
Initializing additive heuristic...
Initializing FF heuristic...
Building successor generator...done! [t=0.0204124s]
peak memory difference for successor generator creation: 0 KB
time for successor generation creation: 0.000189715s
Variables: 110
FactPairs: 348
Bytes per state: 20
Conducting lazy best first search, (real) bound = 2147483647
5 initial landmarks, 1 goal landmarks
New best heuristic value for lmcount(lm_factory = lm_rhw(reasonable_orders = true), transform = adapt_costs(one), pref = false): 8
New best heuristic value for ff(transform = adapt_costs(one)): 12
[g=0, 1 evaluated, 0 expanded, t=0.0205319s, 5080 KB]
Initial heuristic value for lmcount(lm_factory = lm_rhw(reasonable_orders = true), transform = adapt_costs(one), pref = false): 8
Initial heuristic value for ff(transform = adapt_costs(one)): 12
New best heuristic value for ff(transform = adapt_costs(one)): 10
[g=1, 2 evaluated, 1 expanded, t=0.0206403s, 5080 KB]
New best heuristic value for ff(transform = adapt_costs(one)): 9
[g=2, 3 evaluated, 2 expanded, t=0.0206993s, 5080 KB]
New best heuristic value for ff(transform = adapt_costs(one)): 8
[g=1, 7 evaluated, 5 expanded, t=0.0208758s, 5080 KB]
New best heuristic value for lmcount(lm_factory = lm_rhw(reasonable_orders = true), transform = adapt_costs(one), pref = false): 7
New best heuristic value for ff(transform = adapt_costs(one)): 7
[g=2, 8 evaluated, 6 expanded, t=0.0209328s, 5080 KB]
New best heuristic value for ff(transform = adapt_costs(one)): 6
[g=24, 14000894 evaluated, 9285057 expanded, t=359.939s, 2632868 KB]
New best heuristic value for ff(transform = adapt_costs(one)): 5
[g=25, 14000895 evaluated, 9285058 expanded, t=359.939s, 2632868 KB]
New best heuristic value for lmcount(lm_factory = lm_rhw(reasonable_orders = true), transform = adapt_costs(one), pref = false): 6
[g=29, 14001094 evaluated, 9285219 expanded, t=359.945s, 2632868 KB]
New best heuristic value for ff(transform = adapt_costs(one)): 4
[g=37, 14001107 evaluated, 9285231 expanded, t=359.946s, 2632868 KB]
New best heuristic value for lmcount(lm_factory = lm_rhw(reasonable_orders = true), transform = adapt_costs(one), pref = false): 5
[g=41, 14001111 evaluated, 9285235 expanded, t=359.946s, 2632868 KB]
New best heuristic value for ff(transform = adapt_costs(one)): 3
[g=65, 14001137 evaluated, 9285260 expanded, t=359.947s, 2632868 KB]
New best heuristic value for lmcount(lm_factory = lm_rhw(reasonable_orders = true), transform = adapt_costs(one), pref = false): 4
[g=69, 14001141 evaluated, 9285264 expanded, t=359.947s, 2632868 KB]
New best heuristic value for ff(transform = adapt_costs(one)): 2
[g=101, 14001173 evaluated, 9285296 expanded, t=359.947s, 2632868 KB]
New best heuristic value for lmcount(lm_factory = lm_rhw(reasonable_orders = true), transform = adapt_costs(one), pref = false): 2
[g=102, 14001174 evaluated, 9285297 expanded, t=359.948s, 2632868 KB]
New best heuristic value for lmcount(lm_factory = lm_rhw(reasonable_orders = true), transform = adapt_costs(one), pref = false): 1
New best heuristic value for ff(transform = adapt_costs(one)): 1
[g=121, 14001193 evaluated, 9285316 expanded, t=359.948s, 2632868 KB]
Solution found!
Actual search time: 359.927s [t=359.948s]
program-goto-at-0-2 i0 row-0 (1001)
eval-cond-at-0-0 i0 row-0 (1)
dont-goto-0-0-2 row-0 (1)
program-inc-1 row-0 (1001)
check-inc-0-1 row-0 (0)
execute-inc-0-1 row-0 (1)
program-paint-2 row-0 (1001)
check-paint-0-2 row-0 (0)
execute-paint-0-2 row-0 (1)
program-inc-3 row-0 (1001)
check-inc-0-3 row-0 (0)
execute-inc-0-3 row-0 (1)
program-goto-last-cell-4-1 row-0 (1001)
eval-cond-last-cell-0-4 row-0 (1)
do-goto-0-4-1 row-0 (1)
check-inc-0-1 row-0 (0)
execute-inc-0-1 row-0 (1)
check-paint-0-2 row-0 (0)
execute-paint-0-2 row-0 (1)
check-inc-0-3 row-0 (0)
execute-inc-0-3 row-0 (1)
eval-cond-last-cell-0-4 row-0 (1)
dont-goto-0-4-1 row-0 (1)
program-end-5 row-0 (1)
check-main-end-0-5 row-0 (0)
repeat-end-main-0-5 row-0 (0)
eval-cond-at-0-0 i0 row-0 (1)
dont-goto-0-0-2 row-0 (1)
check-inc-0-1 row-0 (0)
execute-inc-0-1 row-0 (1)
check-paint-0-2 row-0 (0)
execute-paint-0-2 row-0 (1)
check-inc-0-3 row-0 (0)
execute-inc-0-3 row-0 (1)
eval-cond-last-cell-0-4 row-0 (1)
dont-goto-0-4-1 row-0 (1)
check-main-end-1-5 row-0 (0)
repeat-end-main-1-5 row-0 (0)
eval-cond-at-0-0 i0 row-0 (1)
dont-goto-0-0-2 row-0 (1)
check-inc-0-1 row-0 (0)
execute-inc-0-1 row-0 (1)
check-paint-0-2 row-0 (0)
execute-paint-0-2 row-0 (1)
check-inc-0-3 row-0 (0)
execute-inc-0-3 row-0 (1)
eval-cond-last-cell-0-4 row-0 (1)
do-goto-0-4-1 row-0 (1)
check-inc-0-1 row-0 (0)
execute-inc-0-1 row-0 (1)
check-paint-0-2 row-0 (0)
execute-paint-0-2 row-0 (1)
check-inc-0-3 row-0 (0)
execute-inc-0-3 row-0 (1)
eval-cond-last-cell-0-4 row-0 (1)
do-goto-0-4-1 row-0 (1)
check-inc-0-1 row-0 (0)
execute-inc-0-1 row-0 (1)
check-paint-0-2 row-0 (0)
execute-paint-0-2 row-0 (1)
check-inc-0-3 row-0 (0)
execute-inc-0-3 row-0 (1)
eval-cond-last-cell-0-4 row-0 (1)
dont-goto-0-4-1 row-0 (1)
check-main-end-2-5 row-0 (0)
repeat-end-main-2-5 row-0 (0)
eval-cond-at-0-0 i0 row-0 (1)
dont-goto-0-0-2 row-0 (1)
check-inc-0-1 row-0 (0)
execute-inc-0-1 row-0 (1)
check-paint-0-2 row-0 (0)
execute-paint-0-2 row-0 (1)
check-inc-0-3 row-0 (0)
execute-inc-0-3 row-0 (1)
eval-cond-last-cell-0-4 row-0 (1)
do-goto-0-4-1 row-0 (1)
check-inc-0-1 row-0 (0)
execute-inc-0-1 row-0 (1)
check-paint-0-2 row-0 (0)
execute-paint-0-2 row-0 (1)
check-inc-0-3 row-0 (0)
execute-inc-0-3 row-0 (1)
eval-cond-last-cell-0-4 row-0 (1)
do-goto-0-4-1 row-0 (1)
check-inc-0-1 row-0 (0)
execute-inc-0-1 row-0 (1)
check-paint-0-2 row-0 (0)
execute-paint-0-2 row-0 (1)
check-inc-0-3 row-0 (0)
execute-inc-0-3 row-0 (1)
eval-cond-last-cell-0-4 row-0 (1)
do-goto-0-4-1 row-0 (1)
check-inc-0-1 row-0 (0)
execute-inc-0-1 row-0 (1)
check-paint-0-2 row-0 (0)
execute-paint-0-2 row-0 (1)
check-inc-0-3 row-0 (0)
execute-inc-0-3 row-0 (1)
eval-cond-last-cell-0-4 row-0 (1)
dont-goto-0-4-1 row-0 (1)
check-main-end-3-5 row-0 (0)
repeat-end-main-3-5 row-0 (0)
eval-cond-at-0-0 i0 row-0 (1)
dont-goto-0-0-2 row-0 (1)
check-inc-0-1 row-0 (0)
execute-inc-0-1 row-0 (1)
check-paint-0-2 row-0 (0)
execute-paint-0-2 row-0 (1)
check-inc-0-3 row-0 (0)
execute-inc-0-3 row-0 (1)
eval-cond-last-cell-0-4 row-0 (1)
do-goto-0-4-1 row-0 (1)
check-inc-0-1 row-0 (0)
execute-inc-0-1 row-0 (1)
check-paint-0-2 row-0 (0)
execute-paint-0-2 row-0 (1)
check-inc-0-3 row-0 (0)
execute-inc-0-3 row-0 (1)
eval-cond-last-cell-0-4 row-0 (1)
dont-goto-0-4-1 row-0 (1)
check-main-end-4-5 row-0 (0)
skip-4  (0)
Plan length: 122 step(s).
Plan cost: 5076
Expanded 9285317 state(s).
Reopened 0 state(s).
Evaluated 14001194 state(s).
Evaluations: 23286512
Generated 105305933 state(s).
Dead ends: 4715876 state(s).
Number of registered states: 14001194
Int hash set load factor: 14001194/33554432 = 0.417268
Int hash set resizes: 25
Search time: 359.927s
Total time: 359.948s
Solution found.
Peak memory: 2632868 KB

search exit code: 0
