INFO     Running translator.
INFO     translator stdin: None
INFO     translator time limit: None
INFO     translator memory limit: None
INFO     translator command line string: /usr/bin/python /home/jsegovia/Desktop/automated-programming-framework-private/PLANNERS/fast-downward/builds/release32/bin/translate/translate.py domain.pddl ins.pddl --sas-file output.sas
Parsing...
Parsing: [0.050s CPU, 0.051s wall-clock]
Normalizing task... [0.000s CPU, 0.003s wall-clock]
Instantiating...
Generating Datalog program... [0.000s CPU, 0.003s wall-clock]
Normalizing Datalog program...
Normalizing Datalog program: [0.040s CPU, 0.034s wall-clock]
Preparing model... [0.010s CPU, 0.016s wall-clock]
Generated 1403 rules.
Computing model... [0.020s CPU, 0.015s wall-clock]
602 relevant atoms
1080 auxiliary atoms
1682 final queue length
2653 total queue pushes
Completing instantiation... [0.010s CPU, 0.015s wall-clock]
Instantiating: [0.080s CPU, 0.085s wall-clock]
Computing fact groups...
Finding invariants...
111 initial candidates
Finding invariants: [0.050s CPU, 0.043s wall-clock]
Checking invariant weight... [0.000s CPU, 0.000s wall-clock]
Instantiating groups... [0.000s CPU, 0.000s wall-clock]
Collecting mutex groups... [0.000s CPU, 0.000s wall-clock]
Choosing groups...
64 uncovered facts
Choosing groups: [0.000s CPU, 0.000s wall-clock]
Building translation key... [0.000s CPU, 0.000s wall-clock]
Computing fact groups: [0.050s CPU, 0.046s wall-clock]
Building STRIPS to SAS dictionary... [0.000s CPU, 0.000s wall-clock]
Building dictionary for full mutex groups... [0.000s CPU, 0.000s wall-clock]
Building mutex information...
Building mutex information: [0.000s CPU, 0.000s wall-clock]
Translating task...
Processing axioms...
Simplifying axioms... [0.000s CPU, 0.000s wall-clock]
Processing axioms: [0.000s CPU, 0.001s wall-clock]
Translating task: [0.020s CPU, 0.025s wall-clock]
100 effect conditions simplified
0 implied preconditions added
Detecting unreachable propositions...
0 operators removed
0 axioms removed
6 propositions removed
Detecting unreachable propositions: [0.020s CPU, 0.013s wall-clock]
Reordering and filtering variables...
76 of 79 variables necessary.
54 of 64 mutex groups necessary.
435 of 435 operators necessary.
0 of 0 axiom rules necessary.
Reordering and filtering variables: [0.000s CPU, 0.004s wall-clock]
Translator variables: 76
Translator derived variables: 0
Translator facts: 206
Translator goal facts: 1
Translator mutex groups: 54
Translator total mutex groups size: 138
Translator operators: 435
Translator axioms: 0
Translator task size: 3175
Translator peak memory: 45340 KB
Writing output... [0.010s CPU, 0.004s wall-clock]
Done! [0.230s CPU, 0.233s wall-clock]

translate exit code: 0
INFO     Running search (release32).
INFO     search stdin: output.sas
INFO     search time limit: None
INFO     search memory limit: None
INFO     search command line string: /home/jsegovia/Desktop/automated-programming-framework-private/PLANNERS/fast-downward/builds/release32/bin/downward --evaluator 'hlm=lmcount(lm_factory=lm_rhw(reasonable_orders=true),transform=adapt_costs(one),pref=false)' --evaluator 'hff=ff(transform=adapt_costs(one))' --search 'lazy_greedy([hff,hlm],preferred=[hff,hlm],cost_type=one,reopen_closed=false)' --internal-plan-file sas_plan < output.sas
reading input... [t=2.0424e-05s]
done reading input! [t=0.00330901s]
Initializing landmarks count heuristic...
Initializing Exploration...
Generating landmarks using the RPG/SAS+ approach
approx. reasonable orders
approx. obedient reasonable orders
Removed 0 reasonable or obedient reasonable orders
Landmarks generation time: 0.00135778s
Discovered 6 landmarks, of which 0 are disjunctive and 0 are conjunctive 
7 edges
Simplifying 1154 unary operators... done! [475 unary operators]
Initializing additive heuristic...
Initializing FF heuristic...
Building successor generator...done! [t=0.00615802s]
peak memory difference for successor generator creation: 0 KB
time for successor generation creation: 0.000123157s
Variables: 76
FactPairs: 206
Bytes per state: 16
Conducting lazy best first search, (real) bound = 2147483647
3 initial landmarks, 1 goal landmarks
New best heuristic value for lmcount(lm_factory = lm_rhw(reasonable_orders = true), transform = adapt_costs(one), pref = false): 3
New best heuristic value for ff(transform = adapt_costs(one)): 8
[g=0, 1 evaluated, 0 expanded, t=0.00625718s, 4680 KB]
Initial heuristic value for lmcount(lm_factory = lm_rhw(reasonable_orders = true), transform = adapt_costs(one), pref = false): 3
Initial heuristic value for ff(transform = adapt_costs(one)): 8
New best heuristic value for ff(transform = adapt_costs(one)): 6
[g=1, 2 evaluated, 1 expanded, t=0.00635999s, 4680 KB]
New best heuristic value for ff(transform = adapt_costs(one)): 5
[g=2, 3 evaluated, 2 expanded, t=0.00639874s, 4680 KB]
New best heuristic value for ff(transform = adapt_costs(one)): 4
[g=3, 4 evaluated, 3 expanded, t=0.00643425s, 4680 KB]
New best heuristic value for lmcount(lm_factory = lm_rhw(reasonable_orders = true), transform = adapt_costs(one), pref = false): 1
New best heuristic value for ff(transform = adapt_costs(one)): 3
[g=2, 9 evaluated, 7 expanded, t=0.00652785s, 4680 KB]
New best heuristic value for ff(transform = adapt_costs(one)): 2
[g=22, 600484 evaluated, 451331 expanded, t=7.77604s, 85720 KB]
New best heuristic value for ff(transform = adapt_costs(one)): 1
[g=23, 600485 evaluated, 451332 expanded, t=7.77611s, 85720 KB]
Solution found!
Actual search time: 7.76992s [t=7.77615s]
program-goto-white-cell-0-2 i3 row-0 (1001)
eval-cond-white-cell-0-0 i3 row-0 (1)
do-goto-0-0-2 row-0 (1)
program-inc-2 row-0 (1001)
check-inc-0-2 row-0 (0)
execute-inc-0-2 row-0 (1)
program-paint-3 row-0 (1001)
check-paint-0-3 row-0 (0)
execute-paint-0-3 row-0 (1)
program-goto-at-4-1 i3 row-0 (1001)
eval-cond-at-0-4 i3 row-0 (1)
do-goto-0-4-1 row-0 (1)
program-inc-1 row-0 (1001)
check-inc-0-1 row-0 (0)
execute-inc-0-1 row-0 (1)
check-inc-0-2 row-0 (0)
execute-inc-0-2 row-0 (1)
check-paint-0-3 row-0 (0)
execute-paint-0-3 row-0 (1)
eval-cond-at-0-4 i3 row-0 (1)
dont-goto-0-4-1 row-0 (1)
program-end-5 row-0 (1)
check-main-end-0-5 row-0 (0)
repeat-end-main-0-5 row-0 (0)
Plan length: 24 step(s).
Plan cost: 5017
Expanded 451333 state(s).
Reopened 0 state(s).
Evaluated 600486 state(s).
Evaluations: 1051820
Generated 2963782 state(s).
Dead ends: 149152 state(s).
Number of registered states: 600486
Int hash set load factor: 600486/1048576 = 0.572668
Int hash set resizes: 20
Search time: 7.76994s
Total time: 7.77615s
Solution found.
Peak memory: 85720 KB

search exit code: 0
